Log file open, 04/29/17 17:24:53
LogInit:Display: Running engine for game: SecondPlayer
LogPlatformFile: Not using cached read wrapper
LogInit:Display: RandInit(-1553308364) SRandInit(-1553308364).
LogTaskGraph: Started task graph with 5 named threads and 6 total threads with 1 sets of task threads.
LogStats: Stats thread started at 0.200418
LogInit: Using libcurl 7.47.1
LogInit:  - built for x86_64-pc-win32
LogInit:  - supports SSL with OpenSSL/1.0.2g
LogInit:  - supports HTTP deflate (compression) using libz 1.2.8
LogInit:  - other features:
LogInit:      CURL_VERSION_SSL
LogInit:      CURL_VERSION_LIBZ
LogInit:      CURL_VERSION_IPV6
LogInit:      CURL_VERSION_ASYNCHDNS
LogInit:      CURL_VERSION_LARGEFILE
LogInit:      CURL_VERSION_IDN
LogInit:  CurlRequestOptions (configurable via config and command line):
LogInit:  - bVerifyPeer = false  - Libcurl will NOT verify peer certificate
LogInit:  - bUseHttpProxy = false  - Libcurl will NOT use HTTP proxy
LogInit:  - bDontReuseConnections = false  - Libcurl will reuse connections
LogInit:  - CertBundlePath = nullptr  - Libcurl will use whatever was configured at build time.
LogInit: Build: ++UE4+Release-4.15-CL-3348071
LogInit: Engine Version: 4.15.1-3348071+++UE4+Release-4.15
LogInit: Compatible Engine Version: 4.15.0-3299760+++UE4+Release-4.15
LogInit: Net CL: 3299760
LogDevObjectVersion: Number of dev versions registered: 14
LogDevObjectVersion:   Dev-Blueprints (B0D832E4-1F89-4F0D-ACCF-7EB736FD4AA2): 8
LogDevObjectVersion:   Dev-Build (E1C64328-A22C-4D53-A36C-8E866417BD8C): 0
LogDevObjectVersion:   Dev-Core (375EC13C-06E4-48FB-B500-84F0262A717E): 2
LogDevObjectVersion:   Dev-Editor (E4B068ED-F494-42E9-A231-DA0B2E46BB41): 14
LogDevObjectVersion:   Dev-Framework (CFFC743F-43B0-4480-9391-14DF171D2073): 22
LogDevObjectVersion:   Dev-Mobile (B02B49B5-BB20-44E9-A304-32B752E40360): 0
LogDevObjectVersion:   Dev-Networking (A4E4105C-59A1-49B5-A7C5-40C4547EDFEE): 0
LogDevObjectVersion:   Dev-Online (39C831C9-5AE6-47DC-9A44-9C173E1C8E7C): 0
LogDevObjectVersion:   Dev-Physics (78F01B33-EBEA-4F98-B9B4-84EACCB95AA2): 0
LogDevObjectVersion:   Dev-Platform (6631380F-2D4D-43E0-8009-CF276956A95A): 0
LogDevObjectVersion:   Dev-Rendering (12F88B9F-8875-4AFC-A67C-D90C383ABD29): 12
LogDevObjectVersion:   Dev-Sequencer (7B5AE74C-D270-4C10-A958-57980B212A5A): 3
LogDevObjectVersion:   Dev-VR (D7296918-1DD6-4BDD-9DE2-64A83CC13884): 0
LogDevObjectVersion:   Dev-LoadTimes (C2A15278-BFE7-4AFE-6C17-90FF531DF755): 1
LogInit: Compiled (64-bit): Mar 15 2017 16:52:47
LogInit: Compiled with Visual C++: 19.00.23026.00
LogInit: Build Configuration: Development
LogInit: Branch Name: ++UE4+Release-4.15
LogInit: Command line:  -skipcompile
LogInit: Base directory: C:/Program Files/Epic Games/UE_4.15/Engine/Binaries/Win64/
LogInit: Installed Engine Build: 1
LogInit: Presizing for max 8388607 objects, including 0 objects not considered by GC, pre-allocating 0 bytes for permanent pool.
LogInit: Object subsystem initialized
[2017.04.29-15.24.55:482][  0]LogInit: Selected Device Profile: [Windows]
[2017.04.29-15.24.55:482][  0]LogInit: Applying CVar settings loaded from the selected device profile: [Windows]
[2017.04.29-15.24.55:498][  0]LogInit: Computer: LAPTOP-GONF5L48
[2017.04.29-15.24.55:498][  0]LogInit: User: Guille
[2017.04.29-15.24.55:498][  0]LogInit: CPU Page size=65536, Cores=2
[2017.04.29-15.24.55:498][  0]LogInit: High frequency timer resolution =2.835938 MHz
[2017.04.29-15.24.55:498][  0]LogMemory: Memory total: Physical=7.9GB (8GB approx)
[2017.04.29-15.24.55:498][  0]LogMemory: Platform Memory Stats for Windows
[2017.04.29-15.24.55:498][  0]LogMemory: Process Physical Memory: 263.50 MB used, 263.50 MB peak
[2017.04.29-15.24.55:498][  0]LogMemory: Process Virtual Memory: 262.30 MB used, 262.30 MB peak
[2017.04.29-15.24.55:498][  0]LogMemory: Physical Memory: 5298.63 MB used,  2761.59 MB free, 8060.23 MB total
[2017.04.29-15.24.55:498][  0]LogMemory: Virtual Memory: 643.38 MB used,  2761.59 MB free, 134217728.00 MB total
[2017.04.29-15.24.55:628][  0]LogTextLocalizationManager: No specific translations for ('es-ES') exist, so ('es') translations will be used.
[2017.04.29-15.24.56:346][  0]LogD3D11RHI: D3D11 adapters:
[2017.04.29-15.24.56:367][  0]LogD3D11RHI:    0. 'Intel(R) HD Graphics 620' (Feature Level 11_0)
[2017.04.29-15.24.56:367][  0]LogD3D11RHI:       128/0/4030 MB DedicatedVideo/DedicatedSystem/SharedSystem, Outputs:1, VendorId:0x8086
[2017.04.29-15.24.56:374][  0]LogD3D11RHI:    1. 'Microsoft Basic Render Driver' (Feature Level 11_0)
[2017.04.29-15.24.56:374][  0]LogD3D11RHI:       0/0/4030 MB DedicatedVideo/DedicatedSystem/SharedSystem, Outputs:0, VendorId:0x1414
[2017.04.29-15.24.56:374][  0]LogD3D11RHI: Chosen D3D11 Adapter: 0
[2017.04.29-15.24.56:383][  0]LogD3D11RHI: Creating new Direct3DDevice
[2017.04.29-15.24.56:383][  0]LogD3D11RHI:     GPU DeviceId: 0x5916 (for the marketing name, search the web for "GPU Device Id")
[2017.04.29-15.24.56:383][  0]LogWindows: EnumDisplayDevices:
[2017.04.29-15.24.56:383][  0]LogWindows:    0. 'Intel(R) HD Graphics 620' (P:1 D:1)
[2017.04.29-15.24.56:384][  0]LogWindows:    1. 'Intel(R) HD Graphics 620' (P:0 D:0)
[2017.04.29-15.24.56:384][  0]LogWindows:    2. 'Intel(R) HD Graphics 620' (P:0 D:0)
[2017.04.29-15.24.56:384][  0]LogWindows: DebugString: FoundDriverCount:3 
[2017.04.29-15.24.56:384][  0]LogD3D11RHI:     Adapter Name: Intel(R) HD Graphics 620
[2017.04.29-15.24.56:384][  0]LogD3D11RHI:   Driver Version: 21.20.16.4526 (internal:21.20.16.4526, unified:21.20.16.4526)
[2017.04.29-15.24.56:384][  0]LogD3D11RHI:      Driver Date: 9-23-2016
[2017.04.29-15.24.56:384][  0]LogRHI: Texture pool is 1361 MB (70% of 1945 MB)
[2017.04.29-15.24.56:399][  0]LogD3D11RHI: Async texture creation enabled
[2017.04.29-15.24.56:403][  0]LogD3D11RHI: GPU Timing Frequency: 12.000000 (Debug: 2 0)
[2017.04.29-15.24.56:405][  0]LogShaderCompilers: Guid format shader working directory is -22 characters bigger than the processId version (../../../../../../Users/Guille/Documents/Unreal Projects/SecondPlayer/Intermediate/Shaders/WorkingDirectory/1784/).
[2017.04.29-15.24.56:405][  0]LogShaderCompilers: Cleaned the shader compiler working directory 'C:/Users/Guille/AppData/Local/Temp/UnrealShaderWorkingDir/066BA21A49D9DB9E9A7AD48EB32ACF47/'.
[2017.04.29-15.24.56:405][  0]LogShaderCompilers:Display: Using Local Shader Compiler.
[2017.04.29-15.24.57:794][  0]LogTemp:Display: Loaded TP AllDesktopTargetPlatform
[2017.04.29-15.24.57:881][  0]LogTemp:Display: Loaded TP MacClientTargetPlatform
[2017.04.29-15.24.57:975][  0]LogTemp:Display: Loaded TP MacNoEditorTargetPlatform
[2017.04.29-15.24.58:080][  0]LogTemp:Display: Loaded TP MacServerTargetPlatform
[2017.04.29-15.24.58:370][  0]LogTemp:Display: Loaded TP MacTargetPlatform
[2017.04.29-15.24.58:534][  0]LogTemp:Display: Loaded TP WindowsClientTargetPlatform
[2017.04.29-15.24.58:635][  0]LogTemp:Display: Loaded TP WindowsNoEditorTargetPlatform
[2017.04.29-15.24.58:776][  0]LogTemp:Display: Loaded TP WindowsServerTargetPlatform
[2017.04.29-15.24.58:857][  0]LogTemp:Display: Loaded TP WindowsTargetPlatform
[2017.04.29-15.24.58:970][  0]LogTemp:Display: Loaded TP AndroidTargetPlatform
[2017.04.29-15.24.59:072][  0]LogTemp:Display: Loaded TP Android_ASTCTargetPlatform
[2017.04.29-15.24.59:173][  0]LogTemp:Display: Loaded TP Android_ATCTargetPlatform
[2017.04.29-15.24.59:269][  0]LogTemp:Display: Loaded TP Android_DXTTargetPlatform
[2017.04.29-15.24.59:366][  0]LogTemp:Display: Loaded TP Android_ETC1TargetPlatform
[2017.04.29-15.24.59:452][  0]LogTemp:Display: Loaded TP Android_ETC2TargetPlatform
[2017.04.29-15.24.59:919][  0]LogTemp:Display: Loaded TP Android_MultiTargetPlatform
[2017.04.29-15.24.59:921][  0]LogTemp:Display: Loaded TP Android_PVRTCTargetPlatform
[2017.04.29-15.25.00:034][  0]LogTemp:Display: Loaded TP HTML5TargetPlatform
[2017.04.29-15.25.00:171][  0]LogTemp:Display: Loaded TP IOSTargetPlatform
[2017.04.29-15.25.00:216][  0]LogTemp:Display: Loaded TP TVOSTargetPlatform
[2017.04.29-15.25.00:329][  0]LogTemp:Display: Loaded TP LinuxClientTargetPlatform
[2017.04.29-15.25.00:594][  0]LogTemp:Display: Loaded TP LinuxNoEditorTargetPlatform
[2017.04.29-15.25.00:766][  0]LogTemp:Display: Loaded TP LinuxServerTargetPlatform
[2017.04.29-15.25.00:913][  0]LogTemp:Display: Loaded TP LinuxTargetPlatform
[2017.04.29-15.25.00:914][  0]LogTargetPlatformManager:Display: Building Assets For Windows
[2017.04.29-15.25.01:845][  0]LogDerivedDataCache:Display: Max Cache Size: 512 MB
[2017.04.29-15.25.01:939][  0]LogDerivedDataCache: Loaded boot cache 0.09s 51MB C:/Users/Guille/AppData/Local/UnrealEngine/4.15/DerivedDataCache/Boot.ddc.
[2017.04.29-15.25.01:940][  0]LogDerivedDataCache:Display: Loaded Boot cache: C:/Users/Guille/AppData/Local/UnrealEngine/4.15/DerivedDataCache/Boot.ddc
[2017.04.29-15.25.01:941][  0]LogDerivedDataCache: FDerivedDataBackendGraph:  Pak pak cache file ../../../../../../Users/Guille/Documents/Unreal Projects/SecondPlayer/DerivedDataCache/DDC.ddp not found, will not use a pak cache.
[2017.04.29-15.25.01:941][  0]LogDerivedDataCache: Unable to find inner node Pak for hierarchical cache Hierarchy.
[2017.04.29-15.25.01:941][  0]LogDerivedDataCache: FDerivedDataBackendGraph:  CompressedPak pak cache file ../../../../../../Users/Guille/Documents/Unreal Projects/SecondPlayer/DerivedDataCache/Compressed.ddp not found, will not use a pak cache.
[2017.04.29-15.25.01:941][  0]LogDerivedDataCache: Unable to find inner node CompressedPak for hierarchical cache Hierarchy.
[2017.04.29-15.25.01:964][  0]LogDerivedDataCache:Display: Pak cache opened for reading ../../../Engine/DerivedDataCache/Compressed.ddp.
[2017.04.29-15.25.01:979][  0]LogDerivedDataCache: Using Local data cache path C:/Users/Guille/AppData/Local/UnrealEngine/Common/DerivedDataCache: Writable
[2017.04.29-15.25.01:994][  0]LogSlate: Using Freetype 2.6.0
[2017.04.29-15.25.01:995][  0]LogSlate: SlateFontCache - WITH_FREETYPE: 1, WITH_HARFBUZZ: 1
[2017.04.29-15.25.01:995][  0]LogSlate: SlateFontCache - WITH_FREETYPE: 1, WITH_HARFBUZZ: 1
[2017.04.29-15.25.02:581][  0]LogInit: Selected Device Profile: [Windows]
[2017.04.29-15.25.02:585][  0]LogContentStreaming: Texture pool size is 0.00 MB
[2017.04.29-15.25.03:131][  0]LogMeshUtilities: Using QuadricMeshReduction for automatic static mesh reduction
[2017.04.29-15.25.03:198][  0]LogSimplygon: Simplygon DLL not present - disabling.
[2017.04.29-15.25.03:278][  0]LogMeshUtilities: Using SimplygonSwarm for distributed automatic mesh merging
[2017.04.29-15.25.03:278][  0]LogMeshUtilities: No automatic skeletal mesh reduction module available
[2017.04.29-15.25.03:278][  0]LogMeshUtilities: No automatic mesh merging module available
[2017.04.29-15.25.04:096][  0]LogNetVersion: GetLocalNetworkVersion: CL: 3299760, ProjectName: secondplayer, ProjectVersion: , EngineNetworkVersion: 2, GameNetworkVersion: 0, NetworkChecksum: 3451978818
[2017.04.29-15.25.04:152][  0]LogAssetRegistry: FAssetRegistry took 0.0268 seconds to start up
[2017.04.29-15.25.04:245][  0]LogPackageLocalizationCache: Processed 3 localized package path(s) for 2 prioritized culture(s) in 0.061140 seconds
[2017.04.29-15.25.04:253][  0]LogUObjectArray: 32493 objects as part of root set at end of initial load.
[2017.04.29-15.25.04:253][  0]LogUObjectAllocator: 7077024 out of 0 bytes used by permanent object pool.
[2017.04.29-15.25.04:253][  0]LogUObjectArray: CloseDisregardForGC: 0/0 objects in disregard for GC pool
[2017.04.29-15.25.04:347][  0]LogInit: WinSock: version 1.1 (2.2), MaxSocks=32767, MaxUdp=65467
[2017.04.29-15.25.07:169][  0]LogTcpMessaging: Initializing TcpMessaging bridge
[2017.04.29-15.25.07:239][  0]LogUdpMessaging: Initializing bridge on interface 0.0.0.0:0 to multicast group 230.0.0.1:6666.
[2017.04.29-15.25.08:356][  0]LogMaterial: Uniform references updated for custom material expression Custom.
[2017.04.29-15.25.09:230][  0]SourceControl: Información El control de código fuente está desactivado
[2017.04.29-15.25.09:233][  0]SourceControl: Información El control de código fuente está desactivado
[2017.04.29-15.25.09:330][  0]SourceControl: Información El control de código fuente está desactivado
[2017.04.29-15.25.09:411][  0]SourceControl: Información El control de código fuente está desactivado
[2017.04.29-15.25.12:561][  0]LogEngine: Initializing Engine...
[2017.04.29-15.25.12:563][  0]LogHMD: Failed to initialize OpenVR with code 110
[2017.04.29-15.25.13:150][  0]LogAIModule: Creating AISystem for world Untitled
[2017.04.29-15.25.13:189][  0]LogInit: XAudio2 using 'Altavoces (Realtek High Definition Audio)' : 2 channels at 48 kHz using 32 bits per sample (channel mask 0x3)
[2017.04.29-15.25.13:228][  0]LogInit: FAudioDevice initialized.
[2017.04.29-15.25.13:276][  0]LogDerivedDataCache: Saved boot cache 0.05s 51MB C:/Users/Guille/AppData/Local/UnrealEngine/4.15/DerivedDataCache/Boot.ddc.
[2017.04.29-15.25.13:294][  0]LogInit: Texture streaming: Enabled
[2017.04.29-15.25.13:561][  0]LogEngineSessionManager: EngineSessionManager initialized
[2017.04.29-15.25.13:565][  0]LogEngineSessionManager: EngineSessionManager sent abnormal shutdown report. Type=Debugger, SessionId={6CBC442C-4753-E085-EB59-A6BE69675925}
[2017.04.29-15.25.13:861][  0]LogInit: Transaction tracking system initialized
[2017.04.29-15.25.15:237][  0]BlueprintLog: New page: Cargar el editor
[2017.04.29-15.25.17:905][  0]LocalizationService: Información Localization service is disabled
[2017.04.29-15.25.19:964][  0]LogConsoleResponse:Display: 
[2017.04.29-15.25.20:194][  0]LogCook:Display: Max memory allowance for cook 16384mb min free memory 0mb
[2017.04.29-15.25.20:195][  0]LogCook:Display: Mobile HDR setting 1
[2017.04.29-15.25.20:951][  0]LogFileCache: Scanning file cache for directory 'C:/Users/Guille/Documents/Unreal Projects/SecondPlayer/Content/' took 0.02s
[2017.04.29-15.25.22:081][  0]SourceControl: Información El control de código fuente está desactivado
[2017.04.29-15.25.22:081][  0]Cmd: MAP LOAD FILE="../../../../../../Users/Guille/Documents/Unreal Projects/SecondPlayer/Content/StarterContent/Maps/Minimal_Default.umap" TEMPLATE=0 SHOWPROGRESS=1 FEATURELEVEL=3
[2017.04.29-15.25.22:082][  0]LightingResults: New page: Diseñar la iluminación
[2017.04.29-15.25.22:141][  0]MapCheck: New page: Revisión del mapa
[2017.04.29-15.25.22:142][  0]LightingResults: New page: Diseñar la iluminación
[2017.04.29-15.25.22:656][  0]LogAIModule: Creating AISystem for world Minimal_Default
[2017.04.29-15.25.22:708][  0]LogEditorServer: Finished looking for orphan Actors (0.000 secs)
[2017.04.29-15.25.22:710][  0]Cmd: MAP CHECKDEP NOCLEARLOG
[2017.04.29-15.25.22:889][  0]MapCheck: Información Map check complete: 0 Error(s), 0 Warning(s), took 178,49ms to complete.
[2017.04.29-15.25.22:889][  0]LogFileHelpers: Loading map 'Minimal_Default' took 0.808
[2017.04.29-15.25.23:291][  0]LogCollectionManager: Loaded 0 collections in 0.002047 seconds
[2017.04.29-15.25.23:420][  0]LogFileCache: Scanning file cache for directory 'C:/Users/Guille/Documents/Unreal Projects/SecondPlayer/Saved/Collections/' took 0.01s
[2017.04.29-15.25.23:420][  0]LogFileCache: Scanning file cache for directory 'C:/Users/Guille/Documents/Unreal Projects/SecondPlayer/Content/Developers/Guille/Collections/' took 0.01s
[2017.04.29-15.25.23:420][  0]LogFileCache: Scanning file cache for directory 'C:/Users/Guille/Documents/Unreal Projects/SecondPlayer/Content/Collections/' took 0.01s
[2017.04.29-15.25.23:420][  0]LogCollectionManager: Rebuilt the GUID cache for 0 collections in 0.000001 seconds
[2017.04.29-15.25.23:434][  0]LogContentBrowser: Native class hierarchy populated in 0.0135 seconds. Added 2250 classes and 455 folders.
[2017.04.29-15.25.23:437][  0]LogStats: UGameplayTagsManager::ConstructGameplayTagTree: Construct from data asset -  0.000 s
[2017.04.29-15.25.23:438][  0]LogStats: UGameplayTagsManager::ConstructGameplayTagTree: GameplayTagTreeChangedEvent.Broadcast -  0.000 s
[2017.04.29-15.25.23:530][  0]LogContentBrowser: Native class hierarchy updated for 'WidgetCarousel' in 0.0020 seconds. Added 0 classes and 0 folders.
[2017.04.29-15.25.23:614][  0]LogContentBrowser: Native class hierarchy updated for 'AddContentDialog' in 0.0070 seconds. Added 0 classes and 0 folders.
[2017.04.29-15.25.23:685][  0]LogContentBrowser: Native class hierarchy updated for 'SceneOutliner' in 0.0015 seconds. Added 1 classes and 2 folders.
[2017.04.29-15.25.23:751][  0]LogCrashTracker: Crashtracker disabled due to settings.
[2017.04.29-15.25.23:759][  0]LogUObjectGlobals:Warning: Error al encontrar el objeto 'Class Ninguno.'
[2017.04.29-15.25.23:871][  0]LogContentBrowser: Native class hierarchy updated for 'HierarchicalLODOutliner' in 0.0016 seconds. Added 1 classes and 2 folders.
[2017.04.29-15.25.23:871][  0]LogLoad: (Engine Initialization) Total time: 31.64 seconds
[2017.04.29-15.25.23:871][  0]LogLoad: (Engine Initialization) Total Blueprint compile time: 0.13 seconds
[2017.04.29-15.25.23:871][  0]LogExternalProfiler: Found external profiler: VSPerf
[2017.04.29-15.25.23:871][  0]LogExternalProfiler: Using external profiler: VSPerf
[2017.04.29-15.25.24:230][  0]LogOcInput: OculusInput pre-init called
[2017.04.29-15.25.24:253][  0]LogContentStreaming: Texture pool size now 1000 MB
[2017.04.29-15.25.24:254][  0]LogSlate: Took 0.000344 seconds to synchronously load lazily loaded font '../../../Engine/Content/Slate/Fonts/Roboto-Regular.ttf' (155K)
[2017.04.29-15.25.24:259][  0]LogSlate: Took 0.000466 seconds to synchronously load lazily loaded font '../../../Engine/Content/Slate/Fonts/Roboto-Bold.ttf' (160K)
[2017.04.29-15.25.24:269][  0]LogSlate: Took 0.000440 seconds to synchronously load lazily loaded font '../../../Engine/Content/Editor/Slate/Fonts/FontAwesome.ttf' (139K)
[2017.04.29-15.25.24:371][  0]LogSlate: Took 0.000385 seconds to synchronously load lazily loaded font '../../../Engine/Content/Slate/Fonts/Roboto-Light.ttf' (159K)
[2017.04.29-15.25.24:437][  0]LogRenderer: Reallocating scene render targets to support 804x340 NumSamples 1 (Frame:2).
[2017.04.29-15.25.25:822][  2]LogAssetRegistry: Asset discovery search completed in 21.6969 seconds
[2017.04.29-15.25.25:822][  2]LogCollectionManager: Rebuilt the object cache for 0 collections in 0.000010 seconds (found 0 objects)
[2017.04.29-15.25.25:822][  2]LogCollectionManager: Fixed up redirectors for 0 collections in 0.000122 seconds (updated 0 objects)
[2017.04.29-15.25.50:116][144]LogTemp: Repeting last play command: Selected Viewport
[2017.04.29-15.25.50:134][144]LogBlueprintUserMessages: Early PlayInEditor Detection: Level '/Game/StarterContent/Maps/Minimal_Default.Minimal_Default:PersistentLevel' has LevelScriptBlueprint '/Game/StarterContent/Maps/Minimal_Default.Minimal_Default:PersistentLevel.Minimal_Default' with GeneratedClass '/Game/StarterContent/Maps/Minimal_Default.Minimal_Default_C' with ClassGeneratedBy '/Game/StarterContent/Maps/Minimal_Default.Minimal_Default:PersistentLevel.Minimal_Default'
[2017.04.29-15.25.50:134][144]LogPlayLevel: PlayLevel: No blueprints needed recompiling
[2017.04.29-15.25.50:135][144]PIE: New page: Sesión PIE (reproducción en el editor): Minimal_Default (29/4/2017 19:25:50)
[2017.04.29-15.25.50:136][144]LogPlayLevel: Creating play world package: /Game/StarterContent/Maps/UEDPIE_0_Minimal_Default
[2017.04.29-15.25.50:152][144]LogPlayLevel: PIE: StaticDuplicateObject took: (0.013846s)
[2017.04.29-15.25.50:154][144]LogAIModule: Creating AISystem for world Minimal_Default
[2017.04.29-15.25.50:157][144]LogPlayLevel: PIE: World Init took: (0.003171s)
[2017.04.29-15.25.50:158][144]LogPlayLevel: PIE: Created PIE world by copying editor world from /Game/StarterContent/Maps/Minimal_Default.Minimal_Default to /Game/StarterContent/Maps/UEDPIE_0_Minimal_Default.Minimal_Default (0.022108s)
[2017.04.29-15.25.50:201][144]LogInit: XAudio2 using 'Altavoces (Realtek High Definition Audio)' : 2 channels at 48 kHz using 32 bits per sample (channel mask 0x3)
[2017.04.29-15.25.50:218][144]LogInit: FAudioDevice initialized.
[2017.04.29-15.25.50:282][144]LogUObjectGlobals:Warning: Error al encontrar el objeto 'Class /Script/SecondPlayer.SecondPlayerGameMode'
[2017.04.29-15.25.50:283][144]LogLoad: Game class is 'GameModeBase'
[2017.04.29-15.25.50:285][144]LogWorld: Bringing World /Game/StarterContent/Maps/UEDPIE_0_Minimal_Default.Minimal_Default up for play (max tick rate 60) at 2017.04.29-17.25.50
[2017.04.29-15.25.50:286][144]LogWorld: Bringing up level for play took: 0.002167
[2017.04.29-15.25.50:391][144]LogContentBrowser: Native class hierarchy updated for 'MovieSceneCapture' in 0.0029 seconds. Added 11 classes and 0 folders.
[2017.04.29-15.25.50:404][144]PIE: Información Tiempo de inicio de la reproducción en el editor para  /Game/StarterContent/Maps/UEDPIE_0_Minimal_Default -0,559
[2017.04.29-15.25.50:409][144]LogBlueprintUserMessages: Late PlayInEditor Detection: Level '/Game/StarterContent/Maps/Minimal_Default.Minimal_Default:PersistentLevel' has LevelScriptBlueprint '/Game/StarterContent/Maps/Minimal_Default.Minimal_Default:PersistentLevel.Minimal_Default' with GeneratedClass '/Game/StarterContent/Maps/Minimal_Default.Minimal_Default_C' with ClassGeneratedBy '/Game/StarterContent/Maps/Minimal_Default.Minimal_Default:PersistentLevel.Minimal_Default'
