Log file open, 06/07/17 15:52:33
LogInit:Display: Running engine for game: SecondPlayer
LogPlatformFile: Not using cached read wrapper
LogInit:Display: RandInit(971067957) SRandInit(971067957).
LogTaskGraph: Started task graph with 5 named threads and 6 total threads with 1 sets of task threads.
LogStats: Stats thread started at 0.066646
LogInit: Using libcurl 7.47.1
LogInit:  - built for x86_64-pc-win32
LogInit:  - supports SSL with OpenSSL/1.0.2g
LogInit:  - supports HTTP deflate (compression) using libz 1.2.8
LogInit:  - other features:
LogInit:      CURL_VERSION_SSL
LogInit:      CURL_VERSION_LIBZ
LogInit:      CURL_VERSION_IPV6
LogInit:      CURL_VERSION_ASYNCHDNS
LogInit:      CURL_VERSION_LARGEFILE
LogInit:      CURL_VERSION_IDN
LogInit:  CurlRequestOptions (configurable via config and command line):
LogInit:  - bVerifyPeer = false  - Libcurl will NOT verify peer certificate
LogInit:  - bUseHttpProxy = false  - Libcurl will NOT use HTTP proxy
LogInit:  - bDontReuseConnections = false  - Libcurl will reuse connections
LogInit:  - CertBundlePath = nullptr  - Libcurl will use whatever was configured at build time.
LogInit: Build: ++UE4+Release-4.15-CL-3348071
LogInit: Engine Version: 4.15.1-3348071+++UE4+Release-4.15
LogInit: Compatible Engine Version: 4.15.0-3299760+++UE4+Release-4.15
LogInit: Net CL: 3299760
LogDevObjectVersion: Number of dev versions registered: 14
LogDevObjectVersion:   Dev-Blueprints (B0D832E4-1F89-4F0D-ACCF-7EB736FD4AA2): 8
LogDevObjectVersion:   Dev-Build (E1C64328-A22C-4D53-A36C-8E866417BD8C): 0
LogDevObjectVersion:   Dev-Core (375EC13C-06E4-48FB-B500-84F0262A717E): 2
LogDevObjectVersion:   Dev-Editor (E4B068ED-F494-42E9-A231-DA0B2E46BB41): 14
LogDevObjectVersion:   Dev-Framework (CFFC743F-43B0-4480-9391-14DF171D2073): 22
LogDevObjectVersion:   Dev-Mobile (B02B49B5-BB20-44E9-A304-32B752E40360): 0
LogDevObjectVersion:   Dev-Networking (A4E4105C-59A1-49B5-A7C5-40C4547EDFEE): 0
LogDevObjectVersion:   Dev-Online (39C831C9-5AE6-47DC-9A44-9C173E1C8E7C): 0
LogDevObjectVersion:   Dev-Physics (78F01B33-EBEA-4F98-B9B4-84EACCB95AA2): 0
LogDevObjectVersion:   Dev-Platform (6631380F-2D4D-43E0-8009-CF276956A95A): 0
LogDevObjectVersion:   Dev-Rendering (12F88B9F-8875-4AFC-A67C-D90C383ABD29): 12
LogDevObjectVersion:   Dev-Sequencer (7B5AE74C-D270-4C10-A958-57980B212A5A): 3
LogDevObjectVersion:   Dev-VR (D7296918-1DD6-4BDD-9DE2-64A83CC13884): 0
LogDevObjectVersion:   Dev-LoadTimes (C2A15278-BFE7-4AFE-6C17-90FF531DF755): 1
LogInit: Compiled (64-bit): Mar 15 2017 16:52:47
LogInit: Compiled with Visual C++: 19.00.23026.00
LogInit: Build Configuration: Development
LogInit: Branch Name: ++UE4+Release-4.15
LogInit: Command line: 
LogInit: Base directory: C:/Program Files/Epic Games/UE_4.15/Engine/Binaries/Win64/
LogInit: Installed Engine Build: 1
LogInit: Presizing for max 8388607 objects, including 0 objects not considered by GC, pre-allocating 0 bytes for permanent pool.
LogInit: Object subsystem initialized
[2017.06.07-13.52.34:587][  0]LogInit: Selected Device Profile: [Windows]
[2017.06.07-13.52.34:587][  0]LogInit: Applying CVar settings loaded from the selected device profile: [Windows]
[2017.06.07-13.52.34:601][  0]LogInit: Computer: LAPTOP-GONF5L48
[2017.06.07-13.52.34:601][  0]LogInit: User: Guille
[2017.06.07-13.52.34:601][  0]LogInit: CPU Page size=65536, Cores=2
[2017.06.07-13.52.34:601][  0]LogInit: High frequency timer resolution =2.835938 MHz
[2017.06.07-13.52.34:602][  0]LogMemory: Memory total: Physical=7.9GB (8GB approx)
[2017.06.07-13.52.34:602][  0]LogMemory: Platform Memory Stats for Windows
[2017.06.07-13.52.34:602][  0]LogMemory: Process Physical Memory: 262.75 MB used, 262.75 MB peak
[2017.06.07-13.52.34:602][  0]LogMemory: Process Virtual Memory: 262.34 MB used, 262.34 MB peak
[2017.06.07-13.52.34:602][  0]LogMemory: Physical Memory: 6747.36 MB used,  1312.86 MB free, 8060.23 MB total
[2017.06.07-13.52.34:602][  0]LogMemory: Virtual Memory: 643.37 MB used,  1312.86 MB free, 134217728.00 MB total
[2017.06.07-13.52.34:750][  0]LogTextLocalizationManager: No specific translations for ('es-ES') exist, so ('es') translations will be used.
[2017.06.07-13.52.35:335][  0]LogD3D11RHI: D3D11 adapters:
[2017.06.07-13.52.35:343][  0]LogD3D11RHI:    0. 'Intel(R) HD Graphics 620' (Feature Level 11_0)
[2017.06.07-13.52.35:343][  0]LogD3D11RHI:       128/0/4030 MB DedicatedVideo/DedicatedSystem/SharedSystem, Outputs:1, VendorId:0x8086
[2017.06.07-13.52.35:344][  0]LogD3D11RHI:    1. 'Microsoft Basic Render Driver' (Feature Level 11_0)
[2017.06.07-13.52.35:344][  0]LogD3D11RHI:       0/0/4030 MB DedicatedVideo/DedicatedSystem/SharedSystem, Outputs:0, VendorId:0x1414
[2017.06.07-13.52.35:344][  0]LogD3D11RHI: Chosen D3D11 Adapter: 0
[2017.06.07-13.52.35:349][  0]LogD3D11RHI: Creating new Direct3DDevice
[2017.06.07-13.52.35:349][  0]LogD3D11RHI:     GPU DeviceId: 0x5916 (for the marketing name, search the web for "GPU Device Id")
[2017.06.07-13.52.35:349][  0]LogWindows: EnumDisplayDevices:
[2017.06.07-13.52.35:349][  0]LogWindows:    0. 'Intel(R) HD Graphics 620' (P:1 D:1)
[2017.06.07-13.52.35:349][  0]LogWindows:    1. 'Intel(R) HD Graphics 620' (P:0 D:0)
[2017.06.07-13.52.35:350][  0]LogWindows:    2. 'Intel(R) HD Graphics 620' (P:0 D:0)
[2017.06.07-13.52.35:350][  0]LogWindows: DebugString: FoundDriverCount:3 
[2017.06.07-13.52.35:350][  0]LogD3D11RHI:     Adapter Name: Intel(R) HD Graphics 620
[2017.06.07-13.52.35:350][  0]LogD3D11RHI:   Driver Version: 21.20.16.4526 (internal:21.20.16.4526, unified:21.20.16.4526)
[2017.06.07-13.52.35:350][  0]LogD3D11RHI:      Driver Date: 9-23-2016
[2017.06.07-13.52.35:350][  0]LogRHI: Texture pool is 1361 MB (70% of 1945 MB)
[2017.06.07-13.52.35:355][  0]LogD3D11RHI: Async texture creation enabled
[2017.06.07-13.52.35:359][  0]LogD3D11RHI: GPU Timing Frequency: 12.000000 (Debug: 2 0)
[2017.06.07-13.52.35:360][  0]LogShaderCompilers: Guid format shader working directory is -22 characters bigger than the processId version (../../../../../../Users/Guille/Documents/Unreal Projects/SecondPlayer/Intermediate/Shaders/WorkingDirectory/9208/).
[2017.06.07-13.52.35:360][  0]LogShaderCompilers: Cleaned the shader compiler working directory 'C:/Users/Guille/AppData/Local/Temp/UnrealShaderWorkingDir/8D498B9C48B26A500AE9B288DDF7DC52/'.
[2017.06.07-13.52.35:360][  0]LogShaderCompilers:Display: Using Local Shader Compiler.
[2017.06.07-13.52.36:535][  0]LogTemp:Display: Loaded TP AllDesktopTargetPlatform
[2017.06.07-13.52.36:596][  0]LogTemp:Display: Loaded TP MacClientTargetPlatform
[2017.06.07-13.52.36:658][  0]LogTemp:Display: Loaded TP MacNoEditorTargetPlatform
[2017.06.07-13.52.36:720][  0]LogTemp:Display: Loaded TP MacServerTargetPlatform
[2017.06.07-13.52.36:783][  0]LogTemp:Display: Loaded TP MacTargetPlatform
[2017.06.07-13.52.36:844][  0]LogTemp:Display: Loaded TP WindowsClientTargetPlatform
[2017.06.07-13.52.36:905][  0]LogTemp:Display: Loaded TP WindowsNoEditorTargetPlatform
[2017.06.07-13.52.36:967][  0]LogTemp:Display: Loaded TP WindowsServerTargetPlatform
[2017.06.07-13.52.37:029][  0]LogTemp:Display: Loaded TP WindowsTargetPlatform
[2017.06.07-13.52.37:091][  0]LogTemp:Display: Loaded TP AndroidTargetPlatform
[2017.06.07-13.52.37:155][  0]LogTemp:Display: Loaded TP Android_ASTCTargetPlatform
[2017.06.07-13.52.37:214][  0]LogTemp:Display: Loaded TP Android_ATCTargetPlatform
[2017.06.07-13.52.37:272][  0]LogTemp:Display: Loaded TP Android_DXTTargetPlatform
[2017.06.07-13.52.37:331][  0]LogTemp:Display: Loaded TP Android_ETC1TargetPlatform
[2017.06.07-13.52.37:389][  0]LogTemp:Display: Loaded TP Android_ETC2TargetPlatform
[2017.06.07-13.52.37:506][  0]LogTemp:Display: Loaded TP Android_MultiTargetPlatform
[2017.06.07-13.52.37:506][  0]LogTemp:Display: Loaded TP Android_PVRTCTargetPlatform
[2017.06.07-13.52.37:571][  0]LogTemp:Display: Loaded TP HTML5TargetPlatform
[2017.06.07-13.52.37:686][  0]LogTemp:Display: Loaded TP IOSTargetPlatform
[2017.06.07-13.52.37:723][  0]LogTemp:Display: Loaded TP TVOSTargetPlatform
[2017.06.07-13.52.37:788][  0]LogTemp:Display: Loaded TP LinuxClientTargetPlatform
[2017.06.07-13.52.37:852][  0]LogTemp:Display: Loaded TP LinuxNoEditorTargetPlatform
[2017.06.07-13.52.37:910][  0]LogTemp:Display: Loaded TP LinuxServerTargetPlatform
[2017.06.07-13.52.37:968][  0]LogTemp:Display: Loaded TP LinuxTargetPlatform
[2017.06.07-13.52.37:968][  0]LogTargetPlatformManager:Display: Building Assets For Windows
[2017.06.07-13.52.38:420][  0]LogDerivedDataCache:Display: Max Cache Size: 512 MB
[2017.06.07-13.52.38:470][  0]LogDerivedDataCache: Loaded boot cache 0.05s 51MB C:/Users/Guille/AppData/Local/UnrealEngine/4.15/DerivedDataCache/Boot.ddc.
[2017.06.07-13.52.38:470][  0]LogDerivedDataCache:Display: Loaded Boot cache: C:/Users/Guille/AppData/Local/UnrealEngine/4.15/DerivedDataCache/Boot.ddc
[2017.06.07-13.52.38:470][  0]LogDerivedDataCache: FDerivedDataBackendGraph:  Pak pak cache file ../../../../../../Users/Guille/Documents/Unreal Projects/SecondPlayer/DerivedDataCache/DDC.ddp not found, will not use a pak cache.
[2017.06.07-13.52.38:470][  0]LogDerivedDataCache: Unable to find inner node Pak for hierarchical cache Hierarchy.
[2017.06.07-13.52.38:470][  0]LogDerivedDataCache: FDerivedDataBackendGraph:  CompressedPak pak cache file ../../../../../../Users/Guille/Documents/Unreal Projects/SecondPlayer/DerivedDataCache/Compressed.ddp not found, will not use a pak cache.
[2017.06.07-13.52.38:470][  0]LogDerivedDataCache: Unable to find inner node CompressedPak for hierarchical cache Hierarchy.
[2017.06.07-13.52.38:486][  0]LogDerivedDataCache:Display: Pak cache opened for reading ../../../Engine/DerivedDataCache/Compressed.ddp.
[2017.06.07-13.52.38:499][  0]LogDerivedDataCache: Using Local data cache path C:/Users/Guille/AppData/Local/UnrealEngine/Common/DerivedDataCache: Writable
[2017.06.07-13.52.38:508][  0]LogSlate: Using Freetype 2.6.0
[2017.06.07-13.52.38:508][  0]LogSlate: SlateFontCache - WITH_FREETYPE: 1, WITH_HARFBUZZ: 1
[2017.06.07-13.52.38:508][  0]LogSlate: SlateFontCache - WITH_FREETYPE: 1, WITH_HARFBUZZ: 1
[2017.06.07-13.52.38:839][  0]LogInit: Selected Device Profile: [Windows]
[2017.06.07-13.52.38:841][  0]LogContentStreaming: Texture pool size is 0.00 MB
[2017.06.07-13.52.39:047][  0]LogMeshUtilities: Using QuadricMeshReduction for automatic static mesh reduction
[2017.06.07-13.52.39:098][  0]LogSimplygon: Simplygon DLL not present - disabling.
[2017.06.07-13.52.39:156][  0]LogMeshUtilities: Using SimplygonSwarm for distributed automatic mesh merging
[2017.06.07-13.52.39:156][  0]LogMeshUtilities: No automatic skeletal mesh reduction module available
[2017.06.07-13.52.39:156][  0]LogMeshUtilities: No automatic mesh merging module available
[2017.06.07-13.52.40:251][  0]LogNetVersion: GetLocalNetworkVersion: CL: 3299760, ProjectName: secondplayer, ProjectVersion: , EngineNetworkVersion: 2, GameNetworkVersion: 0, NetworkChecksum: 3451978818
[2017.06.07-13.52.40:323][  0]LogAssetRegistry: FAssetRegistry took 0.0222 seconds to start up
[2017.06.07-13.52.40:569][  0]LogPackageLocalizationCache: Processed 3 localized package path(s) for 2 prioritized culture(s) in 0.186204 seconds
[2017.06.07-13.52.40:586][  0]LogUObjectArray: 32493 objects as part of root set at end of initial load.
[2017.06.07-13.52.40:586][  0]LogUObjectAllocator: 7077024 out of 0 bytes used by permanent object pool.
[2017.06.07-13.52.40:586][  0]LogUObjectArray: CloseDisregardForGC: 0/0 objects in disregard for GC pool
[2017.06.07-13.52.40:903][  0]LogInit: WinSock: version 1.1 (2.2), MaxSocks=32767, MaxUdp=65467
[2017.06.07-13.52.45:457][  0]LogTcpMessaging: Initializing TcpMessaging bridge
[2017.06.07-13.52.45:502][  0]LogUdpMessaging: Initializing bridge on interface 0.0.0.0:0 to multicast group 230.0.0.1:6666.
[2017.06.07-13.52.46:326][  0]LogMaterial: Uniform references updated for custom material expression Custom.
[2017.06.07-13.52.47:204][  0]SourceControl: Información El control de código fuente está desactivado
[2017.06.07-13.52.47:289][  0]SourceControl: Información El control de código fuente está desactivado
[2017.06.07-13.52.47:394][  0]SourceControl: Información El control de código fuente está desactivado
[2017.06.07-13.52.47:496][  0]SourceControl: Información El control de código fuente está desactivado
[2017.06.07-13.52.49:808][  0]LogEngine: Initializing Engine...
[2017.06.07-13.52.49:809][  0]LogHMD: Failed to initialize OpenVR with code 110
[2017.06.07-13.52.50:075][  0]LogAIModule: Creating AISystem for world Untitled
[2017.06.07-13.52.50:082][  0]LogInit: XAudio2 using 'Altavoces (Realtek High Definition Audio)' : 2 channels at 48 kHz using 32 bits per sample (channel mask 0x3)
[2017.06.07-13.52.50:097][  0]LogInit: FAudioDevice initialized.
[2017.06.07-13.52.50:123][  0]LogDerivedDataCache: Saved boot cache 0.03s 51MB C:/Users/Guille/AppData/Local/UnrealEngine/4.15/DerivedDataCache/Boot.ddc.
[2017.06.07-13.52.50:130][  0]LogInit: Texture streaming: Enabled
[2017.06.07-13.52.50:241][  0]LogEngineSessionManager: EngineSessionManager initialized
[2017.06.07-13.52.50:340][  0]LogInit: Transaction tracking system initialized
[2017.06.07-13.52.51:024][  0]BlueprintLog: New page: Cargar el editor
[2017.06.07-13.52.53:185][  0]LocalizationService: Información Localization service is disabled
[2017.06.07-13.52.54:861][  0]LogConsoleResponse:Display: 
[2017.06.07-13.52.55:141][  0]LogCook:Display: Max memory allowance for cook 16384mb min free memory 0mb
[2017.06.07-13.52.55:141][  0]LogCook:Display: Mobile HDR setting 1
[2017.06.07-13.52.55:826][  0]LogFileCache: Scanning file cache for directory 'C:/Users/Guille/Documents/Unreal Projects/SecondPlayer/Content/' took 0.02s
[2017.06.07-13.52.57:580][  0]SourceControl: Información El control de código fuente está desactivado
[2017.06.07-13.52.57:581][  0]Cmd: MAP LOAD FILE="../../../../../../Users/Guille/Documents/Unreal Projects/SecondPlayer/Content/StarterContent/Maps/Minimal_Default.umap" TEMPLATE=0 SHOWPROGRESS=1 FEATURELEVEL=3
[2017.06.07-13.52.57:582][  0]LightingResults: New page: Diseñar la iluminación
[2017.06.07-13.52.57:675][  0]MapCheck: New page: Revisión del mapa
[2017.06.07-13.52.57:675][  0]LightingResults: New page: Diseñar la iluminación
[2017.06.07-13.52.58:270][  0]LogAIModule: Creating AISystem for world Minimal_Default
[2017.06.07-13.52.58:316][  0]LogEditorServer: Finished looking for orphan Actors (0.000 secs)
[2017.06.07-13.52.58:317][  0]Cmd: MAP CHECKDEP NOCLEARLOG
[2017.06.07-13.52.58:534][  0]MapCheck: Información Map check complete: 0 Error(s), 0 Warning(s), took 216,946ms to complete.
[2017.06.07-13.52.58:534][  0]LogFileHelpers: Loading map 'Minimal_Default' took 0.954
[2017.06.07-13.52.58:827][  0]LogCollectionManager: Loaded 0 collections in 0.002349 seconds
[2017.06.07-13.52.58:983][  0]LogFileCache: Scanning file cache for directory 'C:/Users/Guille/Documents/Unreal Projects/SecondPlayer/Saved/Collections/' took 0.01s
[2017.06.07-13.52.58:983][  0]LogFileCache: Scanning file cache for directory 'C:/Users/Guille/Documents/Unreal Projects/SecondPlayer/Content/Developers/Guille/Collections/' took 0.01s
[2017.06.07-13.52.58:983][  0]LogFileCache: Scanning file cache for directory 'C:/Users/Guille/Documents/Unreal Projects/SecondPlayer/Content/Collections/' took 0.01s
[2017.06.07-13.52.58:983][  0]LogCollectionManager: Rebuilt the GUID cache for 0 collections in 0.000001 seconds
[2017.06.07-13.52.59:008][  0]LogContentBrowser: Native class hierarchy populated in 0.0245 seconds. Added 2250 classes and 455 folders.
[2017.06.07-13.52.59:013][  0]LogStats: UGameplayTagsManager::ConstructGameplayTagTree: Construct from data asset -  0.000 s
[2017.06.07-13.52.59:013][  0]LogStats: UGameplayTagsManager::ConstructGameplayTagTree: GameplayTagTreeChangedEvent.Broadcast -  0.000 s
[2017.06.07-13.52.59:162][  0]LogContentBrowser: Native class hierarchy updated for 'WidgetCarousel' in 0.0017 seconds. Added 0 classes and 0 folders.
[2017.06.07-13.52.59:421][  0]LogContentBrowser: Native class hierarchy updated for 'AddContentDialog' in 0.0019 seconds. Added 0 classes and 0 folders.
[2017.06.07-13.52.59:539][  0]LogContentBrowser: Native class hierarchy updated for 'SceneOutliner' in 0.0027 seconds. Added 1 classes and 2 folders.
[2017.06.07-13.52.59:645][  0]LogCrashTracker: Crashtracker disabled due to settings.
[2017.06.07-13.52.59:652][  0]LogUObjectGlobals:Warning: Error al encontrar el objeto 'Class Ninguno.'
[2017.06.07-13.52.59:792][  0]LogContentBrowser: Native class hierarchy updated for 'HierarchicalLODOutliner' in 0.0025 seconds. Added 1 classes and 2 folders.
[2017.06.07-13.52.59:793][  0]LogLoad: (Engine Initialization) Total time: 27.76 seconds
[2017.06.07-13.52.59:793][  0]LogLoad: (Engine Initialization) Total Blueprint compile time: 0.21 seconds
[2017.06.07-13.52.59:793][  0]LogExternalProfiler: Found external profiler: VSPerf
[2017.06.07-13.52.59:793][  0]LogExternalProfiler: Using external profiler: VSPerf
[2017.06.07-13.53.00:138][  0]LogOcInput: OculusInput pre-init called
[2017.06.07-13.53.00:160][  0]LogContentStreaming: Texture pool size now 1000 MB
[2017.06.07-13.53.00:161][  0]LogSlate: Took 0.000378 seconds to synchronously load lazily loaded font '../../../Engine/Content/Slate/Fonts/Roboto-Regular.ttf' (155K)
[2017.06.07-13.53.00:171][  0]LogSlate: Took 0.000550 seconds to synchronously load lazily loaded font '../../../Engine/Content/Slate/Fonts/Roboto-Bold.ttf' (160K)
[2017.06.07-13.53.00:187][  0]LogSlate: Took 0.005182 seconds to synchronously load lazily loaded font '../../../Engine/Content/Editor/Slate/Fonts/FontAwesome.ttf' (139K)
[2017.06.07-13.53.00:312][  0]LogSlate: Took 0.002085 seconds to synchronously load lazily loaded font '../../../Engine/Content/Slate/Fonts/Roboto-Light.ttf' (159K)
[2017.06.07-13.53.00:473][  1]LogRenderer: Reallocating scene render targets to support 796x328 NumSamples 1 (Frame:2).
[2017.06.07-13.53.00:491][  1]LogAssetRegistry: Asset discovery search completed in 20.1900 seconds
[2017.06.07-13.53.00:491][  1]LogCollectionManager: Rebuilt the object cache for 0 collections in 0.000009 seconds (found 0 objects)
[2017.06.07-13.53.00:491][  1]LogCollectionManager: Fixed up redirectors for 0 collections in 0.000023 seconds (updated 0 objects)
[2017.06.07-14.14.43:464][902]LogHotReload: New module detected: UE4Editor-SecondPlayer-1549.dll
[2017.06.07-14.14.44:143][905]LogHotReload: Starting Hot-Reload from IDE
[2017.06.07-14.14.44:152][905]LogSlate: Took 0.000641 seconds to synchronously load lazily loaded font '../../../Engine/Content/Slate/Fonts/Roboto-Light.ttf' (159K)
[2017.06.07-14.14.44:447][905]LogClass: Could not find existing class Hability in package /Script/SecondPlayer for HotReload, assuming new class
[2017.06.07-14.14.44:455][905]LogHotReload: Re-instancing Hability after hot-reload.
[2017.06.07-14.14.44:929][905]LogHotReload: Re-instancing PawnCamera after hot-reload.
[2017.06.07-14.14.45:047][905]LogContentBrowser: Native class hierarchy updated for 'SecondPlayer' in 0.0035 seconds. Added 5 classes and 2 folders.
[2017.06.07-14.14.45:049][905]Display: HotReload successful (1 functions remapped  0 scriptstructs remapped)
[2017.06.07-14.14.45:152][905]LogContentBrowser: Native class hierarchy populated in 0.0310 seconds. Added 2252 classes and 459 folders.
[2017.06.07-14.14.45:168][905]Display: HotReload took  1.0s.
[2017.06.07-14.17.11:411][342]LogWindowsTextInputMethodSystem:Display: IME system now deactivated.
[2017.06.07-14.17.11:837][343]Cmd: QUIT_EDITOR
[2017.06.07-14.17.12:057][343]LogExit: Preparing to exit.
[2017.06.07-14.17.13:163][343]LogDirectoryWatcher: A directory notification for 'C:/Users/Guille/Documents/Unreal Projects/SecondPlayer/Content/' was aborted.
[2017.06.07-14.17.13:445][343]LogExit: Editor shut down
[2017.06.07-14.17.13:447][343]LogExit: Transaction tracking system shut down
[2017.06.07-14.17.13:643][343]LogObj: Freed 0b from 0 cluster array pools.
[2017.06.07-14.17.13:644][343]LogExit: Object subsystem successfully closed.
[2017.06.07-14.17.13:676][343]LogD3D11RHI: Shutdown
[2017.06.07-14.17.13:676][343]LogD3D11RHI: CleanupD3DDevice
[2017.06.07-14.17.13:782][343]LogD3D11RHI: ~FD3D11DynamicRHI
[2017.06.07-14.17.13:808][343]LogModuleManager: Shutting down and abandoning module SecondPlayer (501)
[2017.06.07-14.17.13:808][343]LogModuleManager: Shutting down and abandoning module HierarchicalLODOutliner (500)
[2017.06.07-14.17.13:809][343]LogModuleManager: Shutting down and abandoning module CrashTracker (498)
[2017.06.07-14.17.13:809][343]LogModuleManager: Shutting down and abandoning module SceneOutliner (496)
[2017.06.07-14.17.13:809][343]LogModuleManager: Shutting down and abandoning module AddContentDialog (494)
[2017.06.07-14.17.13:809][343]LogDirectoryWatcher: A directory notification for 'C:/Program Files/Epic Games/UE_4.15/FeaturePacks/' was aborted.
[2017.06.07-14.17.13:831][343]LogModuleManager: Shutting down and abandoning module WidgetCarousel (493)
[2017.06.07-14.17.13:831][343]LogModuleManager: Shutting down and abandoning module EditorWidgets (490)
[2017.06.07-14.17.13:831][343]LogModuleManager: Shutting down and abandoning module CollectionManager (488)
[2017.06.07-14.17.13:831][343]LogDirectoryWatcher: A directory notification for 'C:/Users/Guille/Documents/Unreal Projects/SecondPlayer/Content/Collections/' was aborted.
[2017.06.07-14.17.13:831][343]LogDirectoryWatcher: A directory notification for 'C:/Users/Guille/Documents/Unreal Projects/SecondPlayer/Content/Developers/Guille/Collections/' was aborted.
[2017.06.07-14.17.13:832][343]LogDirectoryWatcher: A directory notification for 'C:/Users/Guille/Documents/Unreal Projects/SecondPlayer/Saved/Collections/' was aborted.
[2017.06.07-14.17.13:832][343]LogModuleManager: Shutting down and abandoning module StatsViewer (486)
[2017.06.07-14.17.13:832][343]LogModuleManager: Shutting down and abandoning module FoliageEdit (484)
[2017.06.07-14.17.13:832][343]LogModuleManager: Shutting down and abandoning module LandscapeEditor (482)
[2017.06.07-14.17.13:832][343]LogModuleManager: Shutting down and abandoning module SceneDepthPickerMode (480)
[2017.06.07-14.17.13:832][343]LogModuleManager: Shutting down and abandoning module ActorPickerMode (478)
[2017.06.07-14.17.13:832][343]LogModuleManager: Shutting down and abandoning module GeometryMode (476)
[2017.06.07-14.17.13:833][343]LogModuleManager: Shutting down and abandoning module TextureAlignMode (474)
[2017.06.07-14.17.13:833][343]LogModuleManager: Shutting down and abandoning module BspMode (472)
[2017.06.07-14.17.13:833][343]LogModuleManager: Shutting down and abandoning module HardwareSurvey (470)
[2017.06.07-14.17.13:833][343]LogModuleManager: Shutting down and abandoning module SequenceRecorderSections (468)
[2017.06.07-14.17.13:833][343]LogModuleManager: Shutting down and abandoning module AutomationWorker (466)
[2017.06.07-14.17.13:833][343]LogModuleManager: Shutting down and abandoning module MatineeToLevelSequence (464)
[2017.06.07-14.17.13:833][343]LogModuleManager: Shutting down and abandoning module LevelSequenceEditor (462)
[2017.06.07-14.17.13:833][343]LogModuleManager: Shutting down and abandoning module PlacementMode (461)
[2017.06.07-14.17.13:833][343]LogModuleManager: Shutting down and abandoning module WmfMediaFactory (458)
[2017.06.07-14.17.13:833][343]LogModuleManager: Shutting down and abandoning module WmfMediaEditor (456)
[2017.06.07-14.17.13:833][343]LogModuleManager: Shutting down and abandoning module MfMediaFactory (454)
[2017.06.07-14.17.13:833][343]LogModuleManager: Shutting down and abandoning module MfMediaEditor (452)
[2017.06.07-14.17.13:833][343]LogModuleManager: Shutting down and abandoning module AvfMediaFactory (450)
[2017.06.07-14.17.13:833][343]LogModuleManager: Shutting down and abandoning module AvfMediaEditor (448)
[2017.06.07-14.17.13:833][343]LogModuleManager: Shutting down and abandoning module AndroidMediaFactory (446)
[2017.06.07-14.17.13:833][343]LogModuleManager: Shutting down and abandoning module Media (445)
[2017.06.07-14.17.13:834][343]LogModuleManager: Shutting down and abandoning module AndroidMediaEditor (442)
[2017.06.07-14.17.13:834][343]LogModuleManager: Shutting down and abandoning module CharacterAI (440)
[2017.06.07-14.17.13:834][343]LogModuleManager: Shutting down and abandoning module AudioCapture (438)
[2017.06.07-14.17.13:834][343]LogModuleManager: Shutting down and abandoning module SequenceRecorder (437)
[2017.06.07-14.17.13:834][343]LogModuleManager: Shutting down and abandoning module SmartSnapping (434)
[2017.06.07-14.17.13:834][343]LogModuleManager: Shutting down and abandoning module SessionServices (432)
[2017.06.07-14.17.13:834][343]LogModuleManager: Shutting down and abandoning module ViewportSnapping (430)
[2017.06.07-14.17.13:834][343]LogModuleManager: Shutting down and abandoning module ViewportInteraction (428)
[2017.06.07-14.17.13:834][343]LogModuleManager: Shutting down and abandoning module LogVisualizer (426)
[2017.06.07-14.17.13:834][343]LogModuleManager: Shutting down and abandoning module IntroTutorials (424)
[2017.06.07-14.17.13:834][343]LogModuleManager: Shutting down and abandoning module GameProjectGeneration (423)
[2017.06.07-14.17.13:834][343]LogModuleManager: Shutting down and abandoning module EditorLiveStreaming (420)
[2017.06.07-14.17.13:834][343]LogModuleManager: Shutting down and abandoning module IOSPlatformEditor (418)
[2017.06.07-14.17.13:834][343]LogModuleManager: Shutting down and abandoning module HTML5PlatformEditor (416)
[2017.06.07-14.17.13:834][343]LogModuleManager: Shutting down and abandoning module AndroidPlatformEditor (414)
[2017.06.07-14.17.13:834][343]LogModuleManager: Shutting down and abandoning module AndroidDeviceDetection (413)
[2017.06.07-14.17.14:749][343]LogModuleManager: Shutting down and abandoning module IOSRuntimeSettings (410)
[2017.06.07-14.17.14:749][343]LogModuleManager: Shutting down and abandoning module AndroidRuntimeSettings (408)
[2017.06.07-14.17.14:749][343]LogModuleManager: Shutting down and abandoning module InputBindingEditor (406)
[2017.06.07-14.17.14:749][343]LogModuleManager: Shutting down and abandoning module NiagaraEditor (404)
[2017.06.07-14.17.14:749][343]LogModuleManager: Shutting down and abandoning module MergeActors (402)
[2017.06.07-14.17.14:749][343]LogModuleManager: Shutting down and abandoning module SizeMap (400)
[2017.06.07-14.17.14:749][343]LogModuleManager: Shutting down and abandoning module TreeMap (398)
[2017.06.07-14.17.14:749][343]LogModuleManager: Shutting down and abandoning module ReferenceViewer (396)
[2017.06.07-14.17.14:749][343]LogModuleManager: Shutting down and abandoning module LocalizationDashboard (394)
[2017.06.07-14.17.14:749][343]LogModuleManager: Shutting down and abandoning module LocalizationService (393)
[2017.06.07-14.17.14:749][343]LogModuleManager: Shutting down and abandoning module HardwareTargeting (390)
[2017.06.07-14.17.14:749][343]LogModuleManager: Shutting down and abandoning module DeviceProfileEditor (388)
[2017.06.07-14.17.14:750][343]LogModuleManager: Shutting down and abandoning module UndoHistory (386)
[2017.06.07-14.17.14:750][343]LogModuleManager: Shutting down and abandoning module UserFeedback (384)
[2017.06.07-14.17.14:750][343]LogModuleManager: Shutting down and abandoning module XmlParser (382)
[2017.06.07-14.17.14:750][343]LogModuleManager: Shutting down and abandoning module Blutility (380)
[2017.06.07-14.17.14:750][343]LogModuleManager: Shutting down and abandoning module ProjectSettingsViewer (378)
[2017.06.07-14.17.14:750][343]LogModuleManager: Shutting down and abandoning module ProjectTargetPlatformEditor (377)
[2017.06.07-14.17.14:751][343]LogModuleManager: Shutting down and abandoning module EditorSettingsViewer (374)
[2017.06.07-14.17.14:751][343]LogModuleManager: Shutting down and abandoning module SettingsEditor (372)
[2017.06.07-14.17.14:751][343]LogModuleManager: Shutting down and abandoning module ProjectLauncher (370)
[2017.06.07-14.17.14:751][343]LogModuleManager: Shutting down and abandoning module SessionFrontend (368)
[2017.06.07-14.17.14:751][343]LogModuleManager: Shutting down and abandoning module ProfilerClient (366)
[2017.06.07-14.17.14:751][343]LogModuleManager: Shutting down and abandoning module DeviceManager (364)
[2017.06.07-14.17.14:751][343]LogModuleManager: Shutting down and abandoning module TargetDeviceServices (363)
[2017.06.07-14.17.14:804][343]LogModuleManager: Shutting down and abandoning module AutomationController (360)
[2017.06.07-14.17.14:804][343]LogModuleManager: Shutting down and abandoning module AutomationWindow (358)
[2017.06.07-14.17.14:804][343]LogModuleManager: Shutting down and abandoning module Layers (356)
[2017.06.07-14.17.14:804][343]LogModuleManager: Shutting down and abandoning module ComponentVisualizers (354)
[2017.06.07-14.17.14:804][343]LogModuleManager: Shutting down and abandoning module DetailCustomizations (352)
[2017.06.07-14.17.14:805][343]LogModuleManager: Shutting down and abandoning module PackagesDialog (350)
[2017.06.07-14.17.14:805][343]LogModuleManager: Shutting down and abandoning module Persona (348)
[2017.06.07-14.17.14:805][343]LogModuleManager: Shutting down and abandoning module AnimGraph (347)
[2017.06.07-14.17.14:805][343]LogModuleManager: Shutting down and abandoning module Kismet (344)
[2017.06.07-14.17.14:805][343]LogModuleManager: Shutting down and abandoning module GraphEditor (342)
[2017.06.07-14.17.14:806][343]LogModuleManager: Shutting down and abandoning module ClassViewer (340)
[2017.06.07-14.17.14:806][343]LogModuleManager: Shutting down and abandoning module Toolbox (338)
[2017.06.07-14.17.14:806][343]LogModuleManager: Shutting down and abandoning module ModuleUI (336)
[2017.06.07-14.17.14:806][343]LogModuleManager: Shutting down and abandoning module MovieSceneTools (334)
[2017.06.07-14.17.14:806][343]LogModuleManager: Shutting down and abandoning module OutputLog (332)
[2017.06.07-14.17.14:806][343]LogModuleManager: Shutting down and abandoning module GammaUI (330)
[2017.06.07-14.17.14:806][343]LogModuleManager: Shutting down and abandoning module Documentation (328)
[2017.06.07-14.17.14:806][343]LogModuleManager: Shutting down and abandoning module Niagara (326)
[2017.06.07-14.17.14:806][343]LogModuleManager: Shutting down and abandoning module StreamingPauseRendering (324)
[2017.06.07-14.17.14:806][343]LogModuleManager: Shutting down and abandoning module AnalyticsET (322)
[2017.06.07-14.17.14:806][343]LogModuleManager: Shutting down and abandoning module PortalServices (320)
[2017.06.07-14.17.14:806][343]LogModuleManager: Shutting down and abandoning module PortalRpc (318)
[2017.06.07-14.17.14:806][343]LogModuleManager: Shutting down and abandoning module MessagingRpc (316)
[2017.06.07-14.17.14:806][343]LogModuleManager: Shutting down and abandoning module AIModule (314)
[2017.06.07-14.17.14:806][343]LogModuleManager: Shutting down and abandoning module GameplayDebugger (313)
[2017.06.07-14.17.14:806][343]LogModuleManager: Shutting down and abandoning module AITestSuite (311)
[2017.06.07-14.17.14:806][343]LogModuleManager: Shutting down and abandoning module ProfilerService (308)
[2017.06.07-14.17.14:941][343]LogModuleManager: Shutting down and abandoning module TaskGraph (306)
[2017.06.07-14.17.14:942][343]LogModuleManager: Shutting down and abandoning module SteamVRController (304)
[2017.06.07-14.17.14:942][343]LogModuleManager: Shutting down and abandoning module SteamVR (302)
[2017.06.07-14.17.14:942][343]LogModuleManager: Shutting down and abandoning module ProceduralMeshComponentEditor (300)
[2017.06.07-14.17.14:942][343]LogModuleManager: Shutting down and abandoning module ProceduralMeshComponent (298)
[2017.06.07-14.17.14:942][343]LogModuleManager: Shutting down and abandoning module OculusLibrary (296)
[2017.06.07-14.17.14:942][343]LogModuleManager: Shutting down and abandoning module OculusInput (294)
[2017.06.07-14.17.14:942][343]LogModuleManager: Shutting down and abandoning module MobilePatchingUtils (292)
[2017.06.07-14.17.14:942][343]LogModuleManager: Shutting down and abandoning module CustomMeshComponent (290)
[2017.06.07-14.17.14:942][343]LogModuleManager: Shutting down and abandoning module CableComponent (288)
[2017.06.07-14.17.14:942][343]LogModuleManager: Shutting down and abandoning module ArchVisCharacter (286)
[2017.06.07-14.17.14:942][343]LogModuleManager: Shutting down and abandoning module MediaPlayerEditor (282)
[2017.06.07-14.17.14:942][343]LogModuleManager: Shutting down and abandoning module HTML5Networking (280)
[2017.06.07-14.17.14:942][343]LogModuleManager: Shutting down and abandoning module AlembicImporter (278)
[2017.06.07-14.17.14:942][343]LogModuleManager: Shutting down and abandoning module AlembicLibrary (277)
[2017.06.07-14.17.14:942][343]LogModuleManager: Shutting down and abandoning module GeometryCache (276)
[2017.06.07-14.17.14:942][343]LogModuleManager: Shutting down and abandoning module GeometryCacheEd (275)
[2017.06.07-14.17.14:942][343]LogModuleManager: Shutting down and abandoning module SuperSearchEditor (270)
[2017.06.07-14.17.14:942][343]LogModuleManager: Shutting down and abandoning module SuperSearch (269)
[2017.06.07-14.17.14:942][343]LogModuleManager: Shutting down and abandoning module SpeedTreeImporter (266)
[2017.06.07-14.17.14:942][343]LogModuleManager: Shutting down and abandoning module PluginBrowser (264)
[2017.06.07-14.17.14:942][343]LogModuleManager: Shutting down and abandoning module MobileLauncherProfileWizard (262)
[2017.06.07-14.17.14:942][343]LogModuleManager: Shutting down and abandoning module EpicSurvey (260)
[2017.06.07-14.17.14:942][343]LogModuleManager: Shutting down and abandoning module VisualStudioSourceCodeAccess (258)
[2017.06.07-14.17.14:942][343]LogModuleManager: Shutting down and abandoning module DesktopPlatform (257)
[2017.06.07-14.17.14:942][343]LogModuleManager: Shutting down and abandoning module UObjectPlugin (254)
[2017.06.07-14.17.14:942][343]LogModuleManager: Shutting down and abandoning module SubversionSourceControl (252)
[2017.06.07-14.17.14:942][343]LogModuleManager: Shutting down and abandoning module PerforceSourceControl (250)
[2017.06.07-14.17.14:942][343]LogModuleManager: Shutting down and abandoning module GitSourceControl (248)
[2017.06.07-14.17.14:942][343]LogModuleManager: Shutting down and abandoning module SourceControl (247)
[2017.06.07-14.17.14:942][343]LogModuleManager: Shutting down and abandoning module LightPropagationVolumeEditor (244)
[2017.06.07-14.17.14:942][343]LogModuleManager: Shutting down and abandoning module PaperTiledImporter (242)
[2017.06.07-14.17.14:942][343]LogModuleManager: Shutting down and abandoning module PaperSpriteSheetImporter (240)
[2017.06.07-14.17.14:942][343]LogModuleManager: Shutting down and abandoning module Paper2DEditor (238)
[2017.06.07-14.17.14:942][343]LogModuleManager: Shutting down and abandoning module MeshPaint (237)
[2017.06.07-14.17.14:942][343]LogModuleManager: Shutting down and abandoning module LevelEditor (235)
[2017.06.07-14.17.14:945][343]LogModuleManager: Shutting down and abandoning module PixelInspectorModule (234)
[2017.06.07-14.17.14:945][343]LogModuleManager: Shutting down and abandoning module MainFrame (232)
[2017.06.07-14.17.14:945][343]LogModuleManager: Shutting down and abandoning module HotReload (231)
[2017.06.07-14.17.14:945][343]LogDirectoryWatcher: A directory notification for 'C:/Users/Guille/Documents/Unreal Projects/SecondPlayer/Binaries/Win64' was aborted.
[2017.06.07-14.17.14:946][343]LogModuleManager: Shutting down and abandoning module ContentBrowser (227)
[2017.06.07-14.17.14:950][343]LogModuleManager: Shutting down and abandoning module PhysXVehiclesEditor (222)
[2017.06.07-14.17.14:950][343]LogModuleManager: Shutting down and abandoning module PhysXVehicles (220)
[2017.06.07-14.17.14:950][343]LogModuleManager: Shutting down and abandoning module LocationServicesBPLibrary (218)
[2017.06.07-14.17.14:950][343]LogModuleManager: Shutting down and abandoning module UdpMessaging (216)
[2017.06.07-14.17.15:056][343]LogModuleManager: Shutting down and abandoning module TcpMessaging (214)
[2017.06.07-14.17.15:157][343]LogModuleManager: Shutting down and abandoning module GameplayTagsEditor (212)
[2017.06.07-14.17.15:157][343]LogModuleManager: Shutting down and abandoning module FacialAnimationEditor (210)
[2017.06.07-14.17.15:157][343]LogModuleManager: Shutting down and abandoning module FacialAnimation (208)
[2017.06.07-14.17.15:157][343]LogModuleManager: Shutting down and abandoning module LightPropagationVolumeRuntime (206)
[2017.06.07-14.17.15:157][343]LogModuleManager: Shutting down and abandoning module Paper2D (204)
[2017.06.07-14.17.15:157][343]LogModuleManager: Shutting down and abandoning module WindowsMoviePlayer (202)
[2017.06.07-14.17.15:157][343]LogModuleManager: Shutting down and abandoning module WmfMedia (200)
[2017.06.07-14.17.15:157][343]LogModuleManager: Shutting down and abandoning module MfMedia (198)
[2017.06.07-14.17.15:157][343]LogModuleManager: Shutting down and abandoning module MediaAssets (196)
[2017.06.07-14.17.15:157][343]LogModuleManager: Shutting down and abandoning module GameLiveStreaming (194)
[2017.06.07-14.17.15:157][343]LogModuleManager: Shutting down and abandoning module VREditor (192)
[2017.06.07-14.17.15:158][343]LogModuleManager: Shutting down and abandoning module GameplayTasksEditor (190)
[2017.06.07-14.17.15:158][343]LogModuleManager: Shutting down and abandoning module BehaviorTreeEditor (188)
[2017.06.07-14.17.15:158][343]LogModuleManager: Shutting down and abandoning module FunctionalTesting (186)
[2017.06.07-14.17.15:158][343]LogModuleManager: Shutting down and abandoning module CollisionAnalyzer (184)
[2017.06.07-14.17.15:158][343]LogModuleManager: Shutting down and abandoning module UMG (182)
[2017.06.07-14.17.15:158][343]LogModuleManager: Shutting down and abandoning module UMGEditor (181)
[2017.06.07-14.17.15:158][343]LogModuleManager: Shutting down and abandoning module Sequencer (180)
[2017.06.07-14.17.15:158][343]LogModuleManager: Shutting down and abandoning module AssetTools (178)
[2017.06.07-14.17.15:158][343]LogModuleManager: Shutting down and abandoning module MessageLog (177)
[2017.06.07-14.17.15:158][343]LogModuleManager: Shutting down and abandoning module WorkspaceMenuStructure (176)
[2017.06.07-14.17.15:158][343]LogModuleManager: Shutting down and abandoning module SlateReflector (170)
[2017.06.07-14.17.15:158][343]LogModuleManager: Shutting down and abandoning module Slate (168)
[2017.06.07-14.17.15:158][343]LogModuleManager: Shutting down and abandoning module EditorStyle (166)
[2017.06.07-14.17.15:164][343]LogModuleManager: Shutting down and abandoning module SourceCodeAccess (164)
[2017.06.07-14.17.15:164][343]LogModuleManager: Shutting down and abandoning module HeadMountedDisplay (162)
[2017.06.07-14.17.15:164][343]LogModuleManager: Shutting down and abandoning module XAudio2 (160)
[2017.06.07-14.17.15:164][343]LogModuleManager: Shutting down and abandoning module Networking (158)
[2017.06.07-14.17.15:165][343]LogModuleManager: Shutting down and abandoning module Core (154)
[2017.06.07-14.17.15:165][343]LogModuleManager: Shutting down and abandoning module AssetRegistry (152)
[2017.06.07-14.17.15:589][343]LogDirectoryWatcher: A directory notification for '../../../Engine/Content/' was aborted.
[2017.06.07-14.17.15:590][343]LogDirectoryWatcher: A directory notification for '../../../../../../Users/Guille/Documents/Unreal Projects/SecondPlayer/Content/' was aborted.
[2017.06.07-14.17.15:590][343]LogDirectoryWatcher: A directory notification for '../../../Engine/Plugins/2D/Paper2D/Content/' was aborted.
[2017.06.07-14.17.15:591][343]LogModuleManager: Shutting down and abandoning module DirectoryWatcher (151)
[2017.06.07-14.17.15:598][343]LogModuleManager: Shutting down and abandoning module KismetCompiler (148)
[2017.06.07-14.17.15:599][343]LogModuleManager: Shutting down and abandoning module PhysXFormats (146)
[2017.06.07-14.17.15:599][343]LogModuleManager: Shutting down and abandoning module MeshUtilities (144)
[2017.06.07-14.17.15:599][343]LogModuleManager: Shutting down and abandoning module SimplygonSwarm (143)
[2017.06.07-14.17.15:600][343]LogModuleManager: Shutting down and abandoning module SimplygonMeshReduction (141)
[2017.06.07-14.17.15:600][343]LogModuleManager: Shutting down and abandoning module QuadricMeshReduction (139)
[2017.06.07-14.17.15:600][343]LogModuleManager: Shutting down and abandoning module PropertyEditor (137)
[2017.06.07-14.17.15:600][343]LogModuleManager: Shutting down and abandoning module DerivedDataCache (134)
[2017.06.07-14.17.15:652][343]LogDerivedDataCache: Shutdown
[2017.06.07-14.17.15:652][343]LogModuleManager: Shutting down and abandoning module TargetPlatform (132)
[2017.06.07-14.17.15:655][343]LogModuleManager: Shutting down and abandoning module VulkanShaderFormat (131)
[2017.06.07-14.17.15:655][343]LogModuleManager: Shutting down and abandoning module ShaderFormatOpenGL (129)
[2017.06.07-14.17.15:655][343]LogModuleManager: Shutting down and abandoning module ShaderFormatD3D (127)
[2017.06.07-14.17.15:655][343]LogModuleManager: Shutting down and abandoning module MetalShaderFormat (125)
[2017.06.07-14.17.15:655][343]LogModuleManager: Shutting down and abandoning module TextureFormatUncompressed (123)
[2017.06.07-14.17.15:655][343]LogModuleManager: Shutting down and abandoning module TextureFormatPVR (121)
[2017.06.07-14.17.15:655][343]LogModuleManager: Shutting down and abandoning module TextureFormatDXT (119)
[2017.06.07-14.17.15:655][343]LogModuleManager: Shutting down and abandoning module TextureFormatIntelISPCTexComp (117)
[2017.06.07-14.17.15:656][343]LogModuleManager: Shutting down and abandoning module TextureFormatASTC (115)
[2017.06.07-14.17.15:656][343]LogModuleManager: Shutting down and abandoning module ImageWrapper (114)
[2017.06.07-14.17.15:656][343]LogModuleManager: Shutting down and abandoning module TextureFormatAndroid (111)
[2017.06.07-14.17.15:656][343]LogModuleManager: Shutting down and abandoning module AudioFormatOpus (109)
[2017.06.07-14.17.15:656][343]LogModuleManager: Shutting down and abandoning module AudioFormatOgg (107)
[2017.06.07-14.17.15:656][343]LogModuleManager: Shutting down and abandoning module AudioFormatADPCM (105)
[2017.06.07-14.17.15:656][343]LogModuleManager: Shutting down and abandoning module LinuxTargetPlatform (103)
[2017.06.07-14.17.15:656][343]LogModuleManager: Shutting down and abandoning module LinuxServerTargetPlatform (101)
[2017.06.07-14.17.15:657][343]LogModuleManager: Shutting down and abandoning module LinuxNoEditorTargetPlatform (99)
[2017.06.07-14.17.15:657][343]LogModuleManager: Shutting down and abandoning module LinuxClientTargetPlatform (97)
[2017.06.07-14.17.15:658][343]LogModuleManager: Shutting down and abandoning module TVOSTargetPlatform (95)
[2017.06.07-14.17.15:658][343]LogModuleManager: Shutting down and abandoning module Messaging (93)
[2017.06.07-14.17.15:660][343]LogModuleManager: Shutting down and abandoning module IOSTargetPlatform (91)
[2017.06.07-14.17.15:675][343]LogModuleManager: Shutting down and abandoning module HTML5TargetPlatform (89)
[2017.06.07-14.17.15:675][343]LogModuleManager: Shutting down and abandoning module Android_PVRTCTargetPlatform (87)
[2017.06.07-14.17.15:675][343]LogModuleManager: Shutting down and abandoning module Android_MultiTargetPlatform (85)
[2017.06.07-14.17.15:679][343]LogModuleManager: Shutting down and abandoning module Android_ETC2TargetPlatform (83)
[2017.06.07-14.17.15:679][343]LogModuleManager: Shutting down and abandoning module Android_ETC1TargetPlatform (81)
[2017.06.07-14.17.15:680][343]LogModuleManager: Shutting down and abandoning module Android_DXTTargetPlatform (79)
[2017.06.07-14.17.15:680][343]LogModuleManager: Shutting down and abandoning module Android_ATCTargetPlatform (77)
[2017.06.07-14.17.15:680][343]LogModuleManager: Shutting down and abandoning module Android_ASTCTargetPlatform (75)
[2017.06.07-14.17.15:680][343]LogModuleManager: Shutting down and abandoning module AndroidTargetPlatform (73)
[2017.06.07-14.17.15:680][343]LogModuleManager: Shutting down and abandoning module WindowsTargetPlatform (71)
[2017.06.07-14.17.15:681][343]LogModuleManager: Shutting down and abandoning module WindowsServerTargetPlatform (69)
[2017.06.07-14.17.15:683][343]LogModuleManager: Shutting down and abandoning module WindowsNoEditorTargetPlatform (67)
[2017.06.07-14.17.15:684][343]LogModuleManager: Shutting down and abandoning module WindowsClientTargetPlatform (65)
[2017.06.07-14.17.15:685][343]LogModuleManager: Shutting down and abandoning module MacTargetPlatform (63)
[2017.06.07-14.17.15:686][343]LogModuleManager: Shutting down and abandoning module MacServerTargetPlatform (61)
[2017.06.07-14.17.15:687][343]LogModuleManager: Shutting down and abandoning module MacNoEditorTargetPlatform (59)
[2017.06.07-14.17.15:687][343]LogModuleManager: Shutting down and abandoning module MacClientTargetPlatform (57)
[2017.06.07-14.17.15:687][343]LogModuleManager: Shutting down and abandoning module AllDesktopTargetPlatform (55)
[2017.06.07-14.17.15:687][343]LogModuleManager: Shutting down and abandoning module InputCore (52)
[2017.06.07-14.17.15:687][343]LogModuleManager: Shutting down and abandoning module Settings (50)
[2017.06.07-14.17.15:688][343]LogModuleManager: Shutting down and abandoning module OculusRift (48)
[2017.06.07-14.17.15:688][343]LogModuleManager: Shutting down and abandoning module GearVR (46)
[2017.06.07-14.17.15:688][343]LogModuleManager: Shutting down and abandoning module ExampleDeviceProfileSelector (44)
[2017.06.07-14.17.15:688][343]LogModuleManager: Shutting down and abandoning module OnlineBlueprintSupport (42)
[2017.06.07-14.17.15:688][343]LogModuleManager: Shutting down and abandoning module OnlineSubsystem (38)
[2017.06.07-14.17.15:688][343]LogOnline:Display: Unloading online subsystem: NULL
[2017.06.07-14.17.15:689][343]LogModuleManager: Shutting down and abandoning module XMPP (37)
[2017.06.07-14.17.15:690][343]LogModuleManager: Shutting down and abandoning module HTTP (35)
[2017.06.07-14.17.15:690][343]LogHttp:Display: Http module shutting down, but needs to wait on 1 outstanding Http requests:
[2017.06.07-14.17.15:690][343]LogHttp:Display: 	verb=[POST] url=[https://datarouter.ol.epicgames.com/datarouter/api/v1/public/data?SessionID=%7B062C3C45-4714-E90E-8BAD-E58066554963%7D&AppID=UEEditor.Rocket.Release&AppVersion=4.15.1-3348071%2B%2B%2BUE4%2BRelease-4.15&UserID=a187dcbe48a9fd33047cbfb76ead2956%7Ccc3c8413bff54b0e9642da9d4a3c10e6%7C4a941b5c-45fe-4bb9-a344-3e4224fbffba&AppEnvironment=datacollector-binary&UploadType=eteventstream] status=Processing
[2017.06.07-14.17.15:697][343]LogModuleManager: Shutting down and abandoning module SSL (34)
[2017.06.07-14.17.15:703][343]LogModuleManager: Shutting down and abandoning module AudioEditor (30)
[2017.06.07-14.17.15:703][343]LogModuleManager: Shutting down and abandoning module TextureCompressor (28)
[2017.06.07-14.17.15:703][343]LogModuleManager: Shutting down and abandoning module ShaderCore (26)
[2017.06.07-14.17.15:704][343]LogModuleManager: Shutting down and abandoning module Landscape (24)
[2017.06.07-14.17.15:704][343]LogModuleManager: Shutting down and abandoning module SlateRHIRenderer (22)
[2017.06.07-14.17.15:741][343]LogModuleManager: Shutting down and abandoning module OpenGLDrv (20)
[2017.06.07-14.17.15:741][343]LogModuleManager: Shutting down and abandoning module D3D11RHI (18)
[2017.06.07-14.17.15:741][343]LogModuleManager: Shutting down and abandoning module AnimGraphRuntime (16)
[2017.06.07-14.17.15:741][343]LogModuleManager: Shutting down and abandoning module Renderer (14)
[2017.06.07-14.17.15:741][343]LogModuleManager: Shutting down and abandoning module Engine (12)
[2017.06.07-14.17.15:741][343]LogModuleManager: Shutting down and abandoning module CoreUObject (10)
[2017.06.07-14.17.15:741][343]LogModuleManager: Shutting down and abandoning module NetworkFile (8)
[2017.06.07-14.17.15:741][343]LogModuleManager: Shutting down and abandoning module StreamingFile (6)
[2017.06.07-14.17.15:741][343]LogModuleManager: Shutting down and abandoning module SandboxFile (4)
[2017.06.07-14.17.15:741][343]LogModuleManager: Shutting down and abandoning module PakFile (2)
[2017.06.07-14.17.15:747][343]LogExit: Exiting.
[2017.06.07-14.17.15:769][343]Log file closed, 06/07/17 16:17:15
