Log file open, 05/17/17 18:21:40
LogInit:Display: Running engine for game: SecondPlayer
LogPlatformFile: Not using cached read wrapper
LogInit:Display: RandInit(222477488) SRandInit(222477488).
LogTaskGraph: Started task graph with 5 named threads and 6 total threads with 1 sets of task threads.
LogStats: Stats thread started at 0.156710
LogInit: Using libcurl 7.47.1
LogInit:  - built for x86_64-pc-win32
LogInit:  - supports SSL with OpenSSL/1.0.2g
LogInit:  - supports HTTP deflate (compression) using libz 1.2.8
LogInit:  - other features:
LogInit:      CURL_VERSION_SSL
LogInit:      CURL_VERSION_LIBZ
LogInit:      CURL_VERSION_IPV6
LogInit:      CURL_VERSION_ASYNCHDNS
LogInit:      CURL_VERSION_LARGEFILE
LogInit:      CURL_VERSION_IDN
LogInit:  CurlRequestOptions (configurable via config and command line):
LogInit:  - bVerifyPeer = false  - Libcurl will NOT verify peer certificate
LogInit:  - bUseHttpProxy = false  - Libcurl will NOT use HTTP proxy
LogInit:  - bDontReuseConnections = false  - Libcurl will reuse connections
LogInit:  - CertBundlePath = nullptr  - Libcurl will use whatever was configured at build time.
LogInit: Build: ++UE4+Release-4.15-CL-3348071
LogInit: Engine Version: 4.15.1-3348071+++UE4+Release-4.15
LogInit: Compatible Engine Version: 4.15.0-3299760+++UE4+Release-4.15
LogInit: Net CL: 3299760
LogDevObjectVersion: Number of dev versions registered: 14
LogDevObjectVersion:   Dev-Blueprints (B0D832E4-1F89-4F0D-ACCF-7EB736FD4AA2): 8
LogDevObjectVersion:   Dev-Build (E1C64328-A22C-4D53-A36C-8E866417BD8C): 0
LogDevObjectVersion:   Dev-Core (375EC13C-06E4-48FB-B500-84F0262A717E): 2
LogDevObjectVersion:   Dev-Editor (E4B068ED-F494-42E9-A231-DA0B2E46BB41): 14
LogDevObjectVersion:   Dev-Framework (CFFC743F-43B0-4480-9391-14DF171D2073): 22
LogDevObjectVersion:   Dev-Mobile (B02B49B5-BB20-44E9-A304-32B752E40360): 0
LogDevObjectVersion:   Dev-Networking (A4E4105C-59A1-49B5-A7C5-40C4547EDFEE): 0
LogDevObjectVersion:   Dev-Online (39C831C9-5AE6-47DC-9A44-9C173E1C8E7C): 0
LogDevObjectVersion:   Dev-Physics (78F01B33-EBEA-4F98-B9B4-84EACCB95AA2): 0
LogDevObjectVersion:   Dev-Platform (6631380F-2D4D-43E0-8009-CF276956A95A): 0
LogDevObjectVersion:   Dev-Rendering (12F88B9F-8875-4AFC-A67C-D90C383ABD29): 12
LogDevObjectVersion:   Dev-Sequencer (7B5AE74C-D270-4C10-A958-57980B212A5A): 3
LogDevObjectVersion:   Dev-VR (D7296918-1DD6-4BDD-9DE2-64A83CC13884): 0
LogDevObjectVersion:   Dev-LoadTimes (C2A15278-BFE7-4AFE-6C17-90FF531DF755): 1
LogInit: Compiled (64-bit): Mar 15 2017 16:52:47
LogInit: Compiled with Visual C++: 19.00.23026.00
LogInit: Build Configuration: Development
LogInit: Branch Name: ++UE4+Release-4.15
LogInit: Command line:  -skipcompile
LogInit: Base directory: C:/Program Files/Epic Games/UE_4.15/Engine/Binaries/Win64/
LogInit: Installed Engine Build: 1
LogInit: Presizing for max 8388607 objects, including 0 objects not considered by GC, pre-allocating 0 bytes for permanent pool.
LogInit: Object subsystem initialized
[2017.05.17-16.21.42:344][  0]LogInit: Selected Device Profile: [Windows]
[2017.05.17-16.21.42:345][  0]LogInit: Applying CVar settings loaded from the selected device profile: [Windows]
[2017.05.17-16.21.42:362][  0]LogInit: Computer: LAPTOP-GONF5L48
[2017.05.17-16.21.42:362][  0]LogInit: User: Guille
[2017.05.17-16.21.42:363][  0]LogInit: CPU Page size=65536, Cores=2
[2017.05.17-16.21.42:363][  0]LogInit: High frequency timer resolution =2.835938 MHz
[2017.05.17-16.21.42:364][  0]LogMemory: Memory total: Physical=7.9GB (8GB approx)
[2017.05.17-16.21.42:364][  0]LogMemory: Platform Memory Stats for Windows
[2017.05.17-16.21.42:365][  0]LogMemory: Process Physical Memory: 263.44 MB used, 263.44 MB peak
[2017.05.17-16.21.42:365][  0]LogMemory: Process Virtual Memory: 262.38 MB used, 262.38 MB peak
[2017.05.17-16.21.42:366][  0]LogMemory: Physical Memory: 5929.18 MB used,  2131.05 MB free, 8060.23 MB total
[2017.05.17-16.21.42:366][  0]LogMemory: Virtual Memory: 643.37 MB used,  2131.05 MB free, 134217728.00 MB total
[2017.05.17-16.21.42:556][  0]LogTextLocalizationManager: No specific translations for ('es-ES') exist, so ('es') translations will be used.
[2017.05.17-16.21.43:127][  0]LogD3D11RHI: D3D11 adapters:
[2017.05.17-16.21.43:151][  0]LogD3D11RHI:    0. 'Intel(R) HD Graphics 620' (Feature Level 11_0)
[2017.05.17-16.21.43:151][  0]LogD3D11RHI:       128/0/4030 MB DedicatedVideo/DedicatedSystem/SharedSystem, Outputs:1, VendorId:0x8086
[2017.05.17-16.21.43:168][  0]LogD3D11RHI:    1. 'Microsoft Basic Render Driver' (Feature Level 11_0)
[2017.05.17-16.21.43:168][  0]LogD3D11RHI:       0/0/4030 MB DedicatedVideo/DedicatedSystem/SharedSystem, Outputs:0, VendorId:0x1414
[2017.05.17-16.21.43:168][  0]LogD3D11RHI: Chosen D3D11 Adapter: 0
[2017.05.17-16.21.43:172][  0]LogD3D11RHI: Creating new Direct3DDevice
[2017.05.17-16.21.43:172][  0]LogD3D11RHI:     GPU DeviceId: 0x5916 (for the marketing name, search the web for "GPU Device Id")
[2017.05.17-16.21.43:173][  0]LogWindows: EnumDisplayDevices:
[2017.05.17-16.21.43:173][  0]LogWindows:    0. 'Intel(R) HD Graphics 620' (P:1 D:1)
[2017.05.17-16.21.43:173][  0]LogWindows:    1. 'Intel(R) HD Graphics 620' (P:0 D:0)
[2017.05.17-16.21.43:173][  0]LogWindows:    2. 'Intel(R) HD Graphics 620' (P:0 D:0)
[2017.05.17-16.21.43:173][  0]LogWindows: DebugString: FoundDriverCount:3 
[2017.05.17-16.21.43:173][  0]LogD3D11RHI:     Adapter Name: Intel(R) HD Graphics 620
[2017.05.17-16.21.43:174][  0]LogD3D11RHI:   Driver Version: 21.20.16.4526 (internal:21.20.16.4526, unified:21.20.16.4526)
[2017.05.17-16.21.43:174][  0]LogD3D11RHI:      Driver Date: 9-23-2016
[2017.05.17-16.21.43:174][  0]LogRHI: Texture pool is 1361 MB (70% of 1945 MB)
[2017.05.17-16.21.43:184][  0]LogD3D11RHI: Async texture creation enabled
[2017.05.17-16.21.43:189][  0]LogD3D11RHI: GPU Timing Frequency: 12.000000 (Debug: 2 0)
[2017.05.17-16.21.43:189][  0]LogShaderCompilers: Guid format shader working directory is -23 characters bigger than the processId version (../../../../../../Users/Guille/Documents/Unreal Projects/SecondPlayer/Intermediate/Shaders/WorkingDirectory/12076/).
[2017.05.17-16.21.43:190][  0]LogShaderCompilers: Cleaned the shader compiler working directory 'C:/Users/Guille/AppData/Local/Temp/UnrealShaderWorkingDir/F4EAFA6B4F581EB772BED8BCA46950E1/'.
[2017.05.17-16.21.43:190][  0]LogShaderCompilers:Display: Using Local Shader Compiler.
[2017.05.17-16.21.44:184][  0]LogTemp:Display: Loaded TP AllDesktopTargetPlatform
[2017.05.17-16.21.44:243][  0]LogTemp:Display: Loaded TP MacClientTargetPlatform
[2017.05.17-16.21.44:307][  0]LogTemp:Display: Loaded TP MacNoEditorTargetPlatform
[2017.05.17-16.21.44:367][  0]LogTemp:Display: Loaded TP MacServerTargetPlatform
[2017.05.17-16.21.44:424][  0]LogTemp:Display: Loaded TP MacTargetPlatform
[2017.05.17-16.21.44:486][  0]LogTemp:Display: Loaded TP WindowsClientTargetPlatform
[2017.05.17-16.21.44:545][  0]LogTemp:Display: Loaded TP WindowsNoEditorTargetPlatform
[2017.05.17-16.21.44:608][  0]LogTemp:Display: Loaded TP WindowsServerTargetPlatform
[2017.05.17-16.21.44:658][  0]LogTemp:Display: Loaded TP WindowsTargetPlatform
[2017.05.17-16.21.44:727][  0]LogTemp:Display: Loaded TP AndroidTargetPlatform
[2017.05.17-16.21.44:785][  0]LogTemp:Display: Loaded TP Android_ASTCTargetPlatform
[2017.05.17-16.21.44:842][  0]LogTemp:Display: Loaded TP Android_ATCTargetPlatform
[2017.05.17-16.21.44:907][  0]LogTemp:Display: Loaded TP Android_DXTTargetPlatform
[2017.05.17-16.21.44:965][  0]LogTemp:Display: Loaded TP Android_ETC1TargetPlatform
[2017.05.17-16.21.45:028][  0]LogTemp:Display: Loaded TP Android_ETC2TargetPlatform
[2017.05.17-16.21.45:163][  0]LogTemp:Display: Loaded TP Android_MultiTargetPlatform
[2017.05.17-16.21.45:163][  0]LogTemp:Display: Loaded TP Android_PVRTCTargetPlatform
[2017.05.17-16.21.45:205][  0]LogTemp:Display: Loaded TP HTML5TargetPlatform
[2017.05.17-16.21.45:310][  0]LogTemp:Display: Loaded TP IOSTargetPlatform
[2017.05.17-16.21.45:346][  0]LogTemp:Display: Loaded TP TVOSTargetPlatform
[2017.05.17-16.21.45:405][  0]LogTemp:Display: Loaded TP LinuxClientTargetPlatform
[2017.05.17-16.21.45:465][  0]LogTemp:Display: Loaded TP LinuxNoEditorTargetPlatform
[2017.05.17-16.21.45:535][  0]LogTemp:Display: Loaded TP LinuxServerTargetPlatform
[2017.05.17-16.21.45:602][  0]LogTemp:Display: Loaded TP LinuxTargetPlatform
[2017.05.17-16.21.45:602][  0]LogTargetPlatformManager:Display: Building Assets For Windows
[2017.05.17-16.21.46:183][  0]LogDerivedDataCache:Display: Max Cache Size: 512 MB
[2017.05.17-16.21.46:234][  0]LogDerivedDataCache: Loaded boot cache 0.05s 51MB C:/Users/Guille/AppData/Local/UnrealEngine/4.15/DerivedDataCache/Boot.ddc.
[2017.05.17-16.21.46:234][  0]LogDerivedDataCache:Display: Loaded Boot cache: C:/Users/Guille/AppData/Local/UnrealEngine/4.15/DerivedDataCache/Boot.ddc
[2017.05.17-16.21.46:234][  0]LogDerivedDataCache: FDerivedDataBackendGraph:  Pak pak cache file ../../../../../../Users/Guille/Documents/Unreal Projects/SecondPlayer/DerivedDataCache/DDC.ddp not found, will not use a pak cache.
[2017.05.17-16.21.46:234][  0]LogDerivedDataCache: Unable to find inner node Pak for hierarchical cache Hierarchy.
[2017.05.17-16.21.46:234][  0]LogDerivedDataCache: FDerivedDataBackendGraph:  CompressedPak pak cache file ../../../../../../Users/Guille/Documents/Unreal Projects/SecondPlayer/DerivedDataCache/Compressed.ddp not found, will not use a pak cache.
[2017.05.17-16.21.46:234][  0]LogDerivedDataCache: Unable to find inner node CompressedPak for hierarchical cache Hierarchy.
[2017.05.17-16.21.46:251][  0]LogDerivedDataCache:Display: Pak cache opened for reading ../../../Engine/DerivedDataCache/Compressed.ddp.
[2017.05.17-16.21.46:266][  0]LogDerivedDataCache: Using Local data cache path C:/Users/Guille/AppData/Local/UnrealEngine/Common/DerivedDataCache: Writable
[2017.05.17-16.21.46:276][  0]LogSlate: Using Freetype 2.6.0
[2017.05.17-16.21.46:277][  0]LogSlate: SlateFontCache - WITH_FREETYPE: 1, WITH_HARFBUZZ: 1
[2017.05.17-16.21.46:277][  0]LogSlate: SlateFontCache - WITH_FREETYPE: 1, WITH_HARFBUZZ: 1
[2017.05.17-16.21.46:652][  0]LogInit: Selected Device Profile: [Windows]
[2017.05.17-16.21.46:654][  0]LogContentStreaming: Texture pool size is 0.00 MB
[2017.05.17-16.21.46:866][  0]LogMeshUtilities: Using QuadricMeshReduction for automatic static mesh reduction
[2017.05.17-16.21.46:917][  0]LogSimplygon: Simplygon DLL not present - disabling.
[2017.05.17-16.21.46:974][  0]LogMeshUtilities: Using SimplygonSwarm for distributed automatic mesh merging
[2017.05.17-16.21.46:974][  0]LogMeshUtilities: No automatic skeletal mesh reduction module available
[2017.05.17-16.21.46:974][  0]LogMeshUtilities: No automatic mesh merging module available
[2017.05.17-16.21.47:517][  0]LogNetVersion: GetLocalNetworkVersion: CL: 3299760, ProjectName: secondplayer, ProjectVersion: , EngineNetworkVersion: 2, GameNetworkVersion: 0, NetworkChecksum: 3451978818
[2017.05.17-16.21.47:569][  0]LogAssetRegistry: FAssetRegistry took 0.0239 seconds to start up
[2017.05.17-16.21.47:644][  0]LogPackageLocalizationCache: Processed 3 localized package path(s) for 2 prioritized culture(s) in 0.053426 seconds
[2017.05.17-16.21.47:649][  0]LogUObjectArray: 32493 objects as part of root set at end of initial load.
[2017.05.17-16.21.47:649][  0]LogUObjectAllocator: 7077024 out of 0 bytes used by permanent object pool.
[2017.05.17-16.21.47:649][  0]LogUObjectArray: CloseDisregardForGC: 0/0 objects in disregard for GC pool
[2017.05.17-16.21.47:710][  0]LogInit: WinSock: version 1.1 (2.2), MaxSocks=32767, MaxUdp=65467
[2017.05.17-16.21.49:673][  0]LogTcpMessaging: Initializing TcpMessaging bridge
[2017.05.17-16.21.49:717][  0]LogUdpMessaging: Initializing bridge on interface 0.0.0.0:0 to multicast group 230.0.0.1:6666.
[2017.05.17-16.21.50:315][  0]LogMaterial: Uniform references updated for custom material expression Custom.
[2017.05.17-16.21.50:741][  0]SourceControl: Información El control de código fuente está desactivado
[2017.05.17-16.21.50:782][  0]SourceControl: Información El control de código fuente está desactivado
[2017.05.17-16.21.50:843][  0]SourceControl: Información El control de código fuente está desactivado
[2017.05.17-16.21.50:901][  0]SourceControl: Información El control de código fuente está desactivado
[2017.05.17-16.21.52:393][  0]LogEngine: Initializing Engine...
[2017.05.17-16.21.52:394][  0]LogHMD: Failed to initialize OpenVR with code 110
[2017.05.17-16.21.52:639][  0]LogAIModule: Creating AISystem for world Untitled
[2017.05.17-16.21.52:654][  0]LogInit: XAudio2 using 'Altavoces (Realtek High Definition Audio)' : 2 channels at 48 kHz using 32 bits per sample (channel mask 0x3)
[2017.05.17-16.21.52:693][  0]LogInit: FAudioDevice initialized.
[2017.05.17-16.21.52:720][  0]LogDerivedDataCache: Saved boot cache 0.03s 51MB C:/Users/Guille/AppData/Local/UnrealEngine/4.15/DerivedDataCache/Boot.ddc.
[2017.05.17-16.21.52:727][  0]LogInit: Texture streaming: Enabled
[2017.05.17-16.21.52:829][  0]LogEngineSessionManager: EngineSessionManager initialized
[2017.05.17-16.21.52:925][  0]LogInit: Transaction tracking system initialized
[2017.05.17-16.21.53:337][  0]BlueprintLog: New page: Cargar el editor
[2017.05.17-16.21.54:377][  0]LocalizationService: Información Localization service is disabled
[2017.05.17-16.21.55:160][  0]LogConsoleResponse:Display: 
[2017.05.17-16.21.55:296][  0]LogCook:Display: Max memory allowance for cook 16384mb min free memory 0mb
[2017.05.17-16.21.55:296][  0]LogCook:Display: Mobile HDR setting 1
[2017.05.17-16.21.56:500][  0]LogFileCache: Scanning file cache for directory 'C:/Users/Guille/Documents/Unreal Projects/SecondPlayer/Content/' took 0.02s
[2017.05.17-16.21.56:554][  0]SourceControl: Información El control de código fuente está desactivado
[2017.05.17-16.21.56:554][  0]Cmd: MAP LOAD FILE="../../../../../../Users/Guille/Documents/Unreal Projects/SecondPlayer/Content/StarterContent/Maps/Minimal_Default.umap" TEMPLATE=0 SHOWPROGRESS=1 FEATURELEVEL=3
[2017.05.17-16.21.56:555][  0]LightingResults: New page: Diseñar la iluminación
[2017.05.17-16.21.56:600][  0]MapCheck: New page: Revisión del mapa
[2017.05.17-16.21.56:600][  0]LightingResults: New page: Diseñar la iluminación
[2017.05.17-16.21.56:887][  0]LogAIModule: Creating AISystem for world Minimal_Default
[2017.05.17-16.21.56:913][  0]LogEditorServer: Finished looking for orphan Actors (0.000 secs)
[2017.05.17-16.21.56:914][  0]Cmd: MAP CHECKDEP NOCLEARLOG
[2017.05.17-16.21.57:009][  0]MapCheck: Información Map check complete: 0 Error(s), 0 Warning(s), took 95,084ms to complete.
[2017.05.17-16.21.57:010][  0]LogFileHelpers: Loading map 'Minimal_Default' took 0.455
[2017.05.17-16.21.57:067][  0]LogWindowsTextInputMethodSystem:Display: IME system now deactivated.
[2017.05.17-16.21.57:210][  0]LogCollectionManager: Loaded 0 collections in 0.001526 seconds
[2017.05.17-16.21.57:304][  0]LogFileCache: Scanning file cache for directory 'C:/Users/Guille/Documents/Unreal Projects/SecondPlayer/Saved/Collections/' took 0.01s
[2017.05.17-16.21.57:304][  0]LogFileCache: Scanning file cache for directory 'C:/Users/Guille/Documents/Unreal Projects/SecondPlayer/Content/Developers/Guille/Collections/' took 0.01s
[2017.05.17-16.21.57:304][  0]LogFileCache: Scanning file cache for directory 'C:/Users/Guille/Documents/Unreal Projects/SecondPlayer/Content/Collections/' took 0.01s
[2017.05.17-16.21.57:304][  0]LogCollectionManager: Rebuilt the GUID cache for 0 collections in 0.000001 seconds
[2017.05.17-16.21.57:313][  0]LogContentBrowser: Native class hierarchy populated in 0.0088 seconds. Added 2250 classes and 455 folders.
[2017.05.17-16.21.57:316][  0]LogStats: UGameplayTagsManager::ConstructGameplayTagTree: Construct from data asset -  0.000 s
[2017.05.17-16.21.57:316][  0]LogStats: UGameplayTagsManager::ConstructGameplayTagTree: GameplayTagTreeChangedEvent.Broadcast -  0.000 s
[2017.05.17-16.21.57:385][  0]LogContentBrowser: Native class hierarchy updated for 'WidgetCarousel' in 0.0014 seconds. Added 0 classes and 0 folders.
[2017.05.17-16.21.57:430][  0]LogContentBrowser: Native class hierarchy updated for 'AddContentDialog' in 0.0014 seconds. Added 0 classes and 0 folders.
[2017.05.17-16.21.57:482][  0]LogContentBrowser: Native class hierarchy updated for 'SceneOutliner' in 0.0022 seconds. Added 1 classes and 2 folders.
[2017.05.17-16.21.57:528][  0]LogCrashTracker: Crashtracker disabled due to settings.
[2017.05.17-16.21.57:534][  0]LogUObjectGlobals:Warning: Error al encontrar el objeto 'Class Ninguno.'
[2017.05.17-16.21.57:630][  0]LogContentBrowser: Native class hierarchy updated for 'HierarchicalLODOutliner' in 0.0018 seconds. Added 1 classes and 2 folders.
[2017.05.17-16.21.57:630][  0]LogLoad: (Engine Initialization) Total time: 18.15 seconds
[2017.05.17-16.21.57:630][  0]LogLoad: (Engine Initialization) Total Blueprint compile time: 0.09 seconds
[2017.05.17-16.21.57:630][  0]LogExternalProfiler: Found external profiler: VSPerf
[2017.05.17-16.21.57:630][  0]LogExternalProfiler: Using external profiler: VSPerf
[2017.05.17-16.21.57:648][  0]LogOcInput: OculusInput pre-init called
[2017.05.17-16.21.57:667][  0]LogContentStreaming: Texture pool size now 1000 MB
[2017.05.17-16.21.57:668][  0]LogSlate: Took 0.000265 seconds to synchronously load lazily loaded font '../../../Engine/Content/Slate/Fonts/Roboto-Regular.ttf' (155K)
[2017.05.17-16.21.57:673][  0]LogSlate: Took 0.000586 seconds to synchronously load lazily loaded font '../../../Engine/Content/Slate/Fonts/Roboto-Bold.ttf' (160K)
[2017.05.17-16.21.57:678][  0]LogSlate: Took 0.000323 seconds to synchronously load lazily loaded font '../../../Engine/Content/Editor/Slate/Fonts/FontAwesome.ttf' (139K)
[2017.05.17-16.21.57:753][  0]LogSlate: Took 0.000367 seconds to synchronously load lazily loaded font '../../../Engine/Content/Slate/Fonts/Roboto-Light.ttf' (159K)
[2017.05.17-16.21.57:793][  1]LogAssetRegistry: Asset discovery search completed in 10.2479 seconds
[2017.05.17-16.21.57:793][  1]LogCollectionManager: Rebuilt the object cache for 0 collections in 0.000004 seconds (found 0 objects)
[2017.05.17-16.21.57:793][  1]LogCollectionManager: Fixed up redirectors for 0 collections in 0.000070 seconds (updated 0 objects)
[2017.05.17-16.21.57:859][  2]LogRenderer: Reallocating scene render targets to support 796x328 NumSamples 1 (Frame:2).
[2017.05.17-16.22.04:831][157]LogWindowsTextInputMethodSystem:Display: IME system now deactivated.
[2017.05.17-16.22.05:017][158]Cmd: QUIT_EDITOR
[2017.05.17-16.22.05:084][158]LogExit: Preparing to exit.
[2017.05.17-16.22.05:435][158]LogDirectoryWatcher: A directory notification for 'C:/Users/Guille/Documents/Unreal Projects/SecondPlayer/Content/' was aborted.
[2017.05.17-16.22.05:461][158]LogExit: Editor shut down
[2017.05.17-16.22.05:462][158]LogExit: Transaction tracking system shut down
[2017.05.17-16.22.05:522][158]LogObj: Freed 0b from 0 cluster array pools.
[2017.05.17-16.22.05:522][158]LogExit: Object subsystem successfully closed.
[2017.05.17-16.22.05:600][158]LogD3D11RHI: Shutdown
[2017.05.17-16.22.05:600][158]LogD3D11RHI: CleanupD3DDevice
[2017.05.17-16.22.05:955][158]LogD3D11RHI: ~FD3D11DynamicRHI
[2017.05.17-16.22.05:982][158]LogModuleManager: Shutting down and abandoning module HierarchicalLODOutliner (500)
[2017.05.17-16.22.05:982][158]LogModuleManager: Shutting down and abandoning module CrashTracker (498)
[2017.05.17-16.22.05:982][158]LogModuleManager: Shutting down and abandoning module SceneOutliner (496)
[2017.05.17-16.22.05:982][158]LogModuleManager: Shutting down and abandoning module AddContentDialog (494)
[2017.05.17-16.22.05:982][158]LogDirectoryWatcher: A directory notification for 'C:/Program Files/Epic Games/UE_4.15/FeaturePacks/' was aborted.
[2017.05.17-16.22.05:983][158]LogModuleManager: Shutting down and abandoning module WidgetCarousel (493)
[2017.05.17-16.22.05:983][158]LogModuleManager: Shutting down and abandoning module EditorWidgets (490)
[2017.05.17-16.22.05:984][158]LogModuleManager: Shutting down and abandoning module CollectionManager (488)
[2017.05.17-16.22.05:984][158]LogDirectoryWatcher: A directory notification for 'C:/Users/Guille/Documents/Unreal Projects/SecondPlayer/Content/Collections/' was aborted.
[2017.05.17-16.22.05:984][158]LogDirectoryWatcher: A directory notification for 'C:/Users/Guille/Documents/Unreal Projects/SecondPlayer/Content/Developers/Guille/Collections/' was aborted.
[2017.05.17-16.22.05:984][158]LogDirectoryWatcher: A directory notification for 'C:/Users/Guille/Documents/Unreal Projects/SecondPlayer/Saved/Collections/' was aborted.
[2017.05.17-16.22.05:984][158]LogModuleManager: Shutting down and abandoning module StatsViewer (486)
[2017.05.17-16.22.05:984][158]LogModuleManager: Shutting down and abandoning module FoliageEdit (484)
[2017.05.17-16.22.05:984][158]LogModuleManager: Shutting down and abandoning module LandscapeEditor (482)
[2017.05.17-16.22.05:984][158]LogModuleManager: Shutting down and abandoning module SceneDepthPickerMode (480)
[2017.05.17-16.22.05:984][158]LogModuleManager: Shutting down and abandoning module ActorPickerMode (478)
[2017.05.17-16.22.05:985][158]LogModuleManager: Shutting down and abandoning module GeometryMode (476)
[2017.05.17-16.22.05:985][158]LogModuleManager: Shutting down and abandoning module TextureAlignMode (474)
[2017.05.17-16.22.05:985][158]LogModuleManager: Shutting down and abandoning module BspMode (472)
[2017.05.17-16.22.05:985][158]LogModuleManager: Shutting down and abandoning module HardwareSurvey (470)
[2017.05.17-16.22.05:985][158]LogModuleManager: Shutting down and abandoning module SequenceRecorderSections (468)
[2017.05.17-16.22.05:985][158]LogModuleManager: Shutting down and abandoning module AutomationWorker (466)
[2017.05.17-16.22.05:985][158]LogModuleManager: Shutting down and abandoning module MatineeToLevelSequence (464)
[2017.05.17-16.22.05:985][158]LogModuleManager: Shutting down and abandoning module LevelSequenceEditor (462)
[2017.05.17-16.22.05:985][158]LogModuleManager: Shutting down and abandoning module PlacementMode (461)
[2017.05.17-16.22.05:985][158]LogModuleManager: Shutting down and abandoning module WmfMediaFactory (458)
[2017.05.17-16.22.05:985][158]LogModuleManager: Shutting down and abandoning module WmfMediaEditor (456)
[2017.05.17-16.22.05:985][158]LogModuleManager: Shutting down and abandoning module MfMediaFactory (454)
[2017.05.17-16.22.05:985][158]LogModuleManager: Shutting down and abandoning module MfMediaEditor (452)
[2017.05.17-16.22.05:985][158]LogModuleManager: Shutting down and abandoning module AvfMediaFactory (450)
[2017.05.17-16.22.05:985][158]LogModuleManager: Shutting down and abandoning module AvfMediaEditor (448)
[2017.05.17-16.22.05:986][158]LogModuleManager: Shutting down and abandoning module AndroidMediaFactory (446)
[2017.05.17-16.22.05:986][158]LogModuleManager: Shutting down and abandoning module Media (445)
[2017.05.17-16.22.05:986][158]LogModuleManager: Shutting down and abandoning module AndroidMediaEditor (442)
[2017.05.17-16.22.05:986][158]LogModuleManager: Shutting down and abandoning module CharacterAI (440)
[2017.05.17-16.22.05:986][158]LogModuleManager: Shutting down and abandoning module AudioCapture (438)
[2017.05.17-16.22.05:986][158]LogModuleManager: Shutting down and abandoning module SequenceRecorder (437)
[2017.05.17-16.22.05:990][158]LogModuleManager: Shutting down and abandoning module SmartSnapping (434)
[2017.05.17-16.22.05:990][158]LogModuleManager: Shutting down and abandoning module SessionServices (432)
[2017.05.17-16.22.05:990][158]LogModuleManager: Shutting down and abandoning module ViewportSnapping (430)
[2017.05.17-16.22.05:990][158]LogModuleManager: Shutting down and abandoning module ViewportInteraction (428)
[2017.05.17-16.22.05:990][158]LogModuleManager: Shutting down and abandoning module LogVisualizer (426)
[2017.05.17-16.22.05:990][158]LogModuleManager: Shutting down and abandoning module IntroTutorials (424)
[2017.05.17-16.22.05:990][158]LogModuleManager: Shutting down and abandoning module GameProjectGeneration (423)
[2017.05.17-16.22.05:990][158]LogModuleManager: Shutting down and abandoning module EditorLiveStreaming (420)
[2017.05.17-16.22.05:990][158]LogModuleManager: Shutting down and abandoning module IOSPlatformEditor (418)
[2017.05.17-16.22.05:990][158]LogModuleManager: Shutting down and abandoning module HTML5PlatformEditor (416)
[2017.05.17-16.22.05:990][158]LogModuleManager: Shutting down and abandoning module AndroidPlatformEditor (414)
[2017.05.17-16.22.05:991][158]LogModuleManager: Shutting down and abandoning module AndroidDeviceDetection (413)
[2017.05.17-16.22.06:072][158]LogModuleManager: Shutting down and abandoning module IOSRuntimeSettings (410)
[2017.05.17-16.22.06:073][158]LogModuleManager: Shutting down and abandoning module AndroidRuntimeSettings (408)
[2017.05.17-16.22.06:073][158]LogModuleManager: Shutting down and abandoning module InputBindingEditor (406)
[2017.05.17-16.22.06:073][158]LogModuleManager: Shutting down and abandoning module NiagaraEditor (404)
[2017.05.17-16.22.06:073][158]LogModuleManager: Shutting down and abandoning module MergeActors (402)
[2017.05.17-16.22.06:074][158]LogModuleManager: Shutting down and abandoning module SizeMap (400)
[2017.05.17-16.22.06:074][158]LogModuleManager: Shutting down and abandoning module TreeMap (398)
[2017.05.17-16.22.06:074][158]LogModuleManager: Shutting down and abandoning module ReferenceViewer (396)
[2017.05.17-16.22.06:075][158]LogModuleManager: Shutting down and abandoning module LocalizationDashboard (394)
[2017.05.17-16.22.06:075][158]LogModuleManager: Shutting down and abandoning module LocalizationService (393)
[2017.05.17-16.22.06:075][158]LogModuleManager: Shutting down and abandoning module HardwareTargeting (390)
[2017.05.17-16.22.06:075][158]LogModuleManager: Shutting down and abandoning module DeviceProfileEditor (388)
[2017.05.17-16.22.06:075][158]LogModuleManager: Shutting down and abandoning module UndoHistory (386)
[2017.05.17-16.22.06:076][158]LogModuleManager: Shutting down and abandoning module UserFeedback (384)
[2017.05.17-16.22.06:076][158]LogModuleManager: Shutting down and abandoning module XmlParser (382)
[2017.05.17-16.22.06:076][158]LogModuleManager: Shutting down and abandoning module Blutility (380)
[2017.05.17-16.22.06:077][158]LogModuleManager: Shutting down and abandoning module ProjectSettingsViewer (378)
[2017.05.17-16.22.06:077][158]LogModuleManager: Shutting down and abandoning module ProjectTargetPlatformEditor (377)
[2017.05.17-16.22.06:077][158]LogModuleManager: Shutting down and abandoning module EditorSettingsViewer (374)
[2017.05.17-16.22.06:077][158]LogModuleManager: Shutting down and abandoning module SettingsEditor (372)
[2017.05.17-16.22.06:078][158]LogModuleManager: Shutting down and abandoning module ProjectLauncher (370)
[2017.05.17-16.22.06:078][158]LogModuleManager: Shutting down and abandoning module SessionFrontend (368)
[2017.05.17-16.22.06:078][158]LogModuleManager: Shutting down and abandoning module ProfilerClient (366)
[2017.05.17-16.22.06:079][158]LogModuleManager: Shutting down and abandoning module DeviceManager (364)
[2017.05.17-16.22.06:079][158]LogModuleManager: Shutting down and abandoning module TargetDeviceServices (363)
[2017.05.17-16.22.06:134][158]LogModuleManager: Shutting down and abandoning module AutomationController (360)
[2017.05.17-16.22.06:134][158]LogModuleManager: Shutting down and abandoning module AutomationWindow (358)
[2017.05.17-16.22.06:134][158]LogModuleManager: Shutting down and abandoning module Layers (356)
[2017.05.17-16.22.06:135][158]LogModuleManager: Shutting down and abandoning module ComponentVisualizers (354)
[2017.05.17-16.22.06:135][158]LogModuleManager: Shutting down and abandoning module DetailCustomizations (352)
[2017.05.17-16.22.06:135][158]LogModuleManager: Shutting down and abandoning module PackagesDialog (350)
[2017.05.17-16.22.06:135][158]LogModuleManager: Shutting down and abandoning module Persona (348)
[2017.05.17-16.22.06:135][158]LogModuleManager: Shutting down and abandoning module AnimGraph (347)
[2017.05.17-16.22.06:135][158]LogModuleManager: Shutting down and abandoning module Kismet (344)
[2017.05.17-16.22.06:136][158]LogModuleManager: Shutting down and abandoning module GraphEditor (342)
[2017.05.17-16.22.06:136][158]LogModuleManager: Shutting down and abandoning module ClassViewer (340)
[2017.05.17-16.22.06:136][158]LogModuleManager: Shutting down and abandoning module Toolbox (338)
[2017.05.17-16.22.06:136][158]LogModuleManager: Shutting down and abandoning module ModuleUI (336)
[2017.05.17-16.22.06:136][158]LogModuleManager: Shutting down and abandoning module MovieSceneTools (334)
[2017.05.17-16.22.06:136][158]LogModuleManager: Shutting down and abandoning module OutputLog (332)
[2017.05.17-16.22.06:136][158]LogModuleManager: Shutting down and abandoning module GammaUI (330)
[2017.05.17-16.22.06:136][158]LogModuleManager: Shutting down and abandoning module Documentation (328)
[2017.05.17-16.22.06:137][158]LogModuleManager: Shutting down and abandoning module Niagara (326)
[2017.05.17-16.22.06:137][158]LogModuleManager: Shutting down and abandoning module StreamingPauseRendering (324)
[2017.05.17-16.22.06:137][158]LogModuleManager: Shutting down and abandoning module AnalyticsET (322)
[2017.05.17-16.22.06:137][158]LogModuleManager: Shutting down and abandoning module PortalServices (320)
[2017.05.17-16.22.06:137][158]LogModuleManager: Shutting down and abandoning module PortalRpc (318)
[2017.05.17-16.22.06:137][158]LogModuleManager: Shutting down and abandoning module MessagingRpc (316)
[2017.05.17-16.22.06:137][158]LogModuleManager: Shutting down and abandoning module AIModule (314)
[2017.05.17-16.22.06:137][158]LogModuleManager: Shutting down and abandoning module GameplayDebugger (313)
[2017.05.17-16.22.06:137][158]LogModuleManager: Shutting down and abandoning module AITestSuite (311)
[2017.05.17-16.22.06:137][158]LogModuleManager: Shutting down and abandoning module ProfilerService (308)
[2017.05.17-16.22.06:255][158]LogModuleManager: Shutting down and abandoning module TaskGraph (306)
[2017.05.17-16.22.06:255][158]LogModuleManager: Shutting down and abandoning module SteamVRController (304)
[2017.05.17-16.22.06:255][158]LogModuleManager: Shutting down and abandoning module SteamVR (302)
[2017.05.17-16.22.06:255][158]LogModuleManager: Shutting down and abandoning module ProceduralMeshComponentEditor (300)
[2017.05.17-16.22.06:255][158]LogModuleManager: Shutting down and abandoning module ProceduralMeshComponent (298)
[2017.05.17-16.22.06:255][158]LogModuleManager: Shutting down and abandoning module OculusLibrary (296)
[2017.05.17-16.22.06:255][158]LogModuleManager: Shutting down and abandoning module OculusInput (294)
[2017.05.17-16.22.06:255][158]LogModuleManager: Shutting down and abandoning module MobilePatchingUtils (292)
[2017.05.17-16.22.06:255][158]LogModuleManager: Shutting down and abandoning module CustomMeshComponent (290)
[2017.05.17-16.22.06:255][158]LogModuleManager: Shutting down and abandoning module CableComponent (288)
[2017.05.17-16.22.06:255][158]LogModuleManager: Shutting down and abandoning module ArchVisCharacter (286)
[2017.05.17-16.22.06:256][158]LogModuleManager: Shutting down and abandoning module MediaPlayerEditor (282)
[2017.05.17-16.22.06:256][158]LogModuleManager: Shutting down and abandoning module HTML5Networking (280)
[2017.05.17-16.22.06:256][158]LogModuleManager: Shutting down and abandoning module AlembicImporter (278)
[2017.05.17-16.22.06:256][158]LogModuleManager: Shutting down and abandoning module AlembicLibrary (277)
[2017.05.17-16.22.06:256][158]LogModuleManager: Shutting down and abandoning module GeometryCache (276)
[2017.05.17-16.22.06:256][158]LogModuleManager: Shutting down and abandoning module GeometryCacheEd (275)
[2017.05.17-16.22.06:256][158]LogModuleManager: Shutting down and abandoning module SuperSearchEditor (270)
[2017.05.17-16.22.06:256][158]LogModuleManager: Shutting down and abandoning module SuperSearch (269)
[2017.05.17-16.22.06:256][158]LogModuleManager: Shutting down and abandoning module SpeedTreeImporter (266)
[2017.05.17-16.22.06:256][158]LogModuleManager: Shutting down and abandoning module PluginBrowser (264)
[2017.05.17-16.22.06:258][158]LogModuleManager: Shutting down and abandoning module MobileLauncherProfileWizard (262)
[2017.05.17-16.22.06:258][158]LogModuleManager: Shutting down and abandoning module EpicSurvey (260)
[2017.05.17-16.22.06:258][158]LogModuleManager: Shutting down and abandoning module VisualStudioSourceCodeAccess (258)
[2017.05.17-16.22.06:258][158]LogModuleManager: Shutting down and abandoning module DesktopPlatform (257)
[2017.05.17-16.22.06:258][158]LogModuleManager: Shutting down and abandoning module UObjectPlugin (254)
[2017.05.17-16.22.06:258][158]LogModuleManager: Shutting down and abandoning module SubversionSourceControl (252)
[2017.05.17-16.22.06:258][158]LogModuleManager: Shutting down and abandoning module PerforceSourceControl (250)
[2017.05.17-16.22.06:258][158]LogModuleManager: Shutting down and abandoning module GitSourceControl (248)
[2017.05.17-16.22.06:259][158]LogModuleManager: Shutting down and abandoning module SourceControl (247)
[2017.05.17-16.22.06:259][158]LogModuleManager: Shutting down and abandoning module LightPropagationVolumeEditor (244)
[2017.05.17-16.22.06:259][158]LogModuleManager: Shutting down and abandoning module PaperTiledImporter (242)
[2017.05.17-16.22.06:259][158]LogModuleManager: Shutting down and abandoning module PaperSpriteSheetImporter (240)
[2017.05.17-16.22.06:259][158]LogModuleManager: Shutting down and abandoning module Paper2DEditor (238)
[2017.05.17-16.22.06:259][158]LogModuleManager: Shutting down and abandoning module MeshPaint (237)
[2017.05.17-16.22.06:259][158]LogModuleManager: Shutting down and abandoning module LevelEditor (235)
[2017.05.17-16.22.06:260][158]LogModuleManager: Shutting down and abandoning module PixelInspectorModule (234)
[2017.05.17-16.22.06:260][158]LogModuleManager: Shutting down and abandoning module MainFrame (232)
[2017.05.17-16.22.06:260][158]LogModuleManager: Shutting down and abandoning module HotReload (231)
[2017.05.17-16.22.06:260][158]LogDirectoryWatcher: A directory notification for 'C:/Users/Guille/Documents/Unreal Projects/SecondPlayer/Binaries/Win64' was aborted.
[2017.05.17-16.22.06:262][158]LogModuleManager: Shutting down and abandoning module ContentBrowser (227)
[2017.05.17-16.22.06:263][158]LogModuleManager: Shutting down and abandoning module SecondPlayer (224)
[2017.05.17-16.22.06:263][158]LogModuleManager: Shutting down and abandoning module PhysXVehiclesEditor (222)
[2017.05.17-16.22.06:263][158]LogModuleManager: Shutting down and abandoning module PhysXVehicles (220)
[2017.05.17-16.22.06:263][158]LogModuleManager: Shutting down and abandoning module LocationServicesBPLibrary (218)
[2017.05.17-16.22.06:263][158]LogModuleManager: Shutting down and abandoning module UdpMessaging (216)
[2017.05.17-16.22.06:364][158]LogModuleManager: Shutting down and abandoning module TcpMessaging (214)
[2017.05.17-16.22.06:466][158]LogModuleManager: Shutting down and abandoning module GameplayTagsEditor (212)
[2017.05.17-16.22.06:466][158]LogModuleManager: Shutting down and abandoning module FacialAnimationEditor (210)
[2017.05.17-16.22.06:467][158]LogModuleManager: Shutting down and abandoning module FacialAnimation (208)
[2017.05.17-16.22.06:467][158]LogModuleManager: Shutting down and abandoning module LightPropagationVolumeRuntime (206)
[2017.05.17-16.22.06:467][158]LogModuleManager: Shutting down and abandoning module Paper2D (204)
[2017.05.17-16.22.06:467][158]LogModuleManager: Shutting down and abandoning module WindowsMoviePlayer (202)
[2017.05.17-16.22.06:468][158]LogModuleManager: Shutting down and abandoning module WmfMedia (200)
[2017.05.17-16.22.06:468][158]LogModuleManager: Shutting down and abandoning module MfMedia (198)
[2017.05.17-16.22.06:469][158]LogModuleManager: Shutting down and abandoning module MediaAssets (196)
[2017.05.17-16.22.06:469][158]LogModuleManager: Shutting down and abandoning module GameLiveStreaming (194)
[2017.05.17-16.22.06:469][158]LogModuleManager: Shutting down and abandoning module VREditor (192)
[2017.05.17-16.22.06:470][158]LogModuleManager: Shutting down and abandoning module GameplayTasksEditor (190)
[2017.05.17-16.22.06:470][158]LogModuleManager: Shutting down and abandoning module BehaviorTreeEditor (188)
[2017.05.17-16.22.06:470][158]LogModuleManager: Shutting down and abandoning module FunctionalTesting (186)
[2017.05.17-16.22.06:470][158]LogModuleManager: Shutting down and abandoning module CollisionAnalyzer (184)
[2017.05.17-16.22.06:471][158]LogModuleManager: Shutting down and abandoning module UMG (182)
[2017.05.17-16.22.06:471][158]LogModuleManager: Shutting down and abandoning module UMGEditor (181)
[2017.05.17-16.22.06:471][158]LogModuleManager: Shutting down and abandoning module Sequencer (180)
[2017.05.17-16.22.06:472][158]LogModuleManager: Shutting down and abandoning module AssetTools (178)
[2017.05.17-16.22.06:472][158]LogModuleManager: Shutting down and abandoning module MessageLog (177)
[2017.05.17-16.22.06:473][158]LogModuleManager: Shutting down and abandoning module WorkspaceMenuStructure (176)
[2017.05.17-16.22.06:473][158]LogModuleManager: Shutting down and abandoning module SlateReflector (170)
[2017.05.17-16.22.06:474][158]LogModuleManager: Shutting down and abandoning module Slate (168)
[2017.05.17-16.22.06:474][158]LogModuleManager: Shutting down and abandoning module EditorStyle (166)
[2017.05.17-16.22.06:485][158]LogModuleManager: Shutting down and abandoning module SourceCodeAccess (164)
[2017.05.17-16.22.06:486][158]LogModuleManager: Shutting down and abandoning module HeadMountedDisplay (162)
[2017.05.17-16.22.06:486][158]LogModuleManager: Shutting down and abandoning module XAudio2 (160)
[2017.05.17-16.22.06:486][158]LogModuleManager: Shutting down and abandoning module Networking (158)
[2017.05.17-16.22.06:486][158]LogModuleManager: Shutting down and abandoning module Core (154)
[2017.05.17-16.22.06:487][158]LogModuleManager: Shutting down and abandoning module AssetRegistry (152)
[2017.05.17-16.22.06:654][158]LogDirectoryWatcher: A directory notification for '../../../Engine/Content/' was aborted.
[2017.05.17-16.22.06:654][158]LogDirectoryWatcher: A directory notification for '../../../../../../Users/Guille/Documents/Unreal Projects/SecondPlayer/Content/' was aborted.
[2017.05.17-16.22.06:655][158]LogDirectoryWatcher: A directory notification for '../../../Engine/Plugins/2D/Paper2D/Content/' was aborted.
[2017.05.17-16.22.06:656][158]LogModuleManager: Shutting down and abandoning module DirectoryWatcher (151)
[2017.05.17-16.22.06:657][158]LogModuleManager: Shutting down and abandoning module KismetCompiler (148)
[2017.05.17-16.22.06:658][158]LogModuleManager: Shutting down and abandoning module PhysXFormats (146)
[2017.05.17-16.22.06:658][158]LogModuleManager: Shutting down and abandoning module MeshUtilities (144)
[2017.05.17-16.22.06:658][158]LogModuleManager: Shutting down and abandoning module SimplygonSwarm (143)
[2017.05.17-16.22.06:658][158]LogModuleManager: Shutting down and abandoning module SimplygonMeshReduction (141)
[2017.05.17-16.22.06:658][158]LogModuleManager: Shutting down and abandoning module QuadricMeshReduction (139)
[2017.05.17-16.22.06:658][158]LogModuleManager: Shutting down and abandoning module PropertyEditor (137)
[2017.05.17-16.22.06:659][158]LogModuleManager: Shutting down and abandoning module DerivedDataCache (134)
