Log file open, 06/07/17 16:15:28
LogInit:Display: Running engine for game: SecondPlayer
LogPlatformFile: Not using cached read wrapper
LogInit:Display: RandInit(576936697) SRandInit(576936697).
LogTaskGraph: Started task graph with 5 named threads and 6 total threads with 1 sets of task threads.
LogStats: Stats thread started at 0.070242
LogInit: Using libcurl 7.47.1
LogInit:  - built for x86_64-pc-win32
LogInit:  - supports SSL with OpenSSL/1.0.2g
LogInit:  - supports HTTP deflate (compression) using libz 1.2.8
LogInit:  - other features:
LogInit:      CURL_VERSION_SSL
LogInit:      CURL_VERSION_LIBZ
LogInit:      CURL_VERSION_IPV6
LogInit:      CURL_VERSION_ASYNCHDNS
LogInit:      CURL_VERSION_LARGEFILE
LogInit:      CURL_VERSION_IDN
LogInit:  CurlRequestOptions (configurable via config and command line):
LogInit:  - bVerifyPeer = false  - Libcurl will NOT verify peer certificate
LogInit:  - bUseHttpProxy = false  - Libcurl will NOT use HTTP proxy
LogInit:  - bDontReuseConnections = false  - Libcurl will reuse connections
LogInit:  - CertBundlePath = nullptr  - Libcurl will use whatever was configured at build time.
LogInit: Build: ++UE4+Release-4.15-CL-3348071
LogInit: Engine Version: 4.15.1-3348071+++UE4+Release-4.15
LogInit: Compatible Engine Version: 4.15.0-3299760+++UE4+Release-4.15
LogInit: Net CL: 3299760
LogDevObjectVersion: Number of dev versions registered: 14
LogDevObjectVersion:   Dev-Blueprints (B0D832E4-1F89-4F0D-ACCF-7EB736FD4AA2): 8
LogDevObjectVersion:   Dev-Build (E1C64328-A22C-4D53-A36C-8E866417BD8C): 0
LogDevObjectVersion:   Dev-Core (375EC13C-06E4-48FB-B500-84F0262A717E): 2
LogDevObjectVersion:   Dev-Editor (E4B068ED-F494-42E9-A231-DA0B2E46BB41): 14
LogDevObjectVersion:   Dev-Framework (CFFC743F-43B0-4480-9391-14DF171D2073): 22
LogDevObjectVersion:   Dev-Mobile (B02B49B5-BB20-44E9-A304-32B752E40360): 0
LogDevObjectVersion:   Dev-Networking (A4E4105C-59A1-49B5-A7C5-40C4547EDFEE): 0
LogDevObjectVersion:   Dev-Online (39C831C9-5AE6-47DC-9A44-9C173E1C8E7C): 0
LogDevObjectVersion:   Dev-Physics (78F01B33-EBEA-4F98-B9B4-84EACCB95AA2): 0
LogDevObjectVersion:   Dev-Platform (6631380F-2D4D-43E0-8009-CF276956A95A): 0
LogDevObjectVersion:   Dev-Rendering (12F88B9F-8875-4AFC-A67C-D90C383ABD29): 12
LogDevObjectVersion:   Dev-Sequencer (7B5AE74C-D270-4C10-A958-57980B212A5A): 3
LogDevObjectVersion:   Dev-VR (D7296918-1DD6-4BDD-9DE2-64A83CC13884): 0
LogDevObjectVersion:   Dev-LoadTimes (C2A15278-BFE7-4AFE-6C17-90FF531DF755): 1
LogInit: Compiled (64-bit): Mar 15 2017 16:52:47
LogInit: Compiled with Visual C++: 19.00.23026.00
LogInit: Build Configuration: Development
LogInit: Branch Name: ++UE4+Release-4.15
LogInit: Command line: 
LogInit: Base directory: C:/Program Files/Epic Games/UE_4.15/Engine/Binaries/Win64/
LogInit: Installed Engine Build: 1
LogInit: Presizing for max 8388607 objects, including 0 objects not considered by GC, pre-allocating 0 bytes for permanent pool.
LogInit: Object subsystem initialized
[2017.06.07-14.15.29:866][  0]LogInit: Selected Device Profile: [Windows]
[2017.06.07-14.15.29:866][  0]LogInit: Applying CVar settings loaded from the selected device profile: [Windows]
[2017.06.07-14.15.29:877][  0]LogInit: Computer: LAPTOP-GONF5L48
[2017.06.07-14.15.29:877][  0]LogInit: User: Guille
[2017.06.07-14.15.29:877][  0]LogInit: CPU Page size=65536, Cores=2
[2017.06.07-14.15.29:877][  0]LogInit: High frequency timer resolution =2.835938 MHz
[2017.06.07-14.15.29:877][  0]LogMemory: Memory total: Physical=7.9GB (8GB approx)
[2017.06.07-14.15.29:877][  0]LogMemory: Platform Memory Stats for Windows
[2017.06.07-14.15.29:877][  0]LogMemory: Process Physical Memory: 262.63 MB used, 262.63 MB peak
[2017.06.07-14.15.29:877][  0]LogMemory: Process Virtual Memory: 262.29 MB used, 262.29 MB peak
[2017.06.07-14.15.29:877][  0]LogMemory: Physical Memory: 7075.13 MB used,  985.10 MB free, 8060.23 MB total
[2017.06.07-14.15.29:877][  0]LogMemory: Virtual Memory: 643.37 MB used,  985.10 MB free, 134217728.00 MB total
[2017.06.07-14.15.29:966][  0]LogTextLocalizationManager: No specific translations for ('es-ES') exist, so ('es') translations will be used.
[2017.06.07-14.15.30:496][  0]LogD3D11RHI: D3D11 adapters:
[2017.06.07-14.15.30:503][  0]LogD3D11RHI:    0. 'Intel(R) HD Graphics 620' (Feature Level 11_0)
[2017.06.07-14.15.30:503][  0]LogD3D11RHI:       128/0/4030 MB DedicatedVideo/DedicatedSystem/SharedSystem, Outputs:1, VendorId:0x8086
[2017.06.07-14.15.30:505][  0]LogD3D11RHI:    1. 'Microsoft Basic Render Driver' (Feature Level 11_0)
[2017.06.07-14.15.30:505][  0]LogD3D11RHI:       0/0/4030 MB DedicatedVideo/DedicatedSystem/SharedSystem, Outputs:0, VendorId:0x1414
[2017.06.07-14.15.30:505][  0]LogD3D11RHI: Chosen D3D11 Adapter: 0
[2017.06.07-14.15.30:510][  0]LogD3D11RHI: Creating new Direct3DDevice
[2017.06.07-14.15.30:510][  0]LogD3D11RHI:     GPU DeviceId: 0x5916 (for the marketing name, search the web for "GPU Device Id")
[2017.06.07-14.15.30:510][  0]LogWindows: EnumDisplayDevices:
[2017.06.07-14.15.30:511][  0]LogWindows:    0. 'Intel(R) HD Graphics 620' (P:1 D:1)
[2017.06.07-14.15.30:511][  0]LogWindows:    1. 'Intel(R) HD Graphics 620' (P:0 D:0)
[2017.06.07-14.15.30:511][  0]LogWindows:    2. 'Intel(R) HD Graphics 620' (P:0 D:0)
[2017.06.07-14.15.30:511][  0]LogWindows: DebugString: FoundDriverCount:3 
[2017.06.07-14.15.30:511][  0]LogD3D11RHI:     Adapter Name: Intel(R) HD Graphics 620
[2017.06.07-14.15.30:511][  0]LogD3D11RHI:   Driver Version: 21.20.16.4526 (internal:21.20.16.4526, unified:21.20.16.4526)
[2017.06.07-14.15.30:511][  0]LogD3D11RHI:      Driver Date: 9-23-2016
[2017.06.07-14.15.30:511][  0]LogRHI: Texture pool is 1361 MB (70% of 1945 MB)
[2017.06.07-14.15.30:518][  0]LogD3D11RHI: Async texture creation enabled
[2017.06.07-14.15.30:524][  0]LogD3D11RHI: GPU Timing Frequency: 12.000000 (Debug: 2 0)
[2017.06.07-14.15.30:525][  0]LogShaderCompilers: Guid format shader working directory is -22 characters bigger than the processId version (../../../../../../Users/Guille/Documents/Unreal Projects/SecondPlayer/Intermediate/Shaders/WorkingDirectory/9828/).
[2017.06.07-14.15.30:525][  0]LogShaderCompilers: Cleaned the shader compiler working directory 'C:/Users/Guille/AppData/Local/Temp/UnrealShaderWorkingDir/11CFC00945CE6D52A44DA3A51170EC4B/'.
[2017.06.07-14.15.30:525][  0]LogShaderCompilers:Display: Using Local Shader Compiler.
[2017.06.07-14.15.31:787][  0]LogTemp:Display: Loaded TP AllDesktopTargetPlatform
[2017.06.07-14.15.31:846][  0]LogTemp:Display: Loaded TP MacClientTargetPlatform
[2017.06.07-14.15.31:909][  0]LogTemp:Display: Loaded TP MacNoEditorTargetPlatform
[2017.06.07-14.15.31:969][  0]LogTemp:Display: Loaded TP MacServerTargetPlatform
[2017.06.07-14.15.32:031][  0]LogTemp:Display: Loaded TP MacTargetPlatform
[2017.06.07-14.15.32:088][  0]LogTemp:Display: Loaded TP WindowsClientTargetPlatform
[2017.06.07-14.15.32:147][  0]LogTemp:Display: Loaded TP WindowsNoEditorTargetPlatform
[2017.06.07-14.15.32:207][  0]LogTemp:Display: Loaded TP WindowsServerTargetPlatform
[2017.06.07-14.15.32:259][  0]LogTemp:Display: Loaded TP WindowsTargetPlatform
[2017.06.07-14.15.32:321][  0]LogTemp:Display: Loaded TP AndroidTargetPlatform
[2017.06.07-14.15.32:393][  0]LogTemp:Display: Loaded TP Android_ASTCTargetPlatform
[2017.06.07-14.15.32:450][  0]LogTemp:Display: Loaded TP Android_ATCTargetPlatform
[2017.06.07-14.15.32:507][  0]LogTemp:Display: Loaded TP Android_DXTTargetPlatform
[2017.06.07-14.15.32:571][  0]LogTemp:Display: Loaded TP Android_ETC1TargetPlatform
[2017.06.07-14.15.32:627][  0]LogTemp:Display: Loaded TP Android_ETC2TargetPlatform
[2017.06.07-14.15.32:741][  0]LogTemp:Display: Loaded TP Android_MultiTargetPlatform
[2017.06.07-14.15.32:741][  0]LogTemp:Display: Loaded TP Android_PVRTCTargetPlatform
[2017.06.07-14.15.32:783][  0]LogTemp:Display: Loaded TP HTML5TargetPlatform
[2017.06.07-14.15.32:884][  0]LogTemp:Display: Loaded TP IOSTargetPlatform
[2017.06.07-14.15.32:918][  0]LogTemp:Display: Loaded TP TVOSTargetPlatform
[2017.06.07-14.15.32:975][  0]LogTemp:Display: Loaded TP LinuxClientTargetPlatform
[2017.06.07-14.15.33:032][  0]LogTemp:Display: Loaded TP LinuxNoEditorTargetPlatform
[2017.06.07-14.15.33:088][  0]LogTemp:Display: Loaded TP LinuxServerTargetPlatform
[2017.06.07-14.15.33:145][  0]LogTemp:Display: Loaded TP LinuxTargetPlatform
[2017.06.07-14.15.33:145][  0]LogTargetPlatformManager:Display: Building Assets For Windows
[2017.06.07-14.15.33:586][  0]LogDerivedDataCache:Display: Max Cache Size: 512 MB
[2017.06.07-14.15.33:632][  0]LogDerivedDataCache: Loaded boot cache 0.05s 51MB C:/Users/Guille/AppData/Local/UnrealEngine/4.15/DerivedDataCache/Boot.ddc.
[2017.06.07-14.15.33:632][  0]LogDerivedDataCache:Display: Loaded Boot cache: C:/Users/Guille/AppData/Local/UnrealEngine/4.15/DerivedDataCache/Boot.ddc
[2017.06.07-14.15.33:632][  0]LogDerivedDataCache: FDerivedDataBackendGraph:  Pak pak cache file ../../../../../../Users/Guille/Documents/Unreal Projects/SecondPlayer/DerivedDataCache/DDC.ddp not found, will not use a pak cache.
[2017.06.07-14.15.33:632][  0]LogDerivedDataCache: Unable to find inner node Pak for hierarchical cache Hierarchy.
[2017.06.07-14.15.33:632][  0]LogDerivedDataCache: FDerivedDataBackendGraph:  CompressedPak pak cache file ../../../../../../Users/Guille/Documents/Unreal Projects/SecondPlayer/DerivedDataCache/Compressed.ddp not found, will not use a pak cache.
[2017.06.07-14.15.33:632][  0]LogDerivedDataCache: Unable to find inner node CompressedPak for hierarchical cache Hierarchy.
[2017.06.07-14.15.33:648][  0]LogDerivedDataCache:Display: Pak cache opened for reading ../../../Engine/DerivedDataCache/Compressed.ddp.
[2017.06.07-14.15.33:662][  0]LogDerivedDataCache: Using Local data cache path C:/Users/Guille/AppData/Local/UnrealEngine/Common/DerivedDataCache: Writable
[2017.06.07-14.15.33:670][  0]LogSlate: Using Freetype 2.6.0
[2017.06.07-14.15.33:670][  0]LogSlate: SlateFontCache - WITH_FREETYPE: 1, WITH_HARFBUZZ: 1
[2017.06.07-14.15.33:671][  0]LogSlate: SlateFontCache - WITH_FREETYPE: 1, WITH_HARFBUZZ: 1
[2017.06.07-14.15.33:999][  0]LogInit: Selected Device Profile: [Windows]
[2017.06.07-14.15.34:002][  0]LogContentStreaming: Texture pool size is 0.00 MB
[2017.06.07-14.15.34:206][  0]LogMeshUtilities: Using QuadricMeshReduction for automatic static mesh reduction
[2017.06.07-14.15.34:257][  0]LogSimplygon: Simplygon DLL not present - disabling.
[2017.06.07-14.15.34:308][  0]LogMeshUtilities: Using SimplygonSwarm for distributed automatic mesh merging
[2017.06.07-14.15.34:308][  0]LogMeshUtilities: No automatic skeletal mesh reduction module available
[2017.06.07-14.15.34:308][  0]LogMeshUtilities: No automatic mesh merging module available
[2017.06.07-14.15.34:869][  0]LogNetVersion: GetLocalNetworkVersion: CL: 3299760, ProjectName: secondplayer, ProjectVersion: , EngineNetworkVersion: 2, GameNetworkVersion: 0, NetworkChecksum: 3451978818
[2017.06.07-14.15.34:914][  0]LogAssetRegistry: FAssetRegistry took 0.0211 seconds to start up
[2017.06.07-14.15.34:981][  0]LogPackageLocalizationCache: Processed 3 localized package path(s) for 2 prioritized culture(s) in 0.042758 seconds
[2017.06.07-14.15.34:986][  0]LogUObjectArray: 32493 objects as part of root set at end of initial load.
[2017.06.07-14.15.34:986][  0]LogUObjectAllocator: 7077024 out of 0 bytes used by permanent object pool.
[2017.06.07-14.15.34:986][  0]LogUObjectArray: CloseDisregardForGC: 0/0 objects in disregard for GC pool
[2017.06.07-14.15.35:042][  0]LogInit: WinSock: version 1.1 (2.2), MaxSocks=32767, MaxUdp=65467
[2017.06.07-14.15.36:831][  0]LogTcpMessaging: Initializing TcpMessaging bridge
[2017.06.07-14.15.36:871][  0]LogUdpMessaging: Initializing bridge on interface 0.0.0.0:0 to multicast group 230.0.0.1:6666.
[2017.06.07-14.15.37:436][  0]LogMaterial: Uniform references updated for custom material expression Custom.
[2017.06.07-14.15.37:856][  0]SourceControl: Información El control de código fuente está desactivado
[2017.06.07-14.15.37:900][  0]SourceControl: Información El control de código fuente está desactivado
[2017.06.07-14.15.37:952][  0]SourceControl: Información El control de código fuente está desactivado
[2017.06.07-14.15.38:003][  0]SourceControl: Información El control de código fuente está desactivado
[2017.06.07-14.15.39:361][  0]LogEngine: Initializing Engine...
[2017.06.07-14.15.39:361][  0]LogHMD: Failed to initialize OpenVR with code 110
[2017.06.07-14.15.39:622][  0]LogAIModule: Creating AISystem for world Untitled
[2017.06.07-14.15.39:630][  0]LogInit: XAudio2 using 'Altavoces (Realtek High Definition Audio)' : 2 channels at 48 kHz using 32 bits per sample (channel mask 0x3)
[2017.06.07-14.15.39:641][  0]LogInit: FAudioDevice initialized.
[2017.06.07-14.15.39:669][  0]LogDerivedDataCache: Saved boot cache 0.03s 51MB C:/Users/Guille/AppData/Local/UnrealEngine/4.15/DerivedDataCache/Boot.ddc.
[2017.06.07-14.15.39:675][  0]LogInit: Texture streaming: Enabled
[2017.06.07-14.15.39:765][  0]LogEngineSessionManager: EngineSessionManager initialized
[2017.06.07-14.15.39:861][  0]LogInit: Transaction tracking system initialized
[2017.06.07-14.15.40:248][  0]BlueprintLog: New page: Cargar el editor
[2017.06.07-14.15.41:227][  0]LocalizationService: Información Localization service is disabled
[2017.06.07-14.15.42:014][  0]LogConsoleResponse:Display: 
[2017.06.07-14.15.42:152][  0]LogCook:Display: Max memory allowance for cook 16384mb min free memory 0mb
[2017.06.07-14.15.42:152][  0]LogCook:Display: Mobile HDR setting 1
[2017.06.07-14.15.43:291][  0]LogFileCache: Scanning file cache for directory 'C:/Users/Guille/Documents/Unreal Projects/SecondPlayer/Content/' took 0.01s
[2017.06.07-14.15.43:340][  0]SourceControl: Información El control de código fuente está desactivado
[2017.06.07-14.15.43:340][  0]Cmd: MAP LOAD FILE="../../../../../../Users/Guille/Documents/Unreal Projects/SecondPlayer/Content/StarterContent/Maps/Minimal_Default.umap" TEMPLATE=0 SHOWPROGRESS=1 FEATURELEVEL=3
[2017.06.07-14.15.43:340][  0]LightingResults: New page: Diseñar la iluminación
[2017.06.07-14.15.43:385][  0]MapCheck: New page: Revisión del mapa
[2017.06.07-14.15.43:385][  0]LightingResults: New page: Diseñar la iluminación
[2017.06.07-14.15.43:697][  0]LogAIModule: Creating AISystem for world Minimal_Default
[2017.06.07-14.15.43:721][  0]LogEditorServer: Finished looking for orphan Actors (0.000 secs)
[2017.06.07-14.15.43:722][  0]Cmd: MAP CHECKDEP NOCLEARLOG
[2017.06.07-14.15.43:809][  0]MapCheck: Información Map check complete: 0 Error(s), 0 Warning(s), took 86,535ms to complete.
[2017.06.07-14.15.43:809][  0]LogFileHelpers: Loading map 'Minimal_Default' took 0.469
[2017.06.07-14.15.43:885][  0]LogWindowsTextInputMethodSystem:Display: IME system now deactivated.
[2017.06.07-14.15.44:013][  0]LogCollectionManager: Loaded 0 collections in 0.001309 seconds
[2017.06.07-14.15.44:097][  0]LogFileCache: Scanning file cache for directory 'C:/Users/Guille/Documents/Unreal Projects/SecondPlayer/Saved/Collections/' took 0.01s
[2017.06.07-14.15.44:097][  0]LogFileCache: Scanning file cache for directory 'C:/Users/Guille/Documents/Unreal Projects/SecondPlayer/Content/Developers/Guille/Collections/' took 0.01s
[2017.06.07-14.15.44:097][  0]LogFileCache: Scanning file cache for directory 'C:/Users/Guille/Documents/Unreal Projects/SecondPlayer/Content/Collections/' took 0.01s
[2017.06.07-14.15.44:097][  0]LogCollectionManager: Rebuilt the GUID cache for 0 collections in 0.000001 seconds
[2017.06.07-14.15.44:106][  0]LogContentBrowser: Native class hierarchy populated in 0.0086 seconds. Added 2250 classes and 455 folders.
[2017.06.07-14.15.44:108][  0]LogStats: UGameplayTagsManager::ConstructGameplayTagTree: Construct from data asset -  0.000 s
[2017.06.07-14.15.44:108][  0]LogStats: UGameplayTagsManager::ConstructGameplayTagTree: GameplayTagTreeChangedEvent.Broadcast -  0.000 s
[2017.06.07-14.15.44:175][  0]LogContentBrowser: Native class hierarchy updated for 'WidgetCarousel' in 0.0015 seconds. Added 0 classes and 0 folders.
[2017.06.07-14.15.44:316][  0]LogContentBrowser: Native class hierarchy updated for 'AddContentDialog' in 0.0015 seconds. Added 0 classes and 0 folders.
[2017.06.07-14.15.44:365][  0]LogContentBrowser: Native class hierarchy updated for 'SceneOutliner' in 0.0015 seconds. Added 1 classes and 2 folders.
[2017.06.07-14.15.44:410][  0]LogCrashTracker: Crashtracker disabled due to settings.
[2017.06.07-14.15.44:416][  0]LogUObjectGlobals:Warning: Error al encontrar el objeto 'Class Ninguno.'
[2017.06.07-14.15.44:490][  0]LogContentBrowser: Native class hierarchy updated for 'HierarchicalLODOutliner' in 0.0015 seconds. Added 1 classes and 2 folders.
[2017.06.07-14.15.44:491][  0]LogLoad: (Engine Initialization) Total time: 16.96 seconds
[2017.06.07-14.15.44:491][  0]LogLoad: (Engine Initialization) Total Blueprint compile time: 0.09 seconds
[2017.06.07-14.15.44:491][  0]LogExternalProfiler: Found external profiler: VSPerf
[2017.06.07-14.15.44:491][  0]LogExternalProfiler: Using external profiler: VSPerf
[2017.06.07-14.15.44:500][  0]LogOcInput: OculusInput pre-init called
[2017.06.07-14.15.44:518][  0]LogContentStreaming: Texture pool size now 1000 MB
[2017.06.07-14.15.44:520][  0]LogSlate: Took 0.000399 seconds to synchronously load lazily loaded font '../../../Engine/Content/Slate/Fonts/Roboto-Regular.ttf' (155K)
[2017.06.07-14.15.44:523][  0]LogSlate: Took 0.000328 seconds to synchronously load lazily loaded font '../../../Engine/Content/Slate/Fonts/Roboto-Bold.ttf' (160K)
[2017.06.07-14.15.44:534][  0]LogSlate: Took 0.006034 seconds to synchronously load lazily loaded font '../../../Engine/Content/Editor/Slate/Fonts/FontAwesome.ttf' (139K)
[2017.06.07-14.15.44:608][  0]LogSlate: Took 0.000385 seconds to synchronously load lazily loaded font '../../../Engine/Content/Slate/Fonts/Roboto-Light.ttf' (159K)
[2017.06.07-14.15.44:649][  1]LogAssetRegistry: Asset discovery search completed in 9.7565 seconds
[2017.06.07-14.15.44:649][  1]LogCollectionManager: Rebuilt the object cache for 0 collections in 0.000005 seconds (found 0 objects)
[2017.06.07-14.15.44:649][  1]LogCollectionManager: Fixed up redirectors for 0 collections in 0.000017 seconds (updated 0 objects)
[2017.06.07-14.15.44:713][  2]LogRenderer: Reallocating scene render targets to support 796x328 NumSamples 1 (Frame:2).
[2017.06.07-14.15.48:601][183]LogTemp: Repeting last play command: New Editor Window (PIE)
[2017.06.07-14.15.48:611][183]LogBlueprintUserMessages: Early PlayInEditor Detection: Level '/Game/StarterContent/Maps/Minimal_Default.Minimal_Default:PersistentLevel' has LevelScriptBlueprint '/Game/StarterContent/Maps/Minimal_Default.Minimal_Default:PersistentLevel.Minimal_Default' with GeneratedClass '/Game/StarterContent/Maps/Minimal_Default.Minimal_Default_C' with ClassGeneratedBy '/Game/StarterContent/Maps/Minimal_Default.Minimal_Default:PersistentLevel.Minimal_Default'
[2017.06.07-14.15.48:612][183]LogPlayLevel: PlayLevel: No blueprints needed recompiling
[2017.06.07-14.15.48:612][183]PIE: New page: Sesión PIE (reproducción en el editor): Minimal_Default (7/6/2017 18:15:48)
[2017.06.07-14.15.48:612][183]LogPlayLevel: Creating play world package: /Game/StarterContent/Maps/UEDPIE_0_Minimal_Default
[2017.06.07-14.15.48:621][183]LogPlayLevel: PIE: StaticDuplicateObject took: (0.008987s)
[2017.06.07-14.15.48:622][183]LogAIModule: Creating AISystem for world Minimal_Default
[2017.06.07-14.15.48:622][183]LogPlayLevel: PIE: World Init took: (0.000981s)
[2017.06.07-14.15.48:622][183]LogPlayLevel: PIE: Created PIE world by copying editor world from /Game/StarterContent/Maps/Minimal_Default.Minimal_Default to /Game/StarterContent/Maps/UEDPIE_0_Minimal_Default.Minimal_Default (0.010251s)
[2017.06.07-14.15.48:646][183]LogInit: XAudio2 using 'Altavoces (Realtek High Definition Audio)' : 2 channels at 48 kHz using 32 bits per sample (channel mask 0x3)
[2017.06.07-14.15.48:656][183]LogInit: FAudioDevice initialized.
[2017.06.07-14.15.48:707][183]LogUObjectGlobals:Warning: Error al encontrar el objeto 'Class /Script/SecondPlayer.SecondPlayerGameMode'
[2017.06.07-14.15.48:708][183]LogLoad: Game class is 'GameModeBase'
[2017.06.07-14.15.48:710][183]LogWorld: Bringing World /Game/StarterContent/Maps/UEDPIE_0_Minimal_Default.Minimal_Default up for play (max tick rate 0) at 2017.06.07-16.15.48
[2017.06.07-14.15.48:711][183]LogWorld: Bringing up level for play took: 0.001829
[2017.06.07-14.15.48:764][183]LogContentBrowser: Native class hierarchy updated for 'MovieSceneCapture' in 0.0017 seconds. Added 11 classes and 0 folders.
[2017.06.07-14.15.48:768][183]PIE: Información Tiempo de inicio de la reproducción en el editor para  /Game/StarterContent/Maps/UEDPIE_0_Minimal_Default -0,782
[2017.06.07-14.15.48:768][183]LogBlueprintUserMessages: Late PlayInEditor Detection: Level '/Game/StarterContent/Maps/Minimal_Default.Minimal_Default:PersistentLevel' has LevelScriptBlueprint '/Game/StarterContent/Maps/Minimal_Default.Minimal_Default:PersistentLevel.Minimal_Default' with GeneratedClass '/Game/StarterContent/Maps/Minimal_Default.Minimal_Default_C' with ClassGeneratedBy '/Game/StarterContent/Maps/Minimal_Default.Minimal_Default:PersistentLevel.Minimal_Default'
[2017.06.07-14.15.48:905][183]LogRenderer: Reallocating scene render targets to support 1292x756 NumSamples 1 (Frame:112).
[2017.06.07-14.16.45:744][513]LogBlueprintUserMessages: Early EndPlayMap Detection: Level '/Game/StarterContent/Maps/Minimal_Default.Minimal_Default:PersistentLevel' has LevelScriptBlueprint '/Game/StarterContent/Maps/Minimal_Default.Minimal_Default:PersistentLevel.Minimal_Default' with GeneratedClass '/Game/StarterContent/Maps/Minimal_Default.Minimal_Default_C' with ClassGeneratedBy '/Game/StarterContent/Maps/Minimal_Default.Minimal_Default:PersistentLevel.Minimal_Default'
[2017.06.07-14.16.45:832][513]LogBlueprintUserMessages: Late EndPlayMap Detection: Level '/Game/StarterContent/Maps/Minimal_Default.Minimal_Default:PersistentLevel' has LevelScriptBlueprint '/Game/StarterContent/Maps/Minimal_Default.Minimal_Default:PersistentLevel.Minimal_Default' with GeneratedClass '/Game/StarterContent/Maps/Minimal_Default.Minimal_Default_C' with ClassGeneratedBy '/Game/StarterContent/Maps/Minimal_Default.Minimal_Default:PersistentLevel.Minimal_Default'
[2017.06.07-14.20.22:602][536]LogHotReload: New module detected: UE4Editor-SecondPlayer-111.dll
[2017.06.07-14.20.23:622][540]LogHotReload: Starting Hot-Reload from IDE
[2017.06.07-14.20.23:627][540]LogSlate: Took 0.000644 seconds to synchronously load lazily loaded font '../../../Engine/Content/Slate/Fonts/Roboto-Light.ttf' (159K)
[2017.06.07-14.20.24:061][540]LogHotReload: Re-instancing PawnCamera after hot-reload.
[2017.06.07-14.20.24:847][540]LogContentBrowser: Native class hierarchy updated for 'SecondPlayer' in 0.0019 seconds. Added 5 classes and 2 folders.
[2017.06.07-14.20.24:849][540]Display: HotReload successful (1 functions remapped  0 scriptstructs remapped)
[2017.06.07-14.20.25:130][540]LogContentBrowser: Native class hierarchy populated in 0.1670 seconds. Added 2252 classes and 459 folders.
[2017.06.07-14.20.25:143][540]Display: HotReload took  1.5s.
[2017.06.07-15.00.42:751][813]LogHotReload: New module detected: UE4Editor-SecondPlayer-5091.dll
[2017.06.07-15.00.44:012][818]LogHotReload: Starting Hot-Reload from IDE
[2017.06.07-15.00.44:646][818]LogClass: Could not find existing class Hability in package /Script/SecondPlayer for HotReload, assuming new class
[2017.06.07-15.00.44:679][818]LogHotReload: Re-instancing Hability after hot-reload.
[2017.06.07-15.00.45:770][818]LogHotReload: Re-instancing PawnCamera after hot-reload.
[2017.06.07-15.00.46:267][818]LogContentBrowser: Native class hierarchy updated for 'SecondPlayer' in 0.0048 seconds. Added 5 classes and 2 folders.
[2017.06.07-15.00.46:271][818]Display: HotReload successful (1 functions remapped  0 scriptstructs remapped)
[2017.06.07-15.00.46:377][818]LogContentBrowser: Native class hierarchy populated in 0.0434 seconds. Added 2252 classes and 459 folders.
[2017.06.07-15.00.46:385][818]Display: HotReload took  2.4s.
[2017.06.07-15.17.47:802][880]LogWindowsTextInputMethodSystem:Display: IME system now deactivated.
[2017.06.07-15.17.48:158][881]Cmd: QUIT_EDITOR
[2017.06.07-15.17.49:224][881]LogExit: Preparing to exit.
[2017.06.07-15.17.50:602][881]LogDirectoryWatcher: A directory notification for 'C:/Users/Guille/Documents/Unreal Projects/SecondPlayer/Content/' was aborted.
[2017.06.07-15.17.50:826][881]LogExit: Editor shut down
[2017.06.07-15.17.50:828][881]LogExit: Transaction tracking system shut down
[2017.06.07-15.17.51:017][881]LogObj: Freed 0b from 0 cluster array pools.
[2017.06.07-15.17.51:017][881]LogExit: Object subsystem successfully closed.
[2017.06.07-15.17.51:047][881]LogD3D11RHI: Shutdown
[2017.06.07-15.17.51:047][881]LogD3D11RHI: CleanupD3DDevice
[2017.06.07-15.17.51:114][881]LogD3D11RHI: ~FD3D11DynamicRHI
[2017.06.07-15.17.51:139][881]LogModuleManager: Shutting down and abandoning module SecondPlayer (504)
[2017.06.07-15.17.51:139][881]LogModuleManager: Shutting down and abandoning module MovieSceneCapture (502)
[2017.06.07-15.17.51:139][881]LogModuleManager: Shutting down and abandoning module HierarchicalLODOutliner (500)
[2017.06.07-15.17.51:139][881]LogModuleManager: Shutting down and abandoning module CrashTracker (498)
[2017.06.07-15.17.51:139][881]LogModuleManager: Shutting down and abandoning module SceneOutliner (496)
[2017.06.07-15.17.51:139][881]LogModuleManager: Shutting down and abandoning module AddContentDialog (494)
[2017.06.07-15.17.51:139][881]LogDirectoryWatcher: A directory notification for 'C:/Program Files/Epic Games/UE_4.15/FeaturePacks/' was aborted.
[2017.06.07-15.17.51:158][881]LogModuleManager: Shutting down and abandoning module WidgetCarousel (493)
[2017.06.07-15.17.51:158][881]LogModuleManager: Shutting down and abandoning module EditorWidgets (490)
[2017.06.07-15.17.51:158][881]LogModuleManager: Shutting down and abandoning module CollectionManager (488)
[2017.06.07-15.17.51:158][881]LogDirectoryWatcher: A directory notification for 'C:/Users/Guille/Documents/Unreal Projects/SecondPlayer/Content/Collections/' was aborted.
[2017.06.07-15.17.51:158][881]LogDirectoryWatcher: A directory notification for 'C:/Users/Guille/Documents/Unreal Projects/SecondPlayer/Content/Developers/Guille/Collections/' was aborted.
[2017.06.07-15.17.51:158][881]LogDirectoryWatcher: A directory notification for 'C:/Users/Guille/Documents/Unreal Projects/SecondPlayer/Saved/Collections/' was aborted.
[2017.06.07-15.17.51:158][881]LogModuleManager: Shutting down and abandoning module StatsViewer (486)
[2017.06.07-15.17.51:158][881]LogModuleManager: Shutting down and abandoning module FoliageEdit (484)
[2017.06.07-15.17.51:158][881]LogModuleManager: Shutting down and abandoning module LandscapeEditor (482)
[2017.06.07-15.17.51:158][881]LogModuleManager: Shutting down and abandoning module SceneDepthPickerMode (480)
[2017.06.07-15.17.51:158][881]LogModuleManager: Shutting down and abandoning module ActorPickerMode (478)
[2017.06.07-15.17.51:158][881]LogModuleManager: Shutting down and abandoning module GeometryMode (476)
[2017.06.07-15.17.51:158][881]LogModuleManager: Shutting down and abandoning module TextureAlignMode (474)
[2017.06.07-15.17.51:158][881]LogModuleManager: Shutting down and abandoning module BspMode (472)
[2017.06.07-15.17.51:158][881]LogModuleManager: Shutting down and abandoning module HardwareSurvey (470)
[2017.06.07-15.17.51:158][881]LogModuleManager: Shutting down and abandoning module SequenceRecorderSections (468)
[2017.06.07-15.17.51:158][881]LogModuleManager: Shutting down and abandoning module AutomationWorker (466)
[2017.06.07-15.17.51:159][881]LogModuleManager: Shutting down and abandoning module MatineeToLevelSequence (464)
[2017.06.07-15.17.51:159][881]LogModuleManager: Shutting down and abandoning module LevelSequenceEditor (462)
[2017.06.07-15.17.51:159][881]LogModuleManager: Shutting down and abandoning module PlacementMode (461)
[2017.06.07-15.17.51:159][881]LogModuleManager: Shutting down and abandoning module WmfMediaFactory (458)
[2017.06.07-15.17.51:159][881]LogModuleManager: Shutting down and abandoning module WmfMediaEditor (456)
[2017.06.07-15.17.51:159][881]LogModuleManager: Shutting down and abandoning module MfMediaFactory (454)
[2017.06.07-15.17.51:159][881]LogModuleManager: Shutting down and abandoning module MfMediaEditor (452)
[2017.06.07-15.17.51:159][881]LogModuleManager: Shutting down and abandoning module AvfMediaFactory (450)
[2017.06.07-15.17.51:159][881]LogModuleManager: Shutting down and abandoning module AvfMediaEditor (448)
[2017.06.07-15.17.51:159][881]LogModuleManager: Shutting down and abandoning module AndroidMediaFactory (446)
[2017.06.07-15.17.51:159][881]LogModuleManager: Shutting down and abandoning module Media (445)
[2017.06.07-15.17.51:159][881]LogModuleManager: Shutting down and abandoning module AndroidMediaEditor (442)
[2017.06.07-15.17.51:159][881]LogModuleManager: Shutting down and abandoning module CharacterAI (440)
[2017.06.07-15.17.51:159][881]LogModuleManager: Shutting down and abandoning module AudioCapture (438)
[2017.06.07-15.17.51:159][881]LogModuleManager: Shutting down and abandoning module SequenceRecorder (437)
[2017.06.07-15.17.51:159][881]LogModuleManager: Shutting down and abandoning module SmartSnapping (434)
[2017.06.07-15.17.51:159][881]LogModuleManager: Shutting down and abandoning module SessionServices (432)
[2017.06.07-15.17.51:159][881]LogModuleManager: Shutting down and abandoning module ViewportSnapping (430)
[2017.06.07-15.17.51:159][881]LogModuleManager: Shutting down and abandoning module ViewportInteraction (428)
[2017.06.07-15.17.51:159][881]LogModuleManager: Shutting down and abandoning module LogVisualizer (426)
[2017.06.07-15.17.51:159][881]LogModuleManager: Shutting down and abandoning module IntroTutorials (424)
[2017.06.07-15.17.51:159][881]LogModuleManager: Shutting down and abandoning module GameProjectGeneration (423)
[2017.06.07-15.17.51:159][881]LogModuleManager: Shutting down and abandoning module EditorLiveStreaming (420)
[2017.06.07-15.17.51:159][881]LogModuleManager: Shutting down and abandoning module IOSPlatformEditor (418)
[2017.06.07-15.17.51:159][881]LogModuleManager: Shutting down and abandoning module HTML5PlatformEditor (416)
[2017.06.07-15.17.51:159][881]LogModuleManager: Shutting down and abandoning module AndroidPlatformEditor (414)
[2017.06.07-15.17.51:159][881]LogModuleManager: Shutting down and abandoning module AndroidDeviceDetection (413)
[2017.06.07-15.17.51:425][881]LogModuleManager: Shutting down and abandoning module IOSRuntimeSettings (410)
[2017.06.07-15.17.51:425][881]LogModuleManager: Shutting down and abandoning module AndroidRuntimeSettings (408)
[2017.06.07-15.17.51:425][881]LogModuleManager: Shutting down and abandoning module InputBindingEditor (406)
[2017.06.07-15.17.51:425][881]LogModuleManager: Shutting down and abandoning module NiagaraEditor (404)
[2017.06.07-15.17.51:425][881]LogModuleManager: Shutting down and abandoning module MergeActors (402)
[2017.06.07-15.17.51:425][881]LogModuleManager: Shutting down and abandoning module SizeMap (400)
[2017.06.07-15.17.51:425][881]LogModuleManager: Shutting down and abandoning module TreeMap (398)
[2017.06.07-15.17.51:425][881]LogModuleManager: Shutting down and abandoning module ReferenceViewer (396)
[2017.06.07-15.17.51:425][881]LogModuleManager: Shutting down and abandoning module LocalizationDashboard (394)
[2017.06.07-15.17.51:425][881]LogModuleManager: Shutting down and abandoning module LocalizationService (393)
[2017.06.07-15.17.51:425][881]LogModuleManager: Shutting down and abandoning module HardwareTargeting (390)
[2017.06.07-15.17.51:425][881]LogModuleManager: Shutting down and abandoning module DeviceProfileEditor (388)
[2017.06.07-15.17.51:425][881]LogModuleManager: Shutting down and abandoning module UndoHistory (386)
[2017.06.07-15.17.51:425][881]LogModuleManager: Shutting down and abandoning module UserFeedback (384)
[2017.06.07-15.17.51:425][881]LogModuleManager: Shutting down and abandoning module XmlParser (382)
[2017.06.07-15.17.51:429][881]LogModuleManager: Shutting down and abandoning module Blutility (380)
[2017.06.07-15.17.51:429][881]LogModuleManager: Shutting down and abandoning module ProjectSettingsViewer (378)
[2017.06.07-15.17.51:429][881]LogModuleManager: Shutting down and abandoning module ProjectTargetPlatformEditor (377)
[2017.06.07-15.17.51:430][881]LogModuleManager: Shutting down and abandoning module EditorSettingsViewer (374)
[2017.06.07-15.17.51:430][881]LogModuleManager: Shutting down and abandoning module SettingsEditor (372)
[2017.06.07-15.17.51:430][881]LogModuleManager: Shutting down and abandoning module ProjectLauncher (370)
[2017.06.07-15.17.51:430][881]LogModuleManager: Shutting down and abandoning module SessionFrontend (368)
[2017.06.07-15.17.51:430][881]LogModuleManager: Shutting down and abandoning module ProfilerClient (366)
[2017.06.07-15.17.51:430][881]LogModuleManager: Shutting down and abandoning module DeviceManager (364)
[2017.06.07-15.17.51:430][881]LogModuleManager: Shutting down and abandoning module TargetDeviceServices (363)
[2017.06.07-15.17.51:491][881]LogModuleManager: Shutting down and abandoning module AutomationController (360)
[2017.06.07-15.17.51:492][881]LogModuleManager: Shutting down and abandoning module AutomationWindow (358)
[2017.06.07-15.17.51:492][881]LogModuleManager: Shutting down and abandoning module Layers (356)
[2017.06.07-15.17.51:492][881]LogModuleManager: Shutting down and abandoning module ComponentVisualizers (354)
[2017.06.07-15.17.51:492][881]LogModuleManager: Shutting down and abandoning module DetailCustomizations (352)
[2017.06.07-15.17.51:492][881]LogModuleManager: Shutting down and abandoning module PackagesDialog (350)
[2017.06.07-15.17.51:492][881]LogModuleManager: Shutting down and abandoning module Persona (348)
[2017.06.07-15.17.51:492][881]LogModuleManager: Shutting down and abandoning module AnimGraph (347)
[2017.06.07-15.17.51:492][881]LogModuleManager: Shutting down and abandoning module Kismet (344)
[2017.06.07-15.17.51:492][881]LogModuleManager: Shutting down and abandoning module GraphEditor (342)
[2017.06.07-15.17.51:493][881]LogModuleManager: Shutting down and abandoning module ClassViewer (340)
[2017.06.07-15.17.51:493][881]LogModuleManager: Shutting down and abandoning module Toolbox (338)
[2017.06.07-15.17.51:493][881]LogModuleManager: Shutting down and abandoning module ModuleUI (336)
[2017.06.07-15.17.51:493][881]LogModuleManager: Shutting down and abandoning module MovieSceneTools (334)
[2017.06.07-15.17.51:493][881]LogModuleManager: Shutting down and abandoning module OutputLog (332)
[2017.06.07-15.17.51:493][881]LogModuleManager: Shutting down and abandoning module GammaUI (330)
[2017.06.07-15.17.51:493][881]LogModuleManager: Shutting down and abandoning module Documentation (328)
[2017.06.07-15.17.51:493][881]LogModuleManager: Shutting down and abandoning module Niagara (326)
[2017.06.07-15.17.51:493][881]LogModuleManager: Shutting down and abandoning module StreamingPauseRendering (324)
[2017.06.07-15.17.51:493][881]LogModuleManager: Shutting down and abandoning module AnalyticsET (322)
[2017.06.07-15.17.51:493][881]LogModuleManager: Shutting down and abandoning module PortalServices (320)
[2017.06.07-15.17.51:493][881]LogModuleManager: Shutting down and abandoning module PortalRpc (318)
[2017.06.07-15.17.51:493][881]LogModuleManager: Shutting down and abandoning module MessagingRpc (316)
[2017.06.07-15.17.51:493][881]LogModuleManager: Shutting down and abandoning module AIModule (314)
[2017.06.07-15.17.51:493][881]LogModuleManager: Shutting down and abandoning module GameplayDebugger (313)
[2017.06.07-15.17.51:493][881]LogModuleManager: Shutting down and abandoning module AITestSuite (311)
[2017.06.07-15.17.51:493][881]LogModuleManager: Shutting down and abandoning module ProfilerService (308)
[2017.06.07-15.17.51:684][881]LogModuleManager: Shutting down and abandoning module TaskGraph (306)
[2017.06.07-15.17.51:684][881]LogModuleManager: Shutting down and abandoning module SteamVRController (304)
[2017.06.07-15.17.51:684][881]LogModuleManager: Shutting down and abandoning module SteamVR (302)
[2017.06.07-15.17.51:684][881]LogModuleManager: Shutting down and abandoning module ProceduralMeshComponentEditor (300)
[2017.06.07-15.17.51:684][881]LogModuleManager: Shutting down and abandoning module ProceduralMeshComponent (298)
[2017.06.07-15.17.51:684][881]LogModuleManager: Shutting down and abandoning module OculusLibrary (296)
[2017.06.07-15.17.51:684][881]LogModuleManager: Shutting down and abandoning module OculusInput (294)
[2017.06.07-15.17.51:684][881]LogModuleManager: Shutting down and abandoning module MobilePatchingUtils (292)
[2017.06.07-15.17.51:684][881]LogModuleManager: Shutting down and abandoning module CustomMeshComponent (290)
[2017.06.07-15.17.51:684][881]LogModuleManager: Shutting down and abandoning module CableComponent (288)
[2017.06.07-15.17.51:684][881]LogModuleManager: Shutting down and abandoning module ArchVisCharacter (286)
[2017.06.07-15.17.51:684][881]LogModuleManager: Shutting down and abandoning module MediaPlayerEditor (282)
[2017.06.07-15.17.51:684][881]LogModuleManager: Shutting down and abandoning module HTML5Networking (280)
[2017.06.07-15.17.51:684][881]LogModuleManager: Shutting down and abandoning module AlembicImporter (278)
[2017.06.07-15.17.51:684][881]LogModuleManager: Shutting down and abandoning module AlembicLibrary (277)
[2017.06.07-15.17.51:685][881]LogModuleManager: Shutting down and abandoning module GeometryCache (276)
[2017.06.07-15.17.51:685][881]LogModuleManager: Shutting down and abandoning module GeometryCacheEd (275)
[2017.06.07-15.17.51:685][881]LogModuleManager: Shutting down and abandoning module SuperSearchEditor (270)
[2017.06.07-15.17.51:685][881]LogModuleManager: Shutting down and abandoning module SuperSearch (269)
[2017.06.07-15.17.51:685][881]LogModuleManager: Shutting down and abandoning module SpeedTreeImporter (266)
[2017.06.07-15.17.51:685][881]LogModuleManager: Shutting down and abandoning module PluginBrowser (264)
[2017.06.07-15.17.51:685][881]LogModuleManager: Shutting down and abandoning module MobileLauncherProfileWizard (262)
[2017.06.07-15.17.51:685][881]LogModuleManager: Shutting down and abandoning module EpicSurvey (260)
[2017.06.07-15.17.51:685][881]LogModuleManager: Shutting down and abandoning module VisualStudioSourceCodeAccess (258)
[2017.06.07-15.17.51:685][881]LogModuleManager: Shutting down and abandoning module DesktopPlatform (257)
[2017.06.07-15.17.51:685][881]LogModuleManager: Shutting down and abandoning module UObjectPlugin (254)
[2017.06.07-15.17.51:685][881]LogModuleManager: Shutting down and abandoning module SubversionSourceControl (252)
[2017.06.07-15.17.51:685][881]LogModuleManager: Shutting down and abandoning module PerforceSourceControl (250)
[2017.06.07-15.17.51:686][881]LogModuleManager: Shutting down and abandoning module GitSourceControl (248)
[2017.06.07-15.17.51:686][881]LogModuleManager: Shutting down and abandoning module SourceControl (247)
[2017.06.07-15.17.51:686][881]LogModuleManager: Shutting down and abandoning module LightPropagationVolumeEditor (244)
[2017.06.07-15.17.51:686][881]LogModuleManager: Shutting down and abandoning module PaperTiledImporter (242)
[2017.06.07-15.17.51:686][881]LogModuleManager: Shutting down and abandoning module PaperSpriteSheetImporter (240)
[2017.06.07-15.17.51:686][881]LogModuleManager: Shutting down and abandoning module Paper2DEditor (238)
[2017.06.07-15.17.51:686][881]LogModuleManager: Shutting down and abandoning module MeshPaint (237)
[2017.06.07-15.17.51:686][881]LogModuleManager: Shutting down and abandoning module LevelEditor (235)
[2017.06.07-15.17.51:689][881]LogModuleManager: Shutting down and abandoning module PixelInspectorModule (234)
[2017.06.07-15.17.51:689][881]LogModuleManager: Shutting down and abandoning module MainFrame (232)
[2017.06.07-15.17.51:689][881]LogModuleManager: Shutting down and abandoning module HotReload (231)
[2017.06.07-15.17.51:689][881]LogDirectoryWatcher: A directory notification for 'C:/Users/Guille/Documents/Unreal Projects/SecondPlayer/Binaries/Win64' was aborted.
[2017.06.07-15.17.51:695][881]LogModuleManager: Shutting down and abandoning module ContentBrowser (227)
[2017.06.07-15.17.51:733][881]LogModuleManager: Shutting down and abandoning module PhysXVehiclesEditor (222)
[2017.06.07-15.17.51:733][881]LogModuleManager: Shutting down and abandoning module PhysXVehicles (220)
[2017.06.07-15.17.51:733][881]LogModuleManager: Shutting down and abandoning module LocationServicesBPLibrary (218)
[2017.06.07-15.17.51:733][881]LogModuleManager: Shutting down and abandoning module UdpMessaging (216)
[2017.06.07-15.17.51:833][881]LogModuleManager: Shutting down and abandoning module TcpMessaging (214)
[2017.06.07-15.17.51:934][881]LogModuleManager: Shutting down and abandoning module GameplayTagsEditor (212)
[2017.06.07-15.17.51:934][881]LogModuleManager: Shutting down and abandoning module FacialAnimationEditor (210)
[2017.06.07-15.17.51:934][881]LogModuleManager: Shutting down and abandoning module FacialAnimation (208)
[2017.06.07-15.17.51:934][881]LogModuleManager: Shutting down and abandoning module LightPropagationVolumeRuntime (206)
[2017.06.07-15.17.51:934][881]LogModuleManager: Shutting down and abandoning module Paper2D (204)
[2017.06.07-15.17.51:934][881]LogModuleManager: Shutting down and abandoning module WindowsMoviePlayer (202)
[2017.06.07-15.17.51:934][881]LogModuleManager: Shutting down and abandoning module WmfMedia (200)
[2017.06.07-15.17.51:934][881]LogModuleManager: Shutting down and abandoning module MfMedia (198)
[2017.06.07-15.17.51:934][881]LogModuleManager: Shutting down and abandoning module MediaAssets (196)
[2017.06.07-15.17.51:934][881]LogModuleManager: Shutting down and abandoning module GameLiveStreaming (194)
[2017.06.07-15.17.51:934][881]LogModuleManager: Shutting down and abandoning module VREditor (192)
[2017.06.07-15.17.51:934][881]LogModuleManager: Shutting down and abandoning module GameplayTasksEditor (190)
[2017.06.07-15.17.51:934][881]LogModuleManager: Shutting down and abandoning module BehaviorTreeEditor (188)
[2017.06.07-15.17.51:934][881]LogModuleManager: Shutting down and abandoning module FunctionalTesting (186)
[2017.06.07-15.17.51:934][881]LogModuleManager: Shutting down and abandoning module CollisionAnalyzer (184)
[2017.06.07-15.17.51:934][881]LogModuleManager: Shutting down and abandoning module UMG (182)
[2017.06.07-15.17.51:934][881]LogModuleManager: Shutting down and abandoning module UMGEditor (181)
[2017.06.07-15.17.51:934][881]LogModuleManager: Shutting down and abandoning module Sequencer (180)
[2017.06.07-15.17.51:934][881]LogModuleManager: Shutting down and abandoning module AssetTools (178)
[2017.06.07-15.17.51:934][881]LogModuleManager: Shutting down and abandoning module MessageLog (177)
[2017.06.07-15.17.51:934][881]LogModuleManager: Shutting down and abandoning module WorkspaceMenuStructure (176)
[2017.06.07-15.17.51:934][881]LogModuleManager: Shutting down and abandoning module SlateReflector (170)
[2017.06.07-15.17.51:934][881]LogModuleManager: Shutting down and abandoning module Slate (168)
[2017.06.07-15.17.51:934][881]LogModuleManager: Shutting down and abandoning module EditorStyle (166)
[2017.06.07-15.17.51:940][881]LogModuleManager: Shutting down and abandoning module SourceCodeAccess (164)
[2017.06.07-15.17.51:940][881]LogModuleManager: Shutting down and abandoning module HeadMountedDisplay (162)
[2017.06.07-15.17.51:940][881]LogModuleManager: Shutting down and abandoning module XAudio2 (160)
[2017.06.07-15.17.51:940][881]LogModuleManager: Shutting down and abandoning module Networking (158)
[2017.06.07-15.17.51:940][881]LogModuleManager: Shutting down and abandoning module Core (154)
[2017.06.07-15.17.51:940][881]LogModuleManager: Shutting down and abandoning module AssetRegistry (152)
[2017.06.07-15.17.52:154][881]LogDirectoryWatcher: A directory notification for '../../../Engine/Content/' was aborted.
[2017.06.07-15.17.52:154][881]LogDirectoryWatcher: A directory notification for '../../../../../../Users/Guille/Documents/Unreal Projects/SecondPlayer/Content/' was aborted.
[2017.06.07-15.17.52:154][881]LogDirectoryWatcher: A directory notification for '../../../Engine/Plugins/2D/Paper2D/Content/' was aborted.
[2017.06.07-15.17.52:154][881]LogModuleManager: Shutting down and abandoning module DirectoryWatcher (151)
[2017.06.07-15.17.52:159][881]LogModuleManager: Shutting down and abandoning module KismetCompiler (148)
[2017.06.07-15.17.52:159][881]LogModuleManager: Shutting down and abandoning module PhysXFormats (146)
[2017.06.07-15.17.52:159][881]LogModuleManager: Shutting down and abandoning module MeshUtilities (144)
[2017.06.07-15.17.52:159][881]LogModuleManager: Shutting down and abandoning module SimplygonSwarm (143)
[2017.06.07-15.17.52:159][881]LogModuleManager: Shutting down and abandoning module SimplygonMeshReduction (141)
[2017.06.07-15.17.52:159][881]LogModuleManager: Shutting down and abandoning module QuadricMeshReduction (139)
[2017.06.07-15.17.52:159][881]LogModuleManager: Shutting down and abandoning module PropertyEditor (137)
[2017.06.07-15.17.52:159][881]LogModuleManager: Shutting down and abandoning module DerivedDataCache (134)
[2017.06.07-15.17.52:186][881]LogDerivedDataCache: Shutdown
[2017.06.07-15.17.52:186][881]LogModuleManager: Shutting down and abandoning module TargetPlatform (132)
[2017.06.07-15.17.52:187][881]LogModuleManager: Shutting down and abandoning module VulkanShaderFormat (131)
[2017.06.07-15.17.52:187][881]LogModuleManager: Shutting down and abandoning module ShaderFormatOpenGL (129)
[2017.06.07-15.17.52:187][881]LogModuleManager: Shutting down and abandoning module ShaderFormatD3D (127)
[2017.06.07-15.17.52:187][881]LogModuleManager: Shutting down and abandoning module MetalShaderFormat (125)
[2017.06.07-15.17.52:187][881]LogModuleManager: Shutting down and abandoning module TextureFormatUncompressed (123)
[2017.06.07-15.17.52:187][881]LogModuleManager: Shutting down and abandoning module TextureFormatPVR (121)
[2017.06.07-15.17.52:187][881]LogModuleManager: Shutting down and abandoning module TextureFormatDXT (119)
[2017.06.07-15.17.52:187][881]LogModuleManager: Shutting down and abandoning module TextureFormatIntelISPCTexComp (117)
[2017.06.07-15.17.52:187][881]LogModuleManager: Shutting down and abandoning module TextureFormatASTC (115)
[2017.06.07-15.17.52:187][881]LogModuleManager: Shutting down and abandoning module ImageWrapper (114)
[2017.06.07-15.17.52:187][881]LogModuleManager: Shutting down and abandoning module TextureFormatAndroid (111)
[2017.06.07-15.17.52:187][881]LogModuleManager: Shutting down and abandoning module AudioFormatOpus (109)
[2017.06.07-15.17.52:187][881]LogModuleManager: Shutting down and abandoning module AudioFormatOgg (107)
[2017.06.07-15.17.52:187][881]LogModuleManager: Shutting down and abandoning module AudioFormatADPCM (105)
[2017.06.07-15.17.52:187][881]LogModuleManager: Shutting down and abandoning module LinuxTargetPlatform (103)
[2017.06.07-15.17.52:188][881]LogModuleManager: Shutting down and abandoning module LinuxServerTargetPlatform (101)
[2017.06.07-15.17.52:188][881]LogModuleManager: Shutting down and abandoning module LinuxNoEditorTargetPlatform (99)
[2017.06.07-15.17.52:188][881]LogModuleManager: Shutting down and abandoning module LinuxClientTargetPlatform (97)
[2017.06.07-15.17.52:188][881]LogModuleManager: Shutting down and abandoning module TVOSTargetPlatform (95)
[2017.06.07-15.17.52:188][881]LogModuleManager: Shutting down and abandoning module Messaging (93)
[2017.06.07-15.17.52:188][881]LogModuleManager: Shutting down and abandoning module IOSTargetPlatform (91)
[2017.06.07-15.17.52:188][881]LogModuleManager: Shutting down and abandoning module HTML5TargetPlatform (89)
[2017.06.07-15.17.52:188][881]LogModuleManager: Shutting down and abandoning module Android_PVRTCTargetPlatform (87)
[2017.06.07-15.17.52:188][881]LogModuleManager: Shutting down and abandoning module Android_MultiTargetPlatform (85)
[2017.06.07-15.17.52:189][881]LogModuleManager: Shutting down and abandoning module Android_ETC2TargetPlatform (83)
[2017.06.07-15.17.52:189][881]LogModuleManager: Shutting down and abandoning module Android_ETC1TargetPlatform (81)
[2017.06.07-15.17.52:189][881]LogModuleManager: Shutting down and abandoning module Android_DXTTargetPlatform (79)
[2017.06.07-15.17.52:189][881]LogModuleManager: Shutting down and abandoning module Android_ATCTargetPlatform (77)
[2017.06.07-15.17.52:189][881]LogModuleManager: Shutting down and abandoning module Android_ASTCTargetPlatform (75)
[2017.06.07-15.17.52:189][881]LogModuleManager: Shutting down and abandoning module AndroidTargetPlatform (73)
[2017.06.07-15.17.52:189][881]LogModuleManager: Shutting down and abandoning module WindowsTargetPlatform (71)
[2017.06.07-15.17.52:189][881]LogModuleManager: Shutting down and abandoning module WindowsServerTargetPlatform (69)
[2017.06.07-15.17.52:189][881]LogModuleManager: Shutting down and abandoning module WindowsNoEditorTargetPlatform (67)
[2017.06.07-15.17.52:190][881]LogModuleManager: Shutting down and abandoning module WindowsClientTargetPlatform (65)
[2017.06.07-15.17.52:190][881]LogModuleManager: Shutting down and abandoning module MacTargetPlatform (63)
[2017.06.07-15.17.52:191][881]LogModuleManager: Shutting down and abandoning module MacServerTargetPlatform (61)
[2017.06.07-15.17.52:191][881]LogModuleManager: Shutting down and abandoning module MacNoEditorTargetPlatform (59)
[2017.06.07-15.17.52:191][881]LogModuleManager: Shutting down and abandoning module MacClientTargetPlatform (57)
[2017.06.07-15.17.52:191][881]LogModuleManager: Shutting down and abandoning module AllDesktopTargetPlatform (55)
[2017.06.07-15.17.52:191][881]LogModuleManager: Shutting down and abandoning module InputCore (52)
[2017.06.07-15.17.52:191][881]LogModuleManager: Shutting down and abandoning module Settings (50)
[2017.06.07-15.17.52:191][881]LogModuleManager: Shutting down and abandoning module OculusRift (48)
[2017.06.07-15.17.52:191][881]LogModuleManager: Shutting down and abandoning module GearVR (46)
[2017.06.07-15.17.52:191][881]LogModuleManager: Shutting down and abandoning module ExampleDeviceProfileSelector (44)
[2017.06.07-15.17.52:191][881]LogModuleManager: Shutting down and abandoning module OnlineBlueprintSupport (42)
[2017.06.07-15.17.52:191][881]LogModuleManager: Shutting down and abandoning module OnlineSubsystem (38)
[2017.06.07-15.17.52:191][881]LogOnline:Display: Unloading online subsystem: NULL
[2017.06.07-15.17.52:192][881]LogModuleManager: Shutting down and abandoning module XMPP (37)
[2017.06.07-15.17.52:192][881]LogModuleManager: Shutting down and abandoning module HTTP (35)
[2017.06.07-15.17.52:192][881]LogHttp:Display: Http module shutting down, but needs to wait on 1 outstanding Http requests:
[2017.06.07-15.17.52:192][881]LogHttp:Display: 	verb=[POST] url=[https://datarouter.ol.epicgames.com/datarouter/api/v1/public/data?SessionID=%7B8BA2B5A9-4877-38BD-00F8-A5BB28B83B75%7D&AppID=UEEditor.Rocket.Release&AppVersion=4.15.1-3348071%2B%2B%2BUE4%2BRelease-4.15&UserID=a187dcbe48a9fd33047cbfb76ead2956%7Ccc3c8413bff54b0e9642da9d4a3c10e6%7C4a941b5c-45fe-4bb9-a344-3e4224fbffba&AppEnvironment=datacollector-binary&UploadType=eteventstream] status=Processing
[2017.06.07-15.17.52:215][881]LogModuleManager: Shutting down and abandoning module SSL (34)
[2017.06.07-15.17.52:217][881]LogModuleManager: Shutting down and abandoning module AudioEditor (30)
[2017.06.07-15.17.52:217][881]LogModuleManager: Shutting down and abandoning module TextureCompressor (28)
[2017.06.07-15.17.52:217][881]LogModuleManager: Shutting down and abandoning module ShaderCore (26)
[2017.06.07-15.17.52:217][881]LogModuleManager: Shutting down and abandoning module Landscape (24)
[2017.06.07-15.17.52:217][881]LogModuleManager: Shutting down and abandoning module SlateRHIRenderer (22)
[2017.06.07-15.17.52:226][881]LogModuleManager: Shutting down and abandoning module OpenGLDrv (20)
[2017.06.07-15.17.52:226][881]LogModuleManager: Shutting down and abandoning module D3D11RHI (18)
[2017.06.07-15.17.52:226][881]LogModuleManager: Shutting down and abandoning module AnimGraphRuntime (16)
[2017.06.07-15.17.52:226][881]LogModuleManager: Shutting down and abandoning module Renderer (14)
[2017.06.07-15.17.52:226][881]LogModuleManager: Shutting down and abandoning module Engine (12)
[2017.06.07-15.17.52:226][881]LogModuleManager: Shutting down and abandoning module CoreUObject (10)
[2017.06.07-15.17.52:226][881]LogModuleManager: Shutting down and abandoning module NetworkFile (8)
[2017.06.07-15.17.52:226][881]LogModuleManager: Shutting down and abandoning module StreamingFile (6)
[2017.06.07-15.17.52:226][881]LogModuleManager: Shutting down and abandoning module SandboxFile (4)
[2017.06.07-15.17.52:226][881]LogModuleManager: Shutting down and abandoning module PakFile (2)
[2017.06.07-15.17.52:228][881]LogExit: Exiting.
[2017.06.07-15.17.52:236][881]Log file closed, 06/07/17 17:17:52
