Log file open, 07/24/17 18:49:20
LogInit:Display: Running engine for game: SecondPlayer
LogPlatformFile: Not using cached read wrapper
LogInit:Display: RandInit(-351066770) SRandInit(-351066770).
LogTaskGraph: Started task graph with 5 named threads and 6 total threads with 1 sets of task threads.
LogStats: Stats thread started at 0.072292
LogInit: Using libcurl 7.47.1
LogInit:  - built for x86_64-pc-win32
LogInit:  - supports SSL with OpenSSL/1.0.2g
LogInit:  - supports HTTP deflate (compression) using libz 1.2.8
LogInit:  - other features:
LogInit:      CURL_VERSION_SSL
LogInit:      CURL_VERSION_LIBZ
LogInit:      CURL_VERSION_IPV6
LogInit:      CURL_VERSION_ASYNCHDNS
LogInit:      CURL_VERSION_LARGEFILE
LogInit:      CURL_VERSION_IDN
LogInit:  CurlRequestOptions (configurable via config and command line):
LogInit:  - bVerifyPeer = false  - Libcurl will NOT verify peer certificate
LogInit:  - bUseHttpProxy = false  - Libcurl will NOT use HTTP proxy
LogInit:  - bDontReuseConnections = false  - Libcurl will reuse connections
LogInit:  - CertBundlePath = nullptr  - Libcurl will use whatever was configured at build time.
LogInit: Build: ++UE4+Release-4.15-CL-3348071
LogInit: Engine Version: 4.15.1-3348071+++UE4+Release-4.15
LogInit: Compatible Engine Version: 4.15.0-3299760+++UE4+Release-4.15
LogInit: Net CL: 3299760
LogDevObjectVersion: Number of dev versions registered: 14
LogDevObjectVersion:   Dev-Blueprints (B0D832E4-1F89-4F0D-ACCF-7EB736FD4AA2): 8
LogDevObjectVersion:   Dev-Build (E1C64328-A22C-4D53-A36C-8E866417BD8C): 0
LogDevObjectVersion:   Dev-Core (375EC13C-06E4-48FB-B500-84F0262A717E): 2
LogDevObjectVersion:   Dev-Editor (E4B068ED-F494-42E9-A231-DA0B2E46BB41): 14
LogDevObjectVersion:   Dev-Framework (CFFC743F-43B0-4480-9391-14DF171D2073): 22
LogDevObjectVersion:   Dev-Mobile (B02B49B5-BB20-44E9-A304-32B752E40360): 0
LogDevObjectVersion:   Dev-Networking (A4E4105C-59A1-49B5-A7C5-40C4547EDFEE): 0
LogDevObjectVersion:   Dev-Online (39C831C9-5AE6-47DC-9A44-9C173E1C8E7C): 0
LogDevObjectVersion:   Dev-Physics (78F01B33-EBEA-4F98-B9B4-84EACCB95AA2): 0
LogDevObjectVersion:   Dev-Platform (6631380F-2D4D-43E0-8009-CF276956A95A): 0
LogDevObjectVersion:   Dev-Rendering (12F88B9F-8875-4AFC-A67C-D90C383ABD29): 12
LogDevObjectVersion:   Dev-Sequencer (7B5AE74C-D270-4C10-A958-57980B212A5A): 3
LogDevObjectVersion:   Dev-VR (D7296918-1DD6-4BDD-9DE2-64A83CC13884): 0
LogDevObjectVersion:   Dev-LoadTimes (C2A15278-BFE7-4AFE-6C17-90FF531DF755): 1
LogInit: Compiled (64-bit): Mar 15 2017 16:52:47
LogInit: Compiled with Visual C++: 19.00.23026.00
LogInit: Build Configuration: Development
LogInit: Branch Name: ++UE4+Release-4.15
LogInit: Command line:  
LogInit: Base directory: C:/Program Files/Epic Games/UE_4.15/Engine/Binaries/Win64/
LogInit: Installed Engine Build: 1
LogInit: Presizing for max 8388607 objects, including 0 objects not considered by GC, pre-allocating 0 bytes for permanent pool.
LogInit: Object subsystem initialized
[2017.07.24-16.49.22:880][  0]LogInit: Selected Device Profile: [Windows]
[2017.07.24-16.49.22:880][  0]LogInit: Applying CVar settings loaded from the selected device profile: [Windows]
[2017.07.24-16.49.22:890][  0]LogInit: Computer: LAPTOP-GONF5L48
[2017.07.24-16.49.22:890][  0]LogInit: User: Guille
[2017.07.24-16.49.22:890][  0]LogInit: CPU Page size=65536, Cores=2
[2017.07.24-16.49.22:890][  0]LogInit: High frequency timer resolution =2.835941 MHz
[2017.07.24-16.49.22:890][  0]LogMemory: Memory total: Physical=7.9GB (8GB approx)
[2017.07.24-16.49.22:890][  0]LogMemory: Platform Memory Stats for Windows
[2017.07.24-16.49.22:890][  0]LogMemory: Process Physical Memory: 262.98 MB used, 262.98 MB peak
[2017.07.24-16.49.22:890][  0]LogMemory: Process Virtual Memory: 262.39 MB used, 262.39 MB peak
[2017.07.24-16.49.22:890][  0]LogMemory: Physical Memory: 5130.25 MB used,  2929.98 MB free, 8060.23 MB total
[2017.07.24-16.49.22:890][  0]LogMemory: Virtual Memory: 643.38 MB used,  2929.98 MB free, 134217728.00 MB total
[2017.07.24-16.49.23:047][  0]LogInit: Overriding culture en with editor configuration.
[2017.07.24-16.49.23:894][  0]LogD3D11RHI: D3D11 adapters:
[2017.07.24-16.49.23:900][  0]LogD3D11RHI:    0. 'Intel(R) HD Graphics 620' (Feature Level 11_0)
[2017.07.24-16.49.23:900][  0]LogD3D11RHI:       128/0/4030 MB DedicatedVideo/DedicatedSystem/SharedSystem, Outputs:1, VendorId:0x8086
[2017.07.24-16.49.23:902][  0]LogD3D11RHI:    1. 'Microsoft Basic Render Driver' (Feature Level 11_0)
[2017.07.24-16.49.23:902][  0]LogD3D11RHI:       0/0/4030 MB DedicatedVideo/DedicatedSystem/SharedSystem, Outputs:0, VendorId:0x1414
[2017.07.24-16.49.23:902][  0]LogD3D11RHI: Chosen D3D11 Adapter: 0
[2017.07.24-16.49.23:906][  0]LogD3D11RHI: Creating new Direct3DDevice
[2017.07.24-16.49.23:906][  0]LogD3D11RHI:     GPU DeviceId: 0x5916 (for the marketing name, search the web for "GPU Device Id")
[2017.07.24-16.49.23:906][  0]LogWindows: EnumDisplayDevices:
[2017.07.24-16.49.23:906][  0]LogWindows:    0. 'Intel(R) HD Graphics 620' (P:1 D:1)
[2017.07.24-16.49.23:906][  0]LogWindows:    1. 'Intel(R) HD Graphics 620' (P:0 D:0)
[2017.07.24-16.49.23:906][  0]LogWindows:    2. 'Intel(R) HD Graphics 620' (P:0 D:0)
[2017.07.24-16.49.23:906][  0]LogWindows: DebugString: FoundDriverCount:3 
[2017.07.24-16.49.23:906][  0]LogD3D11RHI:     Adapter Name: Intel(R) HD Graphics 620
[2017.07.24-16.49.23:906][  0]LogD3D11RHI:   Driver Version: 21.20.16.4526 (internal:21.20.16.4526, unified:21.20.16.4526)
[2017.07.24-16.49.23:906][  0]LogD3D11RHI:      Driver Date: 9-23-2016
[2017.07.24-16.49.23:906][  0]LogRHI: Texture pool is 1361 MB (70% of 1945 MB)
[2017.07.24-16.49.23:912][  0]LogD3D11RHI: Async texture creation enabled
[2017.07.24-16.49.23:917][  0]LogD3D11RHI: GPU Timing Frequency: 12.000000 (Debug: 2 0)
[2017.07.24-16.49.23:918][  0]LogShaderCompilers: Guid format shader working directory is -36 characters bigger than the processId version (../../../../../../Users/Guille/Documents/Unreal Projects/TFG-Videogame/SecondPlayer/Intermediate/Shaders/WorkingDirectory/5520/).
[2017.07.24-16.49.23:918][  0]LogShaderCompilers: Cleaned the shader compiler working directory 'C:/Users/Guille/AppData/Local/Temp/UnrealShaderWorkingDir/26608E2348E86D5D21EA7C8FBB45533D/'.
[2017.07.24-16.49.23:918][  0]LogShaderCompilers:Display: Using Local Shader Compiler.
[2017.07.24-16.49.25:400][  0]LogTemp:Display: Loaded TP AllDesktopTargetPlatform
[2017.07.24-16.49.25:516][  0]LogTemp:Display: Loaded TP MacClientTargetPlatform
[2017.07.24-16.49.25:607][  0]LogTemp:Display: Loaded TP MacNoEditorTargetPlatform
[2017.07.24-16.49.25:714][  0]LogTemp:Display: Loaded TP MacServerTargetPlatform
[2017.07.24-16.49.25:833][  0]LogTemp:Display: Loaded TP MacTargetPlatform
[2017.07.24-16.49.25:940][  0]LogTemp:Display: Loaded TP WindowsClientTargetPlatform
[2017.07.24-16.49.26:047][  0]LogTemp:Display: Loaded TP WindowsNoEditorTargetPlatform
[2017.07.24-16.49.26:161][  0]LogTemp:Display: Loaded TP WindowsServerTargetPlatform
[2017.07.24-16.49.26:240][  0]LogTemp:Display: Loaded TP WindowsTargetPlatform
[2017.07.24-16.49.26:341][  0]LogTemp:Display: Loaded TP AndroidTargetPlatform
[2017.07.24-16.49.26:451][  0]LogTemp:Display: Loaded TP Android_ASTCTargetPlatform
[2017.07.24-16.49.26:547][  0]LogTemp:Display: Loaded TP Android_ATCTargetPlatform
[2017.07.24-16.49.26:638][  0]LogTemp:Display: Loaded TP Android_DXTTargetPlatform
[2017.07.24-16.49.26:728][  0]LogTemp:Display: Loaded TP Android_ETC1TargetPlatform
[2017.07.24-16.49.26:825][  0]LogTemp:Display: Loaded TP Android_ETC2TargetPlatform
[2017.07.24-16.49.27:021][  0]LogTemp:Display: Loaded TP Android_MultiTargetPlatform
[2017.07.24-16.49.27:021][  0]LogTemp:Display: Loaded TP Android_PVRTCTargetPlatform
[2017.07.24-16.49.27:099][  0]LogTemp:Display: Loaded TP HTML5TargetPlatform
[2017.07.24-16.49.27:305][  0]LogTemp:Display: Loaded TP IOSTargetPlatform
[2017.07.24-16.49.27:377][  0]LogTemp:Display: Loaded TP TVOSTargetPlatform
[2017.07.24-16.49.27:471][  0]LogTemp:Display: Loaded TP LinuxClientTargetPlatform
[2017.07.24-16.49.27:550][  0]LogTemp:Display: Loaded TP LinuxNoEditorTargetPlatform
[2017.07.24-16.49.27:630][  0]LogTemp:Display: Loaded TP LinuxServerTargetPlatform
[2017.07.24-16.49.27:710][  0]LogTemp:Display: Loaded TP LinuxTargetPlatform
[2017.07.24-16.49.27:710][  0]LogTargetPlatformManager:Display: Building Assets For Windows
[2017.07.24-16.49.28:535][  0]LogDerivedDataCache:Display: Max Cache Size: 512 MB
[2017.07.24-16.49.28:576][  0]LogDerivedDataCache: Loaded boot cache 0.04s 51MB C:/Users/Guille/AppData/Local/UnrealEngine/4.15/DerivedDataCache/Boot.ddc.
[2017.07.24-16.49.28:576][  0]LogDerivedDataCache:Display: Loaded Boot cache: C:/Users/Guille/AppData/Local/UnrealEngine/4.15/DerivedDataCache/Boot.ddc
[2017.07.24-16.49.28:576][  0]LogDerivedDataCache: FDerivedDataBackendGraph:  Pak pak cache file ../../../../../../Users/Guille/Documents/Unreal Projects/TFG-Videogame/SecondPlayer/DerivedDataCache/DDC.ddp not found, will not use a pak cache.
[2017.07.24-16.49.28:576][  0]LogDerivedDataCache: Unable to find inner node Pak for hierarchical cache Hierarchy.
[2017.07.24-16.49.28:577][  0]LogDerivedDataCache: FDerivedDataBackendGraph:  CompressedPak pak cache file ../../../../../../Users/Guille/Documents/Unreal Projects/TFG-Videogame/SecondPlayer/DerivedDataCache/Compressed.ddp not found, will not use a pak cache.
[2017.07.24-16.49.28:577][  0]LogDerivedDataCache: Unable to find inner node CompressedPak for hierarchical cache Hierarchy.
[2017.07.24-16.49.28:601][  0]LogDerivedDataCache:Display: Pak cache opened for reading ../../../Engine/DerivedDataCache/Compressed.ddp.
[2017.07.24-16.49.28:613][  0]LogDerivedDataCache: Using Local data cache path C:/Users/Guille/AppData/Local/UnrealEngine/Common/DerivedDataCache: Writable
[2017.07.24-16.49.28:621][  0]LogSlate: Using Freetype 2.6.0
[2017.07.24-16.49.28:622][  0]LogSlate: SlateFontCache - WITH_FREETYPE: 1, WITH_HARFBUZZ: 1
[2017.07.24-16.49.28:622][  0]LogSlate: SlateFontCache - WITH_FREETYPE: 1, WITH_HARFBUZZ: 1
[2017.07.24-16.49.28:976][  0]LogInit: Selected Device Profile: [Windows]
[2017.07.24-16.49.28:980][  0]LogContentStreaming: Texture pool size is 0.00 MB
[2017.07.24-16.49.29:274][  0]LogMeshUtilities: Using QuadricMeshReduction for automatic static mesh reduction
[2017.07.24-16.49.29:364][  0]LogSimplygon: Simplygon DLL not present - disabling.
[2017.07.24-16.49.29:444][  0]LogMeshUtilities: Using SimplygonSwarm for distributed automatic mesh merging
[2017.07.24-16.49.29:444][  0]LogMeshUtilities: No automatic skeletal mesh reduction module available
[2017.07.24-16.49.29:444][  0]LogMeshUtilities: No automatic mesh merging module available
[2017.07.24-16.49.30:172][  0]LogNetVersion: GetLocalNetworkVersion: CL: 3299760, ProjectName: secondplayer, ProjectVersion: , EngineNetworkVersion: 2, GameNetworkVersion: 0, NetworkChecksum: 3451978818
[2017.07.24-16.49.30:247][  0]LogAssetRegistry: FAssetRegistry took 0.0221 seconds to start up
[2017.07.24-16.49.30:318][  0]LogPackageLocalizationCache: Processed 3 localized package path(s) for 1 prioritized culture(s) in 0.020261 seconds
[2017.07.24-16.49.30:324][  0]LogUObjectArray: 32493 objects as part of root set at end of initial load.
[2017.07.24-16.49.30:324][  0]LogUObjectAllocator: 7077032 out of 0 bytes used by permanent object pool.
[2017.07.24-16.49.30:324][  0]LogUObjectArray: CloseDisregardForGC: 0/0 objects in disregard for GC pool
[2017.07.24-16.49.30:476][  0]LogInit: WinSock: version 1.1 (2.2), MaxSocks=32767, MaxUdp=65467
[2017.07.24-16.49.33:154][  0]LogTcpMessaging: Initializing TcpMessaging bridge
[2017.07.24-16.49.33:212][  0]LogUdpMessaging: Initializing bridge on interface 0.0.0.0:0 to multicast group 230.0.0.1:6666.
[2017.07.24-16.49.34:022][  0]LogMaterial: Uniform references updated for custom material expression Custom.
[2017.07.24-16.49.34:694][  0]SourceControl: Info Source control is disabled
[2017.07.24-16.49.34:777][  0]SourceControl: Info Source control is disabled
[2017.07.24-16.49.34:864][  0]SourceControl: Info Source control is disabled
[2017.07.24-16.49.34:948][  0]SourceControl: Info Source control is disabled
[2017.07.24-16.49.37:576][  0]LogEngine: Initializing Engine...
[2017.07.24-16.49.37:577][  0]LogHMD: Failed to initialize OpenVR with code 110
[2017.07.24-16.49.38:005][  0]LogAIModule: Creating AISystem for world Untitled
[2017.07.24-16.49.38:014][  0]LogInit: XAudio2 using 'Altavoces (Realtek High Definition Audio)' : 2 channels at 48 kHz using 32 bits per sample (channel mask 0x3)
[2017.07.24-16.49.38:057][  0]LogInit: FAudioDevice initialized.
[2017.07.24-16.49.38:085][  0]LogDerivedDataCache: Saved boot cache 0.03s 51MB C:/Users/Guille/AppData/Local/UnrealEngine/4.15/DerivedDataCache/Boot.ddc.
[2017.07.24-16.49.38:088][  0]LogInit: Texture streaming: Enabled
[2017.07.24-16.49.38:266][  0]LogEngineSessionManager: EngineSessionManager initialized
[2017.07.24-16.49.38:440][  0]LogInit: Transaction tracking system initialized
[2017.07.24-16.49.39:265][  0]BlueprintLog: New page: Editor Load
[2017.07.24-16.49.41:075][  0]LocalizationService: Info Localization service is disabled
[2017.07.24-16.49.42:442][  0]LogConsoleResponse:Display: 
[2017.07.24-16.49.42:616][  0]LogCook:Display: Max memory allowance for cook 16384mb min free memory 0mb
[2017.07.24-16.49.42:616][  0]LogCook:Display: Mobile HDR setting 1
[2017.07.24-16.49.43:591][  0]LogFileCache: Scanning file cache for directory 'C:/Users/Guille/Documents/Unreal Projects/TFG-Videogame/SecondPlayer/Content/' took 0.02s
[2017.07.24-16.49.44:859][  0]SourceControl: Info Source control is disabled
[2017.07.24-16.49.44:859][  0]Cmd: MAP LOAD FILE="../../../../../../Users/Guille/Documents/Unreal Projects/TFG-Videogame/SecondPlayer/Content/StarterContent/Maps/Minimal_Default.umap" TEMPLATE=0 SHOWPROGRESS=1 FEATURELEVEL=3
[2017.07.24-16.49.44:860][  0]LightingResults: New page: Lighting Build
[2017.07.24-16.49.44:930][  0]MapCheck: New page: Map Check
[2017.07.24-16.49.44:930][  0]LightingResults: New page: Lighting Build
[2017.07.24-16.49.45:361][  0]LogAIModule: Creating AISystem for world Minimal_Default
[2017.07.24-16.49.45:406][  0]LogEditorServer: Finished looking for orphan Actors (0.000 secs)
[2017.07.24-16.49.45:407][  0]Cmd: MAP CHECKDEP NOCLEARLOG
[2017.07.24-16.49.45:476][  0]MapCheck: Info Map check complete: 0 Error(s), 0 Warning(s), took 68.48ms to complete.
[2017.07.24-16.49.45:476][  0]LogFileHelpers: Loading map 'Minimal_Default' took 0.617
[2017.07.24-16.49.45:682][  0]LogCollectionManager: Loaded 0 collections in 0.001946 seconds
[2017.07.24-16.49.45:836][  0]LogFileCache: Scanning file cache for directory 'C:/Users/Guille/Documents/Unreal Projects/TFG-Videogame/SecondPlayer/Saved/Collections/' took 0.01s
[2017.07.24-16.49.45:836][  0]LogFileCache: Scanning file cache for directory 'C:/Users/Guille/Documents/Unreal Projects/TFG-Videogame/SecondPlayer/Content/Developers/Guille/Collections/' took 0.01s
[2017.07.24-16.49.45:836][  0]LogFileCache: Scanning file cache for directory 'C:/Users/Guille/Documents/Unreal Projects/TFG-Videogame/SecondPlayer/Content/Collections/' took 0.01s
[2017.07.24-16.49.45:836][  0]LogCollectionManager: Rebuilt the GUID cache for 0 collections in 0.000001 seconds
[2017.07.24-16.49.45:848][  0]LogContentBrowser: Native class hierarchy populated in 0.0113 seconds. Added 2250 classes and 455 folders.
[2017.07.24-16.49.45:851][  0]LogStats: UGameplayTagsManager::ConstructGameplayTagTree: Construct from data asset -  0.000 s
[2017.07.24-16.49.45:851][  0]LogStats: UGameplayTagsManager::ConstructGameplayTagTree: GameplayTagTreeChangedEvent.Broadcast -  0.000 s
[2017.07.24-16.49.46:012][  0]LogContentBrowser: Native class hierarchy updated for 'WidgetCarousel' in 0.0034 seconds. Added 0 classes and 0 folders.
[2017.07.24-16.49.46:084][  0]LogContentBrowser: Native class hierarchy updated for 'AddContentDialog' in 0.0020 seconds. Added 0 classes and 0 folders.
[2017.07.24-16.49.46:186][  0]LogContentBrowser: Native class hierarchy updated for 'SceneOutliner' in 0.0021 seconds. Added 1 classes and 2 folders.
[2017.07.24-16.49.46:265][  0]LogCrashTracker: Crashtracker disabled due to settings.
[2017.07.24-16.49.46:277][  0]LogUObjectGlobals:Warning: Failed to find object 'Class None.'
[2017.07.24-16.49.46:395][  0]LogContentBrowser: Native class hierarchy updated for 'HierarchicalLODOutliner' in 0.0021 seconds. Added 1 classes and 2 folders.
[2017.07.24-16.49.46:396][  0]LogLoad: (Engine Initialization) Total time: 27.28 seconds
[2017.07.24-16.49.46:396][  0]LogLoad: (Engine Initialization) Total Blueprint compile time: 0.15 seconds
[2017.07.24-16.49.46:396][  0]LogExternalProfiler: Found external profiler: VSPerf
[2017.07.24-16.49.46:396][  0]LogExternalProfiler: Using external profiler: VSPerf
[2017.07.24-16.49.46:730][  0]LogWindowsTextInputMethodSystem:Display: IME system now deactivated.
[2017.07.24-16.49.46:736][  0]LogOcInput: OculusInput pre-init called
[2017.07.24-16.49.46:756][  0]LogContentStreaming: Texture pool size now 1000 MB
[2017.07.24-16.49.46:762][  0]LogSlate: Took 0.000212 seconds to synchronously load lazily loaded font '../../../Engine/Content/Slate/Fonts/Roboto-Regular.ttf' (155K)
[2017.07.24-16.49.46:765][  0]LogSlate: Took 0.000300 seconds to synchronously load lazily loaded font '../../../Engine/Content/Slate/Fonts/Roboto-Bold.ttf' (160K)
[2017.07.24-16.49.46:770][  0]LogSlate: Took 0.000294 seconds to synchronously load lazily loaded font '../../../Engine/Content/Editor/Slate/Fonts/FontAwesome.ttf' (139K)
[2017.07.24-16.49.46:847][  0]LogSlate: Took 0.000181 seconds to synchronously load lazily loaded font '../../../Engine/Content/Slate/Fonts/Roboto-Light.ttf' (159K)
[2017.07.24-16.49.47:079][  1]LogRenderer: Reallocating scene render targets to support 796x328 NumSamples 1 (Frame:2).
[2017.07.24-16.49.47:079][  1]LogAssetRegistry: Asset discovery search completed in 16.8541 seconds
[2017.07.24-16.49.47:079][  1]LogCollectionManager: Rebuilt the object cache for 0 collections in 0.000006 seconds (found 0 objects)
[2017.07.24-16.49.47:079][  1]LogCollectionManager: Fixed up redirectors for 0 collections in 0.000022 seconds (updated 0 objects)
[2017.07.24-16.51.08:246][434]LogTemp: Repeting last play command: New Editor Window (PIE)
[2017.07.24-16.51.08:255][434]LogBlueprintUserMessages: Early PlayInEditor Detection: Level '/Game/StarterContent/Maps/Minimal_Default.Minimal_Default:PersistentLevel' has LevelScriptBlueprint '/Game/StarterContent/Maps/Minimal_Default.Minimal_Default:PersistentLevel.Minimal_Default' with GeneratedClass '/Game/StarterContent/Maps/Minimal_Default.Minimal_Default_C' with ClassGeneratedBy '/Game/StarterContent/Maps/Minimal_Default.Minimal_Default:PersistentLevel.Minimal_Default'
[2017.07.24-16.51.08:255][434]LogPlayLevel: PlayLevel: No blueprints needed recompiling
[2017.07.24-16.51.08:260][434]PIE: New page: PIE session: Minimal_Default (Jul 24, 2017, 8:51:08 PM)
[2017.07.24-16.51.08:261][434]LogPlayLevel: Creating play world package: /Game/StarterContent/Maps/UEDPIE_0_Minimal_Default
[2017.07.24-16.51.08:272][434]LogPlayLevel: PIE: StaticDuplicateObject took: (0.010709s)
[2017.07.24-16.51.08:273][434]LogAIModule: Creating AISystem for world Minimal_Default
[2017.07.24-16.51.08:273][434]LogPlayLevel: PIE: World Init took: (0.001074s)
[2017.07.24-16.51.08:273][434]LogPlayLevel: PIE: Created PIE world by copying editor world from /Game/StarterContent/Maps/Minimal_Default.Minimal_Default to /Game/StarterContent/Maps/UEDPIE_0_Minimal_Default.Minimal_Default (0.012129s)
[2017.07.24-16.51.08:297][434]LogInit: XAudio2 using 'Altavoces (Realtek High Definition Audio)' : 2 channels at 48 kHz using 32 bits per sample (channel mask 0x3)
[2017.07.24-16.51.08:306][434]LogInit: FAudioDevice initialized.
[2017.07.24-16.51.08:358][434]LogUObjectGlobals:Warning: Failed to find object 'Class /Script/SecondPlayer.SecondPlayerGameMode'
[2017.07.24-16.51.08:358][434]LogLoad: Game class is 'GameModeBase'
[2017.07.24-16.51.08:365][434]LogWorld: Bringing World /Game/StarterContent/Maps/UEDPIE_0_Minimal_Default.Minimal_Default up for play (max tick rate 60) at 2017.07.24-18.51.08
[2017.07.24-16.51.08:366][434]LogWorld: Bringing up level for play took: 0.003161
[2017.07.24-16.51.08:457][434]LogContentBrowser: Native class hierarchy updated for 'MovieSceneCapture' in 0.0025 seconds. Added 11 classes and 0 folders.
[2017.07.24-16.51.08:465][434]LogScript:Warning: Accessed None trying to read property My Character
	HUD_C /Engine/Transient.UnrealEdEngine_0:GameInstance_0.HUD_C_0
	Function /Game/UI/HUD.HUD_C:GetText_0:003D
[2017.07.24-16.51.08:465][434]PIE:Error: Error Blueprint Runtime Error: Accessed None trying to read property My Character from function: 'GetText_0' from node: Return Node in graph: GetText_0 in object: HUD with description: Accessed None trying to read property My Character
[2017.07.24-16.51.08:470][434]PIE: Info Play in editor start time for /Game/StarterContent/Maps/UEDPIE_0_Minimal_Default 0.313
[2017.07.24-16.51.08:471][434]LogBlueprintUserMessages: Late PlayInEditor Detection: Level '/Game/StarterContent/Maps/Minimal_Default.Minimal_Default:PersistentLevel' has LevelScriptBlueprint '/Game/StarterContent/Maps/Minimal_Default.Minimal_Default:PersistentLevel.Minimal_Default' with GeneratedClass '/Game/StarterContent/Maps/Minimal_Default.Minimal_Default_C' with ClassGeneratedBy '/Game/StarterContent/Maps/Minimal_Default.Minimal_Default:PersistentLevel.Minimal_Default'
[2017.07.24-16.51.08:842][434]LogRenderer: Reallocating scene render targets to support 1292x756 NumSamples 1 (Frame:200).
[2017.07.24-16.51.23:629][642]LogBlueprintUserMessages: Early EndPlayMap Detection: Level '/Game/StarterContent/Maps/Minimal_Default.Minimal_Default:PersistentLevel' has LevelScriptBlueprint '/Game/StarterContent/Maps/Minimal_Default.Minimal_Default:PersistentLevel.Minimal_Default' with GeneratedClass '/Game/StarterContent/Maps/Minimal_Default.Minimal_Default_C' with ClassGeneratedBy '/Game/StarterContent/Maps/Minimal_Default.Minimal_Default:PersistentLevel.Minimal_Default'
[2017.07.24-16.51.23:723][642]LogBlueprintUserMessages: Late EndPlayMap Detection: Level '/Game/StarterContent/Maps/Minimal_Default.Minimal_Default:PersistentLevel' has LevelScriptBlueprint '/Game/StarterContent/Maps/Minimal_Default.Minimal_Default:PersistentLevel.Minimal_Default' with GeneratedClass '/Game/StarterContent/Maps/Minimal_Default.Minimal_Default_C' with ClassGeneratedBy '/Game/StarterContent/Maps/Minimal_Default.Minimal_Default:PersistentLevel.Minimal_Default'
[2017.07.24-16.51.43:116][822]LogSlate: Took 0.000187 seconds to synchronously load lazily loaded font '../../../Engine/Content/Slate/Fonts/Roboto-Light.ttf' (159K)
[2017.07.24-16.51.43:347][822]LogSpawn:Warning: UWorld::DestroyActor: World has no context! World: firsttry, Actor: /Game/Maps/firsttry.firsttry:PersistentLevel.Minimal_Default_C_1
[2017.07.24-16.51.43:383][822]LogAIModule: Creating AISystem for world firsttry
[2017.07.24-16.51.43:418][822]LogSpawn:Warning: UWorld::DestroyActor: World has no context! World: firsttry, Actor: /Game/Maps/firsttry.firsttry:PersistentLevel.firsttry_C_0
[2017.07.24-16.51.43:503][822]LogSavePackage: Save=86.19ms
[2017.07.24-16.51.43:503][822]LogSavePackage: Moving '../../../../../../Users/Guille/Documents/Unreal Projects/TFG-Videogame/SecondPlayer/Saved/firsttry4136347244D99A9A6BC2FE863B37A2AC.tmp' to '../../../../../../Users/Guille/Documents/Unreal Projects/TFG-Videogame/SecondPlayer/Content/Maps/firsttry.umap'
[2017.07.24-16.51.43:509][822]LogSavePackage:Display: Finished SavePackage ../../../../../../Users/Guille/Documents/Unreal Projects/TFG-Videogame/SecondPlayer/Content/Maps/firsttry.umap
[2017.07.24-16.51.43:519][822]Cmd: OBJ SAVEPACKAGE PACKAGE="/Game/Maps/firsttry_BuiltData" FILE="../../../../../../Users/Guille/Documents/Unreal Projects/TFG-Videogame/SecondPlayer/Content/Maps/firsttry_BuiltData.uasset" SILENT=true
[2017.07.24-16.51.43:589][822]LogSavePackage: Save=68.03ms
[2017.07.24-16.51.43:589][822]LogSavePackage: Moving '../../../../../../Users/Guille/Documents/Unreal Projects/TFG-Videogame/SecondPlayer/Saved/firsttry_BuiltDataA3E0BECD4658D44A6AD1ABBD3E8DEC5D.tmp' to '../../../../../../Users/Guille/Documents/Unreal Projects/TFG-Videogame/SecondPlayer/Content/Maps/firsttry_BuiltData.uasset'
[2017.07.24-16.51.43:591][822]LogSavePackage:Display: Finished SavePackage ../../../../../../Users/Guille/Documents/Unreal Projects/TFG-Videogame/SecondPlayer/Content/Maps/firsttry_BuiltData.uasset
[2017.07.24-16.51.43:595][822]LogFileHelpers: Saving map 'firsttry' took 0.560
[2017.07.24-16.51.43:596][822]Cmd: MAP LOAD FILE="../../../../../../Users/Guille/Documents/Unreal Projects/TFG-Videogame/SecondPlayer/Content/Maps/firsttry.umap" TEMPLATE=0 SHOWPROGRESS=1 FEATURELEVEL=3
[2017.07.24-16.51.43:605][822]LightingResults: New page: Lighting Build
[2017.07.24-16.51.43:608][822]LoadErrors: New page: Loading map: firsttry.umap
[2017.07.24-16.51.43:609][822]MapCheck: New page: Map Check
[2017.07.24-16.51.43:609][822]LightingResults: New page: Lighting Build
[2017.07.24-16.51.43:644][822]LogEditorServer: Finished looking for orphan Actors (0.000 secs)
[2017.07.24-16.51.43:681][822]Cmd: MAP CHECKDEP NOCLEARLOG
[2017.07.24-16.51.43:750][822]MapCheck: Info Map check complete: 0 Error(s), 0 Warning(s), took 67.875ms to complete.
[2017.07.24-16.51.43:750][822]LogFileHelpers: Loading map 'firsttry' took 0.155
[2017.07.24-16.53.03:547][185]LogContentBrowser: Native class hierarchy updated for 'BlueprintGraph' in 0.0029 seconds. Added 112 classes and 0 folders.
[2017.07.24-16.53.04:419][185]LogSlate: Took 0.000252 seconds to synchronously load lazily loaded font '../../../Engine/Content/Slate/Fonts/Roboto-Light.ttf' (159K)
[2017.07.24-16.53.04:421][185]LogSlate: Took 0.001308 seconds to synchronously load lazily loaded font '../../../Engine/Content/Editor/Slate/Fonts/Roboto-BoldCondensed.ttf' (158K)
[2017.07.24-16.54.01:792][954]BlueprintLog: New page: Compile MainMenu
[2017.07.24-16.54.49:262][929]Cmd: OBJ SAVEPACKAGE PACKAGE="/Game/UI/MainMenu" FILE="../../../../../../Users/Guille/Documents/Unreal Projects/TFG-Videogame/SecondPlayer/Content/UI/MainMenu.uasset" SILENT=true
[2017.07.24-16.54.49:286][929]LogSavePackage: Save=8.19ms
[2017.07.24-16.54.49:286][929]LogSavePackage: Moving '../../../../../../Users/Guille/Documents/Unreal Projects/TFG-Videogame/SecondPlayer/Saved/MainMenu8EEF2350433D91DAD884AE943C272170.tmp' to '../../../../../../Users/Guille/Documents/Unreal Projects/TFG-Videogame/SecondPlayer/Content/UI/MainMenu.uasset'
[2017.07.24-16.54.49:292][929]LogSavePackage:Display: Finished SavePackage ../../../../../../Users/Guille/Documents/Unreal Projects/TFG-Videogame/SecondPlayer/Content/UI/MainMenu.uasset
[2017.07.24-16.55.08:370][559]LogAIModule: Creating AISystem for world MainMenu
[2017.07.24-16.55.12:599][559]LogSavePackage: Save=124.27ms
[2017.07.24-16.55.12:600][559]LogSavePackage: Moving '../../../../../../Users/Guille/Documents/Unreal Projects/TFG-Videogame/SecondPlayer/Saved/firsttry9AFC5D1842B628DF6B0B8F80FF898549.tmp' to '../../../../../../Users/Guille/Documents/Unreal Projects/TFG-Videogame/SecondPlayer/Content/Maps/firsttry.umap'
[2017.07.24-16.55.12:606][559]LogSavePackage:Display: Finished SavePackage ../../../../../../Users/Guille/Documents/Unreal Projects/TFG-Videogame/SecondPlayer/Content/Maps/firsttry.umap
[2017.07.24-16.55.12:630][559]LogFileHelpers: Saving map 'firsttry' took 0.269
[2017.07.24-16.55.12:631][559]Cmd: MAP LOAD FILE="../../../../../../Users/Guille/Documents/Unreal Projects/TFG-Videogame/SecondPlayer/Content/Maps/MainMenu.umap" TEMPLATE=0 SHOWPROGRESS=1 FEATURELEVEL=3
[2017.07.24-16.55.12:631][559]LightingResults: New page: Lighting Build
[2017.07.24-16.55.12:632][559]LoadErrors: New page: Loading map: MainMenu.umap
[2017.07.24-16.55.12:633][559]MapCheck: New page: Map Check
[2017.07.24-16.55.12:633][559]LightingResults: New page: Lighting Build
[2017.07.24-16.55.12:671][559]LogEditorServer: Finished looking for orphan Actors (0.000 secs)
[2017.07.24-16.55.12:690][559]Cmd: MAP CHECKDEP NOCLEARLOG
[2017.07.24-16.55.12:767][559]MapCheck: Info Map check complete: 0 Error(s), 0 Warning(s), took 77.206ms to complete.
[2017.07.24-16.55.12:769][559]LogSlate: Took 0.001366 seconds to synchronously load lazily loaded font '../../../Engine/Content/Slate/Fonts/Roboto-Regular.ttf' (155K)
[2017.07.24-16.55.12:773][559]LogFileHelpers: Loading map 'MainMenu' took 0.143
[2017.07.24-16.56.26:570][362]LogSlate: Took 0.002326 seconds to synchronously load lazily loaded font '../../../Engine/Content/Editor/Slate/Fonts/Roboto-Italic.ttf' (157K)
[2017.07.24-16.56.36:783][493]BlueprintLog: New page: Compile MainMenu
[2017.07.24-16.56.47:692][725]LogTemp: Repeting last play command: New Editor Window (PIE)
[2017.07.24-16.56.47:710][725]LogBlueprintUserMessages: Early PlayInEditor Detection: Level '/Game/Maps/MainMenu.MainMenu:PersistentLevel' has LevelScriptBlueprint '/Game/Maps/MainMenu.MainMenu:PersistentLevel.MainMenu' with GeneratedClass '/Game/Maps/MainMenu.MainMenu_C' with ClassGeneratedBy '/Game/Maps/MainMenu.MainMenu:PersistentLevel.MainMenu'
[2017.07.24-16.56.47:710][725]LogPlayLevel: PlayLevel: No blueprints needed recompiling
[2017.07.24-16.56.47:710][725]PIE: New page: PIE session: MainMenu (Jul 24, 2017, 8:56:47 PM)
[2017.07.24-16.56.47:710][725]LogPlayLevel: Creating play world package: /Game/Maps/UEDPIE_0_MainMenu
[2017.07.24-16.56.47:711][725]LogPlayLevel: PIE: StaticDuplicateObject took: (0.000835s)
[2017.07.24-16.56.47:712][725]LogAIModule: Creating AISystem for world MainMenu
[2017.07.24-16.56.47:712][725]LogPlayLevel: PIE: World Init took: (0.000832s)
[2017.07.24-16.56.47:712][725]LogPlayLevel: PIE: Created PIE world by copying editor world from /Game/Maps/MainMenu.MainMenu to /Game/Maps/UEDPIE_0_MainMenu.MainMenu (0.001913s)
[2017.07.24-16.56.47:753][725]LogInit: XAudio2 using 'Altavoces (Realtek High Definition Audio)' : 2 channels at 48 kHz using 32 bits per sample (channel mask 0x3)
[2017.07.24-16.56.47:763][725]LogInit: FAudioDevice initialized.
[2017.07.24-16.56.47:808][725]LogLoad: Game class is 'GameModeBase'
[2017.07.24-16.56.47:809][725]LogWorld: Bringing World /Game/Maps/UEDPIE_0_MainMenu.MainMenu up for play (max tick rate 60) at 2017.07.24-18.56.47
[2017.07.24-16.56.47:809][725]LogWorld: Bringing up level for play took: 0.001107
[2017.07.24-16.56.47:821][725]PIE: Info Play in editor start time for /Game/Maps/UEDPIE_0_MainMenu -0.336
[2017.07.24-16.56.47:822][725]LogBlueprintUserMessages: Late PlayInEditor Detection: Level '/Game/Maps/MainMenu.MainMenu:PersistentLevel' has LevelScriptBlueprint '/Game/Maps/MainMenu.MainMenu:PersistentLevel.MainMenu' with GeneratedClass '/Game/Maps/MainMenu.MainMenu_C' with ClassGeneratedBy '/Game/Maps/MainMenu.MainMenu:PersistentLevel.MainMenu'
[2017.07.24-16.56.53:876][935]LogBlueprintUserMessages: Early EndPlayMap Detection: Level '/Game/Maps/MainMenu.MainMenu:PersistentLevel' has LevelScriptBlueprint '/Game/Maps/MainMenu.MainMenu:PersistentLevel.MainMenu' with GeneratedClass '/Game/Maps/MainMenu.MainMenu_C' with ClassGeneratedBy '/Game/Maps/MainMenu.MainMenu:PersistentLevel.MainMenu'
[2017.07.24-16.56.53:941][935]LogBlueprintUserMessages: Late EndPlayMap Detection: Level '/Game/Maps/MainMenu.MainMenu:PersistentLevel' has LevelScriptBlueprint '/Game/Maps/MainMenu.MainMenu:PersistentLevel.MainMenu' with GeneratedClass '/Game/Maps/MainMenu.MainMenu_C' with ClassGeneratedBy '/Game/Maps/MainMenu.MainMenu:PersistentLevel.MainMenu'
[2017.07.24-17.03.02:694][493]LogFactory: FactoryCreateFile: Texture with ReimportTextureFactory (0 0 ../../../../../../Users/Guille/Downloads/ws_Crysis_2_1366x768.jpg)
[2017.07.24-17.03.02:728][493]LogTexture:Display: Building textures: ws_Crysis_2_1366x768 (BGRA8, 1366X768) - 116 MB total VRAM
[2017.07.24-17.05.15:354][625]LogSavePackage: Save=103.36ms
[2017.07.24-17.05.15:354][625]LogSavePackage: Moving '../../../../../../Users/Guille/Documents/Unreal Projects/TFG-Videogame/SecondPlayer/Saved/MainMenu_Auto14FF1FBBE45385765A9CA89A6FB1174E5.tmp' to '../../../../../../Users/Guille/Documents/Unreal Projects/TFG-Videogame/SecondPlayer/Saved/Autosaves/Game/Maps/MainMenu_Auto1.umap'
[2017.07.24-17.05.15:357][625]LogSavePackage:Display: Finished SavePackage ../../../../../../Users/Guille/Documents/Unreal Projects/TFG-Videogame/SecondPlayer/Saved/Autosaves/Game/Maps/MainMenu_Auto1.umap
[2017.07.24-17.05.15:360][625]LogFileHelpers: Editor autosave (incl. sublevels) for '/Game/Maps/MainMenu' took 0.168
[2017.07.24-17.05.15:360][625]LogFileHelpers: Editor autosave (incl. sublevels) for all levels took 0.168
[2017.07.24-17.05.15:363][625]OBJ SavePackage: Generating thumbnails for [1] asset(s) in package [/Game/UI/ws_Crysis_2_1366x768] ([1] browsable assets)...
[2017.07.24-17.05.15:372][625]OBJ SavePackage:     Rendered thumbnail for [Texture2D /Game/UI/ws_Crysis_2_1366x768.ws_Crysis_2_1366x768]
[2017.07.24-17.05.15:372][625]OBJ SavePackage: Finished generating thumbnails for package [/Game/UI/ws_Crysis_2_1366x768]
[2017.07.24-17.05.15:387][625]LogSavePackage: Save=11.60ms
[2017.07.24-17.05.15:387][625]LogSavePackage: Moving '../../../../../../Users/Guille/Documents/Unreal Projects/TFG-Videogame/SecondPlayer/Saved/ws_Crysis_2_1366x768_Auto10BC6495540648B38EE502F99AE6EAD70.tmp' to '../../../../../../Users/Guille/Documents/Unreal Projects/TFG-Videogame/SecondPlayer/Saved/Autosaves/Game/UI/ws_Crysis_2_1366x768_Auto1.uasset'
[2017.07.24-17.05.15:389][625]LogSavePackage:Display: Finished SavePackage ../../../../../../Users/Guille/Documents/Unreal Projects/TFG-Videogame/SecondPlayer/Saved/Autosaves/Game/UI/ws_Crysis_2_1366x768_Auto1.uasset
[2017.07.24-17.05.15:389][625]LogFileHelpers: Auto-saving content packages took 0.028
[2017.07.24-17.33.20:959][528]LogFileHelpers: Editor autosave (incl. sublevels) for '/Game/Maps/MainMenu' took 0.117
[2017.07.24-17.33.20:963][528]OBJ SavePackage: Generating thumbnails for [0] asset(s) in package [/Game/UI/MainMenu] ([1] browsable assets)...
[2017.07.24-17.33.20:963][528]OBJ SavePackage: Finished generating thumbnails for package [/Game/UI/MainMenu]
[2017.07.24-17.33.20:993][528]LogSavePackage: Save=9.93ms
[2017.07.24-17.33.20:993][528]LogSavePackage: Moving '../../../../../../Users/Guille/Documents/Unreal Projects/TFG-Videogame/SecondPlayer/Saved/MainMenu_Auto2FA70CFB34A146CAC0FA2E58BBF8A9910.tmp' to '../../../../../../Users/Guille/Documents/Unreal Projects/TFG-Videogame/SecondPlayer/Saved/Autosaves/Game/UI/MainMenu_Auto2.uasset'
[2017.07.24-17.33.20:996][528]LogSavePackage:Display: Finished SavePackage ../../../../../../Users/Guille/Documents/Unreal Projects/TFG-Videogame/SecondPlayer/Saved/Autosaves/Game/UI/MainMenu_Auto2.uasset
[2017.07.24-17.33.20:997][528]LogFileHelpers: Auto-saving content packages took 0.037
[2017.07.24-17.34.01:208][145]Cmd: OBJ SAVEPACKAGE PACKAGE="/Game/UI/backgroundphoto" FILE="../../../../../../Users/Guille/Documents/Unreal Projects/TFG-Videogame/SecondPlayer/Content/UI/backgroundphoto.uasset" SILENT=true
[2017.07.24-17.34.01:390][145]LogSavePackage: Save=179.81ms
[2017.07.24-17.34.01:390][145]LogSavePackage: Moving '../../../../../../Users/Guille/Documents/Unreal Projects/TFG-Videogame/SecondPlayer/Saved/backgroundphotoEC6DECD24DC9F4C92C1E4496F922F5F6.tmp' to '../../../../../../Users/Guille/Documents/Unreal Projects/TFG-Videogame/SecondPlayer/Content/UI/backgroundphoto.uasset'
[2017.07.24-17.34.01:399][145]LogSavePackage:Display: Finished SavePackage ../../../../../../Users/Guille/Documents/Unreal Projects/TFG-Videogame/SecondPlayer/Content/UI/backgroundphoto.uasset
[2017.07.24-17.43.21:799][752]LogFileHelpers: Editor autosave (incl. sublevels) for '/Game/Maps/MainMenu' took 0.048
[2017.07.24-17.43.21:802][752]OBJ SavePackage: Generating thumbnails for [0] asset(s) in package [/Game/UI/MainMenu] ([1] browsable assets)...
[2017.07.24-17.43.21:802][752]OBJ SavePackage: Finished generating thumbnails for package [/Game/UI/MainMenu]
[2017.07.24-17.43.21:822][752]LogSavePackage: Save=6.65ms
[2017.07.24-17.43.21:822][752]LogSavePackage: Moving '../../../../../../Users/Guille/Documents/Unreal Projects/TFG-Videogame/SecondPlayer/Saved/MainMenu_Auto355A3D6E94A9393F38A588D904D4B0371.tmp' to '../../../../../../Users/Guille/Documents/Unreal Projects/TFG-Videogame/SecondPlayer/Saved/Autosaves/Game/UI/MainMenu_Auto3.uasset'
[2017.07.24-17.43.21:825][752]LogSavePackage:Display: Finished SavePackage ../../../../../../Users/Guille/Documents/Unreal Projects/TFG-Videogame/SecondPlayer/Saved/Autosaves/Game/UI/MainMenu_Auto3.uasset
[2017.07.24-17.43.21:830][752]LogSavePackage: Save=1.85ms
[2017.07.24-17.43.21:830][752]LogSavePackage: Moving '../../../../../../Users/Guille/Documents/Unreal Projects/TFG-Videogame/SecondPlayer/Saved/ws_Crysis_2_1366x768_Auto3E6F7920640B30B78601EADBC36C79753.tmp' to '../../../../../../Users/Guille/Documents/Unreal Projects/TFG-Videogame/SecondPlayer/Saved/Autosaves/Game/UI/ws_Crysis_2_1366x768_Auto3.uasset'
[2017.07.24-17.43.21:832][752]LogSavePackage:Display: Finished SavePackage ../../../../../../Users/Guille/Documents/Unreal Projects/TFG-Videogame/SecondPlayer/Saved/Autosaves/Game/UI/ws_Crysis_2_1366x768_Auto3.uasset
[2017.07.24-17.43.21:832][752]LogFileHelpers: Auto-saving content packages took 0.032
[2017.07.24-17.48.50:260][890]BlueprintLog: New page: Compile MainMenu
[2017.07.24-17.48.54:136][ 57]Cmd: OBJ SAVEPACKAGE PACKAGE="/Game/UI/MainMenu" FILE="../../../../../../Users/Guille/Documents/Unreal Projects/TFG-Videogame/SecondPlayer/Content/UI/MainMenu.uasset" SILENT=true
[2017.07.24-17.48.54:158][ 57]LogSavePackage: Save=8.32ms
[2017.07.24-17.48.54:158][ 57]LogSavePackage: Moving '../../../../../../Users/Guille/Documents/Unreal Projects/TFG-Videogame/SecondPlayer/Saved/MainMenu4BCC99FD4F0F93A96FF7C7A6EAFBFF0E.tmp' to '../../../../../../Users/Guille/Documents/Unreal Projects/TFG-Videogame/SecondPlayer/Content/UI/MainMenu.uasset'
[2017.07.24-17.48.54:163][ 57]LogSavePackage:Display: Finished SavePackage ../../../../../../Users/Guille/Documents/Unreal Projects/TFG-Videogame/SecondPlayer/Content/UI/MainMenu.uasset
[2017.07.24-17.48.55:759][117]BlueprintLog: New page: Compile MainMenu
[2017.07.24-17.48.58:730][241]LogTemp: Repeting last play command: New Editor Window (PIE)
[2017.07.24-17.48.58:746][241]LogBlueprintUserMessages: Early PlayInEditor Detection: Level '/Game/Maps/MainMenu.MainMenu:PersistentLevel' has LevelScriptBlueprint '/Game/Maps/MainMenu.MainMenu:PersistentLevel.MainMenu' with GeneratedClass '/Game/Maps/MainMenu.MainMenu_C' with ClassGeneratedBy '/Game/Maps/MainMenu.MainMenu:PersistentLevel.MainMenu'
[2017.07.24-17.48.58:746][241]LogPlayLevel: PlayLevel: No blueprints needed recompiling
[2017.07.24-17.48.58:746][241]PIE: New page: PIE session: MainMenu (Jul 24, 2017, 9:48:58 PM)
[2017.07.24-17.48.58:746][241]LogPlayLevel: Creating play world package: /Game/Maps/UEDPIE_0_MainMenu
[2017.07.24-17.48.58:748][241]LogPlayLevel: PIE: StaticDuplicateObject took: (0.001299s)
[2017.07.24-17.48.58:749][241]LogAIModule: Creating AISystem for world MainMenu
[2017.07.24-17.48.58:749][241]LogPlayLevel: PIE: World Init took: (0.001500s)
[2017.07.24-17.48.58:749][241]LogPlayLevel: PIE: Created PIE world by copying editor world from /Game/Maps/MainMenu.MainMenu to /Game/Maps/UEDPIE_0_MainMenu.MainMenu (0.003101s)
[2017.07.24-17.48.58:788][241]LogInit: XAudio2 using 'Altavoces (Realtek High Definition Audio)' : 2 channels at 48 kHz using 32 bits per sample (channel mask 0x3)
[2017.07.24-17.48.58:798][241]LogInit: FAudioDevice initialized.
[2017.07.24-17.48.58:843][241]LogLoad: Game class is 'GameModeBase'
[2017.07.24-17.48.58:844][241]LogWorld: Bringing World /Game/Maps/UEDPIE_0_MainMenu.MainMenu up for play (max tick rate 0) at 2017.07.24-19.48.58
[2017.07.24-17.48.58:844][241]LogWorld: Bringing up level for play took: 0.001067
[2017.07.24-17.48.58:851][241]PIE: Info Play in editor start time for /Game/Maps/UEDPIE_0_MainMenu 0.774
[2017.07.24-17.48.58:852][241]LogBlueprintUserMessages: Late PlayInEditor Detection: Level '/Game/Maps/MainMenu.MainMenu:PersistentLevel' has LevelScriptBlueprint '/Game/Maps/MainMenu.MainMenu:PersistentLevel.MainMenu' with GeneratedClass '/Game/Maps/MainMenu.MainMenu_C' with ClassGeneratedBy '/Game/Maps/MainMenu.MainMenu:PersistentLevel.MainMenu'
[2017.07.24-17.49.02:746][380]LogBlueprintUserMessages: Early EndPlayMap Detection: Level '/Game/Maps/MainMenu.MainMenu:PersistentLevel' has LevelScriptBlueprint '/Game/Maps/MainMenu.MainMenu:PersistentLevel.MainMenu' with GeneratedClass '/Game/Maps/MainMenu.MainMenu_C' with ClassGeneratedBy '/Game/Maps/MainMenu.MainMenu:PersistentLevel.MainMenu'
[2017.07.24-17.49.02:788][380]LogBlueprintUserMessages: Late EndPlayMap Detection: Level '/Game/Maps/MainMenu.MainMenu:PersistentLevel' has LevelScriptBlueprint '/Game/Maps/MainMenu.MainMenu:PersistentLevel.MainMenu' with GeneratedClass '/Game/Maps/MainMenu.MainMenu_C' with ClassGeneratedBy '/Game/Maps/MainMenu.MainMenu:PersistentLevel.MainMenu'
[2017.07.24-17.52.37:707][341]BlueprintLog: New page: Compile MainMenu
[2017.07.24-17.52.38:373][363]Cmd: OBJ SAVEPACKAGE PACKAGE="/Game/UI/MainMenu" FILE="../../../../../../Users/Guille/Documents/Unreal Projects/TFG-Videogame/SecondPlayer/Content/UI/MainMenu.uasset" SILENT=true
[2017.07.24-17.52.38:393][363]LogSavePackage: Save=6.94ms
[2017.07.24-17.52.38:393][363]LogSavePackage: Moving '../../../../../../Users/Guille/Documents/Unreal Projects/TFG-Videogame/SecondPlayer/Saved/MainMenuDE07205944D33215DA32EE93E1D57839.tmp' to '../../../../../../Users/Guille/Documents/Unreal Projects/TFG-Videogame/SecondPlayer/Content/UI/MainMenu.uasset'
[2017.07.24-17.52.38:398][363]LogSavePackage:Display: Finished SavePackage ../../../../../../Users/Guille/Documents/Unreal Projects/TFG-Videogame/SecondPlayer/Content/UI/MainMenu.uasset
[2017.07.24-17.52.44:155][499]LogTemp: Repeting last play command: New Editor Window (PIE)
[2017.07.24-17.52.44:169][499]LogBlueprintUserMessages: Early PlayInEditor Detection: Level '/Game/Maps/MainMenu.MainMenu:PersistentLevel' has LevelScriptBlueprint '/Game/Maps/MainMenu.MainMenu:PersistentLevel.MainMenu' with GeneratedClass '/Game/Maps/MainMenu.MainMenu_C' with ClassGeneratedBy '/Game/Maps/MainMenu.MainMenu:PersistentLevel.MainMenu'
[2017.07.24-17.52.44:169][499]LogPlayLevel: PlayLevel: No blueprints needed recompiling
[2017.07.24-17.52.44:169][499]PIE: New page: PIE session: MainMenu (Jul 24, 2017, 9:52:44 PM)
[2017.07.24-17.52.44:169][499]LogPlayLevel: Creating play world package: /Game/Maps/UEDPIE_0_MainMenu
[2017.07.24-17.52.44:170][499]LogPlayLevel: PIE: StaticDuplicateObject took: (0.000987s)
[2017.07.24-17.52.44:171][499]LogAIModule: Creating AISystem for world MainMenu
[2017.07.24-17.52.44:171][499]LogPlayLevel: PIE: World Init took: (0.001524s)
[2017.07.24-17.52.44:172][499]LogPlayLevel: PIE: Created PIE world by copying editor world from /Game/Maps/MainMenu.MainMenu to /Game/Maps/UEDPIE_0_MainMenu.MainMenu (0.002993s)
[2017.07.24-17.52.44:201][499]LogInit: XAudio2 using 'Altavoces (Realtek High Definition Audio)' : 2 channels at 48 kHz using 32 bits per sample (channel mask 0x3)
[2017.07.24-17.52.44:209][499]LogInit: FAudioDevice initialized.
[2017.07.24-17.52.44:257][499]LogLoad: Game class is 'GameModeBase'
[2017.07.24-17.52.44:258][499]LogWorld: Bringing World /Game/Maps/UEDPIE_0_MainMenu.MainMenu up for play (max tick rate 0) at 2017.07.24-19.52.44
[2017.07.24-17.52.44:258][499]LogWorld: Bringing up level for play took: 0.000924
[2017.07.24-17.52.44:264][499]PIE: Info Play in editor start time for /Game/Maps/UEDPIE_0_MainMenu 0.187
[2017.07.24-17.52.44:264][499]LogBlueprintUserMessages: Late PlayInEditor Detection: Level '/Game/Maps/MainMenu.MainMenu:PersistentLevel' has LevelScriptBlueprint '/Game/Maps/MainMenu.MainMenu:PersistentLevel.MainMenu' with GeneratedClass '/Game/Maps/MainMenu.MainMenu_C' with ClassGeneratedBy '/Game/Maps/MainMenu.MainMenu:PersistentLevel.MainMenu'
[2017.07.24-17.52.54:861][695]Recompiling SecondPlayer...
[2017.07.24-17.52.54:862][695]Launching UnrealBuildTool... [C:/Program Files/Epic Games/UE_4.15/Engine/Binaries/DotNET/UnrealBuildTool.exe SecondPlayer -ModuleWithSuffix SecondPlayer 6057 Win64 Development -editorrecompile -canskiplink "C:/Users/Guille/Documents/Unreal Projects/TFG-Videogame/SecondPlayer/SecondPlayer.uproject" ]
[2017.07.24-17.52.54:870][695]Warning: Starting HotReload took  0.0s.
[2017.07.24-17.53.01:214][815]CompilerResultsLog: New page: Compilation - Jul 24, 2017, 9:53:01 PM
[2017.07.24-17.53.01:215][815]CompilerResultsLog: Info Compiling game modules for hot reload
[2017.07.24-17.53.01:215][815]CompilerResultsLog: Info Target is up to date
[2017.07.24-17.53.01:215][815]CompilerResultsLog: Info Total build time: 5,54 seconds (NoActionsToExecute executor: 0,00 seconds)
[2017.07.24-17.53.01:219][815]LogMainFrame: MainFrame: Module compiling took 6.364 seconds
[2017.07.24-17.53.01:581][815]LogContentBrowser: Native class hierarchy populated in 0.0135 seconds. Added 2252 classes and 459 folders.
[2017.07.24-17.53.01:583][815]Display: HotReload took  6.7s.
[2017.07.24-17.53.10:776][892]LogBlueprintUserMessages: Early EndPlayMap Detection: Level '/Game/Maps/MainMenu.MainMenu:PersistentLevel' has LevelScriptBlueprint '/Game/Maps/MainMenu.MainMenu:PersistentLevel.MainMenu' with GeneratedClass '/Game/Maps/MainMenu.MainMenu_C' with ClassGeneratedBy '/Game/Maps/MainMenu.MainMenu:PersistentLevel.MainMenu'
[2017.07.24-17.53.10:816][892]LogBlueprintUserMessages: Late EndPlayMap Detection: Level '/Game/Maps/MainMenu.MainMenu:PersistentLevel' has LevelScriptBlueprint '/Game/Maps/MainMenu.MainMenu:PersistentLevel.MainMenu' with GeneratedClass '/Game/Maps/MainMenu.MainMenu_C' with ClassGeneratedBy '/Game/Maps/MainMenu.MainMenu:PersistentLevel.MainMenu'
[2017.07.24-17.53.35:924][295]BlueprintLog: New page: Compile MainMenu
[2017.07.24-17.53.36:687][319]Cmd: OBJ SAVEPACKAGE PACKAGE="/Game/UI/MainMenu" FILE="../../../../../../Users/Guille/Documents/Unreal Projects/TFG-Videogame/SecondPlayer/Content/UI/MainMenu.uasset" SILENT=true
[2017.07.24-17.53.36:708][319]LogSavePackage: Save=7.86ms
[2017.07.24-17.53.36:708][319]LogSavePackage: Moving '../../../../../../Users/Guille/Documents/Unreal Projects/TFG-Videogame/SecondPlayer/Saved/MainMenu70659DAC40FC0B8968B5E0ACA44781F9.tmp' to '../../../../../../Users/Guille/Documents/Unreal Projects/TFG-Videogame/SecondPlayer/Content/UI/MainMenu.uasset'
[2017.07.24-17.53.36:717][319]LogSavePackage:Display: Finished SavePackage ../../../../../../Users/Guille/Documents/Unreal Projects/TFG-Videogame/SecondPlayer/Content/UI/MainMenu.uasset
[2017.07.24-17.53.45:683][598]LogTemp: Repeting last play command: New Editor Window (PIE)
[2017.07.24-17.53.45:697][598]LogBlueprintUserMessages: Early PlayInEditor Detection: Level '/Game/Maps/MainMenu.MainMenu:PersistentLevel' has LevelScriptBlueprint '/Game/Maps/MainMenu.MainMenu:PersistentLevel.MainMenu' with GeneratedClass '/Game/Maps/MainMenu.MainMenu_C' with ClassGeneratedBy '/Game/Maps/MainMenu.MainMenu:PersistentLevel.MainMenu'
[2017.07.24-17.53.45:697][598]LogPlayLevel: PlayLevel: No blueprints needed recompiling
[2017.07.24-17.53.45:697][598]PIE: New page: PIE session: MainMenu (Jul 24, 2017, 9:53:45 PM)
[2017.07.24-17.53.45:697][598]LogPlayLevel: Creating play world package: /Game/Maps/UEDPIE_0_MainMenu
[2017.07.24-17.53.45:698][598]LogPlayLevel: PIE: StaticDuplicateObject took: (0.001007s)
[2017.07.24-17.53.45:699][598]LogAIModule: Creating AISystem for world MainMenu
[2017.07.24-17.53.45:699][598]LogPlayLevel: PIE: World Init took: (0.000662s)
[2017.07.24-17.53.45:699][598]LogPlayLevel: PIE: Created PIE world by copying editor world from /Game/Maps/MainMenu.MainMenu to /Game/Maps/UEDPIE_0_MainMenu.MainMenu (0.001911s)
[2017.07.24-17.53.45:743][598]LogInit: XAudio2 using 'Altavoces (Realtek High Definition Audio)' : 2 channels at 48 kHz using 32 bits per sample (channel mask 0x3)
[2017.07.24-17.53.45:750][598]LogInit: FAudioDevice initialized.
[2017.07.24-17.53.45:792][598]LogLoad: Game class is 'GameModeBase'
[2017.07.24-17.53.45:793][598]LogWorld: Bringing World /Game/Maps/UEDPIE_0_MainMenu.MainMenu up for play (max tick rate 0) at 2017.07.24-19.53.45
[2017.07.24-17.53.45:794][598]LogWorld: Bringing up level for play took: 0.001060
[2017.07.24-17.53.45:799][598]PIE: Info Play in editor start time for /Game/Maps/UEDPIE_0_MainMenu -0.277
[2017.07.24-17.53.45:799][598]LogBlueprintUserMessages: Late PlayInEditor Detection: Level '/Game/Maps/MainMenu.MainMenu:PersistentLevel' has LevelScriptBlueprint '/Game/Maps/MainMenu.MainMenu:PersistentLevel.MainMenu' with GeneratedClass '/Game/Maps/MainMenu.MainMenu_C' with ClassGeneratedBy '/Game/Maps/MainMenu.MainMenu:PersistentLevel.MainMenu'
[2017.07.24-18.00.21:845][ 32]LogBlueprintUserMessages: Early EndPlayMap Detection: Level '/Game/Maps/MainMenu.MainMenu:PersistentLevel' has LevelScriptBlueprint '/Game/Maps/MainMenu.MainMenu:PersistentLevel.MainMenu' with GeneratedClass '/Game/Maps/MainMenu.MainMenu_C' with ClassGeneratedBy '/Game/Maps/MainMenu.MainMenu:PersistentLevel.MainMenu'
[2017.07.24-18.00.21:903][ 32]LogBlueprintUserMessages: Late EndPlayMap Detection: Level '/Game/Maps/MainMenu.MainMenu:PersistentLevel' has LevelScriptBlueprint '/Game/Maps/MainMenu.MainMenu:PersistentLevel.MainMenu' with GeneratedClass '/Game/Maps/MainMenu.MainMenu_C' with ClassGeneratedBy '/Game/Maps/MainMenu.MainMenu:PersistentLevel.MainMenu'
[2017.07.24-18.01.07:654][782]LogSavePackage: Save=132.66ms
[2017.07.24-18.01.07:654][782]LogSavePackage: Moving '../../../../../../Users/Guille/Documents/Unreal Projects/TFG-Videogame/SecondPlayer/Saved/MainMenu_Auto47864B8744C07B7E9351603908E1F3DBF.tmp' to '../../../../../../Users/Guille/Documents/Unreal Projects/TFG-Videogame/SecondPlayer/Saved/Autosaves/Game/Maps/MainMenu_Auto4.umap'
[2017.07.24-18.01.07:662][782]LogSavePackage:Display: Finished SavePackage ../../../../../../Users/Guille/Documents/Unreal Projects/TFG-Videogame/SecondPlayer/Saved/Autosaves/Game/Maps/MainMenu_Auto4.umap
[2017.07.24-18.01.07:664][782]LogFileHelpers: Editor autosave (incl. sublevels) for '/Game/Maps/MainMenu' took 0.208
[2017.07.24-18.01.07:664][782]LogFileHelpers: Editor autosave (incl. sublevels) for all levels took 0.208
[2017.07.24-18.01.07:667][782]OBJ SavePackage: Generating thumbnails for [0] asset(s) in package [/Game/UI/MainMenu] ([1] browsable assets)...
[2017.07.24-18.01.07:667][782]OBJ SavePackage: Finished generating thumbnails for package [/Game/UI/MainMenu]
[2017.07.24-18.01.07:691][782]LogSavePackage: Save=9.06ms
[2017.07.24-18.01.07:691][782]LogSavePackage: Moving '../../../../../../Users/Guille/Documents/Unreal Projects/TFG-Videogame/SecondPlayer/Saved/MainMenu_Auto4D80B05E64427C2DB131A6F8499AD89B5.tmp' to '../../../../../../Users/Guille/Documents/Unreal Projects/TFG-Videogame/SecondPlayer/Saved/Autosaves/Game/UI/MainMenu_Auto4.uasset'
[2017.07.24-18.01.07:695][782]LogSavePackage:Display: Finished SavePackage ../../../../../../Users/Guille/Documents/Unreal Projects/TFG-Videogame/SecondPlayer/Saved/Autosaves/Game/UI/MainMenu_Auto4.uasset
[2017.07.24-18.01.07:695][782]LogFileHelpers: Auto-saving content packages took 0.029
[2017.07.24-18.03.16:626][366]LogSlate: Took 0.002791 seconds to synchronously load lazily loaded font '../../../Engine/Content/Slate/Fonts/Roboto-Regular.ttf' (155K)
[2017.07.24-18.03.16:638][366]LogSlate: Took 0.001802 seconds to synchronously load lazily loaded font '../../../Engine/Content/Slate/Fonts/Roboto-Bold.ttf' (160K)
[2017.07.24-18.03.16:645][366]LogSlate: Took 0.001639 seconds to synchronously load lazily loaded font '../../../Engine/Content/Editor/Slate/Fonts/FontAwesome.ttf' (139K)
[2017.07.24-18.03.16:650][366]LogSlate: Took 0.001860 seconds to synchronously load lazily loaded font '../../../Engine/Content/Slate/Fonts/Roboto-Light.ttf' (159K)
[2017.07.24-18.03.16:652][366]LogSlate: Took 0.000219 seconds to synchronously load lazily loaded font '../../../Engine/Content/Slate/Fonts/Roboto-Light.ttf' (159K)
[2017.07.24-18.03.16:659][366]LogSlate: Took 0.001724 seconds to synchronously load lazily loaded font '../../../Engine/Content/Editor/Slate/Fonts/Roboto-BoldCondensed.ttf' (158K)
[2017.07.24-18.03.17:679][418]LogSlate: Took 0.000353 seconds to synchronously load lazily loaded font '../../../Engine/Content/Slate/Fonts/Roboto-Regular.ttf' (155K)
[2017.07.24-18.03.17:690][418]LogSlate: Took 0.000283 seconds to synchronously load lazily loaded font '../../../Engine/Content/Slate/Fonts/Roboto-Bold.ttf' (160K)
[2017.07.24-18.03.17:697][418]LogSlate: Took 0.000244 seconds to synchronously load lazily loaded font '../../../Engine/Content/Editor/Slate/Fonts/FontAwesome.ttf' (139K)
[2017.07.24-18.03.17:699][418]LogSlate: Took 0.000201 seconds to synchronously load lazily loaded font '../../../Engine/Content/Slate/Fonts/Roboto-Light.ttf' (159K)
[2017.07.24-18.03.17:702][418]LogSlate: Took 0.000221 seconds to synchronously load lazily loaded font '../../../Engine/Content/Slate/Fonts/Roboto-Light.ttf' (159K)
[2017.07.24-18.03.17:708][418]LogSlate: Took 0.000234 seconds to synchronously load lazily loaded font '../../../Engine/Content/Editor/Slate/Fonts/Roboto-BoldCondensed.ttf' (158K)
[2017.07.24-18.03.18:684][475]LogSlate: Took 0.000325 seconds to synchronously load lazily loaded font '../../../Engine/Content/Slate/Fonts/Roboto-Regular.ttf' (155K)
[2017.07.24-18.03.18:699][475]LogSlate: Took 0.001361 seconds to synchronously load lazily loaded font '../../../Engine/Content/Slate/Fonts/Roboto-Bold.ttf' (160K)
[2017.07.24-18.03.18:706][475]LogSlate: Took 0.000241 seconds to synchronously load lazily loaded font '../../../Engine/Content/Editor/Slate/Fonts/FontAwesome.ttf' (139K)
[2017.07.24-18.03.18:709][475]LogSlate: Took 0.000196 seconds to synchronously load lazily loaded font '../../../Engine/Content/Slate/Fonts/Roboto-Light.ttf' (159K)
[2017.07.24-18.03.18:712][475]LogSlate: Took 0.000212 seconds to synchronously load lazily loaded font '../../../Engine/Content/Slate/Fonts/Roboto-Light.ttf' (159K)
[2017.07.24-18.03.18:717][475]LogSlate: Took 0.000184 seconds to synchronously load lazily loaded font '../../../Engine/Content/Editor/Slate/Fonts/Roboto-BoldCondensed.ttf' (158K)
[2017.07.24-18.11.08:131][597]LogSlate: Took 0.000810 seconds to synchronously load lazily loaded font '../../../Engine/Content/Slate/Fonts/Roboto-Light.ttf' (159K)
[2017.07.24-18.11.08:237][597]LogFileHelpers: Editor autosave (incl. sublevels) for '/Game/Maps/MainMenu' took 0.047
[2017.07.24-18.11.08:240][597]OBJ SavePackage: Generating thumbnails for [0] asset(s) in package [/Game/UI/MainMenu] ([1] browsable assets)...
[2017.07.24-18.11.08:240][597]OBJ SavePackage: Finished generating thumbnails for package [/Game/UI/MainMenu]
[2017.07.24-18.11.08:262][597]LogSavePackage: Save=8.47ms
[2017.07.24-18.11.08:262][597]LogSavePackage: Moving '../../../../../../Users/Guille/Documents/Unreal Projects/TFG-Videogame/SecondPlayer/Saved/MainMenu_Auto55AAB73F441326F65EAEB5589EB230558.tmp' to '../../../../../../Users/Guille/Documents/Unreal Projects/TFG-Videogame/SecondPlayer/Saved/Autosaves/Game/UI/MainMenu_Auto5.uasset'
[2017.07.24-18.11.08:264][597]LogSavePackage:Display: Finished SavePackage ../../../../../../Users/Guille/Documents/Unreal Projects/TFG-Videogame/SecondPlayer/Saved/Autosaves/Game/UI/MainMenu_Auto5.uasset
[2017.07.24-18.11.08:264][597]LogFileHelpers: Auto-saving content packages took 0.027
[2017.07.24-18.54.03:574][897]LogSavePackage: Save=118.80ms
[2017.07.24-18.54.03:574][897]LogSavePackage: Moving '../../../../../../Users/Guille/Documents/Unreal Projects/TFG-Videogame/SecondPlayer/Saved/MainMenu8CA15E99485ACD3E420FE8B7CB217DE6.tmp' to '../../../../../../Users/Guille/Documents/Unreal Projects/TFG-Videogame/SecondPlayer/Content/Maps/MainMenu.umap'
[2017.07.24-18.54.03:583][897]LogSavePackage:Display: Finished SavePackage ../../../../../../Users/Guille/Documents/Unreal Projects/TFG-Videogame/SecondPlayer/Content/Maps/MainMenu.umap
[2017.07.24-18.54.03:616][897]LogFileHelpers: Saving map 'MainMenu' took 0.419
[2017.07.24-18.54.03:622][897]Cmd: OBJ SAVEPACKAGE PACKAGE="/Game/UI/MainMenu" FILE="../../../../../../Users/Guille/Documents/Unreal Projects/TFG-Videogame/SecondPlayer/Content/UI/MainMenu.uasset" SILENT=true
[2017.07.24-18.54.03:640][897]LogSavePackage: Save=7.44ms
[2017.07.24-18.54.03:640][897]LogSavePackage: Moving '../../../../../../Users/Guille/Documents/Unreal Projects/TFG-Videogame/SecondPlayer/Saved/MainMenuB3FC2BB0420E44C1C39976A10427F108.tmp' to '../../../../../../Users/Guille/Documents/Unreal Projects/TFG-Videogame/SecondPlayer/Content/UI/MainMenu.uasset'
[2017.07.24-18.54.03:645][897]LogSavePackage:Display: Finished SavePackage ../../../../../../Users/Guille/Documents/Unreal Projects/TFG-Videogame/SecondPlayer/Content/UI/MainMenu.uasset
[2017.07.24-18.54.03:650][897]Cmd: OBJ SAVEPACKAGE PACKAGE="/Game/UI/ws_Crysis_2_1366x768" FILE="../../../../../../Users/Guille/Documents/Unreal Projects/TFG-Videogame/SecondPlayer/Content/UI/ws_Crysis_2_1366x768.uasset" SILENT=true
[2017.07.24-18.54.03:655][897]LogSavePackage: Save=1.60ms
[2017.07.24-18.54.03:655][897]LogSavePackage: Moving '../../../../../../Users/Guille/Documents/Unreal Projects/TFG-Videogame/SecondPlayer/Saved/ws_Crysis_2_1366x768AA3B942241625FC192197A908F39E181.tmp' to '../../../../../../Users/Guille/Documents/Unreal Projects/TFG-Videogame/SecondPlayer/Content/UI/ws_Crysis_2_1366x768.uasset'
[2017.07.24-18.54.03:660][897]LogSavePackage:Display: Finished SavePackage ../../../../../../Users/Guille/Documents/Unreal Projects/TFG-Videogame/SecondPlayer/Content/UI/ws_Crysis_2_1366x768.uasset
[2017.07.24-18.54.03:878][897]LogWindowsTextInputMethodSystem:Display: IME system now deactivated.
[2017.07.24-18.54.04:114][898]Cmd: QUIT_EDITOR
[2017.07.24-18.54.04:557][898]LogExit: Preparing to exit.
[2017.07.24-18.54.05:607][898]LogDirectoryWatcher: A directory notification for 'C:/Users/Guille/Documents/Unreal Projects/TFG-Videogame/SecondPlayer/Content/' was aborted.
[2017.07.24-18.54.05:725][898]LogExit: Editor shut down
[2017.07.24-18.54.05:728][898]LogExit: Transaction tracking system shut down
[2017.07.24-18.54.06:212][898]LogObj: Freed 0b from 0 cluster array pools.
[2017.07.24-18.54.06:213][898]LogExit: Object subsystem successfully closed.
[2017.07.24-18.54.06:282][898]LogD3D11RHI: Shutdown
[2017.07.24-18.54.06:282][898]LogD3D11RHI: CleanupD3DDevice
[2017.07.24-18.54.06:495][898]LogD3D11RHI: ~FD3D11DynamicRHI
[2017.07.24-18.54.06:593][898]LogModuleManager: Shutting down and abandoning module SequencerWidgets (508)
[2017.07.24-18.54.06:593][898]LogModuleManager: Shutting down and abandoning module BlueprintGraph (506)
[2017.07.24-18.54.06:593][898]LogModuleManager: Shutting down and abandoning module BlueprintProfiler (504)
[2017.07.24-18.54.06:594][898]LogModuleManager: Shutting down and abandoning module MovieSceneCapture (502)
[2017.07.24-18.54.06:594][898]LogModuleManager: Shutting down and abandoning module HierarchicalLODOutliner (500)
[2017.07.24-18.54.06:595][898]LogModuleManager: Shutting down and abandoning module CrashTracker (498)
[2017.07.24-18.54.06:596][898]LogModuleManager: Shutting down and abandoning module SceneOutliner (496)
[2017.07.24-18.54.06:596][898]LogModuleManager: Shutting down and abandoning module AddContentDialog (494)
[2017.07.24-18.54.06:599][898]LogDirectoryWatcher: A directory notification for 'C:/Program Files/Epic Games/UE_4.15/FeaturePacks/' was aborted.
[2017.07.24-18.54.06:606][898]LogModuleManager: Shutting down and abandoning module WidgetCarousel (493)
[2017.07.24-18.54.06:606][898]LogModuleManager: Shutting down and abandoning module EditorWidgets (490)
[2017.07.24-18.54.06:606][898]LogModuleManager: Shutting down and abandoning module CollectionManager (488)
[2017.07.24-18.54.06:607][898]LogDirectoryWatcher: A directory notification for 'C:/Users/Guille/Documents/Unreal Projects/TFG-Videogame/SecondPlayer/Content/Collections/' was aborted.
[2017.07.24-18.54.06:607][898]LogDirectoryWatcher: A directory notification for 'C:/Users/Guille/Documents/Unreal Projects/TFG-Videogame/SecondPlayer/Content/Developers/Guille/Collections/' was aborted.
[2017.07.24-18.54.06:607][898]LogDirectoryWatcher: A directory notification for 'C:/Users/Guille/Documents/Unreal Projects/TFG-Videogame/SecondPlayer/Saved/Collections/' was aborted.
[2017.07.24-18.54.06:607][898]LogModuleManager: Shutting down and abandoning module StatsViewer (486)
[2017.07.24-18.54.06:608][898]LogModuleManager: Shutting down and abandoning module FoliageEdit (484)
[2017.07.24-18.54.06:608][898]LogModuleManager: Shutting down and abandoning module LandscapeEditor (482)
[2017.07.24-18.54.06:608][898]LogModuleManager: Shutting down and abandoning module SceneDepthPickerMode (480)
[2017.07.24-18.54.06:608][898]LogModuleManager: Shutting down and abandoning module ActorPickerMode (478)
[2017.07.24-18.54.06:608][898]LogModuleManager: Shutting down and abandoning module GeometryMode (476)
[2017.07.24-18.54.06:609][898]LogModuleManager: Shutting down and abandoning module TextureAlignMode (474)
[2017.07.24-18.54.06:609][898]LogModuleManager: Shutting down and abandoning module BspMode (472)
[2017.07.24-18.54.06:609][898]LogModuleManager: Shutting down and abandoning module HardwareSurvey (470)
[2017.07.24-18.54.06:609][898]LogModuleManager: Shutting down and abandoning module SequenceRecorderSections (468)
[2017.07.24-18.54.06:610][898]LogModuleManager: Shutting down and abandoning module AutomationWorker (466)
[2017.07.24-18.54.06:610][898]LogModuleManager: Shutting down and abandoning module MatineeToLevelSequence (464)
[2017.07.24-18.54.06:611][898]LogModuleManager: Shutting down and abandoning module LevelSequenceEditor (462)
[2017.07.24-18.54.06:613][898]LogModuleManager: Shutting down and abandoning module PlacementMode (461)
[2017.07.24-18.54.06:613][898]LogModuleManager: Shutting down and abandoning module WmfMediaFactory (458)
[2017.07.24-18.54.06:613][898]LogModuleManager: Shutting down and abandoning module WmfMediaEditor (456)
[2017.07.24-18.54.06:613][898]LogModuleManager: Shutting down and abandoning module MfMediaFactory (454)
[2017.07.24-18.54.06:613][898]LogModuleManager: Shutting down and abandoning module MfMediaEditor (452)
[2017.07.24-18.54.06:613][898]LogModuleManager: Shutting down and abandoning module AvfMediaFactory (450)
[2017.07.24-18.54.06:613][898]LogModuleManager: Shutting down and abandoning module AvfMediaEditor (448)
[2017.07.24-18.54.06:613][898]LogModuleManager: Shutting down and abandoning module AndroidMediaFactory (446)
[2017.07.24-18.54.06:613][898]LogModuleManager: Shutting down and abandoning module Media (445)
[2017.07.24-18.54.06:613][898]LogModuleManager: Shutting down and abandoning module AndroidMediaEditor (442)
[2017.07.24-18.54.06:613][898]LogModuleManager: Shutting down and abandoning module CharacterAI (440)
[2017.07.24-18.54.06:613][898]LogModuleManager: Shutting down and abandoning module AudioCapture (438)
[2017.07.24-18.54.06:614][898]LogModuleManager: Shutting down and abandoning module SequenceRecorder (437)
[2017.07.24-18.54.06:615][898]LogModuleManager: Shutting down and abandoning module SmartSnapping (434)
[2017.07.24-18.54.06:615][898]LogModuleManager: Shutting down and abandoning module SessionServices (432)
[2017.07.24-18.54.06:615][898]LogModuleManager: Shutting down and abandoning module ViewportSnapping (430)
[2017.07.24-18.54.06:615][898]LogModuleManager: Shutting down and abandoning module ViewportInteraction (428)
[2017.07.24-18.54.06:615][898]LogModuleManager: Shutting down and abandoning module LogVisualizer (426)
[2017.07.24-18.54.06:619][898]LogModuleManager: Shutting down and abandoning module IntroTutorials (424)
[2017.07.24-18.54.06:621][898]LogModuleManager: Shutting down and abandoning module GameProjectGeneration (423)
[2017.07.24-18.54.06:623][898]LogModuleManager: Shutting down and abandoning module EditorLiveStreaming (420)
[2017.07.24-18.54.06:624][898]LogModuleManager: Shutting down and abandoning module IOSPlatformEditor (418)
[2017.07.24-18.54.06:625][898]LogModuleManager: Shutting down and abandoning module HTML5PlatformEditor (416)
[2017.07.24-18.54.06:625][898]LogModuleManager: Shutting down and abandoning module AndroidPlatformEditor (414)
[2017.07.24-18.54.06:626][898]LogModuleManager: Shutting down and abandoning module AndroidDeviceDetection (413)
[2017.07.24-18.54.07:594][898]LogModuleManager: Shutting down and abandoning module IOSRuntimeSettings (410)
[2017.07.24-18.54.07:594][898]LogModuleManager: Shutting down and abandoning module AndroidRuntimeSettings (408)
[2017.07.24-18.54.07:594][898]LogModuleManager: Shutting down and abandoning module InputBindingEditor (406)
[2017.07.24-18.54.07:599][898]LogModuleManager: Shutting down and abandoning module NiagaraEditor (404)
[2017.07.24-18.54.07:601][898]LogModuleManager: Shutting down and abandoning module MergeActors (402)
[2017.07.24-18.54.07:602][898]LogModuleManager: Shutting down and abandoning module SizeMap (400)
[2017.07.24-18.54.07:603][898]LogModuleManager: Shutting down and abandoning module TreeMap (398)
[2017.07.24-18.54.07:604][898]LogModuleManager: Shutting down and abandoning module ReferenceViewer (396)
[2017.07.24-18.54.07:604][898]LogModuleManager: Shutting down and abandoning module LocalizationDashboard (394)
[2017.07.24-18.54.07:607][898]LogModuleManager: Shutting down and abandoning module LocalizationService (393)
[2017.07.24-18.54.07:608][898]LogModuleManager: Shutting down and abandoning module HardwareTargeting (390)
[2017.07.24-18.54.07:608][898]LogModuleManager: Shutting down and abandoning module DeviceProfileEditor (388)
[2017.07.24-18.54.07:609][898]LogModuleManager: Shutting down and abandoning module UndoHistory (386)
[2017.07.24-18.54.07:610][898]LogModuleManager: Shutting down and abandoning module UserFeedback (384)
[2017.07.24-18.54.07:610][898]LogModuleManager: Shutting down and abandoning module XmlParser (382)
[2017.07.24-18.54.07:610][898]LogModuleManager: Shutting down and abandoning module Blutility (380)
[2017.07.24-18.54.07:610][898]LogModuleManager: Shutting down and abandoning module ProjectSettingsViewer (378)
[2017.07.24-18.54.07:610][898]LogModuleManager: Shutting down and abandoning module ProjectTargetPlatformEditor (377)
[2017.07.24-18.54.07:612][898]LogModuleManager: Shutting down and abandoning module EditorSettingsViewer (374)
[2017.07.24-18.54.07:613][898]LogModuleManager: Shutting down and abandoning module SettingsEditor (372)
[2017.07.24-18.54.07:614][898]LogModuleManager: Shutting down and abandoning module ProjectLauncher (370)
[2017.07.24-18.54.07:615][898]LogModuleManager: Shutting down and abandoning module SessionFrontend (368)
[2017.07.24-18.54.07:616][898]LogModuleManager: Shutting down and abandoning module ProfilerClient (366)
[2017.07.24-18.54.07:617][898]LogModuleManager: Shutting down and abandoning module DeviceManager (364)
[2017.07.24-18.54.07:618][898]LogModuleManager: Shutting down and abandoning module TargetDeviceServices (363)
[2017.07.24-18.54.07:675][898]LogModuleManager: Shutting down and abandoning module AutomationController (360)
[2017.07.24-18.54.07:679][898]LogModuleManager: Shutting down and abandoning module AutomationWindow (358)
[2017.07.24-18.54.07:681][898]LogModuleManager: Shutting down and abandoning module Layers (356)
[2017.07.24-18.54.07:683][898]LogModuleManager: Shutting down and abandoning module ComponentVisualizers (354)
[2017.07.24-18.54.07:683][898]LogModuleManager: Shutting down and abandoning module DetailCustomizations (352)
[2017.07.24-18.54.07:686][898]LogModuleManager: Shutting down and abandoning module PackagesDialog (350)
[2017.07.24-18.54.07:686][898]LogModuleManager: Shutting down and abandoning module Persona (348)
[2017.07.24-18.54.07:688][898]LogModuleManager: Shutting down and abandoning module AnimGraph (347)
[2017.07.24-18.54.07:688][898]LogModuleManager: Shutting down and abandoning module Kismet (344)
[2017.07.24-18.54.07:700][898]LogModuleManager: Shutting down and abandoning module GraphEditor (342)
[2017.07.24-18.54.07:700][898]LogModuleManager: Shutting down and abandoning module ClassViewer (340)
[2017.07.24-18.54.07:703][898]LogModuleManager: Shutting down and abandoning module Toolbox (338)
[2017.07.24-18.54.07:704][898]LogModuleManager: Shutting down and abandoning module ModuleUI (336)
[2017.07.24-18.54.07:704][898]LogModuleManager: Shutting down and abandoning module MovieSceneTools (334)
[2017.07.24-18.54.07:706][898]LogModuleManager: Shutting down and abandoning module OutputLog (332)
[2017.07.24-18.54.07:706][898]LogModuleManager: Shutting down and abandoning module GammaUI (330)
[2017.07.24-18.54.07:706][898]LogModuleManager: Shutting down and abandoning module Documentation (328)
[2017.07.24-18.54.07:706][898]LogModuleManager: Shutting down and abandoning module Niagara (326)
[2017.07.24-18.54.07:706][898]LogModuleManager: Shutting down and abandoning module StreamingPauseRendering (324)
[2017.07.24-18.54.07:707][898]LogModuleManager: Shutting down and abandoning module AnalyticsET (322)
[2017.07.24-18.54.07:707][898]LogModuleManager: Shutting down and abandoning module PortalServices (320)
[2017.07.24-18.54.07:707][898]LogModuleManager: Shutting down and abandoning module PortalRpc (318)
[2017.07.24-18.54.07:707][898]LogModuleManager: Shutting down and abandoning module MessagingRpc (316)
[2017.07.24-18.54.07:707][898]LogModuleManager: Shutting down and abandoning module AIModule (314)
[2017.07.24-18.54.07:708][898]LogModuleManager: Shutting down and abandoning module GameplayDebugger (313)
[2017.07.24-18.54.07:708][898]LogModuleManager: Shutting down and abandoning module AITestSuite (311)
[2017.07.24-18.54.07:708][898]LogModuleManager: Shutting down and abandoning module ProfilerService (308)
[2017.07.24-18.54.07:806][898]LogModuleManager: Shutting down and abandoning module TaskGraph (306)
[2017.07.24-18.54.07:808][898]LogModuleManager: Shutting down and abandoning module SteamVRController (304)
[2017.07.24-18.54.07:808][898]LogModuleManager: Shutting down and abandoning module SteamVR (302)
[2017.07.24-18.54.07:808][898]LogModuleManager: Shutting down and abandoning module ProceduralMeshComponentEditor (300)
[2017.07.24-18.54.07:808][898]LogModuleManager: Shutting down and abandoning module ProceduralMeshComponent (298)
[2017.07.24-18.54.07:809][898]LogModuleManager: Shutting down and abandoning module OculusLibrary (296)
[2017.07.24-18.54.07:809][898]LogModuleManager: Shutting down and abandoning module OculusInput (294)
[2017.07.24-18.54.07:809][898]LogModuleManager: Shutting down and abandoning module MobilePatchingUtils (292)
[2017.07.24-18.54.07:809][898]LogModuleManager: Shutting down and abandoning module CustomMeshComponent (290)
[2017.07.24-18.54.07:809][898]LogModuleManager: Shutting down and abandoning module CableComponent (288)
[2017.07.24-18.54.07:810][898]LogModuleManager: Shutting down and abandoning module ArchVisCharacter (286)
[2017.07.24-18.54.07:810][898]LogModuleManager: Shutting down and abandoning module MediaPlayerEditor (282)
[2017.07.24-18.54.07:813][898]LogModuleManager: Shutting down and abandoning module HTML5Networking (280)
[2017.07.24-18.54.07:813][898]LogModuleManager: Shutting down and abandoning module AlembicImporter (278)
[2017.07.24-18.54.07:814][898]LogModuleManager: Shutting down and abandoning module AlembicLibrary (277)
[2017.07.24-18.54.07:814][898]LogModuleManager: Shutting down and abandoning module GeometryCache (276)
[2017.07.24-18.54.07:814][898]LogModuleManager: Shutting down and abandoning module GeometryCacheEd (275)
[2017.07.24-18.54.07:814][898]LogModuleManager: Shutting down and abandoning module SuperSearchEditor (270)
[2017.07.24-18.54.07:814][898]LogModuleManager: Shutting down and abandoning module SuperSearch (269)
[2017.07.24-18.54.07:814][898]LogModuleManager: Shutting down and abandoning module SpeedTreeImporter (266)
[2017.07.24-18.54.07:814][898]LogModuleManager: Shutting down and abandoning module PluginBrowser (264)
[2017.07.24-18.54.07:824][898]LogModuleManager: Shutting down and abandoning module MobileLauncherProfileWizard (262)
[2017.07.24-18.54.07:826][898]LogModuleManager: Shutting down and abandoning module EpicSurvey (260)
[2017.07.24-18.54.07:828][898]LogModuleManager: Shutting down and abandoning module VisualStudioSourceCodeAccess (258)
[2017.07.24-18.54.07:828][898]LogModuleManager: Shutting down and abandoning module DesktopPlatform (257)
[2017.07.24-18.54.07:828][898]LogModuleManager: Shutting down and abandoning module UObjectPlugin (254)
[2017.07.24-18.54.07:829][898]LogModuleManager: Shutting down and abandoning module SubversionSourceControl (252)
[2017.07.24-18.54.07:830][898]LogModuleManager: Shutting down and abandoning module PerforceSourceControl (250)
[2017.07.24-18.54.07:833][898]LogModuleManager: Shutting down and abandoning module GitSourceControl (248)
[2017.07.24-18.54.07:836][898]LogModuleManager: Shutting down and abandoning module SourceControl (247)
[2017.07.24-18.54.07:837][898]LogModuleManager: Shutting down and abandoning module LightPropagationVolumeEditor (244)
[2017.07.24-18.54.07:838][898]LogModuleManager: Shutting down and abandoning module PaperTiledImporter (242)
[2017.07.24-18.54.07:838][898]LogModuleManager: Shutting down and abandoning module PaperSpriteSheetImporter (240)
[2017.07.24-18.54.07:838][898]LogModuleManager: Shutting down and abandoning module Paper2DEditor (238)
[2017.07.24-18.54.07:840][898]LogModuleManager: Shutting down and abandoning module MeshPaint (237)
[2017.07.24-18.54.07:840][898]LogModuleManager: Shutting down and abandoning module LevelEditor (235)
[2017.07.24-18.54.07:844][898]LogModuleManager: Shutting down and abandoning module PixelInspectorModule (234)
[2017.07.24-18.54.07:845][898]LogModuleManager: Shutting down and abandoning module MainFrame (232)
[2017.07.24-18.54.07:845][898]LogModuleManager: Shutting down and abandoning module HotReload (231)
[2017.07.24-18.54.07:845][898]LogDirectoryWatcher: A directory notification for 'C:/Users/Guille/Documents/Unreal Projects/TFG-Videogame/SecondPlayer/Binaries/Win64' was aborted.
[2017.07.24-18.54.07:846][898]LogModuleManager: Shutting down and abandoning module ContentBrowser (227)
[2017.07.24-18.54.07:847][898]LogModuleManager: Shutting down and abandoning module SecondPlayer (224)
[2017.07.24-18.54.07:847][898]LogModuleManager: Shutting down and abandoning module PhysXVehiclesEditor (222)
[2017.07.24-18.54.07:847][898]LogModuleManager: Shutting down and abandoning module PhysXVehicles (220)
[2017.07.24-18.54.07:847][898]LogModuleManager: Shutting down and abandoning module LocationServicesBPLibrary (218)
[2017.07.24-18.54.07:847][898]LogModuleManager: Shutting down and abandoning module UdpMessaging (216)
[2017.07.24-18.54.07:948][898]LogModuleManager: Shutting down and abandoning module TcpMessaging (214)
[2017.07.24-18.54.08:049][898]LogModuleManager: Shutting down and abandoning module GameplayTagsEditor (212)
[2017.07.24-18.54.08:050][898]LogModuleManager: Shutting down and abandoning module FacialAnimationEditor (210)
[2017.07.24-18.54.08:051][898]LogModuleManager: Shutting down and abandoning module FacialAnimation (208)
[2017.07.24-18.54.08:051][898]LogModuleManager: Shutting down and abandoning module LightPropagationVolumeRuntime (206)
[2017.07.24-18.54.08:051][898]LogModuleManager: Shutting down and abandoning module Paper2D (204)
[2017.07.24-18.54.08:052][898]LogModuleManager: Shutting down and abandoning module WindowsMoviePlayer (202)
[2017.07.24-18.54.08:053][898]LogModuleManager: Shutting down and abandoning module WmfMedia (200)
[2017.07.24-18.54.08:055][898]LogModuleManager: Shutting down and abandoning module MfMedia (198)
[2017.07.24-18.54.08:055][898]LogModuleManager: Shutting down and abandoning module MediaAssets (196)
[2017.07.24-18.54.08:055][898]LogModuleManager: Shutting down and abandoning module GameLiveStreaming (194)
[2017.07.24-18.54.08:056][898]LogModuleManager: Shutting down and abandoning module VREditor (192)
[2017.07.24-18.54.08:057][898]LogModuleManager: Shutting down and abandoning module GameplayTasksEditor (190)
[2017.07.24-18.54.08:057][898]LogModuleManager: Shutting down and abandoning module BehaviorTreeEditor (188)
[2017.07.24-18.54.08:060][898]LogModuleManager: Shutting down and abandoning module FunctionalTesting (186)
[2017.07.24-18.54.08:060][898]LogModuleManager: Shutting down and abandoning module CollisionAnalyzer (184)
[2017.07.24-18.54.08:063][898]LogModuleManager: Shutting down and abandoning module UMG (182)
[2017.07.24-18.54.08:064][898]LogModuleManager: Shutting down and abandoning module UMGEditor (181)
[2017.07.24-18.54.08:064][898]LogModuleManager: Shutting down and abandoning module Sequencer (180)
[2017.07.24-18.54.08:064][898]LogModuleManager: Shutting down and abandoning module AssetTools (178)
[2017.07.24-18.54.08:068][898]LogModuleManager: Shutting down and abandoning module MessageLog (177)
[2017.07.24-18.54.08:068][898]LogModuleManager: Shutting down and abandoning module WorkspaceMenuStructure (176)
[2017.07.24-18.54.08:070][898]LogModuleManager: Shutting down and abandoning module SlateReflector (170)
[2017.07.24-18.54.08:075][898]LogModuleManager: Shutting down and abandoning module Slate (168)
[2017.07.24-18.54.08:075][898]LogModuleManager: Shutting down and abandoning module EditorStyle (166)
[2017.07.24-18.54.08:087][898]LogModuleManager: Shutting down and abandoning module SourceCodeAccess (164)
[2017.07.24-18.54.08:089][898]LogModuleManager: Shutting down and abandoning module HeadMountedDisplay (162)
[2017.07.24-18.54.08:089][898]LogModuleManager: Shutting down and abandoning module XAudio2 (160)
[2017.07.24-18.54.08:089][898]LogModuleManager: Shutting down and abandoning module Networking (158)
[2017.07.24-18.54.08:089][898]LogModuleManager: Shutting down and abandoning module Core (154)
[2017.07.24-18.54.08:089][898]LogModuleManager: Shutting down and abandoning module AssetRegistry (152)
[2017.07.24-18.54.08:297][898]LogDirectoryWatcher: A directory notification for '../../../Engine/Content/' was aborted.
[2017.07.24-18.54.08:298][898]LogDirectoryWatcher: A directory notification for '../../../../../../Users/Guille/Documents/Unreal Projects/TFG-Videogame/SecondPlayer/Content/' was aborted.
[2017.07.24-18.54.08:298][898]LogDirectoryWatcher: A directory notification for '../../../Engine/Plugins/2D/Paper2D/Content/' was aborted.
[2017.07.24-18.54.08:303][898]LogModuleManager: Shutting down and abandoning module DirectoryWatcher (151)
[2017.07.24-18.54.08:310][898]LogModuleManager: Shutting down and abandoning module KismetCompiler (148)
[2017.07.24-18.54.08:310][898]LogModuleManager: Shutting down and abandoning module PhysXFormats (146)
[2017.07.24-18.54.08:311][898]LogModuleManager: Shutting down and abandoning module MeshUtilities (144)
[2017.07.24-18.54.08:314][898]LogModuleManager: Shutting down and abandoning module SimplygonSwarm (143)
[2017.07.24-18.54.08:315][898]LogModuleManager: Shutting down and abandoning module SimplygonMeshReduction (141)
[2017.07.24-18.54.08:315][898]LogModuleManager: Shutting down and abandoning module QuadricMeshReduction (139)
[2017.07.24-18.54.08:316][898]LogModuleManager: Shutting down and abandoning module PropertyEditor (137)
[2017.07.24-18.54.08:317][898]LogModuleManager: Shutting down and abandoning module DerivedDataCache (134)
[2017.07.24-18.54.08:404][898]LogDerivedDataCache: Shutdown
[2017.07.24-18.54.08:404][898]LogModuleManager: Shutting down and abandoning module TargetPlatform (132)
[2017.07.24-18.54.08:404][898]LogModuleManager: Shutting down and abandoning module VulkanShaderFormat (131)
[2017.07.24-18.54.08:409][898]LogModuleManager: Shutting down and abandoning module ShaderFormatOpenGL (129)
[2017.07.24-18.54.08:410][898]LogModuleManager: Shutting down and abandoning module ShaderFormatD3D (127)
[2017.07.24-18.54.08:411][898]LogModuleManager: Shutting down and abandoning module MetalShaderFormat (125)
[2017.07.24-18.54.08:412][898]LogModuleManager: Shutting down and abandoning module TextureFormatUncompressed (123)
[2017.07.24-18.54.08:413][898]LogModuleManager: Shutting down and abandoning module TextureFormatPVR (121)
[2017.07.24-18.54.08:413][898]LogModuleManager: Shutting down and abandoning module TextureFormatDXT (119)
[2017.07.24-18.54.08:414][898]LogModuleManager: Shutting down and abandoning module TextureFormatIntelISPCTexComp (117)
[2017.07.24-18.54.08:423][898]LogModuleManager: Shutting down and abandoning module TextureFormatASTC (115)
[2017.07.24-18.54.08:423][898]LogModuleManager: Shutting down and abandoning module ImageWrapper (114)
[2017.07.24-18.54.08:423][898]LogModuleManager: Shutting down and abandoning module TextureFormatAndroid (111)
[2017.07.24-18.54.08:424][898]LogModuleManager: Shutting down and abandoning module AudioFormatOpus (109)
[2017.07.24-18.54.08:425][898]LogModuleManager: Shutting down and abandoning module AudioFormatOgg (107)
[2017.07.24-18.54.08:426][898]LogModuleManager: Shutting down and abandoning module AudioFormatADPCM (105)
[2017.07.24-18.54.08:426][898]LogModuleManager: Shutting down and abandoning module LinuxTargetPlatform (103)
[2017.07.24-18.54.08:427][898]LogModuleManager: Shutting down and abandoning module LinuxServerTargetPlatform (101)
[2017.07.24-18.54.08:427][898]LogModuleManager: Shutting down and abandoning module LinuxNoEditorTargetPlatform (99)
[2017.07.24-18.54.08:427][898]LogModuleManager: Shutting down and abandoning module LinuxClientTargetPlatform (97)
[2017.07.24-18.54.08:428][898]LogModuleManager: Shutting down and abandoning module TVOSTargetPlatform (95)
[2017.07.24-18.54.08:428][898]LogModuleManager: Shutting down and abandoning module Messaging (93)
[2017.07.24-18.54.08:428][898]LogModuleManager: Shutting down and abandoning module IOSTargetPlatform (91)
[2017.07.24-18.54.08:428][898]LogModuleManager: Shutting down and abandoning module HTML5TargetPlatform (89)
[2017.07.24-18.54.08:429][898]LogModuleManager: Shutting down and abandoning module Android_PVRTCTargetPlatform (87)
[2017.07.24-18.54.08:430][898]LogModuleManager: Shutting down and abandoning module Android_MultiTargetPlatform (85)
[2017.07.24-18.54.08:430][898]LogModuleManager: Shutting down and abandoning module Android_ETC2TargetPlatform (83)
[2017.07.24-18.54.08:430][898]LogModuleManager: Shutting down and abandoning module Android_ETC1TargetPlatform (81)
[2017.07.24-18.54.08:430][898]LogModuleManager: Shutting down and abandoning module Android_DXTTargetPlatform (79)
[2017.07.24-18.54.08:430][898]LogModuleManager: Shutting down and abandoning module Android_ATCTargetPlatform (77)
[2017.07.24-18.54.08:430][898]LogModuleManager: Shutting down and abandoning module Android_ASTCTargetPlatform (75)
[2017.07.24-18.54.08:431][898]LogModuleManager: Shutting down and abandoning module AndroidTargetPlatform (73)
[2017.07.24-18.54.08:431][898]LogModuleManager: Shutting down and abandoning module WindowsTargetPlatform (71)
[2017.07.24-18.54.08:432][898]LogModuleManager: Shutting down and abandoning module WindowsServerTargetPlatform (69)
[2017.07.24-18.54.08:433][898]LogModuleManager: Shutting down and abandoning module WindowsNoEditorTargetPlatform (67)
[2017.07.24-18.54.08:434][898]LogModuleManager: Shutting down and abandoning module WindowsClientTargetPlatform (65)
[2017.07.24-18.54.08:434][898]LogModuleManager: Shutting down and abandoning module MacTargetPlatform (63)
[2017.07.24-18.54.08:435][898]LogModuleManager: Shutting down and abandoning module MacServerTargetPlatform (61)
[2017.07.24-18.54.08:436][898]LogModuleManager: Shutting down and abandoning module MacNoEditorTargetPlatform (59)
[2017.07.24-18.54.08:436][898]LogModuleManager: Shutting down and abandoning module MacClientTargetPlatform (57)
[2017.07.24-18.54.08:436][898]LogModuleManager: Shutting down and abandoning module AllDesktopTargetPlatform (55)
[2017.07.24-18.54.08:436][898]LogModuleManager: Shutting down and abandoning module InputCore (52)
[2017.07.24-18.54.08:436][898]LogModuleManager: Shutting down and abandoning module Settings (50)
[2017.07.24-18.54.08:436][898]LogModuleManager: Shutting down and abandoning module OculusRift (48)
[2017.07.24-18.54.08:437][898]LogModuleManager: Shutting down and abandoning module GearVR (46)
[2017.07.24-18.54.08:437][898]LogModuleManager: Shutting down and abandoning module ExampleDeviceProfileSelector (44)
[2017.07.24-18.54.08:437][898]LogModuleManager: Shutting down and abandoning module OnlineBlueprintSupport (42)
[2017.07.24-18.54.08:437][898]LogModuleManager: Shutting down and abandoning module OnlineSubsystem (38)
[2017.07.24-18.54.08:437][898]LogOnline:Display: Unloading online subsystem: NULL
[2017.07.24-18.54.08:440][898]LogModuleManager: Shutting down and abandoning module XMPP (37)
[2017.07.24-18.54.08:444][898]LogModuleManager: Shutting down and abandoning module HTTP (35)
[2017.07.24-18.54.08:445][898]LogHttp:Display: Http module shutting down, but needs to wait on 1 outstanding Http requests:
[2017.07.24-18.54.08:445][898]LogHttp:Display: 	verb=[POST] url=[https://datarouter.ol.epicgames.com/datarouter/api/v1/public/data?SessionID=%7BDE783BAE-4D85-0602-54DB-7A9B694A21FF%7D&AppID=UEEditor.Rocket.Release&AppVersion=4.15.1-3348071%2B%2B%2BUE4%2BRelease-4.15&UserID=a187dcbe48a9fd33047cbfb76ead2956%7Ccc3c8413bff54b0e9642da9d4a3c10e6%7C4a941b5c-45fe-4bb9-a344-3e4224fbffba&AppEnvironment=datacollector-binary&UploadType=eteventstream] status=Processing
[2017.07.24-18.54.08:461][898]LogModuleManager: Shutting down and abandoning module SSL (34)
[2017.07.24-18.54.08:472][898]LogModuleManager: Shutting down and abandoning module AudioEditor (30)
[2017.07.24-18.54.08:473][898]LogModuleManager: Shutting down and abandoning module TextureCompressor (28)
[2017.07.24-18.54.08:475][898]LogModuleManager: Shutting down and abandoning module ShaderCore (26)
[2017.07.24-18.54.08:475][898]LogModuleManager: Shutting down and abandoning module Landscape (24)
[2017.07.24-18.54.08:475][898]LogModuleManager: Shutting down and abandoning module SlateRHIRenderer (22)
[2017.07.24-18.54.08:488][898]LogModuleManager: Shutting down and abandoning module OpenGLDrv (20)
[2017.07.24-18.54.08:489][898]LogModuleManager: Shutting down and abandoning module D3D11RHI (18)
[2017.07.24-18.54.08:489][898]LogModuleManager: Shutting down and abandoning module AnimGraphRuntime (16)
[2017.07.24-18.54.08:491][898]LogModuleManager: Shutting down and abandoning module Renderer (14)
[2017.07.24-18.54.08:491][898]LogModuleManager: Shutting down and abandoning module Engine (12)
[2017.07.24-18.54.08:491][898]LogModuleManager: Shutting down and abandoning module CoreUObject (10)
[2017.07.24-18.54.08:491][898]LogModuleManager: Shutting down and abandoning module NetworkFile (8)
[2017.07.24-18.54.08:492][898]LogModuleManager: Shutting down and abandoning module StreamingFile (6)
[2017.07.24-18.54.08:493][898]LogModuleManager: Shutting down and abandoning module SandboxFile (4)
[2017.07.24-18.54.08:493][898]LogModuleManager: Shutting down and abandoning module PakFile (2)
[2017.07.24-18.54.08:502][898]LogExit: Exiting.
[2017.07.24-18.54.08:569][898]Log file closed, 07/24/17 20:54:08
