Log file open, 08/07/17 17:44:50
LogInit:Display: Running engine for game: SecondPlayer
LogPlatformFile: Not using cached read wrapper
LogInit:Display: RandInit(947982668) SRandInit(947982669).
LogTaskGraph: Started task graph with 5 named threads and 6 total threads with 1 sets of task threads.
LogStats: Stats thread started at 0.072603
LogInit: Using libcurl 7.47.1
LogInit:  - built for x86_64-pc-win32
LogInit:  - supports SSL with OpenSSL/1.0.2g
LogInit:  - supports HTTP deflate (compression) using libz 1.2.8
LogInit:  - other features:
LogInit:      CURL_VERSION_SSL
LogInit:      CURL_VERSION_LIBZ
LogInit:      CURL_VERSION_IPV6
LogInit:      CURL_VERSION_ASYNCHDNS
LogInit:      CURL_VERSION_LARGEFILE
LogInit:      CURL_VERSION_IDN
LogInit:  CurlRequestOptions (configurable via config and command line):
LogInit:  - bVerifyPeer = false  - Libcurl will NOT verify peer certificate
LogInit:  - bUseHttpProxy = false  - Libcurl will NOT use HTTP proxy
LogInit:  - bDontReuseConnections = false  - Libcurl will reuse connections
LogInit:  - CertBundlePath = nullptr  - Libcurl will use whatever was configured at build time.
LogInit: Build: ++UE4+Release-4.15-CL-3348071
LogInit: Engine Version: 4.15.1-3348071+++UE4+Release-4.15
LogInit: Compatible Engine Version: 4.15.0-3299760+++UE4+Release-4.15
LogInit: Net CL: 3299760
LogDevObjectVersion: Number of dev versions registered: 14
LogDevObjectVersion:   Dev-Blueprints (B0D832E4-1F89-4F0D-ACCF-7EB736FD4AA2): 8
LogDevObjectVersion:   Dev-Build (E1C64328-A22C-4D53-A36C-8E866417BD8C): 0
LogDevObjectVersion:   Dev-Core (375EC13C-06E4-48FB-B500-84F0262A717E): 2
LogDevObjectVersion:   Dev-Editor (E4B068ED-F494-42E9-A231-DA0B2E46BB41): 14
LogDevObjectVersion:   Dev-Framework (CFFC743F-43B0-4480-9391-14DF171D2073): 22
LogDevObjectVersion:   Dev-Mobile (B02B49B5-BB20-44E9-A304-32B752E40360): 0
LogDevObjectVersion:   Dev-Networking (A4E4105C-59A1-49B5-A7C5-40C4547EDFEE): 0
LogDevObjectVersion:   Dev-Online (39C831C9-5AE6-47DC-9A44-9C173E1C8E7C): 0
LogDevObjectVersion:   Dev-Physics (78F01B33-EBEA-4F98-B9B4-84EACCB95AA2): 0
LogDevObjectVersion:   Dev-Platform (6631380F-2D4D-43E0-8009-CF276956A95A): 0
LogDevObjectVersion:   Dev-Rendering (12F88B9F-8875-4AFC-A67C-D90C383ABD29): 12
LogDevObjectVersion:   Dev-Sequencer (7B5AE74C-D270-4C10-A958-57980B212A5A): 3
LogDevObjectVersion:   Dev-VR (D7296918-1DD6-4BDD-9DE2-64A83CC13884): 0
LogDevObjectVersion:   Dev-LoadTimes (C2A15278-BFE7-4AFE-6C17-90FF531DF755): 1
LogInit: Compiled (64-bit): Mar 15 2017 16:52:47
LogInit: Compiled with Visual C++: 19.00.23026.00
LogInit: Build Configuration: Development
LogInit: Branch Name: ++UE4+Release-4.15
LogInit: Command line: 
LogInit: Base directory: C:/Program Files/Epic Games/UE_4.15/Engine/Binaries/Win64/
LogInit: Installed Engine Build: 1
LogInit: Presizing for max 8388607 objects, including 0 objects not considered by GC, pre-allocating 0 bytes for permanent pool.
LogInit: Object subsystem initialized
[2017.08.07-15.44.51:515][  0]LogInit: Selected Device Profile: [Windows]
[2017.08.07-15.44.51:515][  0]LogInit: Applying CVar settings loaded from the selected device profile: [Windows]
[2017.08.07-15.44.51:533][  0]LogInit: Computer: LAPTOP-GONF5L48
[2017.08.07-15.44.51:533][  0]LogInit: User: Guille
[2017.08.07-15.44.51:533][  0]LogInit: CPU Page size=65536, Cores=2
[2017.08.07-15.44.51:533][  0]LogInit: High frequency timer resolution =2.835943 MHz
[2017.08.07-15.44.51:533][  0]LogMemory: Memory total: Physical=7.9GB (8GB approx)
[2017.08.07-15.44.51:533][  0]LogMemory: Platform Memory Stats for Windows
[2017.08.07-15.44.51:533][  0]LogMemory: Process Physical Memory: 263.26 MB used, 263.26 MB peak
[2017.08.07-15.44.51:533][  0]LogMemory: Process Virtual Memory: 262.28 MB used, 262.28 MB peak
[2017.08.07-15.44.51:533][  0]LogMemory: Physical Memory: 7383.59 MB used,  676.63 MB free, 8060.23 MB total
[2017.08.07-15.44.51:533][  0]LogMemory: Virtual Memory: 643.38 MB used,  676.63 MB free, 134217728.00 MB total
[2017.08.07-15.44.51:676][  0]LogInit: Overriding culture en with editor configuration.
[2017.08.07-15.44.52:522][  0]LogD3D11RHI: D3D11 adapters:
[2017.08.07-15.44.52:530][  0]LogD3D11RHI:    0. 'Intel(R) HD Graphics 620' (Feature Level 11_0)
[2017.08.07-15.44.52:530][  0]LogD3D11RHI:       128/0/4030 MB DedicatedVideo/DedicatedSystem/SharedSystem, Outputs:1, VendorId:0x8086
[2017.08.07-15.44.52:531][  0]LogD3D11RHI:    1. 'Microsoft Basic Render Driver' (Feature Level 11_0)
[2017.08.07-15.44.52:531][  0]LogD3D11RHI:       0/0/4030 MB DedicatedVideo/DedicatedSystem/SharedSystem, Outputs:0, VendorId:0x1414
[2017.08.07-15.44.52:531][  0]LogD3D11RHI: Chosen D3D11 Adapter: 0
[2017.08.07-15.44.52:536][  0]LogD3D11RHI: Creating new Direct3DDevice
[2017.08.07-15.44.52:536][  0]LogD3D11RHI:     GPU DeviceId: 0x5916 (for the marketing name, search the web for "GPU Device Id")
[2017.08.07-15.44.52:536][  0]LogWindows: EnumDisplayDevices:
[2017.08.07-15.44.52:536][  0]LogWindows:    0. 'Intel(R) HD Graphics 620' (P:1 D:1)
[2017.08.07-15.44.52:536][  0]LogWindows:    1. 'Intel(R) HD Graphics 620' (P:0 D:0)
[2017.08.07-15.44.52:537][  0]LogWindows:    2. 'Intel(R) HD Graphics 620' (P:0 D:0)
[2017.08.07-15.44.52:537][  0]LogWindows: DebugString: FoundDriverCount:3 
[2017.08.07-15.44.52:537][  0]LogD3D11RHI:     Adapter Name: Intel(R) HD Graphics 620
[2017.08.07-15.44.52:537][  0]LogD3D11RHI:   Driver Version: 21.20.16.4526 (internal:21.20.16.4526, unified:21.20.16.4526)
[2017.08.07-15.44.52:537][  0]LogD3D11RHI:      Driver Date: 9-23-2016
[2017.08.07-15.44.52:537][  0]LogRHI: Texture pool is 1361 MB (70% of 1945 MB)
[2017.08.07-15.44.52:543][  0]LogD3D11RHI: Async texture creation enabled
[2017.08.07-15.44.52:547][  0]LogD3D11RHI: GPU Timing Frequency: 12.000000 (Debug: 2 0)
[2017.08.07-15.44.52:548][  0]LogShaderCompilers: Guid format shader working directory is -36 characters bigger than the processId version (../../../../../../Users/Guille/Documents/Unreal Projects/TFG-Videogame/SecondPlayer/Intermediate/Shaders/WorkingDirectory/7608/).
[2017.08.07-15.44.52:548][  0]LogShaderCompilers: Cleaned the shader compiler working directory 'C:/Users/Guille/AppData/Local/Temp/UnrealShaderWorkingDir/081F58924749E18017660880DAF9ABF3/'.
[2017.08.07-15.44.52:548][  0]LogShaderCompilers:Display: Using Local Shader Compiler.
[2017.08.07-15.44.53:870][  0]LogTemp:Display: Loaded TP AllDesktopTargetPlatform
[2017.08.07-15.44.53:953][  0]LogTemp:Display: Loaded TP MacClientTargetPlatform
[2017.08.07-15.44.54:032][  0]LogTemp:Display: Loaded TP MacNoEditorTargetPlatform
[2017.08.07-15.44.54:109][  0]LogTemp:Display: Loaded TP MacServerTargetPlatform
[2017.08.07-15.44.54:205][  0]LogTemp:Display: Loaded TP MacTargetPlatform
[2017.08.07-15.44.54:300][  0]LogTemp:Display: Loaded TP WindowsClientTargetPlatform
[2017.08.07-15.44.54:386][  0]LogTemp:Display: Loaded TP WindowsNoEditorTargetPlatform
[2017.08.07-15.44.54:501][  0]LogTemp:Display: Loaded TP WindowsServerTargetPlatform
[2017.08.07-15.44.54:573][  0]LogTemp:Display: Loaded TP WindowsTargetPlatform
[2017.08.07-15.44.54:647][  0]LogTemp:Display: Loaded TP AndroidTargetPlatform
[2017.08.07-15.44.54:721][  0]LogTemp:Display: Loaded TP Android_ASTCTargetPlatform
[2017.08.07-15.44.54:797][  0]LogTemp:Display: Loaded TP Android_ATCTargetPlatform
[2017.08.07-15.44.54:872][  0]LogTemp:Display: Loaded TP Android_DXTTargetPlatform
[2017.08.07-15.44.54:958][  0]LogTemp:Display: Loaded TP Android_ETC1TargetPlatform
[2017.08.07-15.44.55:047][  0]LogTemp:Display: Loaded TP Android_ETC2TargetPlatform
[2017.08.07-15.44.55:217][  0]LogTemp:Display: Loaded TP Android_MultiTargetPlatform
[2017.08.07-15.44.55:217][  0]LogTemp:Display: Loaded TP Android_PVRTCTargetPlatform
[2017.08.07-15.44.55:283][  0]LogTemp:Display: Loaded TP HTML5TargetPlatform
[2017.08.07-15.44.55:436][  0]LogTemp:Display: Loaded TP IOSTargetPlatform
[2017.08.07-15.44.55:488][  0]LogTemp:Display: Loaded TP TVOSTargetPlatform
[2017.08.07-15.44.55:572][  0]LogTemp:Display: Loaded TP LinuxClientTargetPlatform
[2017.08.07-15.44.55:659][  0]LogTemp:Display: Loaded TP LinuxNoEditorTargetPlatform
[2017.08.07-15.44.55:754][  0]LogTemp:Display: Loaded TP LinuxServerTargetPlatform
[2017.08.07-15.44.55:842][  0]LogTemp:Display: Loaded TP LinuxTargetPlatform
[2017.08.07-15.44.55:842][  0]LogTargetPlatformManager:Display: Building Assets For Windows
[2017.08.07-15.44.56:602][  0]LogDerivedDataCache:Display: Max Cache Size: 512 MB
[2017.08.07-15.44.56:637][  0]LogDerivedDataCache: Loaded boot cache 0.03s 51MB C:/Users/Guille/AppData/Local/UnrealEngine/4.15/DerivedDataCache/Boot.ddc.
[2017.08.07-15.44.56:637][  0]LogDerivedDataCache:Display: Loaded Boot cache: C:/Users/Guille/AppData/Local/UnrealEngine/4.15/DerivedDataCache/Boot.ddc
[2017.08.07-15.44.56:637][  0]LogDerivedDataCache: FDerivedDataBackendGraph:  Pak pak cache file ../../../../../../Users/Guille/Documents/Unreal Projects/TFG-Videogame/SecondPlayer/DerivedDataCache/DDC.ddp not found, will not use a pak cache.
[2017.08.07-15.44.56:637][  0]LogDerivedDataCache: Unable to find inner node Pak for hierarchical cache Hierarchy.
[2017.08.07-15.44.56:637][  0]LogDerivedDataCache: FDerivedDataBackendGraph:  CompressedPak pak cache file ../../../../../../Users/Guille/Documents/Unreal Projects/TFG-Videogame/SecondPlayer/DerivedDataCache/Compressed.ddp not found, will not use a pak cache.
[2017.08.07-15.44.56:637][  0]LogDerivedDataCache: Unable to find inner node CompressedPak for hierarchical cache Hierarchy.
[2017.08.07-15.44.56:653][  0]LogDerivedDataCache:Display: Pak cache opened for reading ../../../Engine/DerivedDataCache/Compressed.ddp.
[2017.08.07-15.44.56:665][  0]LogDerivedDataCache: Using Local data cache path C:/Users/Guille/AppData/Local/UnrealEngine/Common/DerivedDataCache: Writable
[2017.08.07-15.44.56:675][  0]LogSlate: Using Freetype 2.6.0
[2017.08.07-15.44.56:675][  0]LogSlate: SlateFontCache - WITH_FREETYPE: 1, WITH_HARFBUZZ: 1
[2017.08.07-15.44.56:675][  0]LogSlate: SlateFontCache - WITH_FREETYPE: 1, WITH_HARFBUZZ: 1
[2017.08.07-15.44.56:958][  0]LogInit: Selected Device Profile: [Windows]
[2017.08.07-15.44.56:960][  0]LogContentStreaming: Texture pool size is 0.00 MB
[2017.08.07-15.44.57:232][  0]LogMeshUtilities: Using QuadricMeshReduction for automatic static mesh reduction
[2017.08.07-15.44.57:300][  0]LogSimplygon: Simplygon DLL not present - disabling.
[2017.08.07-15.44.57:369][  0]LogMeshUtilities: Using SimplygonSwarm for distributed automatic mesh merging
[2017.08.07-15.44.57:369][  0]LogMeshUtilities: No automatic skeletal mesh reduction module available
[2017.08.07-15.44.57:369][  0]LogMeshUtilities: No automatic mesh merging module available
[2017.08.07-15.44.58:006][  0]LogNetVersion: GetLocalNetworkVersion: CL: 3299760, ProjectName: secondplayer, ProjectVersion: , EngineNetworkVersion: 2, GameNetworkVersion: 0, NetworkChecksum: 3451978818
[2017.08.07-15.44.58:072][  0]LogAssetRegistry: FAssetRegistry took 0.0212 seconds to start up
[2017.08.07-15.44.58:137][  0]LogPackageLocalizationCache: Processed 3 localized package path(s) for 1 prioritized culture(s) in 0.017497 seconds
[2017.08.07-15.44.58:141][  0]LogUObjectArray: 32493 objects as part of root set at end of initial load.
[2017.08.07-15.44.58:141][  0]LogUObjectAllocator: 7077032 out of 0 bytes used by permanent object pool.
[2017.08.07-15.44.58:141][  0]LogUObjectArray: CloseDisregardForGC: 0/0 objects in disregard for GC pool
[2017.08.07-15.44.58:257][  0]LogInit: WinSock: version 1.1 (2.2), MaxSocks=32767, MaxUdp=65467
[2017.08.07-15.45.00:539][  0]LogTcpMessaging: Initializing TcpMessaging bridge
[2017.08.07-15.45.00:596][  0]LogUdpMessaging: Initializing bridge on interface 0.0.0.0:0 to multicast group 230.0.0.1:6666.
[2017.08.07-15.45.01:416][  0]LogMaterial: Uniform references updated for custom material expression Custom.
[2017.08.07-15.45.02:000][  0]SourceControl: Info Source control is disabled
[2017.08.07-15.45.02:033][  0]SourceControl: Info Source control is disabled
[2017.08.07-15.45.02:104][  0]SourceControl: Info Source control is disabled
[2017.08.07-15.45.02:173][  0]SourceControl: Info Source control is disabled
[2017.08.07-15.45.04:191][  0]LogEngine: Initializing Engine...
[2017.08.07-15.45.04:191][  0]LogHMD: Failed to initialize OpenVR with code 110
[2017.08.07-15.45.04:488][  0]LogAIModule: Creating AISystem for world Untitled
[2017.08.07-15.45.04:494][  0]LogInit: XAudio2 using 'Altavoces (Realtek High Definition Audio)' : 2 channels at 48 kHz using 32 bits per sample (channel mask 0x3)
[2017.08.07-15.45.04:508][  0]LogInit: FAudioDevice initialized.
[2017.08.07-15.45.04:530][  0]LogDerivedDataCache: Saved boot cache 0.02s 51MB C:/Users/Guille/AppData/Local/UnrealEngine/4.15/DerivedDataCache/Boot.ddc.
[2017.08.07-15.45.04:536][  0]LogInit: Texture streaming: Enabled
[2017.08.07-15.45.04:684][  0]LogEngineSessionManager: EngineSessionManager initialized
[2017.08.07-15.45.04:819][  0]LogWindowsTextInputMethodSystem:Display: IME system now deactivated.
[2017.08.07-15.45.04:864][  0]LogInit: Transaction tracking system initialized
[2017.08.07-15.45.05:505][  0]BlueprintLog: New page: Editor Load
[2017.08.07-15.45.07:334][  0]LocalizationService: Info Localization service is disabled
[2017.08.07-15.45.08:594][  0]LogConsoleResponse:Display: 
[2017.08.07-15.45.08:785][  0]LogCook:Display: Max memory allowance for cook 16384mb min free memory 0mb
[2017.08.07-15.45.08:785][  0]LogCook:Display: Mobile HDR setting 1
[2017.08.07-15.45.09:406][  0]LogFileCache: Scanning file cache for directory 'C:/Users/Guille/Documents/Unreal Projects/TFG-Videogame/SecondPlayer/Content/' took 0.02s
[2017.08.07-15.45.10:940][  0]SourceControl: Info Source control is disabled
[2017.08.07-15.45.10:940][  0]Cmd: MAP LOAD FILE="../../../../../../Users/Guille/Documents/Unreal Projects/TFG-Videogame/SecondPlayer/Content/Maps/MainMenu.umap" TEMPLATE=0 SHOWPROGRESS=1 FEATURELEVEL=3
[2017.08.07-15.45.10:944][  0]LightingResults: New page: Lighting Build
[2017.08.07-15.45.11:006][  0]MapCheck: New page: Map Check
[2017.08.07-15.45.11:006][  0]LightingResults: New page: Lighting Build
[2017.08.07-15.45.11:165][  0]LogAIModule: Creating AISystem for world MainMenu
[2017.08.07-15.45.11:199][  0]LogEditorServer: Finished looking for orphan Actors (0.000 secs)
[2017.08.07-15.45.11:201][  0]Cmd: MAP CHECKDEP NOCLEARLOG
[2017.08.07-15.45.11:314][  0]MapCheck: Info Map check complete: 0 Error(s), 0 Warning(s), took 113.319ms to complete.
[2017.08.07-15.45.11:314][  0]LogFileHelpers: Loading map 'MainMenu' took 0.375
[2017.08.07-15.45.11:763][  0]LogCollectionManager: Loaded 0 collections in 0.001435 seconds
[2017.08.07-15.45.11:929][  0]LogFileCache: Scanning file cache for directory 'C:/Users/Guille/Documents/Unreal Projects/TFG-Videogame/SecondPlayer/Saved/Collections/' took 0.01s
[2017.08.07-15.45.11:929][  0]LogFileCache: Scanning file cache for directory 'C:/Users/Guille/Documents/Unreal Projects/TFG-Videogame/SecondPlayer/Content/Developers/Guille/Collections/' took 0.01s
[2017.08.07-15.45.11:929][  0]LogFileCache: Scanning file cache for directory 'C:/Users/Guille/Documents/Unreal Projects/TFG-Videogame/SecondPlayer/Content/Collections/' took 0.01s
[2017.08.07-15.45.11:929][  0]LogCollectionManager: Rebuilt the GUID cache for 0 collections in 0.000002 seconds
[2017.08.07-15.45.11:948][  0]LogContentBrowser: Native class hierarchy populated in 0.0161 seconds. Added 2250 classes and 455 folders.
[2017.08.07-15.45.11:959][  0]LogStats: UGameplayTagsManager::ConstructGameplayTagTree: Construct from data asset -  0.000 s
[2017.08.07-15.45.11:960][  0]LogStats: UGameplayTagsManager::ConstructGameplayTagTree: GameplayTagTreeChangedEvent.Broadcast -  0.000 s
[2017.08.07-15.45.12:125][  0]LogContentBrowser: Native class hierarchy updated for 'WidgetCarousel' in 0.0023 seconds. Added 0 classes and 0 folders.
[2017.08.07-15.45.12:589][  0]LogContentBrowser: Native class hierarchy updated for 'AddContentDialog' in 0.0021 seconds. Added 0 classes and 0 folders.
[2017.08.07-15.45.12:710][  0]LogContentBrowser: Native class hierarchy updated for 'SceneOutliner' in 0.0023 seconds. Added 1 classes and 2 folders.
[2017.08.07-15.45.12:849][  0]LogCrashTracker: Crashtracker disabled due to settings.
[2017.08.07-15.45.12:867][  0]LogUObjectGlobals:Warning: Failed to find object 'Class None.'
[2017.08.07-15.45.13:002][  0]LogContentBrowser: Native class hierarchy updated for 'HierarchicalLODOutliner' in 0.0024 seconds. Added 1 classes and 2 folders.
[2017.08.07-15.45.13:002][  0]LogLoad: (Engine Initialization) Total time: 24.24 seconds
[2017.08.07-15.45.13:002][  0]LogLoad: (Engine Initialization) Total Blueprint compile time: 0.12 seconds
[2017.08.07-15.45.13:002][  0]LogExternalProfiler: Found external profiler: VSPerf
[2017.08.07-15.45.13:003][  0]LogExternalProfiler: Using external profiler: VSPerf
[2017.08.07-15.45.13:012][  0]LogOcInput: OculusInput pre-init called
[2017.08.07-15.45.13:039][  0]LogContentStreaming: Texture pool size now 1000 MB
[2017.08.07-15.45.13:041][  0]LogSlate: Took 0.000276 seconds to synchronously load lazily loaded font '../../../Engine/Content/Slate/Fonts/Roboto-Regular.ttf' (155K)
[2017.08.07-15.45.13:046][  0]LogSlate: Took 0.000219 seconds to synchronously load lazily loaded font '../../../Engine/Content/Slate/Fonts/Roboto-Bold.ttf' (160K)
[2017.08.07-15.45.13:064][  0]LogSlate: Took 0.007496 seconds to synchronously load lazily loaded font '../../../Engine/Content/Editor/Slate/Fonts/FontAwesome.ttf' (139K)
[2017.08.07-15.45.13:249][  0]LogSlate: Took 0.006358 seconds to synchronously load lazily loaded font '../../../Engine/Content/Slate/Fonts/Roboto-Light.ttf' (159K)
[2017.08.07-15.45.13:315][  1]LogRenderer: Reallocating scene render targets to support 796x328 NumSamples 1 (Frame:2).
[2017.08.07-15.45.13:315][  1]LogSlate: Took 0.036145 seconds to synchronously load lazily loaded font '../../../Engine/Content/Slate/Fonts/DroidSansFallback.ttf' (3848K)
[2017.08.07-15.45.13:337][  1]LogAssetRegistry: Asset discovery search completed in 15.2869 seconds
[2017.08.07-15.45.13:338][  1]LogCollectionManager: Rebuilt the object cache for 0 collections in 0.000006 seconds (found 0 objects)
[2017.08.07-15.45.13:338][  1]LogCollectionManager: Fixed up redirectors for 0 collections in 0.000033 seconds (updated 0 objects)
[2017.08.07-15.45.35:965][446]LogTemp: Repeting last play command: New Editor Window (PIE)
[2017.08.07-15.45.35:992][446]LogBlueprintUserMessages: Early PlayInEditor Detection: Level '/Game/Maps/MainMenu.MainMenu:PersistentLevel' has LevelScriptBlueprint '/Game/Maps/MainMenu.MainMenu:PersistentLevel.MainMenu' with GeneratedClass '/Game/Maps/MainMenu.MainMenu_C' with ClassGeneratedBy '/Game/Maps/MainMenu.MainMenu:PersistentLevel.MainMenu'
[2017.08.07-15.45.35:993][446]LogPlayLevel: PlayLevel: No blueprints needed recompiling
[2017.08.07-15.45.35:999][446]PIE: New page: PIE session: MainMenu (Aug 7, 2017, 7:45:35 PM)
[2017.08.07-15.45.36:001][446]LogPlayLevel: Creating play world package: /Game/Maps/UEDPIE_1_MainMenu
[2017.08.07-15.45.36:005][446]LogPlayLevel: PIE: StaticDuplicateObject took: (0.004349s)
[2017.08.07-15.45.36:006][446]LogAIModule: Creating AISystem for world MainMenu
[2017.08.07-15.45.36:006][446]LogPlayLevel: PIE: World Init took: (0.001020s)
[2017.08.07-15.45.36:007][446]LogPlayLevel: PIE: Created PIE world by copying editor world from /Game/Maps/MainMenu.MainMenu to /Game/Maps/UEDPIE_1_MainMenu.MainMenu (0.007162s)
[2017.08.07-15.45.36:028][446]LogInit: XAudio2 using 'Altavoces (Realtek High Definition Audio)' : 2 channels at 48 kHz using 32 bits per sample (channel mask 0x3)
[2017.08.07-15.45.36:036][446]LogInit: FAudioDevice initialized.
[2017.08.07-15.45.36:109][446]LogUObjectGlobals:Warning: Failed to find object 'Class /Script/SecondPlayer.SecondPlayerGameMode'
[2017.08.07-15.45.36:109][446]LogLoad: Game class is 'GameModeBase'
[2017.08.07-15.45.36:122][446]LogWorld: Bringing World /Game/Maps/UEDPIE_1_MainMenu.MainMenu up for play (max tick rate 0) at 2017.08.07-17.45.36
[2017.08.07-15.45.36:124][446]LogWorld: Bringing up level for play took: 0.003216
[2017.08.07-15.45.36:242][446]LogContentBrowser: Native class hierarchy updated for 'MovieSceneCapture' in 0.0016 seconds. Added 11 classes and 0 folders.
[2017.08.07-15.45.36:256][446]LogInit: WinSock: Socket queue 131072 / 131072
[2017.08.07-15.45.36:260][446]LogInit: WinSock: I am LAPTOP-GONF5L48 (192.168.1.45:0)
[2017.08.07-15.45.36:261][446]PacketHandlerLog: Loaded PacketHandler component: Engine.EngineHandlerComponentFactory (StatelessConnectHandlerComponent)
[2017.08.07-15.45.36:263][446]LogNet: GameNetDriver IpNetDriver_0 IpNetDriver listening on port 7777
[2017.08.07-15.45.36:283][446]PIE: Info Play in editor start time for /Game/Maps/UEDPIE_1_MainMenu 0.218
[2017.08.07-15.45.36:286][446]PIE: New page: PIE session: MainMenu (Aug 7, 2017, 7:45:36 PM)
[2017.08.07-15.45.36:342][446]LogNet: Browse: 127.0.0.1//Game/Maps/MainMenu
[2017.08.07-15.45.36:342][446]LogInit: WinSock: Socket queue 32768 / 32768
[2017.08.07-15.45.36:343][446]PacketHandlerLog: Loaded PacketHandler component: Engine.EngineHandlerComponentFactory (StatelessConnectHandlerComponent)
[2017.08.07-15.45.36:344][446]LogNet: Game client on port 7777, rate 10000
[2017.08.07-15.45.36:345][446]LogNetVersion: GetLocalNetworkVersion: CL: 3299760, ProjectName: secondplayer, ProjectVersion: 1.0.0.0, EngineNetworkVersion: 2, GameNetworkVersion: 0, NetworkChecksum: 3156986858
[2017.08.07-15.45.36:345][446]LogNet: UPendingNetGame::InitNetDriver: Sending hello. [UNetConnection] RemoteAddr: 127.0.0.1:7777, Name: IpConnection_0, Driver: PendingNetDriver IpNetDriver_1, IsServer: NO, PC: NULL, Owner: NULL
[2017.08.07-15.45.36:351][446]PIE: Info Play in editor start time for /Game/Maps/MainMenu 0.286
[2017.08.07-15.45.36:358][446]LogBlueprintUserMessages: Late PlayInEditor Detection: Level '/Game/Maps/MainMenu.MainMenu:PersistentLevel' has LevelScriptBlueprint '/Game/Maps/MainMenu.MainMenu:PersistentLevel.MainMenu' with GeneratedClass '/Game/Maps/MainMenu.MainMenu_C' with ClassGeneratedBy '/Game/Maps/MainMenu.MainMenu:PersistentLevel.MainMenu'
[2017.08.07-15.45.36:359][446]LogNet: NotifyAcceptingConnection accepted from: 127.0.0.1:52675
[2017.08.07-15.45.36:360][446]LogHandshake: SendConnectChallenge. Timestamp: 0.008333, Cookie: 252015136250185104150017118198215245114202020013084097088098
[2017.08.07-15.45.36:428][446]LogHandshake: SendChallengeResponse. Timestamp: 0.008333, Cookie: 252015136250185104150017118198215245114202020013084097088098
[2017.08.07-15.45.36:456][447]LogRenderer: Reallocating scene render targets to support 1272x688 NumSamples 1 (Frame:1436).
[2017.08.07-15.45.36:457][447]LogNet: NotifyAcceptingConnection accepted from: 127.0.0.1:52675
[2017.08.07-15.45.36:457][447]LogNet: Server accepting post-challenge connection from: 127.0.0.1:52675
[2017.08.07-15.45.36:458][447]PacketHandlerLog: Loaded PacketHandler component: Engine.EngineHandlerComponentFactory (StatelessConnectHandlerComponent)
[2017.08.07-15.45.36:458][447]LogNet: NotifyAcceptedConnection: Name: MainMenu, TimeStamp: 08/07/17 17:45:36, [UNetConnection] RemoteAddr: 127.0.0.1:52675, Name: IpConnection_1, Driver: GameNetDriver IpNetDriver_0, IsServer: YES, PC: NULL, Owner: NULL
[2017.08.07-15.45.36:458][447]LogNet: AddClientConnection: Added client connection: [UNetConnection] RemoteAddr: 127.0.0.1:52675, Name: IpConnection_1, Driver: GameNetDriver IpNetDriver_0, IsServer: YES, PC: NULL, Owner: NULL
[2017.08.07-15.45.36:458][447]LogNet: NotifyAcceptingChannel Control 0 server World /Game/Maps/UEDPIE_1_MainMenu.MainMenu: Accepted
[2017.08.07-15.45.36:459][447]LogNet: Remote platform little endian=1
[2017.08.07-15.45.36:459][447]LogNet: This platform little endian=1
[2017.08.07-15.45.36:655][448]LogNet: Login request: /Game/Maps/MainMenu userId: Invalid
[2017.08.07-15.45.36:657][448]LogNet: Welcomed by server (Level: /Game/Maps/UEDPIE_1_MainMenu, Game: /Script/Engine.GameModeBase)
[2017.08.07-15.45.36:658][448]LogLoad: LoadMap: 127.0.0.1//Game/Maps/UEDPIE_1_MainMenu?game=/Script/Engine.GameModeBase
[2017.08.07-15.45.36:691][448]Cmd: MEM
[2017.08.07-15.45.36:719][448]LogMemory: Platform Memory Stats for Windows
[2017.08.07-15.45.36:719][448]LogMemory: Process Physical Memory: 1276.60 MB used, 1276.60 MB peak
[2017.08.07-15.45.36:719][448]LogMemory: Process Virtual Memory: 1281.96 MB used, 1281.96 MB peak
[2017.08.07-15.45.36:719][448]LogMemory: Physical Memory: 7599.73 MB used,  460.50 MB free, 8060.23 MB total
[2017.08.07-15.45.36:719][448]LogMemory: Virtual Memory: 2052.76 MB used,  460.50 MB free, 134217728.00 MB total
[2017.08.07-15.45.36:719][448]LogMemory: 
[2017.08.07-15.45.36:719][448]Allocator Stats for TBB: (not implemented)
[2017.08.07-15.45.36:722][448]LogAIModule: Creating AISystem for world MainMenu
[2017.08.07-15.45.36:723][448]LogWorld: Bringing World /Game/Maps/UEDPIE_2_MainMenu.MainMenu up for play (max tick rate 0) at 2017.08.07-17.45.36
[2017.08.07-15.45.36:725][448]LogWorld: Bringing up level for play took: 0.001627
[2017.08.07-15.45.36:725][448]LogLoad: Took 0.066114 seconds to LoadMap(/Game/Maps/UEDPIE_1_MainMenu)
[2017.08.07-15.45.36:759][449]LogNet: Client netspeed is 10000
[2017.08.07-15.45.36:759][449]LogNet: Join request: /Game/Maps/MainMenu?SplitscreenCount=1
[2017.08.07-15.45.36:771][449]LogNet: Join succeeded: 257
[2017.08.07-15.45.39:576][507]LogNet: Browse: /Game/Maps/firsttry
[2017.08.07-15.45.39:576][507]LogLoad: LoadMap: /Game/Maps/firsttry
[2017.08.07-15.45.39:577][507]LogNet: World NetDriver shutdown IpNetDriver_0 [GameNetDriver]
[2017.08.07-15.45.39:578][507]LogNet: DestroyNamedNetDriver IpNetDriver_0 [GameNetDriver]
[2017.08.07-15.45.39:580][507]LogNet: UNetConnection::Cleanup: Closing open connection. [UNetConnection] RemoteAddr: 127.0.0.1:52675, Name: IpConnection_1, Driver: GameNetDriver IpNetDriver_0, IsServer: YES, PC: PlayerController_1, Owner: PlayerController_1
[2017.08.07-15.45.39:581][507]LogNet: UNetConnection::Close: [UNetConnection] RemoteAddr: 127.0.0.1:52675, Name: IpConnection_1, Driver: GameNetDriver IpNetDriver_0, IsServer: YES, PC: PlayerController_1, Owner: PlayerController_1, Channels: 10, Time: 2017.08.07-15.45.39
[2017.08.07-15.45.39:581][507]LogNet: UChannel::Close: Sending CloseBunch. ChIndex == 0. Name: [UChannel] ChIndex: 0, Closing: 0 [UNetConnection] RemoteAddr: 127.0.0.1:52675, Name: IpConnection_1, Driver: GameNetDriver IpNetDriver_0, IsServer: YES, PC: PlayerController_1, Owner: PlayerController_1
[2017.08.07-15.45.39:584][507]LogExit: GameNetDriver IpNetDriver_0 shut down
[2017.08.07-15.45.39:661][507]Cmd: MEM
[2017.08.07-15.45.39:687][507]LogMemory: Platform Memory Stats for Windows
[2017.08.07-15.45.39:687][507]LogMemory: Process Physical Memory: 1354.72 MB used, 1354.72 MB peak
[2017.08.07-15.45.39:687][507]LogMemory: Process Virtual Memory: 1326.28 MB used, 1330.69 MB peak
[2017.08.07-15.45.39:687][507]LogMemory: Physical Memory: 7549.94 MB used,  510.29 MB free, 8060.23 MB total
[2017.08.07-15.45.39:687][507]LogMemory: Virtual Memory: 2101.92 MB used,  510.29 MB free, 134217728.00 MB total
[2017.08.07-15.45.39:687][507]LogMemory: 
[2017.08.07-15.45.39:687][507]Allocator Stats for TBB: (not implemented)
[2017.08.07-15.45.40:806][507]LogAIModule: Creating AISystem for world firsttry
[2017.08.07-15.45.40:808][507]LogLoad: Game class is 'GameModeBase'
[2017.08.07-15.45.40:827][507]LogWorld: Bringing World /Game/Maps/UEDPIE_1_firsttry.firsttry up for play (max tick rate 0) at 2017.08.07-17.45.40
[2017.08.07-15.45.40:829][507]LogWorld: Bringing up level for play took: 0.020408
[2017.08.07-15.45.40:838][507]LogScript:Warning: Accessed None trying to read property PawnCamera
	HUD_C /Engine/Transient.UnrealEdEngine_0:GameInstance_0.HUD_C_0
	Function /Game/UI/HUD.HUD_C:GetText_0:003D
[2017.08.07-15.45.40:839][507]PIE:Error: Error Blueprint Runtime Error: Accessed None trying to read property PawnCamera from function: 'GetText_0' from node: Return Node in graph: GetText_0 in object: HUD with description: Accessed None trying to read property PawnCamera
[2017.08.07-15.45.40:840][507]LogLoad: Took 1.263108 seconds to LoadMap(/Game/Maps/firsttry)
[2017.08.07-15.45.40:846][507]LogNet:Warning: Network Failure: GameNetDriver[FailureReceived]: Host closed the connection.
[2017.08.07-15.45.40:846][507]LogNet:Warning: Network Failure: GameNetDriver[FailureReceived]: Host closed the connection.
[2017.08.07-15.45.40:847][507]LogNet: NetworkFailure: FailureReceived, Error: 'Host closed the connection.'
[2017.08.07-15.45.40:847][507]LogNet: UNetConnection::Close: [UNetConnection] RemoteAddr: 127.0.0.1:7777, Name: IpConnection_0, Driver: GameNetDriver IpNetDriver_1, IsServer: NO, PC: PlayerController_1, Owner: PlayerController_1, Channels: 10, Time: 2017.08.07-15.45.40
[2017.08.07-15.45.40:847][507]LogNet: UChannel::Close: Sending CloseBunch. ChIndex == 0. Name: [UChannel] ChIndex: 0, Closing: 0 [UNetConnection] RemoteAddr: 127.0.0.1:7777, Name: IpConnection_0, Driver: GameNetDriver IpNetDriver_1, IsServer: NO, PC: PlayerController_1, Owner: PlayerController_1
[2017.08.07-15.45.40:847][507]LogNet:Warning: Network Failure: GameNetDriver[ConnectionLost]: Your connection to the host has been lost.
[2017.08.07-15.45.40:847][507]LogNet:Warning: Network Failure: GameNetDriver[ConnectionLost]: Your connection to the host has been lost.
[2017.08.07-15.45.40:847][507]LogNet: NetworkFailure: ConnectionLost, Error: 'Your connection to the host has been lost.'
[2017.08.07-15.45.40:894][508]LogNet: Browse: /Game/Maps/MainMenu?closed
[2017.08.07-15.45.40:894][508]LogNet: Failed; returning to Entry
[2017.08.07-15.45.40:894][508]LogLoad: LoadMap: /Game/Maps/MainMenu?closed
[2017.08.07-15.45.40:894][508]LogNet: World NetDriver shutdown IpNetDriver_1 [GameNetDriver]
[2017.08.07-15.45.40:894][508]LogNet: DestroyNamedNetDriver IpNetDriver_1 [GameNetDriver]
[2017.08.07-15.45.40:894][508]LogExit: GameNetDriver IpNetDriver_1 shut down
[2017.08.07-15.45.41:310][508]Cmd: MEM
[2017.08.07-15.45.41:335][508]LogMemory: Platform Memory Stats for Windows
[2017.08.07-15.45.41:336][508]LogMemory: Process Physical Memory: 1523.23 MB used, 1524.71 MB peak
[2017.08.07-15.45.41:336][508]LogMemory: Process Virtual Memory: 1463.83 MB used, 1463.83 MB peak
[2017.08.07-15.45.41:336][508]LogMemory: Physical Memory: 7752.25 MB used,  307.98 MB free, 8060.23 MB total
[2017.08.07-15.45.41:336][508]LogMemory: Virtual Memory: 2255.28 MB used,  307.98 MB free, 134217728.00 MB total
[2017.08.07-15.45.41:336][508]LogMemory: 
[2017.08.07-15.45.41:336][508]Allocator Stats for TBB: (not implemented)
[2017.08.07-15.45.41:336][508]LogPlayLevel: Creating play world package: /Game/Maps/UEDPIE_2_MainMenu
[2017.08.07-15.45.41:337][508]LogPlayLevel: PIE: StaticDuplicateObject took: (0.001036s)
[2017.08.07-15.45.41:337][508]LogAIModule: Creating AISystem for world MainMenu
[2017.08.07-15.45.41:337][508]LogPlayLevel: PIE: World Init took: (0.000672s)
[2017.08.07-15.45.41:338][508]LogPlayLevel: PIE: Created PIE world by copying editor world from /Game/Maps/MainMenu.MainMenu to /Game/Maps/UEDPIE_2_MainMenu.MainMenu (0.001949s)
[2017.08.07-15.45.41:338][508]LogLoad: Game class is 'GameModeBase'
[2017.08.07-15.45.41:339][508]LogWorld: Bringing World /Game/Maps/UEDPIE_2_MainMenu.MainMenu up for play (max tick rate 0) at 2017.08.07-17.45.41
[2017.08.07-15.45.41:339][508]LogWorld: Bringing up level for play took: 0.000758
[2017.08.07-15.45.41:340][508]LogGameMode: FindPlayerStart: PATHS NOT DEFINED or NO PLAYERSTART with positive rating
[2017.08.07-15.45.41:341][508]LogLoad: Took 0.447562 seconds to LoadMap(/Game/Maps/UEDPIE_2_MainMenu)
[2017.08.07-15.46.28:328][251]LogBlueprintUserMessages: Early EndPlayMap Detection: Level '/Game/Maps/MainMenu.MainMenu:PersistentLevel' has LevelScriptBlueprint '/Game/Maps/MainMenu.MainMenu:PersistentLevel.MainMenu' with GeneratedClass '/Game/Maps/MainMenu.MainMenu_C' with ClassGeneratedBy '/Game/Maps/MainMenu.MainMenu:PersistentLevel.MainMenu'
[2017.08.07-15.46.28:534][251]LogBlueprintUserMessages: Late EndPlayMap Detection: Level '/Game/Maps/MainMenu.MainMenu:PersistentLevel' has LevelScriptBlueprint '/Game/Maps/MainMenu.MainMenu:PersistentLevel.MainMenu' with GeneratedClass '/Game/Maps/MainMenu.MainMenu_C' with ClassGeneratedBy '/Game/Maps/MainMenu.MainMenu:PersistentLevel.MainMenu'
[2017.08.07-15.46.39:624][483]LogTemp: Repeting last play command: New Editor Window (PIE)
[2017.08.07-15.46.39:640][483]LogBlueprintUserMessages: Early PlayInEditor Detection: Level '/Game/Maps/MainMenu.MainMenu:PersistentLevel' has LevelScriptBlueprint '/Game/Maps/MainMenu.MainMenu:PersistentLevel.MainMenu' with GeneratedClass '/Game/Maps/MainMenu.MainMenu_C' with ClassGeneratedBy '/Game/Maps/MainMenu.MainMenu:PersistentLevel.MainMenu'
[2017.08.07-15.46.39:640][483]LogPlayLevel: PlayLevel: No blueprints needed recompiling
[2017.08.07-15.46.39:641][483]PIE: New page: PIE session: MainMenu (Aug 7, 2017, 7:46:39 PM)
[2017.08.07-15.46.39:641][483]LogPlayLevel: Creating play world package: /Game/Maps/UEDPIE_1_MainMenu
[2017.08.07-15.46.39:643][483]LogPlayLevel: PIE: StaticDuplicateObject took: (0.001726s)
[2017.08.07-15.46.39:644][483]LogAIModule: Creating AISystem for world MainMenu
[2017.08.07-15.46.39:644][483]LogPlayLevel: PIE: World Init took: (0.000794s)
[2017.08.07-15.46.39:644][483]LogPlayLevel: PIE: Created PIE world by copying editor world from /Game/Maps/MainMenu.MainMenu to /Game/Maps/UEDPIE_1_MainMenu.MainMenu (0.002818s)
[2017.08.07-15.46.39:669][483]LogInit: XAudio2 using 'Altavoces (Realtek High Definition Audio)' : 2 channels at 48 kHz using 32 bits per sample (channel mask 0x3)
[2017.08.07-15.46.39:678][483]LogInit: FAudioDevice initialized.
[2017.08.07-15.46.39:722][483]LogLoad: Game class is 'GameModeBase'
[2017.08.07-15.46.39:723][483]LogWorld: Bringing World /Game/Maps/UEDPIE_1_MainMenu.MainMenu up for play (max tick rate 0) at 2017.08.07-17.46.39
[2017.08.07-15.46.39:723][483]LogWorld: Bringing up level for play took: 0.001129
[2017.08.07-15.46.39:725][483]LogInit: WinSock: Socket queue 131072 / 131072
[2017.08.07-15.46.39:726][483]PacketHandlerLog: Loaded PacketHandler component: Engine.EngineHandlerComponentFactory (StatelessConnectHandlerComponent)
[2017.08.07-15.46.39:726][483]LogNet: GameNetDriver IpNetDriver_2 IpNetDriver listening on port 7777
[2017.08.07-15.46.39:731][483]PIE: Info Play in editor start time for /Game/Maps/UEDPIE_1_MainMenu -0.334
[2017.08.07-15.46.39:734][483]PIE: New page: PIE session: MainMenu (Aug 7, 2017, 7:46:39 PM)
[2017.08.07-15.46.39:780][483]LogNet: Browse: 127.0.0.1//Game/Maps/MainMenu
[2017.08.07-15.46.39:780][483]LogInit: WinSock: Socket queue 32768 / 32768
[2017.08.07-15.46.39:781][483]PacketHandlerLog: Loaded PacketHandler component: Engine.EngineHandlerComponentFactory (StatelessConnectHandlerComponent)
[2017.08.07-15.46.39:781][483]LogNet: Game client on port 7777, rate 10000
[2017.08.07-15.46.39:782][483]LogNet: UPendingNetGame::InitNetDriver: Sending hello. [UNetConnection] RemoteAddr: 127.0.0.1:7777, Name: IpConnection_2, Driver: PendingNetDriver IpNetDriver_3, IsServer: NO, PC: NULL, Owner: NULL
[2017.08.07-15.46.39:788][483]PIE: Info Play in editor start time for /Game/Maps/MainMenu -0.277
[2017.08.07-15.46.39:798][483]LogBlueprintUserMessages: Late PlayInEditor Detection: Level '/Game/Maps/MainMenu.MainMenu:PersistentLevel' has LevelScriptBlueprint '/Game/Maps/MainMenu.MainMenu:PersistentLevel.MainMenu' with GeneratedClass '/Game/Maps/MainMenu.MainMenu_C' with ClassGeneratedBy '/Game/Maps/MainMenu.MainMenu:PersistentLevel.MainMenu'
[2017.08.07-15.46.39:799][483]LogNet: NotifyAcceptingConnection accepted from: 127.0.0.1:64167
[2017.08.07-15.46.39:799][483]LogHandshake: SendConnectChallenge. Timestamp: 0.008333, Cookie: 172218202025134006176110244198141060029231135234060241003065
[2017.08.07-15.46.39:800][483]LogHandshake: SendChallengeResponse. Timestamp: 0.008333, Cookie: 172218202025134006176110244198141060029231135234060241003065
[2017.08.07-15.46.39:830][484]LogNet: NotifyAcceptingConnection accepted from: 127.0.0.1:64167
[2017.08.07-15.46.39:831][484]LogNet: Server accepting post-challenge connection from: 127.0.0.1:64167
[2017.08.07-15.46.39:831][484]PacketHandlerLog: Loaded PacketHandler component: Engine.EngineHandlerComponentFactory (StatelessConnectHandlerComponent)
[2017.08.07-15.46.39:831][484]LogNet: NotifyAcceptedConnection: Name: MainMenu, TimeStamp: 08/07/17 17:46:39, [UNetConnection] RemoteAddr: 127.0.0.1:64167, Name: IpConnection_3, Driver: GameNetDriver IpNetDriver_2, IsServer: YES, PC: NULL, Owner: NULL
[2017.08.07-15.46.39:831][484]LogNet: AddClientConnection: Added client connection: [UNetConnection] RemoteAddr: 127.0.0.1:64167, Name: IpConnection_3, Driver: GameNetDriver IpNetDriver_2, IsServer: YES, PC: NULL, Owner: NULL
[2017.08.07-15.46.39:832][484]LogNet: NotifyAcceptingChannel Control 0 server World /Game/Maps/UEDPIE_1_MainMenu.MainMenu: Accepted
[2017.08.07-15.46.39:832][484]LogNet: Remote platform little endian=1
[2017.08.07-15.46.39:832][484]LogNet: This platform little endian=1
[2017.08.07-15.46.39:849][485]LogNet: Login request: /Game/Maps/MainMenu userId: Invalid
[2017.08.07-15.46.39:850][485]LogNet: Welcomed by server (Level: /Game/Maps/UEDPIE_1_MainMenu, Game: /Script/Engine.GameModeBase)
[2017.08.07-15.46.39:850][485]LogLoad: LoadMap: 127.0.0.1//Game/Maps/UEDPIE_1_MainMenu?game=/Script/Engine.GameModeBase
[2017.08.07-15.46.39:898][485]Cmd: MEM
[2017.08.07-15.46.39:921][485]LogMemory: Platform Memory Stats for Windows
[2017.08.07-15.46.39:921][485]LogMemory: Process Physical Memory: 686.07 MB used, 1621.54 MB peak
[2017.08.07-15.46.39:921][485]LogMemory: Process Virtual Memory: 1550.53 MB used, 1587.59 MB peak
[2017.08.07-15.46.39:921][485]LogMemory: Physical Memory: 4827.99 MB used,  3232.24 MB free, 8060.23 MB total
[2017.08.07-15.46.39:921][485]LogMemory: Virtual Memory: 2408.86 MB used,  3232.24 MB free, 134217728.00 MB total
[2017.08.07-15.46.39:921][485]LogMemory: 
[2017.08.07-15.46.39:921][485]Allocator Stats for TBB: (not implemented)
[2017.08.07-15.46.39:923][485]LogAIModule: Creating AISystem for world MainMenu
[2017.08.07-15.46.39:924][485]LogWorld: Bringing World /Game/Maps/UEDPIE_2_MainMenu.MainMenu up for play (max tick rate 0) at 2017.08.07-17.46.39
[2017.08.07-15.46.39:924][485]LogWorld: Bringing up level for play took: 0.000881
[2017.08.07-15.46.39:925][485]LogLoad: Took 0.074423 seconds to LoadMap(/Game/Maps/UEDPIE_1_MainMenu)
[2017.08.07-15.46.39:952][486]LogNet: Client netspeed is 10000
[2017.08.07-15.46.39:952][486]LogNet: Join request: /Game/Maps/MainMenu?SplitscreenCount=1
[2017.08.07-15.46.39:955][486]LogNet: Join succeeded: 261
[2017.08.07-15.47.00:331][877]LogBlueprintUserMessages: Early EndPlayMap Detection: Level '/Game/Maps/MainMenu.MainMenu:PersistentLevel' has LevelScriptBlueprint '/Game/Maps/MainMenu.MainMenu:PersistentLevel.MainMenu' with GeneratedClass '/Game/Maps/MainMenu.MainMenu_C' with ClassGeneratedBy '/Game/Maps/MainMenu.MainMenu:PersistentLevel.MainMenu'
[2017.08.07-15.47.00:434][877]LogBlueprintUserMessages: Late EndPlayMap Detection: Level '/Game/Maps/MainMenu.MainMenu:PersistentLevel' has LevelScriptBlueprint '/Game/Maps/MainMenu.MainMenu:PersistentLevel.MainMenu' with GeneratedClass '/Game/Maps/MainMenu.MainMenu_C' with ClassGeneratedBy '/Game/Maps/MainMenu.MainMenu:PersistentLevel.MainMenu'
[2017.08.07-15.47.00:457][877]LogNet: UChannel::CleanUp: ChIndex == 0. Closing connection. [UChannel] ChIndex: 0, Closing: 0 [UNetConnection] RemoteAddr: 127.0.0.1:64167, Name: IpConnection_3, Driver: GameNetDriver IpNetDriver_2, IsServer: YES, PC: None, Owner: None
[2017.08.07-15.47.00:457][877]LogNet: UNetConnection::Close: [UNetConnection] RemoteAddr: 127.0.0.1:64167, Name: IpConnection_3, Driver: GameNetDriver IpNetDriver_2, IsServer: YES, PC: None, Owner: None, Channels: 2, Time: 2017.08.07-15.47.00
[2017.08.07-15.47.00:457][877]LogNet: UChannel::Close: Sending CloseBunch. ChIndex == 0. Name: [UChannel] ChIndex: 0, Closing: 0 [UNetConnection] RemoteAddr: 127.0.0.1:64167, Name: IpConnection_3, Driver: GameNetDriver IpNetDriver_2, IsServer: YES, PC: None, Owner: None
[2017.08.07-15.47.00:457][877]LogNet: UChannel::CleanUp: ChIndex == 0. Closing connection. [UChannel] ChIndex: 0, Closing: 0 [UNetConnection] RemoteAddr: 127.0.0.1:7777, Name: IpConnection_2, Driver: GameNetDriver IpNetDriver_3, IsServer: NO, PC: None, Owner: None
[2017.08.07-15.47.00:457][877]LogNet: UNetConnection::Close: [UNetConnection] RemoteAddr: 127.0.0.1:7777, Name: IpConnection_2, Driver: GameNetDriver IpNetDriver_3, IsServer: NO, PC: None, Owner: None, Channels: 2, Time: 2017.08.07-15.47.00
[2017.08.07-15.47.00:457][877]LogNet: UChannel::Close: Sending CloseBunch. ChIndex == 0. Name: [UChannel] ChIndex: 0, Closing: 0 [UNetConnection] RemoteAddr: 127.0.0.1:7777, Name: IpConnection_2, Driver: GameNetDriver IpNetDriver_3, IsServer: NO, PC: None, Owner: None
[2017.08.07-15.47.00:460][877]LogExit: GameNetDriver None shut down
[2017.08.07-15.47.00:460][877]LogExit: GameNetDriver None shut down
[2017.08.07-15.47.09:918][867]LogEditorViewport: Clicking Background
[2017.08.07-15.47.11:073][928]LogTemp: Repeting last play command: New Editor Window (PIE)
[2017.08.07-15.47.11:098][928]LogBlueprintUserMessages: Early PlayInEditor Detection: Level '/Game/Maps/MainMenu.MainMenu:PersistentLevel' has LevelScriptBlueprint '/Game/Maps/MainMenu.MainMenu:PersistentLevel.MainMenu' with GeneratedClass '/Game/Maps/MainMenu.MainMenu_C' with ClassGeneratedBy '/Game/Maps/MainMenu.MainMenu:PersistentLevel.MainMenu'
[2017.08.07-15.47.11:098][928]LogPlayLevel: PlayLevel: No blueprints needed recompiling
[2017.08.07-15.47.11:098][928]PIE: New page: PIE session: MainMenu (Aug 7, 2017, 7:47:11 PM)
[2017.08.07-15.47.11:098][928]LogPlayLevel: Creating play world package: /Game/Maps/UEDPIE_0_MainMenu
[2017.08.07-15.47.11:100][928]LogPlayLevel: PIE: StaticDuplicateObject took: (0.001794s)
[2017.08.07-15.47.11:101][928]LogAIModule: Creating AISystem for world MainMenu
[2017.08.07-15.47.11:102][928]LogPlayLevel: PIE: World Init took: (0.001091s)
[2017.08.07-15.47.11:102][928]LogPlayLevel: PIE: Created PIE world by copying editor world from /Game/Maps/MainMenu.MainMenu to /Game/Maps/UEDPIE_0_MainMenu.MainMenu (0.003379s)
[2017.08.07-15.47.11:131][928]LogInit: XAudio2 using 'Altavoces (Realtek High Definition Audio)' : 2 channels at 48 kHz using 32 bits per sample (channel mask 0x3)
[2017.08.07-15.47.11:140][928]LogInit: FAudioDevice initialized.
[2017.08.07-15.47.11:180][928]LogLoad: Game class is 'GameModeBase'
[2017.08.07-15.47.11:182][928]LogWorld: Bringing World /Game/Maps/UEDPIE_0_MainMenu.MainMenu up for play (max tick rate 0) at 2017.08.07-17.47.11
[2017.08.07-15.47.11:182][928]LogWorld: Bringing up level for play took: 0.001064
[2017.08.07-15.47.11:187][928]PIE: Info Play in editor start time for /Game/Maps/UEDPIE_0_MainMenu -0.879
[2017.08.07-15.47.11:187][928]LogBlueprintUserMessages: Late PlayInEditor Detection: Level '/Game/Maps/MainMenu.MainMenu:PersistentLevel' has LevelScriptBlueprint '/Game/Maps/MainMenu.MainMenu:PersistentLevel.MainMenu' with GeneratedClass '/Game/Maps/MainMenu.MainMenu_C' with ClassGeneratedBy '/Game/Maps/MainMenu.MainMenu:PersistentLevel.MainMenu'
[2017.08.07-15.47.11:245][928]LogRenderer: Reallocating scene render targets to support 1292x756 NumSamples 1 (Frame:4050).
[2017.08.07-15.47.15:670][ 88]LogBlueprintUserMessages: Early EndPlayMap Detection: Level '/Game/Maps/MainMenu.MainMenu:PersistentLevel' has LevelScriptBlueprint '/Game/Maps/MainMenu.MainMenu:PersistentLevel.MainMenu' with GeneratedClass '/Game/Maps/MainMenu.MainMenu_C' with ClassGeneratedBy '/Game/Maps/MainMenu.MainMenu:PersistentLevel.MainMenu'
[2017.08.07-15.47.15:707][ 88]LogBlueprintUserMessages: Late EndPlayMap Detection: Level '/Game/Maps/MainMenu.MainMenu:PersistentLevel' has LevelScriptBlueprint '/Game/Maps/MainMenu.MainMenu:PersistentLevel.MainMenu' with GeneratedClass '/Game/Maps/MainMenu.MainMenu_C' with ClassGeneratedBy '/Game/Maps/MainMenu.MainMenu:PersistentLevel.MainMenu'
[2017.08.07-15.47.19:159][261]LogTemp: Repeting last play command: New Editor Window (PIE)
[2017.08.07-15.47.19:178][261]LogBlueprintUserMessages: Early PlayInEditor Detection: Level '/Game/Maps/MainMenu.MainMenu:PersistentLevel' has LevelScriptBlueprint '/Game/Maps/MainMenu.MainMenu:PersistentLevel.MainMenu' with GeneratedClass '/Game/Maps/MainMenu.MainMenu_C' with ClassGeneratedBy '/Game/Maps/MainMenu.MainMenu:PersistentLevel.MainMenu'
[2017.08.07-15.47.19:179][261]LogPlayLevel: PlayLevel: No blueprints needed recompiling
[2017.08.07-15.47.19:179][261]PIE: New page: PIE session: MainMenu (Aug 7, 2017, 7:47:19 PM)
[2017.08.07-15.47.19:179][261]LogPlayLevel: Creating play world package: /Game/Maps/UEDPIE_0_MainMenu
[2017.08.07-15.47.19:180][261]LogPlayLevel: PIE: StaticDuplicateObject took: (0.001101s)
[2017.08.07-15.47.19:180][261]LogAIModule: Creating AISystem for world MainMenu
[2017.08.07-15.47.19:181][261]LogPlayLevel: PIE: World Init took: (0.000718s)
[2017.08.07-15.47.19:181][261]LogPlayLevel: PIE: Created PIE world by copying editor world from /Game/Maps/MainMenu.MainMenu to /Game/Maps/UEDPIE_0_MainMenu.MainMenu (0.002063s)
[2017.08.07-15.47.19:206][261]LogInit: XAudio2 using 'Altavoces (Realtek High Definition Audio)' : 2 channels at 48 kHz using 32 bits per sample (channel mask 0x3)
[2017.08.07-15.47.19:215][261]LogInit: FAudioDevice initialized.
[2017.08.07-15.47.19:257][261]LogLoad: Game class is 'GameModeBase'
[2017.08.07-15.47.19:258][261]LogWorld: Bringing World /Game/Maps/UEDPIE_0_MainMenu.MainMenu up for play (max tick rate 0) at 2017.08.07-17.47.19
[2017.08.07-15.47.19:258][261]LogWorld: Bringing up level for play took: 0.000764
[2017.08.07-15.47.19:265][261]PIE: Info Play in editor start time for /Game/Maps/UEDPIE_0_MainMenu -0.801
[2017.08.07-15.47.19:265][261]LogBlueprintUserMessages: Late PlayInEditor Detection: Level '/Game/Maps/MainMenu.MainMenu:PersistentLevel' has LevelScriptBlueprint '/Game/Maps/MainMenu.MainMenu:PersistentLevel.MainMenu' with GeneratedClass '/Game/Maps/MainMenu.MainMenu_C' with ClassGeneratedBy '/Game/Maps/MainMenu.MainMenu:PersistentLevel.MainMenu'
[2017.08.07-15.47.32:350][946]LogNet: Browse: /Game/Maps/firsttry
[2017.08.07-15.47.32:350][946]LogLoad: LoadMap: /Game/Maps/firsttry
[2017.08.07-15.47.32:424][946]Cmd: MEM
[2017.08.07-15.47.32:460][946]LogMemory: Platform Memory Stats for Windows
[2017.08.07-15.47.32:460][946]LogMemory: Process Physical Memory: 788.31 MB used, 1621.54 MB peak
[2017.08.07-15.47.32:460][946]LogMemory: Process Virtual Memory: 1397.32 MB used, 1610.19 MB peak
[2017.08.07-15.47.32:460][946]LogMemory: Physical Memory: 4733.61 MB used,  3326.62 MB free, 8060.23 MB total
[2017.08.07-15.47.32:460][946]LogMemory: Virtual Memory: 2349.64 MB used,  3326.62 MB free, 134217728.00 MB total
[2017.08.07-15.47.32:460][946]LogMemory: 
[2017.08.07-15.47.32:460][946]Allocator Stats for TBB: (not implemented)
[2017.08.07-15.47.33:261][946]LogAIModule: Creating AISystem for world firsttry
[2017.08.07-15.47.33:262][946]LogLoad: Game class is 'GameModeBase'
[2017.08.07-15.47.33:270][946]LogWorld: Bringing World /Game/Maps/UEDPIE_0_firsttry.firsttry up for play (max tick rate 0) at 2017.08.07-17.47.33
[2017.08.07-15.47.33:271][946]LogWorld: Bringing up level for play took: 0.006581
[2017.08.07-15.47.33:275][946]LogScript:Warning: Accessed None trying to read property PawnCamera
	HUD_C /Engine/Transient.UnrealEdEngine_0:GameInstance_5.HUD_C_1
	Function /Game/UI/HUD.HUD_C:GetText_0:003D
[2017.08.07-15.47.33:276][946]PIE:Error: Error Blueprint Runtime Error: Accessed None trying to read property PawnCamera from function: 'GetText_0' from node: Return Node in graph: GetText_0 in object: HUD with description: Accessed None trying to read property PawnCamera
[2017.08.07-15.47.33:277][946]LogLoad: Took 0.927136 seconds to LoadMap(/Game/Maps/firsttry)
[2017.08.07-15.56.36:071][493]LogHotReload: New module detected: UE4Editor-SecondPlayer-2264.dll
[2017.08.07-15.56.37:140][497]LogHotReload: Starting Hot-Reload from IDE
[2017.08.07-15.56.38:973][497]LogContentBrowser: Native class hierarchy updated for 'SecondPlayer' in 0.0309 seconds. Added 5 classes and 2 folders.
[2017.08.07-15.56.38:975][497]Display: HotReload successful (3 functions remapped  0 scriptstructs remapped)
[2017.08.07-15.56.39:307][497]LogContentBrowser: Native class hierarchy populated in 0.0577 seconds. Added 2252 classes and 459 folders.
[2017.08.07-15.56.39:785][497]Display: HotReload took  2.6s.
[2017.08.07-15.56.56:650][547]LogHotReload: New module detected: UE4Editor-SecondPlayer-3869.dll
[2017.08.07-15.56.57:365][550]LogHotReload: Starting Hot-Reload from IDE
[2017.08.07-15.56.59:220][550]LogContentBrowser: Native class hierarchy updated for 'SecondPlayer' in 0.0022 seconds. Added 5 classes and 2 folders.
[2017.08.07-15.56.59:223][550]Display: HotReload successful (3 functions remapped  0 scriptstructs remapped)
[2017.08.07-15.56.59:297][550]LogContentBrowser: Native class hierarchy populated in 0.0179 seconds. Added 2252 classes and 459 folders.
[2017.08.07-15.56.59:324][550]Display: HotReload took  2.0s.
[2017.08.07-15.58.37:970][878]LogD3D11RHI: Timed out while waiting for GPU to catch up. (0.5 s)
[2017.08.07-15.58.43:407][892]LogD3D11RHI: Timed out while waiting for GPU to catch up. (0.5 s)
[2017.08.07-15.58.44:019][893]LogD3D11RHI: Timed out while waiting for GPU to catch up. (0.5 s)
[2017.08.07-15.58.44:589][894]LogD3D11RHI: Timed out while waiting for GPU to catch up. (0.5 s)
[2017.08.07-15.58.45:245][895]LogD3D11RHI: Timed out while waiting for GPU to catch up. (0.5 s)
[2017.08.07-15.58.45:914][896]LogD3D11RHI: Timed out while waiting for GPU to catch up. (0.5 s)
[2017.08.07-15.58.50:391][906]LogD3D11RHI: Timed out while waiting for GPU to catch up. (0.5 s)
[2017.08.07-15.58.54:250][913]LogD3D11RHI: Timed out while waiting for GPU to catch up. (0.5 s)
[2017.08.07-15.58.55:015][914]LogD3D11RHI: Timed out while waiting for GPU to catch up. (0.5 s)
[2017.08.07-15.58.55:693][915]LogD3D11RHI: Timed out while waiting for GPU to catch up. (0.5 s)
[2017.08.07-15.58.56:424][916]LogD3D11RHI: Timed out while waiting for GPU to catch up. (0.5 s)
[2017.08.07-15.58.57:081][917]LogD3D11RHI: Timed out while waiting for GPU to catch up. (0.5 s)
[2017.08.07-15.58.57:852][918]LogD3D11RHI: Timed out while waiting for GPU to catch up. (0.5 s)
[2017.08.07-15.58.58:542][919]LogD3D11RHI: Timed out while waiting for GPU to catch up. (0.5 s)
[2017.08.07-15.58.59:672][921]LogD3D11RHI: Timed out while waiting for GPU to catch up. (0.5 s)
[2017.08.07-15.59.00:403][922]LogD3D11RHI: Timed out while waiting for GPU to catch up. (0.5 s)
[2017.08.07-15.59.01:084][923]LogD3D11RHI: Timed out while waiting for GPU to catch up. (0.5 s)
[2017.08.07-15.59.01:755][924]LogD3D11RHI: Timed out while waiting for GPU to catch up. (0.5 s)
[2017.08.07-15.59.02:454][925]LogD3D11RHI: Timed out while waiting for GPU to catch up. (0.5 s)
[2017.08.07-15.59.03:214][926]LogD3D11RHI: Timed out while waiting for GPU to catch up. (0.5 s)
[2017.08.07-15.59.03:858][927]LogD3D11RHI: Timed out while waiting for GPU to catch up. (0.5 s)
[2017.08.07-15.59.05:059][929]LogD3D11RHI: Timed out while waiting for GPU to catch up. (0.5 s)
[2017.08.07-15.59.05:812][930]LogD3D11RHI: Timed out while waiting for GPU to catch up. (0.5 s)
[2017.08.07-15.59.06:503][931]LogD3D11RHI: Timed out while waiting for GPU to catch up. (0.5 s)
[2017.08.07-16.13.50:653][582]LogBlueprintUserMessages: Early EndPlayMap Detection: Level '/Game/Maps/MainMenu.MainMenu:PersistentLevel' has LevelScriptBlueprint '/Game/Maps/MainMenu.MainMenu:PersistentLevel.MainMenu' with GeneratedClass '/Game/Maps/MainMenu.MainMenu_C' with ClassGeneratedBy '/Game/Maps/MainMenu.MainMenu:PersistentLevel.MainMenu'
[2017.08.07-16.13.50:697][582]LogBlueprintUserMessages: Late EndPlayMap Detection: Level '/Game/Maps/MainMenu.MainMenu:PersistentLevel' has LevelScriptBlueprint '/Game/Maps/MainMenu.MainMenu:PersistentLevel.MainMenu' with GeneratedClass '/Game/Maps/MainMenu.MainMenu_C' with ClassGeneratedBy '/Game/Maps/MainMenu.MainMenu:PersistentLevel.MainMenu'
[2017.08.07-16.14.45:153][745]LogHotReload: New module detected: UE4Editor-SecondPlayer-4709.dll
[2017.08.07-16.14.48:171][755]LogHotReload: Starting Hot-Reload from IDE
[2017.08.07-16.14.48:188][755]LogSlate: Took 0.001531 seconds to synchronously load lazily loaded font '../../../Engine/Content/Slate/Fonts/Roboto-Light.ttf' (159K)
[2017.08.07-16.14.48:430][755]LogContentBrowser: Native class hierarchy updated for 'SecondPlayer' in 0.0029 seconds. Added 5 classes and 2 folders.
[2017.08.07-16.14.48:431][755]Display: HotReload successful (3 functions remapped  0 scriptstructs remapped)
[2017.08.07-16.14.48:585][755]LogContentBrowser: Native class hierarchy populated in 0.0555 seconds. Added 2252 classes and 459 folders.
[2017.08.07-16.14.48:593][755]Display: HotReload took  0.4s.
[2017.08.07-16.18.25:065][403]Cmd: QUIT_EDITOR
[2017.08.07-16.18.25:137][403]LogWindowsTextInputMethodSystem:Display: IME system now deactivated.
[2017.08.07-16.18.25:185][403]LogExit: Preparing to exit.
[2017.08.07-16.18.25:984][403]LogDirectoryWatcher: A directory notification for 'C:/Users/Guille/Documents/Unreal Projects/TFG-Videogame/SecondPlayer/Content/' was aborted.
[2017.08.07-16.18.26:070][403]LogExit: Editor shut down
[2017.08.07-16.18.26:082][403]LogExit: Transaction tracking system shut down
[2017.08.07-16.18.26:334][403]LogObj: Freed 0b from 0 cluster array pools.
[2017.08.07-16.18.26:335][403]LogExit: Object subsystem successfully closed.
[2017.08.07-16.18.26:374][403]LogD3D11RHI: Shutdown
[2017.08.07-16.18.26:374][403]LogD3D11RHI: CleanupD3DDevice
[2017.08.07-16.18.26:492][403]LogD3D11RHI: ~FD3D11DynamicRHI
[2017.08.07-16.18.26:543][403]LogModuleManager: Shutting down and abandoning module SecondPlayer (507)
[2017.08.07-16.18.26:543][403]LogModuleManager: Shutting down and abandoning module MovieSceneCapture (502)
[2017.08.07-16.18.26:543][403]LogModuleManager: Shutting down and abandoning module HierarchicalLODOutliner (500)
[2017.08.07-16.18.26:544][403]LogModuleManager: Shutting down and abandoning module CrashTracker (498)
[2017.08.07-16.18.26:544][403]LogModuleManager: Shutting down and abandoning module SceneOutliner (496)
[2017.08.07-16.18.26:544][403]LogModuleManager: Shutting down and abandoning module AddContentDialog (494)
[2017.08.07-16.18.26:544][403]LogDirectoryWatcher: A directory notification for 'C:/Program Files/Epic Games/UE_4.15/FeaturePacks/' was aborted.
[2017.08.07-16.18.26:552][403]LogModuleManager: Shutting down and abandoning module WidgetCarousel (493)
[2017.08.07-16.18.26:552][403]LogModuleManager: Shutting down and abandoning module EditorWidgets (490)
[2017.08.07-16.18.26:552][403]LogModuleManager: Shutting down and abandoning module CollectionManager (488)
[2017.08.07-16.18.26:552][403]LogDirectoryWatcher: A directory notification for 'C:/Users/Guille/Documents/Unreal Projects/TFG-Videogame/SecondPlayer/Content/Collections/' was aborted.
[2017.08.07-16.18.26:553][403]LogDirectoryWatcher: A directory notification for 'C:/Users/Guille/Documents/Unreal Projects/TFG-Videogame/SecondPlayer/Content/Developers/Guille/Collections/' was aborted.
[2017.08.07-16.18.26:553][403]LogDirectoryWatcher: A directory notification for 'C:/Users/Guille/Documents/Unreal Projects/TFG-Videogame/SecondPlayer/Saved/Collections/' was aborted.
[2017.08.07-16.18.26:553][403]LogModuleManager: Shutting down and abandoning module StatsViewer (486)
[2017.08.07-16.18.26:553][403]LogModuleManager: Shutting down and abandoning module FoliageEdit (484)
[2017.08.07-16.18.26:554][403]LogModuleManager: Shutting down and abandoning module LandscapeEditor (482)
[2017.08.07-16.18.26:555][403]LogModuleManager: Shutting down and abandoning module SceneDepthPickerMode (480)
[2017.08.07-16.18.26:555][403]LogModuleManager: Shutting down and abandoning module ActorPickerMode (478)
[2017.08.07-16.18.26:555][403]LogModuleManager: Shutting down and abandoning module GeometryMode (476)
[2017.08.07-16.18.26:555][403]LogModuleManager: Shutting down and abandoning module TextureAlignMode (474)
[2017.08.07-16.18.26:555][403]LogModuleManager: Shutting down and abandoning module BspMode (472)
[2017.08.07-16.18.26:555][403]LogModuleManager: Shutting down and abandoning module HardwareSurvey (470)
[2017.08.07-16.18.26:556][403]LogModuleManager: Shutting down and abandoning module SequenceRecorderSections (468)
[2017.08.07-16.18.26:556][403]LogModuleManager: Shutting down and abandoning module AutomationWorker (466)
[2017.08.07-16.18.26:556][403]LogModuleManager: Shutting down and abandoning module MatineeToLevelSequence (464)
[2017.08.07-16.18.26:557][403]LogModuleManager: Shutting down and abandoning module LevelSequenceEditor (462)
[2017.08.07-16.18.26:560][403]LogModuleManager: Shutting down and abandoning module PlacementMode (461)
[2017.08.07-16.18.26:560][403]LogModuleManager: Shutting down and abandoning module WmfMediaFactory (458)
[2017.08.07-16.18.26:560][403]LogModuleManager: Shutting down and abandoning module WmfMediaEditor (456)
[2017.08.07-16.18.26:560][403]LogModuleManager: Shutting down and abandoning module MfMediaFactory (454)
[2017.08.07-16.18.26:560][403]LogModuleManager: Shutting down and abandoning module MfMediaEditor (452)
[2017.08.07-16.18.26:560][403]LogModuleManager: Shutting down and abandoning module AvfMediaFactory (450)
[2017.08.07-16.18.26:560][403]LogModuleManager: Shutting down and abandoning module AvfMediaEditor (448)
[2017.08.07-16.18.26:560][403]LogModuleManager: Shutting down and abandoning module AndroidMediaFactory (446)
[2017.08.07-16.18.26:560][403]LogModuleManager: Shutting down and abandoning module Media (445)
[2017.08.07-16.18.26:560][403]LogModuleManager: Shutting down and abandoning module AndroidMediaEditor (442)
[2017.08.07-16.18.26:560][403]LogModuleManager: Shutting down and abandoning module CharacterAI (440)
[2017.08.07-16.18.26:560][403]LogModuleManager: Shutting down and abandoning module AudioCapture (438)
[2017.08.07-16.18.26:560][403]LogModuleManager: Shutting down and abandoning module SequenceRecorder (437)
[2017.08.07-16.18.26:562][403]LogModuleManager: Shutting down and abandoning module SmartSnapping (434)
[2017.08.07-16.18.26:562][403]LogModuleManager: Shutting down and abandoning module SessionServices (432)
[2017.08.07-16.18.26:562][403]LogModuleManager: Shutting down and abandoning module ViewportSnapping (430)
[2017.08.07-16.18.26:562][403]LogModuleManager: Shutting down and abandoning module ViewportInteraction (428)
[2017.08.07-16.18.26:562][403]LogModuleManager: Shutting down and abandoning module LogVisualizer (426)
[2017.08.07-16.18.26:563][403]LogModuleManager: Shutting down and abandoning module IntroTutorials (424)
[2017.08.07-16.18.26:564][403]LogModuleManager: Shutting down and abandoning module GameProjectGeneration (423)
[2017.08.07-16.18.26:565][403]LogModuleManager: Shutting down and abandoning module EditorLiveStreaming (420)
[2017.08.07-16.18.26:565][403]LogModuleManager: Shutting down and abandoning module IOSPlatformEditor (418)
[2017.08.07-16.18.26:565][403]LogModuleManager: Shutting down and abandoning module HTML5PlatformEditor (416)
[2017.08.07-16.18.26:565][403]LogModuleManager: Shutting down and abandoning module AndroidPlatformEditor (414)
[2017.08.07-16.18.26:566][403]LogModuleManager: Shutting down and abandoning module AndroidDeviceDetection (413)
[2017.08.07-16.18.26:973][403]LogModuleManager: Shutting down and abandoning module IOSRuntimeSettings (410)
[2017.08.07-16.18.26:973][403]LogModuleManager: Shutting down and abandoning module AndroidRuntimeSettings (408)
[2017.08.07-16.18.26:973][403]LogModuleManager: Shutting down and abandoning module InputBindingEditor (406)
[2017.08.07-16.18.26:978][403]LogModuleManager: Shutting down and abandoning module NiagaraEditor (404)
[2017.08.07-16.18.26:981][403]LogModuleManager: Shutting down and abandoning module MergeActors (402)
[2017.08.07-16.18.26:982][403]LogModuleManager: Shutting down and abandoning module SizeMap (400)
[2017.08.07-16.18.26:983][403]LogModuleManager: Shutting down and abandoning module TreeMap (398)
[2017.08.07-16.18.26:984][403]LogModuleManager: Shutting down and abandoning module ReferenceViewer (396)
[2017.08.07-16.18.26:984][403]LogModuleManager: Shutting down and abandoning module LocalizationDashboard (394)
[2017.08.07-16.18.26:985][403]LogModuleManager: Shutting down and abandoning module LocalizationService (393)
[2017.08.07-16.18.26:986][403]LogModuleManager: Shutting down and abandoning module HardwareTargeting (390)
[2017.08.07-16.18.26:987][403]LogModuleManager: Shutting down and abandoning module DeviceProfileEditor (388)
[2017.08.07-16.18.26:988][403]LogModuleManager: Shutting down and abandoning module UndoHistory (386)
[2017.08.07-16.18.26:988][403]LogModuleManager: Shutting down and abandoning module UserFeedback (384)
[2017.08.07-16.18.26:988][403]LogModuleManager: Shutting down and abandoning module XmlParser (382)
[2017.08.07-16.18.26:989][403]LogModuleManager: Shutting down and abandoning module Blutility (380)
[2017.08.07-16.18.26:990][403]LogModuleManager: Shutting down and abandoning module ProjectSettingsViewer (378)
[2017.08.07-16.18.26:990][403]LogModuleManager: Shutting down and abandoning module ProjectTargetPlatformEditor (377)
[2017.08.07-16.18.26:991][403]LogModuleManager: Shutting down and abandoning module EditorSettingsViewer (374)
[2017.08.07-16.18.26:992][403]LogModuleManager: Shutting down and abandoning module SettingsEditor (372)
[2017.08.07-16.18.26:993][403]LogModuleManager: Shutting down and abandoning module ProjectLauncher (370)
[2017.08.07-16.18.26:995][403]LogModuleManager: Shutting down and abandoning module SessionFrontend (368)
[2017.08.07-16.18.26:996][403]LogModuleManager: Shutting down and abandoning module ProfilerClient (366)
[2017.08.07-16.18.26:997][403]LogModuleManager: Shutting down and abandoning module DeviceManager (364)
[2017.08.07-16.18.27:000][403]LogModuleManager: Shutting down and abandoning module TargetDeviceServices (363)
[2017.08.07-16.18.27:054][403]LogModuleManager: Shutting down and abandoning module AutomationController (360)
[2017.08.07-16.18.27:060][403]LogModuleManager: Shutting down and abandoning module AutomationWindow (358)
[2017.08.07-16.18.27:061][403]LogModuleManager: Shutting down and abandoning module Layers (356)
[2017.08.07-16.18.27:064][403]LogModuleManager: Shutting down and abandoning module ComponentVisualizers (354)
[2017.08.07-16.18.27:064][403]LogModuleManager: Shutting down and abandoning module DetailCustomizations (352)
[2017.08.07-16.18.27:067][403]LogModuleManager: Shutting down and abandoning module PackagesDialog (350)
[2017.08.07-16.18.27:070][403]LogModuleManager: Shutting down and abandoning module Persona (348)
[2017.08.07-16.18.27:072][403]LogModuleManager: Shutting down and abandoning module AnimGraph (347)
[2017.08.07-16.18.27:072][403]LogModuleManager: Shutting down and abandoning module Kismet (344)
[2017.08.07-16.18.27:075][403]LogModuleManager: Shutting down and abandoning module GraphEditor (342)
[2017.08.07-16.18.27:079][403]LogModuleManager: Shutting down and abandoning module ClassViewer (340)
[2017.08.07-16.18.27:080][403]LogModuleManager: Shutting down and abandoning module Toolbox (338)
[2017.08.07-16.18.27:080][403]LogModuleManager: Shutting down and abandoning module ModuleUI (336)
[2017.08.07-16.18.27:081][403]LogModuleManager: Shutting down and abandoning module MovieSceneTools (334)
[2017.08.07-16.18.27:082][403]LogModuleManager: Shutting down and abandoning module OutputLog (332)
[2017.08.07-16.18.27:082][403]LogModuleManager: Shutting down and abandoning module GammaUI (330)
[2017.08.07-16.18.27:082][403]LogModuleManager: Shutting down and abandoning module Documentation (328)
[2017.08.07-16.18.27:082][403]LogModuleManager: Shutting down and abandoning module Niagara (326)
[2017.08.07-16.18.27:083][403]LogModuleManager: Shutting down and abandoning module StreamingPauseRendering (324)
[2017.08.07-16.18.27:083][403]LogModuleManager: Shutting down and abandoning module AnalyticsET (322)
[2017.08.07-16.18.27:083][403]LogModuleManager: Shutting down and abandoning module PortalServices (320)
[2017.08.07-16.18.27:083][403]LogModuleManager: Shutting down and abandoning module PortalRpc (318)
[2017.08.07-16.18.27:083][403]LogModuleManager: Shutting down and abandoning module MessagingRpc (316)
[2017.08.07-16.18.27:083][403]LogModuleManager: Shutting down and abandoning module AIModule (314)
[2017.08.07-16.18.27:083][403]LogModuleManager: Shutting down and abandoning module GameplayDebugger (313)
[2017.08.07-16.18.27:084][403]LogModuleManager: Shutting down and abandoning module AITestSuite (311)
[2017.08.07-16.18.27:084][403]LogModuleManager: Shutting down and abandoning module ProfilerService (308)
[2017.08.07-16.18.27:163][403]LogModuleManager: Shutting down and abandoning module TaskGraph (306)
[2017.08.07-16.18.27:169][403]LogModuleManager: Shutting down and abandoning module SteamVRController (304)
[2017.08.07-16.18.27:169][403]LogModuleManager: Shutting down and abandoning module SteamVR (302)
[2017.08.07-16.18.27:169][403]LogModuleManager: Shutting down and abandoning module ProceduralMeshComponentEditor (300)
[2017.08.07-16.18.27:169][403]LogModuleManager: Shutting down and abandoning module ProceduralMeshComponent (298)
[2017.08.07-16.18.27:170][403]LogModuleManager: Shutting down and abandoning module OculusLibrary (296)
[2017.08.07-16.18.27:170][403]LogModuleManager: Shutting down and abandoning module OculusInput (294)
[2017.08.07-16.18.27:170][403]LogModuleManager: Shutting down and abandoning module MobilePatchingUtils (292)
[2017.08.07-16.18.27:170][403]LogModuleManager: Shutting down and abandoning module CustomMeshComponent (290)
[2017.08.07-16.18.27:170][403]LogModuleManager: Shutting down and abandoning module CableComponent (288)
[2017.08.07-16.18.27:171][403]LogModuleManager: Shutting down and abandoning module ArchVisCharacter (286)
[2017.08.07-16.18.27:171][403]LogModuleManager: Shutting down and abandoning module MediaPlayerEditor (282)
[2017.08.07-16.18.27:174][403]LogModuleManager: Shutting down and abandoning module HTML5Networking (280)
[2017.08.07-16.18.27:174][403]LogModuleManager: Shutting down and abandoning module AlembicImporter (278)
[2017.08.07-16.18.27:175][403]LogModuleManager: Shutting down and abandoning module AlembicLibrary (277)
[2017.08.07-16.18.27:175][403]LogModuleManager: Shutting down and abandoning module GeometryCache (276)
[2017.08.07-16.18.27:176][403]LogModuleManager: Shutting down and abandoning module GeometryCacheEd (275)
[2017.08.07-16.18.27:176][403]LogModuleManager: Shutting down and abandoning module SuperSearchEditor (270)
[2017.08.07-16.18.27:176][403]LogModuleManager: Shutting down and abandoning module SuperSearch (269)
[2017.08.07-16.18.27:176][403]LogModuleManager: Shutting down and abandoning module SpeedTreeImporter (266)
[2017.08.07-16.18.27:176][403]LogModuleManager: Shutting down and abandoning module PluginBrowser (264)
[2017.08.07-16.18.27:179][403]LogModuleManager: Shutting down and abandoning module MobileLauncherProfileWizard (262)
[2017.08.07-16.18.27:180][403]LogModuleManager: Shutting down and abandoning module EpicSurvey (260)
[2017.08.07-16.18.27:180][403]LogModuleManager: Shutting down and abandoning module VisualStudioSourceCodeAccess (258)
[2017.08.07-16.18.27:180][403]LogModuleManager: Shutting down and abandoning module DesktopPlatform (257)
[2017.08.07-16.18.27:181][403]LogModuleManager: Shutting down and abandoning module UObjectPlugin (254)
[2017.08.07-16.18.27:181][403]LogModuleManager: Shutting down and abandoning module SubversionSourceControl (252)
[2017.08.07-16.18.27:182][403]LogModuleManager: Shutting down and abandoning module PerforceSourceControl (250)
[2017.08.07-16.18.27:184][403]LogModuleManager: Shutting down and abandoning module GitSourceControl (248)
[2017.08.07-16.18.27:184][403]LogModuleManager: Shutting down and abandoning module SourceControl (247)
[2017.08.07-16.18.27:185][403]LogModuleManager: Shutting down and abandoning module LightPropagationVolumeEditor (244)
[2017.08.07-16.18.27:185][403]LogModuleManager: Shutting down and abandoning module PaperTiledImporter (242)
[2017.08.07-16.18.27:185][403]LogModuleManager: Shutting down and abandoning module PaperSpriteSheetImporter (240)
[2017.08.07-16.18.27:185][403]LogModuleManager: Shutting down and abandoning module Paper2DEditor (238)
[2017.08.07-16.18.27:187][403]LogModuleManager: Shutting down and abandoning module MeshPaint (237)
[2017.08.07-16.18.27:188][403]LogModuleManager: Shutting down and abandoning module LevelEditor (235)
[2017.08.07-16.18.27:194][403]LogModuleManager: Shutting down and abandoning module PixelInspectorModule (234)
[2017.08.07-16.18.27:195][403]LogModuleManager: Shutting down and abandoning module MainFrame (232)
[2017.08.07-16.18.27:195][403]LogModuleManager: Shutting down and abandoning module HotReload (231)
[2017.08.07-16.18.27:196][403]LogDirectoryWatcher: A directory notification for 'C:/Users/Guille/Documents/Unreal Projects/TFG-Videogame/SecondPlayer/Binaries/Win64' was aborted.
[2017.08.07-16.18.27:196][403]LogModuleManager: Shutting down and abandoning module ContentBrowser (227)
[2017.08.07-16.18.27:199][403]LogModuleManager: Shutting down and abandoning module PhysXVehiclesEditor (222)
[2017.08.07-16.18.27:200][403]LogModuleManager: Shutting down and abandoning module PhysXVehicles (220)
[2017.08.07-16.18.27:200][403]LogModuleManager: Shutting down and abandoning module LocationServicesBPLibrary (218)
[2017.08.07-16.18.27:200][403]LogModuleManager: Shutting down and abandoning module UdpMessaging (216)
[2017.08.07-16.18.27:301][403]LogModuleManager: Shutting down and abandoning module TcpMessaging (214)
[2017.08.07-16.18.27:405][403]LogModuleManager: Shutting down and abandoning module GameplayTagsEditor (212)
[2017.08.07-16.18.27:413][403]LogModuleManager: Shutting down and abandoning module FacialAnimationEditor (210)
[2017.08.07-16.18.27:414][403]LogModuleManager: Shutting down and abandoning module FacialAnimation (208)
[2017.08.07-16.18.27:414][403]LogModuleManager: Shutting down and abandoning module LightPropagationVolumeRuntime (206)
[2017.08.07-16.18.27:414][403]LogModuleManager: Shutting down and abandoning module Paper2D (204)
[2017.08.07-16.18.27:414][403]LogModuleManager: Shutting down and abandoning module WindowsMoviePlayer (202)
[2017.08.07-16.18.27:415][403]LogModuleManager: Shutting down and abandoning module WmfMedia (200)
[2017.08.07-16.18.27:418][403]LogModuleManager: Shutting down and abandoning module MfMedia (198)
[2017.08.07-16.18.27:418][403]LogModuleManager: Shutting down and abandoning module MediaAssets (196)
[2017.08.07-16.18.27:418][403]LogModuleManager: Shutting down and abandoning module GameLiveStreaming (194)
[2017.08.07-16.18.27:420][403]LogModuleManager: Shutting down and abandoning module VREditor (192)
[2017.08.07-16.18.27:421][403]LogModuleManager: Shutting down and abandoning module GameplayTasksEditor (190)
[2017.08.07-16.18.27:421][403]LogModuleManager: Shutting down and abandoning module BehaviorTreeEditor (188)
[2017.08.07-16.18.27:424][403]LogModuleManager: Shutting down and abandoning module FunctionalTesting (186)
[2017.08.07-16.18.27:424][403]LogModuleManager: Shutting down and abandoning module CollisionAnalyzer (184)
[2017.08.07-16.18.27:426][403]LogModuleManager: Shutting down and abandoning module UMG (182)
[2017.08.07-16.18.27:426][403]LogModuleManager: Shutting down and abandoning module UMGEditor (181)
[2017.08.07-16.18.27:429][403]LogModuleManager: Shutting down and abandoning module Sequencer (180)
[2017.08.07-16.18.27:431][403]LogModuleManager: Shutting down and abandoning module AssetTools (178)
[2017.08.07-16.18.27:439][403]LogModuleManager: Shutting down and abandoning module MessageLog (177)
[2017.08.07-16.18.27:439][403]LogModuleManager: Shutting down and abandoning module WorkspaceMenuStructure (176)
[2017.08.07-16.18.27:439][403]LogModuleManager: Shutting down and abandoning module SlateReflector (170)
[2017.08.07-16.18.27:442][403]LogModuleManager: Shutting down and abandoning module Slate (168)
[2017.08.07-16.18.27:442][403]LogModuleManager: Shutting down and abandoning module EditorStyle (166)
[2017.08.07-16.18.27:451][403]LogModuleManager: Shutting down and abandoning module SourceCodeAccess (164)
[2017.08.07-16.18.27:452][403]LogModuleManager: Shutting down and abandoning module HeadMountedDisplay (162)
[2017.08.07-16.18.27:452][403]LogModuleManager: Shutting down and abandoning module XAudio2 (160)
[2017.08.07-16.18.27:452][403]LogModuleManager: Shutting down and abandoning module Networking (158)
[2017.08.07-16.18.27:452][403]LogModuleManager: Shutting down and abandoning module Core (154)
[2017.08.07-16.18.27:452][403]LogModuleManager: Shutting down and abandoning module AssetRegistry (152)
[2017.08.07-16.18.27:618][403]LogDirectoryWatcher: A directory notification for '../../../Engine/Content/' was aborted.
[2017.08.07-16.18.27:618][403]LogDirectoryWatcher: A directory notification for '../../../../../../Users/Guille/Documents/Unreal Projects/TFG-Videogame/SecondPlayer/Content/' was aborted.
[2017.08.07-16.18.27:619][403]LogDirectoryWatcher: A directory notification for '../../../Engine/Plugins/2D/Paper2D/Content/' was aborted.
[2017.08.07-16.18.27:619][403]LogModuleManager: Shutting down and abandoning module DirectoryWatcher (151)
[2017.08.07-16.18.27:628][403]LogModuleManager: Shutting down and abandoning module KismetCompiler (148)
[2017.08.07-16.18.27:628][403]LogModuleManager: Shutting down and abandoning module PhysXFormats (146)
[2017.08.07-16.18.27:628][403]LogModuleManager: Shutting down and abandoning module MeshUtilities (144)
[2017.08.07-16.18.27:630][403]LogModuleManager: Shutting down and abandoning module SimplygonSwarm (143)
[2017.08.07-16.18.27:631][403]LogModuleManager: Shutting down and abandoning module SimplygonMeshReduction (141)
[2017.08.07-16.18.27:631][403]LogModuleManager: Shutting down and abandoning module QuadricMeshReduction (139)
[2017.08.07-16.18.27:632][403]LogModuleManager: Shutting down and abandoning module PropertyEditor (137)
[2017.08.07-16.18.27:632][403]LogModuleManager: Shutting down and abandoning module DerivedDataCache (134)
[2017.08.07-16.18.27:657][403]LogDerivedDataCache: Shutdown
[2017.08.07-16.18.27:657][403]LogModuleManager: Shutting down and abandoning module TargetPlatform (132)
[2017.08.07-16.18.27:657][403]LogModuleManager: Shutting down and abandoning module VulkanShaderFormat (131)
[2017.08.07-16.18.27:658][403]LogModuleManager: Shutting down and abandoning module ShaderFormatOpenGL (129)
[2017.08.07-16.18.27:659][403]LogModuleManager: Shutting down and abandoning module ShaderFormatD3D (127)
[2017.08.07-16.18.27:659][403]LogModuleManager: Shutting down and abandoning module MetalShaderFormat (125)
[2017.08.07-16.18.27:660][403]LogModuleManager: Shutting down and abandoning module TextureFormatUncompressed (123)
[2017.08.07-16.18.27:660][403]LogModuleManager: Shutting down and abandoning module TextureFormatPVR (121)
[2017.08.07-16.18.27:660][403]LogModuleManager: Shutting down and abandoning module TextureFormatDXT (119)
[2017.08.07-16.18.27:661][403]LogModuleManager: Shutting down and abandoning module TextureFormatIntelISPCTexComp (117)
[2017.08.07-16.18.27:662][403]LogModuleManager: Shutting down and abandoning module TextureFormatASTC (115)
[2017.08.07-16.18.27:662][403]LogModuleManager: Shutting down and abandoning module ImageWrapper (114)
[2017.08.07-16.18.27:662][403]LogModuleManager: Shutting down and abandoning module TextureFormatAndroid (111)
[2017.08.07-16.18.27:662][403]LogModuleManager: Shutting down and abandoning module AudioFormatOpus (109)
[2017.08.07-16.18.27:664][403]LogModuleManager: Shutting down and abandoning module AudioFormatOgg (107)
[2017.08.07-16.18.27:664][403]LogModuleManager: Shutting down and abandoning module AudioFormatADPCM (105)
[2017.08.07-16.18.27:664][403]LogModuleManager: Shutting down and abandoning module LinuxTargetPlatform (103)
[2017.08.07-16.18.27:664][403]LogModuleManager: Shutting down and abandoning module LinuxServerTargetPlatform (101)
[2017.08.07-16.18.27:664][403]LogModuleManager: Shutting down and abandoning module LinuxNoEditorTargetPlatform (99)
[2017.08.07-16.18.27:664][403]LogModuleManager: Shutting down and abandoning module LinuxClientTargetPlatform (97)
[2017.08.07-16.18.27:664][403]LogModuleManager: Shutting down and abandoning module TVOSTargetPlatform (95)
[2017.08.07-16.18.27:664][403]LogModuleManager: Shutting down and abandoning module Messaging (93)
[2017.08.07-16.18.27:664][403]LogModuleManager: Shutting down and abandoning module IOSTargetPlatform (91)
[2017.08.07-16.18.27:664][403]LogModuleManager: Shutting down and abandoning module HTML5TargetPlatform (89)
[2017.08.07-16.18.27:664][403]LogModuleManager: Shutting down and abandoning module Android_PVRTCTargetPlatform (87)
[2017.08.07-16.18.27:664][403]LogModuleManager: Shutting down and abandoning module Android_MultiTargetPlatform (85)
[2017.08.07-16.18.27:664][403]LogModuleManager: Shutting down and abandoning module Android_ETC2TargetPlatform (83)
[2017.08.07-16.18.27:664][403]LogModuleManager: Shutting down and abandoning module Android_ETC1TargetPlatform (81)
[2017.08.07-16.18.27:664][403]LogModuleManager: Shutting down and abandoning module Android_DXTTargetPlatform (79)
[2017.08.07-16.18.27:664][403]LogModuleManager: Shutting down and abandoning module Android_ATCTargetPlatform (77)
[2017.08.07-16.18.27:664][403]LogModuleManager: Shutting down and abandoning module Android_ASTCTargetPlatform (75)
[2017.08.07-16.18.27:664][403]LogModuleManager: Shutting down and abandoning module AndroidTargetPlatform (73)
[2017.08.07-16.18.27:665][403]LogModuleManager: Shutting down and abandoning module WindowsTargetPlatform (71)
[2017.08.07-16.18.27:665][403]LogModuleManager: Shutting down and abandoning module WindowsServerTargetPlatform (69)
[2017.08.07-16.18.27:665][403]LogModuleManager: Shutting down and abandoning module WindowsNoEditorTargetPlatform (67)
[2017.08.07-16.18.27:665][403]LogModuleManager: Shutting down and abandoning module WindowsClientTargetPlatform (65)
[2017.08.07-16.18.27:665][403]LogModuleManager: Shutting down and abandoning module MacTargetPlatform (63)
[2017.08.07-16.18.27:665][403]LogModuleManager: Shutting down and abandoning module MacServerTargetPlatform (61)
[2017.08.07-16.18.27:665][403]LogModuleManager: Shutting down and abandoning module MacNoEditorTargetPlatform (59)
[2017.08.07-16.18.27:667][403]LogModuleManager: Shutting down and abandoning module MacClientTargetPlatform (57)
[2017.08.07-16.18.27:667][403]LogModuleManager: Shutting down and abandoning module AllDesktopTargetPlatform (55)
[2017.08.07-16.18.27:667][403]LogModuleManager: Shutting down and abandoning module InputCore (52)
[2017.08.07-16.18.27:667][403]LogModuleManager: Shutting down and abandoning module Settings (50)
[2017.08.07-16.18.27:667][403]LogModuleManager: Shutting down and abandoning module OculusRift (48)
[2017.08.07-16.18.27:669][403]LogModuleManager: Shutting down and abandoning module GearVR (46)
[2017.08.07-16.18.27:669][403]LogModuleManager: Shutting down and abandoning module ExampleDeviceProfileSelector (44)
[2017.08.07-16.18.27:669][403]LogModuleManager: Shutting down and abandoning module OnlineBlueprintSupport (42)
[2017.08.07-16.18.27:669][403]LogModuleManager: Shutting down and abandoning module OnlineSubsystem (38)
[2017.08.07-16.18.27:669][403]LogOnline:Display: Unloading online subsystem: NULL
[2017.08.07-16.18.27:671][403]LogModuleManager: Shutting down and abandoning module XMPP (37)
[2017.08.07-16.18.27:674][403]LogModuleManager: Shutting down and abandoning module HTTP (35)
[2017.08.07-16.18.27:674][403]LogHttp:Display: Http module shutting down, but needs to wait on 1 outstanding Http requests:
[2017.08.07-16.18.27:674][403]LogHttp:Display: 	verb=[POST] url=[https://datarouter.ol.epicgames.com/datarouter/api/v1/public/data?SessionID=%7B8211D8FE-4630-6205-297B-71B568ADDD3E%7D&AppID=UEEditor.Rocket.Release&AppVersion=4.15.1-3348071%2B%2B%2BUE4%2BRelease-4.15&UserID=a187dcbe48a9fd33047cbfb76ead2956%7Ccc3c8413bff54b0e9642da9d4a3c10e6%7C4a941b5c-45fe-4bb9-a344-3e4224fbffba&AppEnvironment=datacollector-binary&UploadType=eteventstream] status=Processing
[2017.08.07-16.18.27:710][403]LogModuleManager: Shutting down and abandoning module SSL (34)
[2017.08.07-16.18.27:717][403]LogModuleManager: Shutting down and abandoning module AudioEditor (30)
[2017.08.07-16.18.27:718][403]LogModuleManager: Shutting down and abandoning module TextureCompressor (28)
[2017.08.07-16.18.27:721][403]LogModuleManager: Shutting down and abandoning module ShaderCore (26)
[2017.08.07-16.18.27:721][403]LogModuleManager: Shutting down and abandoning module Landscape (24)
[2017.08.07-16.18.27:721][403]LogModuleManager: Shutting down and abandoning module SlateRHIRenderer (22)
[2017.08.07-16.18.27:754][403]LogModuleManager: Shutting down and abandoning module OpenGLDrv (20)
[2017.08.07-16.18.27:755][403]LogModuleManager: Shutting down and abandoning module D3D11RHI (18)
[2017.08.07-16.18.27:755][403]LogModuleManager: Shutting down and abandoning module AnimGraphRuntime (16)
[2017.08.07-16.18.27:756][403]LogModuleManager: Shutting down and abandoning module Renderer (14)
[2017.08.07-16.18.27:756][403]LogModuleManager: Shutting down and abandoning module Engine (12)
[2017.08.07-16.18.27:756][403]LogModuleManager: Shutting down and abandoning module CoreUObject (10)
[2017.08.07-16.18.27:756][403]LogModuleManager: Shutting down and abandoning module NetworkFile (8)
[2017.08.07-16.18.27:757][403]LogModuleManager: Shutting down and abandoning module StreamingFile (6)
[2017.08.07-16.18.27:757][403]LogModuleManager: Shutting down and abandoning module SandboxFile (4)
[2017.08.07-16.18.27:757][403]LogModuleManager: Shutting down and abandoning module PakFile (2)
[2017.08.07-16.18.27:762][403]LogExit: Exiting.
[2017.08.07-16.18.27:805][403]Log file closed, 08/07/17 18:18:27
